                      FIRST ORDER LINEARIZATION ABOUT ZERO                     1
                                                     10:35 Friday, April 1, 2016

                              The Mixed Procedure

                               Model Information

             Data Set                     WORK._NLINMIX            
             Dependent Variable           pseudo_conc              
             Weight Variable              _weight_                 
             Covariance Structure         Unstructured             
             Subject Effect               indiv                    
             Estimation Method            ML                       
             Residual Variance Method     Profile                  
             Fixed Effects SE Method      Model-Based              
             Degrees of Freedom Method    Containment              


                            Class Level Information
 
               Class    Levels    Values

               indiv        37    1 2 3 4 5 6 7 8 9 10 11 12 13 
                                  14 15 16 17 18 19 20 21 22 23 
                                  24 25 26 27 28 29 30 31 32 33 
                                  34 35 36 37                   


                                  Dimensions

                      Covariance Parameters             4
                      Columns in X                      2
                      Columns in Z per Subject          2
                      Subjects                         37
                      Max Obs per Subject              14


                            Number of Observations

                  Number of Observations Read             475
                  Number of Observations Used             475
                  Number of Observations Not Used           0


                                Parameter Search
 
   CovP1      CovP2      CovP3      CovP4   Variance     Log Like   -2 Log Like

  0.1582   -0.00349    0.01633     559.00     559.00   -2938.3357     5876.6714


                      FIRST ORDER LINEARIZATION ABOUT ZERO                     2
                                                     10:35 Friday, April 1, 2016

                              The Mixed Procedure

                               Iteration History
 
          Iteration    Evaluations        -2 Log Like       Criterion

                  1              1      5876.67144868      0.00000000


                           Convergence criteria met.                    


                         Covariance Parameter Estimates
 
                        Cov Parm     Subject    Estimate

                        UN(1,1)      indiv        0.1582
                        UN(2,1)      indiv      -0.00349
                        UN(2,2)      indiv       0.01633
                        Residual                  559.00


                                Fit Statistics

                     -2 Log Likelihood              5876.7
                     AIC (Smaller is Better)        5888.7
                     AICC (Smaller is Better)       5888.9
                     BIC (Smaller is Better)        5898.3


                        PARMS Model Likelihood Ratio Test
 
                          DF    Chi-Square      Pr > ChiSq

                           3          0.00          1.0000


                           Solution for Fixed Effects
 
                                  Standard
       Effect         Estimate       Error      DF    t Value    Pr > |t|

       d_beta1         -5.4893     0.06638     401     -82.69      <.0001
       d_beta2         -1.8219     0.03415     401     -53.36      <.0001


                      FIRST ORDER LINEARIZATION ABOUT ZERO                     3
                                                     10:35 Friday, April 1, 2016

                              The Mixed Procedure

                          Solution for Random Effects
 
                                     Std Err
     Effect    indiv    Estimate        Pred      DF    t Value    Pr > |t|

     d_b1       1         0.2732      0.1360     401       2.01      0.0452
     d_b2       1        0.01809      0.1212     401       0.15      0.8814
     d_b1       2         0.1528      0.1358     401       1.13      0.2612
     d_b2       2       -0.01159      0.1221     401      -0.09      0.9245
     d_b1       3         0.3529      0.1358     401       2.60      0.0097
     d_b2       3       -0.01425      0.1221     401      -0.12      0.9072
     d_b1       4         0.2638      0.1323     401       1.99      0.0469
     d_b2       4        0.02507      0.1209     401       0.21      0.8358
     d_b1       5         0.2907      0.1075     401       2.70      0.0071
     d_b2       5        0.02648      0.1148     401       0.23      0.8176
     d_b1       6         0.4961      0.1111     401       4.47      <.0001
     d_b2       6        0.03332      0.1182     401       0.28      0.7781
     d_b1       7        -0.3672      0.1071     401      -3.43      0.0007
     d_b2       7       -0.04604      0.1141     401      -0.40      0.6868
     d_b1       8         0.4703      0.1087     401       4.33      <.0001
     d_b2       8        0.03669      0.1162     401       0.32      0.7523
     d_b1       9        0.02858     0.09643     401       0.30      0.7671
     d_b2       9         0.1083      0.1113     401       0.97      0.3314
     d_b1      10        0.09153     0.09562     401       0.96      0.3391
     d_b2      10       -0.00465      0.1095     401      -0.04      0.9662
     d_b1      11        -0.4319      0.1015     401      -4.25      <.0001
     d_b2      11        0.06147      0.1087     401       0.57      0.5721
     d_b1      12        0.06430     0.09536     401       0.67      0.5005
     d_b2      12       -0.06774      0.1086     401      -0.62      0.5332
     d_b1      13        -0.6133     0.08836     401      -6.94      <.0001
     d_b2      13       0.005229      0.1034     401       0.05      0.9597
     d_b1      14         0.1193     0.08836     401       1.35      0.1777
     d_b2      14       -0.02076      0.1034     401      -0.20      0.8409
     d_b1      15        -0.9805     0.08920     401     -10.99      <.0001
     d_b2      15        0.02313      0.1061     401       0.22      0.8276
     d_b1      16        0.01291     0.09062     401       0.14      0.8868
     d_b2      16       -0.06017      0.1049     401      -0.57      0.5664
     d_b1      17        -0.8407     0.08379     401     -10.03      <.0001
     d_b2      17         0.1167     0.09843     401       1.19      0.2367
     d_b1      18         0.1755     0.08392     401       2.09      0.0371
     d_b2      18       -0.02837     0.09952     401      -0.29      0.7757
     d_b1      19         0.2532     0.08435     401       3.00      0.0028
     d_b2      19       -0.00166      0.1020     401      -0.02      0.9870
     d_b1      20       0.007930     0.08435     401       0.09      0.9251
     d_b2      20        -0.1798      0.1020     401      -1.76      0.0788
     d_b1      21         0.1343     0.08070     401       1.66      0.0969
     d_b2      21        -0.1058     0.09506     401      -1.11      0.2665
     d_b1      22        0.08156     0.08091     401       1.01      0.3140
     d_b2      22        -0.1577     0.09634     401      -1.64      0.1024
     d_b1      23       -0.02018     0.08061     401      -0.25      0.8025
                      FIRST ORDER LINEARIZATION ABOUT ZERO                     4
                                                     10:35 Friday, April 1, 2016

                              The Mixed Procedure

                          Solution for Random Effects
 
                                     Std Err
     Effect    indiv    Estimate        Pred      DF    t Value    Pr > |t|

     d_b2      23       -0.09587     0.09389     401      -1.02      0.3079
     d_b1      24       -0.01984     0.08061     401      -0.25      0.8057
     d_b2      24       -0.04805     0.09389     401      -0.51      0.6091
     d_b1      25        -0.2820     0.07828     401      -3.60      0.0004
     d_b2      25        -0.1654     0.08976     401      -1.84      0.0660
     d_b1      26         0.3394     0.07836     401       4.33      <.0001
     d_b2      26       -0.01117     0.09097     401      -0.12      0.9023
     d_b1      27        -0.6345     0.07828     401      -8.10      <.0001
     d_b2      27        0.01424     0.08976     401       0.16      0.8740
     d_b1      28        -0.4572     0.08311     401      -5.50      <.0001
     d_b2      28        0.02394     0.09773     401       0.24      0.8066
     d_b1      29         0.2152     0.07653     401       2.81      0.0052
     d_b2      29        0.02889     0.08600     401       0.34      0.7371
     d_b1      30         0.2833     0.07659     401       3.70      0.0002
     d_b2      30        0.02507     0.08724     401       0.29      0.7740
     d_b1      31         0.4085     0.07659     401       5.33      <.0001
     d_b2      31        0.08856     0.08724     401       1.02      0.3107
     d_b1      32        0.02192     0.07653     401       0.29      0.7748
     d_b2      32       0.000288     0.08600     401       0.00      0.9973
     d_b1      33        -0.9080     0.07517     401     -12.08      <.0001
     d_b2      33         0.2017     0.08259     401       2.44      0.0150
     d_b1      34         0.1192     0.07517     401       1.59      0.1136
     d_b2      34       -0.03303     0.08259     401      -0.40      0.6894
     d_b1      35        0.01849     0.07517     401       0.25      0.8058
     d_b2      35        0.05199     0.08259     401       0.63      0.5294
     d_b1      36         0.4391     0.07697     401       5.71      <.0001
     d_b2      36         0.1528     0.08810     401       1.73      0.0836
     d_b1      37         0.4412     0.07649     401       5.77      <.0001
     d_b2      37        0.01016     0.08703     401       0.12      0.9071
     FIRST ORDER CONDITIONAL LINEARIZATION ABOUT EMPIRICAL BAYES ESTIMATES     5
                                                     10:35 Friday, April 1, 2016

                              The Mixed Procedure

                               Model Information

             Data Set                     WORK._NLINMIX            
             Dependent Variable           pseudo_conc              
             Weight Variable              _weight_                 
             Covariance Structure         Unstructured             
             Subject Effect               indiv                    
             Estimation Method            ML                       
             Residual Variance Method     Profile                  
             Fixed Effects SE Method      Model-Based              
             Degrees of Freedom Method    Containment              


                            Class Level Information
 
               Class    Levels    Values

               indiv        37    1 2 3 4 5 6 7 8 9 10 11 12 13 
                                  14 15 16 17 18 19 20 21 22 23 
                                  24 25 26 27 28 29 30 31 32 33 
                                  34 35 36 37                   


                                  Dimensions

                      Covariance Parameters             4
                      Columns in X                      2
                      Columns in Z per Subject          2
                      Subjects                         37
                      Max Obs per Subject              14


                            Number of Observations

                  Number of Observations Read             475
                  Number of Observations Used             475
                  Number of Observations Not Used           0


                                Parameter Search
 
   CovP1      CovP2      CovP3      CovP4   Variance     Log Like   -2 Log Like

  0.1381   0.006575   0.004588     433.45     433.45   -2862.2552     5724.5104


     FIRST ORDER CONDITIONAL LINEARIZATION ABOUT EMPIRICAL BAYES ESTIMATES     6
                                                     10:35 Friday, April 1, 2016

                              The Mixed Procedure

                               Iteration History
 
          Iteration    Evaluations        -2 Log Like       Criterion

                  1              1      5724.51040199      0.00000000


                           Convergence criteria met.                    


                         Covariance Parameter Estimates
 
                        Cov Parm     Subject    Estimate

                        UN(1,1)      indiv        0.1381
                        UN(2,1)      indiv      0.006575
                        UN(2,2)      indiv      0.004588
                        Residual                  433.45


                                Fit Statistics

                     -2 Log Likelihood              5724.5
                     AIC (Smaller is Better)        5736.5
                     AICC (Smaller is Better)       5736.7
                     BIC (Smaller is Better)        5746.2


                        PARMS Model Likelihood Ratio Test
 
                          DF    Chi-Square      Pr > ChiSq

                           3          0.00          1.0000


                           Solution for Fixed Effects
 
                                  Standard
       Effect         Estimate       Error      DF    t Value    Pr > |t|

       d_beta1         -5.4325     0.06216     401     -87.39      <.0001
       d_beta2         -1.9190     0.02510     401     -76.44      <.0001


     FIRST ORDER CONDITIONAL LINEARIZATION ABOUT EMPIRICAL BAYES ESTIMATES     7
                                                     10:35 Friday, April 1, 2016

                              The Mixed Procedure

                          Solution for Random Effects
 
                                        Std Err
 Effect    indiv           Estimate        Pred      DF    t Value    Pr > |t|

 d_b1                 1      0.2642      0.1431     401       1.85      0.0655
 d_b2                 1     0.01873     0.06542     401       0.29      0.7748
 d_b1                 2      0.1055      0.1298     401       0.81      0.4168
 d_b2                 2    0.003814     0.06515     401       0.06      0.9533
 d_b1                 3      0.3564      0.1465     401       2.43      0.0154
 d_b2                 3     0.01257     0.06551     401       0.19      0.8479
 d_b1                 4      0.2514      0.1372     401       1.83      0.0675
 d_b2                 4     0.02066     0.06531     401       0.32      0.7519
 d_b1                 5      0.2834      0.1125     401       2.52      0.0122
 d_b2                 5     0.02160     0.06466     401       0.33      0.7386
 d_b1                 6      0.5980      0.1334     401       4.48      <.0001
 d_b2                 6     0.03062     0.06538     401       0.47      0.6397
 d_b1                 7     -0.3827     0.08601     401      -4.45      <.0001
 d_b2                 7    -0.03287     0.06154     401      -0.53      0.5935
 d_b1                 8      0.5538      0.1295     401       4.28      <.0001
 d_b2                 8     0.03255     0.06527     401       0.50      0.6182
 d_b1                 9    -0.03638     0.08791     401      -0.41      0.6792
 d_b2                 9     0.05243     0.06269     401       0.84      0.4035
 d_b1                10     0.03213     0.08918     401       0.36      0.7188
 d_b2                10    0.007918     0.06280     401       0.13      0.8997
 d_b1                11     -0.4359     0.08154     401      -5.35      <.0001
 d_b2                11     0.01287     0.05903     401       0.22      0.8275
 d_b1                12    0.002492     0.08806     401       0.03      0.9774
 d_b2                12    -0.01823     0.06257     401      -0.29      0.7709
 d_b1                13     -0.5520     0.07226     401      -7.64      <.0001
 d_b2                13    -0.02982     0.05554     401      -0.54      0.5916
 d_b1                14     0.06310     0.08322     401       0.76      0.4488
 d_b2                14    0.003627     0.06181     401       0.06      0.9532
 d_b1                15     -0.7704     0.07031     401     -10.96      <.0001
 d_b2                15    -0.06011     0.05422     401      -1.11      0.2682
 d_b1                16    -0.05151     0.08230     401      -0.63      0.5318
 d_b2                16    -0.01461     0.06126     401      -0.24      0.8116
 d_b1                17     -0.6961     0.06896     401     -10.09      <.0001
 d_b2                17    -0.01279     0.05135     401      -0.25      0.8035
 d_b1                18      0.1282     0.08030     401       1.60      0.1111
 d_b2                18    0.001894     0.06135     401       0.03      0.9754
 d_b1                19      0.2252     0.08292     401       2.72      0.0069
 d_b2                19     0.01226     0.06230     401       0.20      0.8440
 d_b1                20    -0.05480     0.07680     401      -0.71      0.4760
 d_b2                20    -0.06587     0.06039     401      -1.09      0.2760
 d_b1                21     0.08074     0.07607     401       1.06      0.2891
 d_b2                21    -0.03274     0.05996     401      -0.55      0.5854
 d_b1                22     0.02326     0.07522     401       0.31      0.7573
 d_b2                22    -0.05889     0.05976     401      -0.99      0.3250
 d_b1                23    -0.08165     0.07338     401      -1.11      0.2665
     FIRST ORDER CONDITIONAL LINEARIZATION ABOUT EMPIRICAL BAYES ESTIMATES     8
                                                     10:35 Friday, April 1, 2016

                              The Mixed Procedure

                          Solution for Random Effects
 
                                        Std Err
 Effect    indiv           Estimate        Pred      DF    t Value    Pr > |t|

 d_b2                23    -0.02841     0.05796     401      -0.49      0.6243
 d_b1                24    -0.08298     0.07338     401      -1.13      0.2588
 d_b2                24    -0.00419     0.05787     401      -0.07      0.9424
 d_b1                25     -0.3078     0.06910     401      -4.45      <.0001
 d_b2                25    -0.07574     0.05339     401      -1.42      0.1568
 d_b1                26      0.3500     0.07874     401       4.45      <.0001
 d_b2                26    -0.00905     0.06142     401      -0.15      0.8830
 d_b1                27     -0.5645     0.06729     401      -8.39      <.0001
 d_b2                27    -0.02752     0.04924     401      -0.56      0.5765
 d_b1                28     -0.4440     0.07134     401      -6.22      <.0001
 d_b2                28    0.002325     0.05348     401       0.04      0.9653
 d_b1                29      0.1767     0.07340     401       2.41      0.0165
 d_b2                29     0.02998     0.05864     401       0.51      0.6094
 d_b1                30      0.2668     0.07486     401       3.56      0.0004
 d_b2                30     0.01967     0.05978     401       0.33      0.7424
 d_b1                31      0.4543     0.07846     401       5.79      <.0001
 d_b2                31     0.03671     0.06147     401       0.60      0.5507
 d_b1                32    -0.04229     0.07056     401      -0.60      0.5492
 d_b2                32     0.02705     0.05570     401       0.49      0.6274
 d_b1                33     -0.7392     0.06530     401     -11.32      <.0001
 d_b2                33    0.005769     0.04337     401       0.13      0.8943
 d_b1                34     0.06397     0.07051     401       0.91      0.3648
 d_b2                34    0.004617     0.05617     401       0.08      0.9345
 d_b1                35    -0.04776     0.06938     401      -0.69      0.4916
 d_b2                35     0.06031     0.05426     401       1.11      0.2670
 d_b1                36      0.5101     0.08033     401       6.35      <.0001
 d_b2                36     0.05807     0.06201     401       0.94      0.3496
 d_b1                37      0.5003     0.07895     401       6.34      <.0001
 d_b2                37    -0.00524     0.06157     401      -0.09      0.9322
