                                 The SAS System                                1

                              The Mixed Procedure

                               Model Information

             Data Set                     WORK.ARG                 
             Dependent Variable           y                        
             Covariance Structures        Unstructured, Variance   
                                          Components               
             Subject Effect               id                       
             Estimation Method            ML                       
             Residual Variance Method     Parameter                
             Fixed Effects SE Method      Model-Based              
             Degrees of Freedom Method    Containment              


                            Class Level Information
 
               Class    Levels    Values

               id           37    1 2 3 4 5 6 7 8 9 10 11 12 13 
                                  14 15 16 17 18 19 20 21 22 23 
                                  24 25 26 27 28 29 30 31 32 33 
                                  34 35 36 37                   


                                  Dimensions

                      Covariance Parameters             4
                      Columns in X                      2
                      Columns in Z per Subject          2
                      Subjects                         37
                      Max Obs per Subject               2


                            Number of Observations

                  Number of Observations Read              74
                  Number of Observations Used              74
                  Number of Observations Not Used           0


                                Parameter Search
 
      CovP1       CovP2       CovP3       CovP4      Log Like    -2 Log Like

     0.1400    0.006000    0.006000      1.0000     -184.7702       369.5404


                               Iteration History
 
          Iteration    Evaluations        -2 Log Like       Criterion

                  1              2       369.53348979      0.00000008
                  2              1       369.53348058      0.00000000
                                 The SAS System                                2

                              The Mixed Procedure

                           Convergence criteria met.                    


                               Estimated G Matrix
 
                   Row    Effect    id        Col1        Col2

                     1    z1         1      0.1374    0.006061
                     2    z2         1    0.006061    0.006172


                            Estimated Chol(G) Matrix
 
                   Row    Effect    id        Col1        Col2

                     1    z1         1      0.3707            
                     2    z2         1     0.01635     0.07684


                         Estimated G Correlation Matrix
 
                   Row    Effect    id        Col1        Col2

                     1    z1         1      1.0000      0.2081
                     2    z2         1      0.2081      1.0000


                         Covariance Parameter Estimates
 
                        Cov Parm     Subject    Estimate

                        UN(1,1)      id           0.1374
                        UN(2,1)      id         0.006061
                        UN(2,2)      id         0.006172
                        Residual                  1.0000


                                Fit Statistics

                     -2 Log Likelihood               369.5
                     AIC (Smaller is Better)         379.5
                     AICC (Smaller is Better)        380.4
                     BIC (Smaller is Better)         387.6


                        PARMS Model Likelihood Ratio Test
 
                          DF    Chi-Square      Pr > ChiSq

                           3          0.01          0.9998


                                 The SAS System                                3

                              The Mixed Procedure

                          Solution for Fixed Effects
 
                               Standard
         Effect    Estimate       Error      DF    t Value    Pr > |t|

         x1         -5.4331     0.06209       0     -87.51       .    
         x2         -1.9271     0.02625       0     -73.42       .    


                         Type 3 Tests of Fixed Effects
 
              Num     Den
   Effect      DF      DF    Chi-Square    F Value      Pr > ChiSq    Pr > F

   x1           1       0       7657.74    7657.74          <.0001     .    
   x2           1       0       5390.67    5390.67          <.0001     .    
