                (a) DIAGONAL WITHIN-CHILD COVARIANCE MATRIX R_i                1
                  WITH CONSTANT VARIANCE SAME FOR EACH GENDER
                         SAME D MATRIX FOR BOTH GENDERS

                              The Mixed Procedure

                               Model Information

             Data Set                     WORK.DENT1               
             Dependent Variable           distance                 
             Covariance Structure         Unstructured             
             Subject Effect               child                    
             Estimation Method            ML                       
             Residual Variance Method     Profile                  
             Fixed Effects SE Method      Model-Based              
             Degrees of Freedom Method    Containment              


                            Class Level Information
 
               Class     Levels    Values

               gender         2    0 1                           
               child         27    1 2 3 4 5 6 7 8 9 10 11 12 13 
                                   14 15 16 17 18 19 20 21 22 23 
                                   24 25 26 27                   


                                  Dimensions

                      Covariance Parameters             4
                      Columns in X                      4
                      Columns in Z per Subject          2
                      Subjects                         27
                      Max Obs per Subject               4


                            Number of Observations

                  Number of Observations Read             108
                  Number of Observations Used             108
                  Number of Observations Not Used           0


                               Iteration History
 
          Iteration    Evaluations        -2 Log Like       Criterion

                  0              1       478.24175986                
                  1              1       427.80595080      0.00000000


                           Convergence criteria met.                    


                (a) DIAGONAL WITHIN-CHILD COVARIANCE MATRIX R_i                2
                  WITH CONSTANT VARIANCE SAME FOR EACH GENDER
                         SAME D MATRIX FOR BOTH GENDERS

                              The Mixed Procedure

                               Estimated G Matrix
 
                Row    Effect       child        Col1        Col2

                  1    Intercept     1         4.5569     -0.1983
                  2    age           1        -0.1983     0.02376


                         Estimated G Correlation Matrix
 
                Row    Effect       child        Col1        Col2

                  1    Intercept     1         1.0000     -0.6025
                  2    age           1        -0.6025      1.0000


                         Estimated V Matrix for child 1
 
               Row        Col1        Col2        Col3        Col4

                 1      4.6216      2.8891      2.8727      2.8563
                 2      2.8891      4.6839      3.0464      3.1251
                 3      2.8727      3.0464      4.9363      3.3938
                 4      2.8563      3.1251      3.3938      5.3788


                   Estimated V Correlation Matrix for child 1
 
               Row        Col1        Col2        Col3        Col4

                 1      1.0000      0.6209      0.6014      0.5729
                 2      0.6209      1.0000      0.6335      0.6226
                 3      0.6014      0.6335      1.0000      0.6586
                 4      0.5729      0.6226      0.6586      1.0000


                         Covariance Parameter Estimates
 
                        Cov Parm     Subject    Estimate

                        UN(1,1)      child        4.5569
                        UN(2,1)      child       -0.1983
                        UN(2,2)      child       0.02376
                        Residual                  1.7162


                                Fit Statistics

                     -2 Log Likelihood               427.8
                     AIC (Smaller is Better)         443.8
                     AICC (Smaller is Better)        445.3
                     BIC (Smaller is Better)         454.2
                (a) DIAGONAL WITHIN-CHILD COVARIANCE MATRIX R_i                3
                  WITH CONSTANT VARIANCE SAME FOR EACH GENDER
                         SAME D MATRIX FOR BOTH GENDERS

                              The Mixed Procedure

                        Null Model Likelihood Ratio Test
 
                          DF    Chi-Square      Pr > ChiSq

                           3         50.44          <.0001


                          Solution for Fixed Effects
 
                                      Standard
  Effect        gender    Estimate       Error      DF    t Value    Pr > |t|

  gender        0          17.3727      1.1820      54      14.70      <.0001
  gender        1          16.3406      0.9801      54      16.67      <.0001
  age*gender    0           0.4795     0.09980      54       4.80      <.0001
  age*gender    1           0.7844     0.08275      54       9.48      <.0001


                         Type 3 Tests of Fixed Effects
 
                               Num     Den
                Effect          DF      DF    F Value    Pr > F

                gender           2      54     247.00    <.0001
                age*gender       2      54      56.46    <.0001


                                   Estimates
 
                                     Standard
   Label                 Estimate       Error      DF    t Value    Pr > |t|

   diff in mean slope     -0.3048      0.1296      54      -2.35      0.0224


                                   Contrasts
 
                       Num    Den
Label                   DF     DF   Chi-Square   F Value     Pr > ChiSq   Pr > F

overall gender diff      2     54        14.19      7.10         0.0008   0.0018
                (b) DIAGONAL WITHIN-CHILD COVARIANCE MATRIX R_i                4
                WITH SEPARATE CONSTANT VARIANCE FOR EACH GENDER
                         SAME D MATRIX FOR BOTH GENDERS

                              The Mixed Procedure

                               Model Information

             Data Set                     WORK.DENT1               
             Dependent Variable           distance                 
             Covariance Structures        Unstructured, Variance   
                                          Components               
             Subject Effects              child, child             
             Group Effect                 gender                   
             Estimation Method            ML                       
             Residual Variance Method     None                     
             Fixed Effects SE Method      Model-Based              
             Degrees of Freedom Method    Containment              


                            Class Level Information
 
               Class     Levels    Values

               child         27    1 2 3 4 5 6 7 8 9 10 11 12 13 
                                   14 15 16 17 18 19 20 21 22 23 
                                   24 25 26 27                   
               gender         2    0 1                           


                                  Dimensions

                      Covariance Parameters             5
                      Columns in X                      4
                      Columns in Z per Subject          2
                      Subjects                         27
                      Max Obs per Subject               4


                            Number of Observations

                  Number of Observations Read             108
                  Number of Observations Used             108
                  Number of Observations Not Used           0


                               Iteration History
 
          Iteration    Evaluations        -2 Log Like       Criterion

                  0              1       478.24175986                
                  1              2       418.92503842      1.16632499
                  2              1       416.18869903      1.23326209
                  3              1       407.89638533      0.01954268
                  4              2       406.88264563      0.00645800
                  5              1       406.10632159      0.00056866
                  6              1       406.04318997      0.00000764
                  7              1       406.04238894      0.00000000
                (b) DIAGONAL WITHIN-CHILD COVARIANCE MATRIX R_i                5
                WITH SEPARATE CONSTANT VARIANCE FOR EACH GENDER
                         SAME D MATRIX FOR BOTH GENDERS

                              The Mixed Procedure

                           Convergence criteria met.                    


                               Estimated G Matrix
 
                Row    Effect       child        Col1        Col2

                  1    Intercept     1         3.1978     -0.1103
                  2    age           1        -0.1103     0.01976


                         Estimated G Correlation Matrix
 
                Row    Effect       child        Col1        Col2

                  1    Intercept     1         1.0000     -0.4388
                  2    age           1        -0.4388      1.0000


                         Estimated V Matrix for child 1
 
               Row        Col1        Col2        Col3        Col4

                 1      3.1426      2.7933      2.8889      2.9845
                 2      2.7933      3.4128      3.1426      3.3172
                 3      2.8889      3.1426      3.8411      3.6499
                 4      2.9845      3.3172      3.6499      4.4275


                   Estimated V Correlation Matrix for child 1
 
               Row        Col1        Col2        Col3        Col4

                 1      1.0000      0.8529      0.8315      0.8001
                 2      0.8529      1.0000      0.8680      0.8534
                 3      0.8315      0.8680      1.0000      0.8851
                 4      0.8001      0.8534      0.8851      1.0000


                         Estimated V Matrix for child 12
 
               Row        Col1        Col2        Col3        Col4

                 1      5.3271      2.7933      2.8889      2.9845
                 2      2.7933      5.5973      3.1426      3.3172
                 3      2.8889      3.1426      6.0256      3.6499
                 4      2.9845      3.3172      3.6499      6.6120


                (b) DIAGONAL WITHIN-CHILD COVARIANCE MATRIX R_i                6
                WITH SEPARATE CONSTANT VARIANCE FOR EACH GENDER
                         SAME D MATRIX FOR BOTH GENDERS

                              The Mixed Procedure

                   Estimated V Correlation Matrix for child 12
 
               Row        Col1        Col2        Col3        Col4

                 1      1.0000      0.5115      0.5099      0.5029
                 2      0.5115      1.0000      0.5411      0.5453
                 3      0.5099      0.5411      1.0000      0.5782
                 4      0.5029      0.5453      0.5782      1.0000


                         Covariance Parameter Estimates
 
                  Cov Parm     Subject    Group       Estimate

                  UN(1,1)      child                    3.1978
                  UN(2,1)      child                   -0.1103
                  UN(2,2)      child                   0.01976
                  Residual     child      gender 0      0.4449
                  Residual     child      gender 1      2.6294


                                Fit Statistics

                     -2 Log Likelihood               406.0
                     AIC (Smaller is Better)         424.0
                     AICC (Smaller is Better)        425.9
                     BIC (Smaller is Better)         435.7


                        Null Model Likelihood Ratio Test
 
                          DF    Chi-Square      Pr > ChiSq

                           4         72.20          <.0001


                          Solution for Fixed Effects
 
                                      Standard
  Effect        gender    Estimate       Error      DF    t Value    Pr > |t|

  gender        0          17.3727      0.7386      54      23.52      <.0001
  gender        1          16.3406      1.1114      54      14.70      <.0001
  age*gender    0           0.4795     0.06180      54       7.76      <.0001
  age*gender    1           0.7844     0.09722      54       8.07      <.0001


                (b) DIAGONAL WITHIN-CHILD COVARIANCE MATRIX R_i                7
                WITH SEPARATE CONSTANT VARIANCE FOR EACH GENDER
                         SAME D MATRIX FOR BOTH GENDERS

                              The Mixed Procedure

                         Type 3 Tests of Fixed Effects
 
                               Num     Den
                Effect          DF      DF    F Value    Pr > F

                gender           2      54     384.72    <.0001
                age*gender       2      54      62.66    <.0001


                                   Estimates
 
                                     Standard
   Label                 Estimate       Error      DF    t Value    Pr > |t|

   diff in mean slope     -0.3048      0.1152      54      -2.65      0.0106


                                   Contrasts
 
                       Num    Den
Label                   DF     DF   Chi-Square   F Value     Pr > ChiSq   Pr > F

overall gender diff      2     54        14.32      7.16         0.0008   0.0017
                (c) DIAGONAL WITHIN-CHILD COVARIANCE MATRIX R_i                8
                WITH SEPARATE CONSTANT VARIANCE FOR EACH GENDER
                      DIFFERENT D MATRIX FOR BOTH GENDERS

                              The Mixed Procedure

                               Model Information

             Data Set                     WORK.DENT1               
             Dependent Variable           distance                 
             Covariance Structures        Unstructured, Variance   
                                          Components               
             Subject Effects              child, child             
             Group Effects                gender, gender           
             Estimation Method            ML                       
             Residual Variance Method     None                     
             Fixed Effects SE Method      Model-Based              
             Degrees of Freedom Method    Containment              


                            Class Level Information
 
               Class     Levels    Values

               child         27    1 2 3 4 5 6 7 8 9 10 11 12 13 
                                   14 15 16 17 18 19 20 21 22 23 
                                   24 25 26 27                   
               gender         2    0 1                           


                                  Dimensions

                      Covariance Parameters             8
                      Columns in X                      4
                      Columns in Z per Subject          4
                      Subjects                         27
                      Max Obs per Subject               4


                            Number of Observations

                  Number of Observations Read             108
                  Number of Observations Used             108
                  Number of Observations Not Used           0


                               Iteration History
 
          Iteration    Evaluations        -2 Log Like       Criterion

                  0              1       478.24175986                
                  1              1       405.11800674      0.00000000


                           Convergence criteria met.                    
                (c) DIAGONAL WITHIN-CHILD COVARIANCE MATRIX R_i                9
                WITH SEPARATE CONSTANT VARIANCE FOR EACH GENDER
                      DIFFERENT D MATRIX FOR BOTH GENDERS

                              The Mixed Procedure

                               Estimated G Matrix
 
  Row   Effect      child   gender       Col1       Col2       Col3       Col4

    1   Intercept    1      0          2.9716   -0.07539                      
    2   age          1      0        -0.07539    0.02151                      
    3   Intercept    1      1                                5.6468    -0.2827
    4   age          1      1                               -0.2827    0.02530


                         Estimated G Correlation Matrix
 
  Row   Effect      child   gender       Col1       Col2       Col3       Col4

    1   Intercept    1      0          1.0000    -0.2982                      
    2   age          1      0         -0.2982     1.0000                      
    3   Intercept    1      1                                1.0000    -0.7480
    4   age          1      1                               -0.7480     1.0000


                         Estimated V Matrix for child 1
 
               Row        Col1        Col2        Col3        Col4

                 1      3.5889      3.3357      3.5292      3.7226
                 2      3.3357      4.0618      3.8947      4.1742
                 3      3.5292      3.8947      4.7069      4.6258
                 4      3.7226      4.1742      4.6258      5.5240


                   Estimated V Correlation Matrix for child 1
 
               Row        Col1        Col2        Col3        Col4

                 1      1.0000      0.8737      0.8587      0.8361
                 2      0.8737      1.0000      0.8907      0.8812
                 3      0.8587      0.8907      1.0000      0.9072
                 4      0.8361      0.8812      0.9072      1.0000


                         Estimated V Matrix for child 12
 
               Row        Col1        Col2        Col3        Col4

                 1      5.3316      2.5820      2.4214      2.2608
                 2      2.5820      5.1116      2.4632      2.4038
                 3      2.4214      2.4632      5.0941      2.5468
                 4      2.2608      2.4038      2.5468      5.2789


                (c) DIAGONAL WITHIN-CHILD COVARIANCE MATRIX R_i               10
                WITH SEPARATE CONSTANT VARIANCE FOR EACH GENDER
                      DIFFERENT D MATRIX FOR BOTH GENDERS

                              The Mixed Procedure

                   Estimated V Correlation Matrix for child 12
 
               Row        Col1        Col2        Col3        Col4

                 1      1.0000      0.4946      0.4646      0.4261
                 2      0.4946      1.0000      0.4827      0.4627
                 3      0.4646      0.4827      1.0000      0.4911
                 4      0.4261      0.4627      0.4911      1.0000


                         Covariance Parameter Estimates
 
                  Cov Parm     Subject    Group       Estimate

                  UN(1,1)      child      gender 0      2.9716
                  UN(2,1)      child      gender 0    -0.07539
                  UN(2,2)      child      gender 0     0.02151
                  UN(1,1)      child      gender 1      5.6468
                  UN(2,1)      child      gender 1     -0.2827
                  UN(2,2)      child      gender 1     0.02530
                  Residual     child      gender 0      0.4466
                  Residual     child      gender 1      2.5891


                                Fit Statistics

                     -2 Log Likelihood               405.1
                     AIC (Smaller is Better)         429.1
                     AICC (Smaller is Better)        432.4
                     BIC (Smaller is Better)         444.7


                        Null Model Likelihood Ratio Test
 
                          DF    Chi-Square      Pr > ChiSq

                           7         73.12          <.0001


                          Solution for Fixed Effects
 
                                      Standard
  Effect        gender    Estimate       Error      DF    t Value    Pr > |t|

  gender        0          17.3727      0.7252      25      23.96      <.0001
  gender        1          16.3406      1.1715      25      13.95      <.0001
  age*gender    0           0.4795     0.06313      25       7.60      <.0001
  age*gender    1           0.7844     0.09835      25       7.98      <.0001


                (c) DIAGONAL WITHIN-CHILD COVARIANCE MATRIX R_i               11
                WITH SEPARATE CONSTANT VARIANCE FOR EACH GENDER
                      DIFFERENT D MATRIX FOR BOTH GENDERS

                              The Mixed Procedure

                         Type 3 Tests of Fixed Effects
 
                               Num     Den
                Effect          DF      DF    F Value    Pr > F

                gender           2      25     384.22    <.0001
                age*gender       2      25      60.65    <.0001


                                   Estimates
 
                                     Standard
   Label                 Estimate       Error      DF    t Value    Pr > |t|

   diff in mean slope     -0.3048      0.1169      25      -2.61      0.0151


                                   Contrasts
 
                       Num    Den
Label                   DF     DF   Chi-Square   F Value     Pr > ChiSq   Pr > F

overall gender diff      2     25        14.12      7.06         0.0009   0.0037
            (d) COMMON AR(1) WITHIN-CHILD REALIZATION COMPONENT AND           12
            COMMON WITHIN-CHILD MEASUREMENT ERROR COMPONENT FOR R_i
                         SAME D MATRIX FOR BOTH GENDERS

                              The Mixed Procedure

                               Model Information

             Data Set                     WORK.DENT1               
             Dependent Variable           distance                 
             Covariance Structures        Unstructured,            
                                          Autoregressive           
             Subject Effects              child, child             
             Estimation Method            ML                       
             Residual Variance Method     Profile                  
             Fixed Effects SE Method      Model-Based              
             Degrees of Freedom Method    Containment              


                            Class Level Information
 
               Class     Levels    Values

               gender         2    0 1                           
               child         27    1 2 3 4 5 6 7 8 9 10 11 12 13 
                                   14 15 16 17 18 19 20 21 22 23 
                                   24 25 26 27                   
               time           4    8 10 12 14                    


                                  Dimensions

                      Covariance Parameters             6
                      Columns in X                      4
                      Columns in Z per Subject          2
                      Subjects                         27
                      Max Obs per Subject               4


                            Number of Observations

                  Number of Observations Read             108
                  Number of Observations Used             108
                  Number of Observations Not Used           0


                               Iteration History
 
          Iteration    Evaluations        -2 Log Like       Criterion

                  0              1       478.24175986                
                  1              2       428.22548286     24.55088017
                  2              2       427.26075815      1.09477678
                  3              2       426.51452533      1.16919129
                  4              2       425.99015592      0.08543213
                  5              2       424.91951841      0.01458002
                  6              2       424.32018203      0.00323017
                  7              3       424.01683319       .        
            (d) COMMON AR(1) WITHIN-CHILD REALIZATION COMPONENT AND           13
            COMMON WITHIN-CHILD MEASUREMENT ERROR COMPONENT FOR R_i
                         SAME D MATRIX FOR BOTH GENDERS

                              The Mixed Procedure

                               Iteration History
 
          Iteration    Evaluations        -2 Log Like       Criterion

                  8              1       423.99457950      0.00007763
                  9              1       423.99420143      0.00000054
                 10              2       423.99415208      0.00000007
                 11              2       423.99414400      0.00000000


                           Convergence criteria met.                    


                         Estimated R Matrix for child 1
 
               Row        Col1        Col2        Col3        Col4

                 1      1.4760     -0.3330      0.3308     -0.3287
                 2     -0.3330      1.4760     -0.3330      0.3308
                 3      0.3308     -0.3330      1.4760     -0.3330
                 4     -0.3287      0.3308     -0.3330      1.4760


                   Estimated R Correlation Matrix for child 1
 
               Row        Col1        Col2        Col3        Col4

                 1      1.0000     -0.2256      0.2241     -0.2227
                 2     -0.2256      1.0000     -0.2256      0.2241
                 3      0.2241     -0.2256      1.0000     -0.2256
                 4     -0.2227      0.2241     -0.2256      1.0000


                               Estimated G Matrix
 
                Row    Effect       child        Col1        Col2

                  1    Intercept     1         6.9045     -0.4333
                  2    age           1        -0.4333     0.04828


                         Estimated G Correlation Matrix
 
                Row    Effect       child        Col1        Col2

                  1    Intercept     1         1.0000     -0.7505
                  2    age           1        -0.7505      1.0000


            (d) COMMON AR(1) WITHIN-CHILD REALIZATION COMPONENT AND           14
            COMMON WITHIN-CHILD MEASUREMENT ERROR COMPONENT FOR R_i
                         SAME D MATRIX FOR BOTH GENDERS

                              The Mixed Procedure

                         Estimated V Matrix for child 1
 
               Row        Col1        Col2        Col3        Col4

                 1      4.5375      2.6344      3.2041      2.4504
                 2      2.6344      4.5423      2.8323      3.5951
                 3      3.2041      2.8323      4.9333      3.4165
                 4      2.4504      3.5951      3.4165      5.7106


                   Estimated V Correlation Matrix for child 1
 
               Row        Col1        Col2        Col3        Col4

                 1      1.0000      0.5803      0.6772      0.4814
                 2      0.5803      1.0000      0.5983      0.7059
                 3      0.6772      0.5983      1.0000      0.6437
                 4      0.4814      0.7059      0.6437      1.0000


                         Covariance Parameter Estimates
 
                        Cov Parm     Subject    Estimate

                        UN(1,1)      child        6.9045
                        UN(2,1)      child       -0.4333
                        UN(2,2)      child       0.04828
                        Variance     child        0.3351
                        AR(1)        child       -0.9935
                        Residual                  1.1408


                                Fit Statistics

                     -2 Log Likelihood               424.0
                     AIC (Smaller is Better)         444.0
                     AICC (Smaller is Better)        446.3
                     BIC (Smaller is Better)         457.0


                        Null Model Likelihood Ratio Test
 
                          DF    Chi-Square      Pr > ChiSq

                           5         54.25          <.0001


            (d) COMMON AR(1) WITHIN-CHILD REALIZATION COMPONENT AND           15
            COMMON WITHIN-CHILD MEASUREMENT ERROR COMPONENT FOR R_i
                         SAME D MATRIX FOR BOTH GENDERS

                              The Mixed Procedure

                          Solution for Fixed Effects
 
                                      Standard
  Effect        gender    Estimate       Error      DF    t Value    Pr > |t|

  gender        0          17.4148      1.1651      54      14.95      <.0001
  gender        1          16.1917      0.9661      54      16.76      <.0001
  age*gender    0           0.4757      0.1010      54       4.71      <.0001
  age*gender    1           0.7979     0.08376      54       9.53      <.0001


                         Type 3 Tests of Fixed Effects
 
                               Num     Den
                Effect          DF      DF    F Value    Pr > F

                gender           2      54     252.17    <.0001
                age*gender       2      54      56.46    <.0001


                                   Estimates
 
                                     Standard
   Label                 Estimate       Error      DF    t Value    Pr > |t|

   diff in mean slope     -0.3222      0.1312      54      -2.45      0.0173


                                   Contrasts
 
                       Num    Den
Label                   DF     DF   Chi-Square   F Value     Pr > ChiSq   Pr > F

overall gender diff      2     54        13.97      6.99         0.0009   0.0020
            (e) COMMON AR(1) WITHIN-CHILD REALIZATION COMPONENT AND           16
            COMMON WITHIN-CHILD MEASUREMENT ERROR COMPONENT FOR R_i
            USING EXPONENTIAL MODEL; SAME D MATRIX FOR BOTH GENDERS

                              The Mixed Procedure

                               Model Information

             Data Set                     WORK.DENT1               
             Dependent Variable           distance                 
             Covariance Structures        Unstructured, Spatial    
                                          Exponential              
             Subject Effects              child, child             
             Estimation Method            ML                       
             Residual Variance Method     Profile                  
             Fixed Effects SE Method      Model-Based              
             Degrees of Freedom Method    Containment              


                            Class Level Information
 
               Class     Levels    Values

               gender         2    0 1                           
               child         27    1 2 3 4 5 6 7 8 9 10 11 12 13 
                                   14 15 16 17 18 19 20 21 22 23 
                                   24 25 26 27                   
               time           4    8 10 12 14                    


                                  Dimensions

                      Covariance Parameters             6
                      Columns in X                      4
                      Columns in Z per Subject          2
                      Subjects                         27
                      Max Obs per Subject               4


                            Number of Observations

                  Number of Observations Read             108
                  Number of Observations Used             108
                  Number of Observations Not Used           0


                               Iteration History
 
          Iteration    Evaluations        -2 Log Like       Criterion

                  0              1       478.24175986                
                  1              2       429.10673142      7.78729889
                  2              2       428.79248767      0.24711805
                  3              2       428.01508272      0.26849305
                  4              2       427.83581422      0.07289913
                  5              2       427.81371137      0.01031986
                  6              2       427.80620859      0.00009562
                  7              2       427.80600715      0.00000051
            (e) COMMON AR(1) WITHIN-CHILD REALIZATION COMPONENT AND           17
            COMMON WITHIN-CHILD MEASUREMENT ERROR COMPONENT FOR R_i
            USING EXPONENTIAL MODEL; SAME D MATRIX FOR BOTH GENDERS

                              The Mixed Procedure

                               Iteration History
 
          Iteration    Evaluations        -2 Log Like       Criterion

                  8              3       427.80595104      0.00000503
                  9              1       427.80595080      0.00000000


           Convergence criteria met but final hessian is not positive   
                                   definite.                            


                         Estimated R Matrix for child 1
 
               Row        Col1        Col2        Col3        Col4

                 1      1.7162                                    
                 2                  1.7162                        
                 3                              1.7162            
                 4                                          1.7162


                   Estimated R Correlation Matrix for child 1
 
               Row        Col1        Col2        Col3        Col4

                 1      1.0000                                    
                 2                  1.0000                        
                 3                              1.0000            
                 4                                          1.0000


                               Estimated G Matrix
 
                Row    Effect       child        Col1        Col2

                  1    Intercept     1         4.5569     -0.1983
                  2    age           1        -0.1983     0.02376


                         Estimated G Correlation Matrix
 
                Row    Effect       child        Col1        Col2

                  1    Intercept     1         1.0000     -0.6025
                  2    age           1        -0.6025      1.0000


            (e) COMMON AR(1) WITHIN-CHILD REALIZATION COMPONENT AND           18
            COMMON WITHIN-CHILD MEASUREMENT ERROR COMPONENT FOR R_i
            USING EXPONENTIAL MODEL; SAME D MATRIX FOR BOTH GENDERS

                              The Mixed Procedure

                         Estimated V Matrix for child 1
 
               Row        Col1        Col2        Col3        Col4

                 1      4.6216      2.8891      2.8727      2.8563
                 2      2.8891      4.6839      3.0464      3.1251
                 3      2.8727      3.0464      4.9363      3.3938
                 4      2.8563      3.1251      3.3938      5.3788


                   Estimated V Correlation Matrix for child 1
 
               Row        Col1        Col2        Col3        Col4

                 1      1.0000      0.6209      0.6014      0.5729
                 2      0.6209      1.0000      0.6335      0.6226
                 3      0.6014      0.6335      1.0000      0.6586
                 4      0.5729      0.6226      0.6586      1.0000


                         Covariance Parameter Estimates
 
                        Cov Parm     Subject    Estimate

                        UN(1,1)      child        4.5569
                        UN(2,1)      child       -0.1983
                        UN(2,2)      child       0.02376
                        Variance     child        0.8032
                        SP(EXP)      child             0
                        Residual                  0.9130


                                Fit Statistics

                     -2 Log Likelihood               427.8
                     AIC (Smaller is Better)         445.8
                     AICC (Smaller is Better)        447.6
                     BIC (Smaller is Better)         457.5


                        Null Model Likelihood Ratio Test
 
                          DF    Chi-Square      Pr > ChiSq

                           4         50.44          <.0001


            (e) COMMON AR(1) WITHIN-CHILD REALIZATION COMPONENT AND           19
            COMMON WITHIN-CHILD MEASUREMENT ERROR COMPONENT FOR R_i
            USING EXPONENTIAL MODEL; SAME D MATRIX FOR BOTH GENDERS

                              The Mixed Procedure

                          Solution for Fixed Effects
 
                                      Standard
  Effect        gender    Estimate       Error      DF    t Value    Pr > |t|

  gender        0          17.3727      1.1820      54      14.70      <.0001
  gender        1          16.3406      0.9801      54      16.67      <.0001
  age*gender    0           0.4795     0.09980      54       4.80      <.0001
  age*gender    1           0.7844     0.08275      54       9.48      <.0001


                         Type 3 Tests of Fixed Effects
 
                               Num     Den
                Effect          DF      DF    F Value    Pr > F

                gender           2      54     247.00    <.0001
                age*gender       2      54      56.46    <.0001


                                   Estimates
 
                                     Standard
   Label                 Estimate       Error      DF    t Value    Pr > |t|

   diff in mean slope     -0.3048      0.1296      54      -2.35      0.0224


                                   Contrasts
 
                       Num    Den
Label                   DF     DF   Chi-Square   F Value     Pr > ChiSq   Pr > F

overall gender diff      2     54        14.19      7.10         0.0008   0.0018
           (f) DIFFERENT AR(1) WITHIN-CHILD REALIZATION COMPONENT AND         20
            SAME WITHIN-CHILD MEASUREMENT ERROR COMPONENT BY GENDER
                       DIFFERENT D MATRIX FOR EACH GENDER

                              The Mixed Procedure

                               Model Information

             Data Set                     WORK.DENT1               
             Dependent Variable           distance                 
             Covariance Structures        Unstructured,            
                                          Autoregressive           
             Subject Effects              child, child             
             Group Effects                gender, gender           
             Estimation Method            ML                       
             Residual Variance Method     Profile                  
             Fixed Effects SE Method      Model-Based              
             Degrees of Freedom Method    Containment              


                            Class Level Information
 
               Class     Levels    Values

               gender         2    0 1                           
               child         27    1 2 3 4 5 6 7 8 9 10 11 12 13 
                                   14 15 16 17 18 19 20 21 22 23 
                                   24 25 26 27                   
               time           4    8 10 12 14                    


                                  Dimensions

                      Covariance Parameters            11
                      Columns in X                      4
                      Columns in Z per Subject          4
                      Subjects                         27
                      Max Obs per Subject               4


                            Number of Observations

                  Number of Observations Read             108
                  Number of Observations Used             108
                  Number of Observations Not Used           0


                               Iteration History
 
          Iteration    Evaluations        -2 Log Like       Criterion

                  0              1       478.24175986                
                  1              2       410.58061011     35.44694612
                  2              3       406.19156705      6.21110010
                  3              2       405.43829277      0.11048074
                  4              1       405.07956739      0.00119207
                  5              1       404.44599902      0.00141757
                  6              2       403.76477749      5.22354875
           (f) DIFFERENT AR(1) WITHIN-CHILD REALIZATION COMPONENT AND         21
            SAME WITHIN-CHILD MEASUREMENT ERROR COMPONENT BY GENDER
                       DIFFERENT D MATRIX FOR EACH GENDER

                              The Mixed Procedure

                               Iteration History
 
          Iteration    Evaluations        -2 Log Like       Criterion

                  7              1       402.74899684      0.47305422
                  8              1       402.60527551      0.01183620
                  9              1       402.60054691       .        
                 10              1       402.59974434      0.00002128
                 11              4       402.59622915      0.00103271
                 12              2       402.59516443      0.00000800
                 13              5       402.59486793      0.00000057
                 14              1       402.59480965      0.00000000


                           Convergence criteria met.                    


                         Estimated R Matrix for child 1
 
               Row        Col1        Col2        Col3        Col4

                 1      0.4391    -0.01002    0.003757    -0.00141
                 2    -0.01002      0.4391    -0.01002    0.003757
                 3    0.003757    -0.01002      0.4391    -0.01002
                 4    -0.00141    0.003757    -0.01002      0.4391


                   Estimated R Correlation Matrix for child 1
 
               Row        Col1        Col2        Col3        Col4

                 1      1.0000    -0.02283    0.008556    -0.00321
                 2    -0.02283      1.0000    -0.02283    0.008556
                 3    0.008556    -0.02283      1.0000    -0.02283
                 4    -0.00321    0.008556    -0.02283      1.0000


                               Estimated G Matrix
 
  Row   Effect      gender   child       Col1       Col2       Col3       Col4

    1   Intercept   0         1        3.0261   -0.08223                      
    2   age         0         1      -0.08223    0.02233                      
    3   Intercept   1         1                             13.9728    -1.0511
    4   age         1         1                             -1.0511     0.1002


                         Estimated G Correlation Matrix
 
  Row   Effect      gender   child       Col1       Col2       Col3       Col4

    1   Intercept   0         1        1.0000    -0.3163                      
    2   age         0         1       -0.3163     1.0000                      
           (f) DIFFERENT AR(1) WITHIN-CHILD REALIZATION COMPONENT AND         22
            SAME WITHIN-CHILD MEASUREMENT ERROR COMPONENT BY GENDER
                       DIFFERENT D MATRIX FOR EACH GENDER

                              The Mixed Procedure

                         Estimated G Correlation Matrix
 
  Row   Effect      gender   child       Col1       Col2       Col3       Col4

    3   Intercept   1         1                              1.0000    -0.8885
    4   age         1         1                             -0.8885     1.0000


                         Estimated V Matrix for child 1
 
               Row        Col1        Col2        Col3        Col4

                 1      3.5787      3.3224      3.5290      3.7166
                 2      3.3224      4.0537      3.8867      4.1826
                 3      3.5290      3.8867      4.7073      4.6296
                 4      3.7166      4.1826      4.6296      5.5395


                   Estimated V Correlation Matrix for child 1
 
               Row        Col1        Col2        Col3        Col4

                 1      1.0000      0.8723      0.8598      0.8347
                 2      0.8723      1.0000      0.8897      0.8826
                 3      0.8598      0.8897      1.0000      0.9066
                 4      0.8347      0.8826      0.9066      1.0000


                         Estimated R Matrix for child 12
 
               Row        Col1        Col2        Col3        Col4

                 1      1.8327     -0.8180      0.4711     -0.2713
                 2     -0.8180      1.8327     -0.8180      0.4711
                 3      0.4711     -0.8180      1.8327     -0.8180
                 4     -0.2713      0.4711     -0.8180      1.8327


                   Estimated R Correlation Matrix for child 12
 
               Row        Col1        Col2        Col3        Col4

                 1      1.0000     -0.4463      0.2571     -0.1480
                 2     -0.4463      1.0000     -0.4463      0.2571
                 3      0.2571     -0.4463      1.0000     -0.4463
                 4     -0.1480      0.2571     -0.4463      1.0000


           (f) DIFFERENT AR(1) WITHIN-CHILD REALIZATION COMPONENT AND         23
            SAME WITHIN-CHILD MEASUREMENT ERROR COMPONENT BY GENDER
                       DIFFERENT D MATRIX FOR EACH GENDER

                              The Mixed Procedure

                         Estimated V Matrix for child 12
 
               Row        Col1        Col2        Col3        Col4

                 1      5.3980      2.2477      3.0372      1.7951
                 2      2.2477      4.7995      2.0498      3.2400
                 3      3.0372      2.0498      5.0022      2.6532
                 4      1.7951      3.2400      2.6532      6.0063


                   Estimated V Correlation Matrix for child 12
 
               Row        Col1        Col2        Col3        Col4

                 1      1.0000      0.4416      0.5845      0.3153
                 2      0.4416      1.0000      0.4183      0.6034
                 3      0.5845      0.4183      1.0000      0.4840
                 4      0.3153      0.6034      0.4840      1.0000


                         Covariance Parameter Estimates
 
                  Cov Parm     Subject    Group       Estimate

                  UN(1,1)      child      gender 0      3.0261
                  UN(2,1)      child      gender 0    -0.08223
                  UN(2,2)      child      gender 0     0.02233
                  UN(1,1)      child      gender 1     13.9728
                  UN(2,1)      child      gender 1     -1.0511
                  UN(2,2)      child      gender 1      0.1002
                  Variance     child      gender 0     0.02674
                  AR(1)        child      gender 0     -0.3749
                  Variance     child      gender 1      1.4203
                  AR(1)        child      gender 1     -0.5759
                  Residual                              0.4124


                                Fit Statistics

                     -2 Log Likelihood               402.6
                     AIC (Smaller is Better)         432.6
                     AICC (Smaller is Better)        437.8
                     BIC (Smaller is Better)         452.0


                        Null Model Likelihood Ratio Test
 
                          DF    Chi-Square      Pr > ChiSq

                          10         75.65          <.0001
           (f) DIFFERENT AR(1) WITHIN-CHILD REALIZATION COMPONENT AND         24
            SAME WITHIN-CHILD MEASUREMENT ERROR COMPONENT BY GENDER
                       DIFFERENT D MATRIX FOR EACH GENDER

                              The Mixed Procedure

                          Solution for Fixed Effects
 
                                      Standard
  Effect        gender    Estimate       Error      DF    t Value    Pr > |t|

  gender        0          17.3761      0.7232      25      24.03      <.0001
  gender        1          16.1474      1.1518      25      14.02      <.0001
  age*gender    0           0.4793     0.06323      25       7.58      <.0001
  age*gender    1           0.7989     0.09946      25       8.03      <.0001


                         Type 3 Tests of Fixed Effects
 
                               Num     Den
                Effect          DF      DF    F Value    Pr > F

                gender           2      25     386.94    <.0001
                age*gender       2      25      60.98    <.0001


                                   Estimates
 
                                     Standard
   Label                 Estimate       Error      DF    t Value    Pr > |t|

   diff in mean slope     -0.3196      0.1179      25      -2.71      0.0119


                                   Contrasts
 
                       Num    Den
Label                   DF     DF   Chi-Square   F Value     Pr > ChiSq   Pr > F

overall gender diff      2     25        13.82      6.91         0.0010   0.0041
                (b) DIAGONAL WITHIN-CHILD COVARIANCE MATRIX R_i               25
                WITH SEPARATE CONSTANT VARIANCE FOR EACH GENDER
                         SAME D MATRIX FOR BOTH GENDERS

                              The Mixed Procedure

                               Model Information

             Data Set                     WORK.DENT1               
             Dependent Variable           distance                 
             Covariance Structures        Unstructured, Variance   
                                          Components               
             Subject Effects              child, child             
             Group Effect                 gender                   
             Estimation Method            REML                     
             Residual Variance Method     None                     
             Fixed Effects SE Method      Model-Based              
             Degrees of Freedom Method    Containment              


                            Class Level Information
 
               Class     Levels    Values

               child         27    1 2 3 4 5 6 7 8 9 10 11 12 13 
                                   14 15 16 17 18 19 20 21 22 23 
                                   24 25 26 27                   
               gender         2    0 1                           


                                  Dimensions

                      Covariance Parameters             5
                      Columns in X                      4
                      Columns in Z per Subject          2
                      Subjects                         27
                      Max Obs per Subject               4


                            Number of Observations

                  Number of Observations Read             108
                  Number of Observations Used             108
                  Number of Observations Not Used           0


                               Iteration History
 
          Iteration    Evaluations    -2 Res Log Like       Criterion

                  0              1       483.55911746                
                  1              2       425.07172623      1.00351108
                  2              1       421.87757861      1.06757822
                  3              1       413.68636786      0.02193376
                  4              2       412.98764556      0.00990989
                  5              1       411.68834369      0.00132697
                  6              1       411.52714244      0.00004131
                  7              1       411.52248586      0.00000005
                (b) DIAGONAL WITHIN-CHILD COVARIANCE MATRIX R_i               26
                WITH SEPARATE CONSTANT VARIANCE FOR EACH GENDER
                         SAME D MATRIX FOR BOTH GENDERS

                              The Mixed Procedure

                               Iteration History
 
          Iteration    Evaluations    -2 Res Log Like       Criterion

                  8              1       411.52247985      0.00000000


                           Convergence criteria met.                    


                               Estimated G Matrix
 
                Row    Effect       child        Col1        Col2

                  1    Intercept     1         3.8914     -0.1552
                  2    age           1        -0.1552     0.02450


                         Estimated G Correlation Matrix
 
                Row    Effect       child        Col1        Col2

                  1    Intercept     1         1.0000     -0.5027
                  2    age           1        -0.5027      1.0000


                         Estimated V Matrix for child 1
 
               Row        Col1        Col2        Col3        Col4

                 1      3.4197      3.0574      3.1389      3.2205
                 2      3.0574      3.6808      3.4164      3.5960
                 3      3.1389      3.4164      4.1379      3.9715
                 4      3.2205      3.5960      3.9715      4.7909


                   Estimated V Correlation Matrix for child 1
 
               Row        Col1        Col2        Col3        Col4

                 1      1.0000      0.8618      0.8344      0.7956
                 2      0.8618      1.0000      0.8754      0.8563
                 3      0.8344      0.8754      1.0000      0.8920
                 4      0.7956      0.8563      0.8920      1.0000


                         Estimated V Matrix for child 12
 
               Row        Col1        Col2        Col3        Col4

                 1      5.6314      3.0574      3.1389      3.2205
                 2      3.0574      5.8925      3.4164      3.5960
                 3      3.1389      3.4164      6.3495      3.9715
                (b) DIAGONAL WITHIN-CHILD COVARIANCE MATRIX R_i               27
                WITH SEPARATE CONSTANT VARIANCE FOR EACH GENDER
                         SAME D MATRIX FOR BOTH GENDERS

                              The Mixed Procedure

                         Estimated V Matrix for child 12
 
               Row        Col1        Col2        Col3        Col4

                 4      3.2205      3.5960      3.9715      7.0025


                   Estimated V Correlation Matrix for child 12
 
               Row        Col1        Col2        Col3        Col4

                 1      1.0000      0.5308      0.5249      0.5128
                 2      0.5308      1.0000      0.5585      0.5598
                 3      0.5249      0.5585      1.0000      0.5956
                 4      0.5128      0.5598      0.5956      1.0000


                         Covariance Parameter Estimates
 
                  Cov Parm     Subject    Group       Estimate

                  UN(1,1)      child                    3.8914
                  UN(2,1)      child                   -0.1552
                  UN(2,2)      child                   0.02450
                  Residual     child      gender 0      0.4439
                  Residual     child      gender 1      2.6555


                                Fit Statistics

                     -2 Res Log Likelihood           411.5
                     AIC (Smaller is Better)         421.5
                     AICC (Smaller is Better)        422.1
                     BIC (Smaller is Better)         428.0


                        Null Model Likelihood Ratio Test
 
                          DF    Chi-Square      Pr > ChiSq

                           4         72.04          <.0001


                          Solution for Fixed Effects
 
                                      Standard
  Effect        gender    Estimate       Error      DF    t Value    Pr > |t|

  gender        0          17.3727      0.7797      54      22.28      <.0001
  gender        1          16.3406      1.1353      54      14.39      <.0001
  age*gender    0           0.4795     0.06515      54       7.36      <.0001
  age*gender    1           0.7844     0.09914      54       7.91      <.0001
                (b) DIAGONAL WITHIN-CHILD COVARIANCE MATRIX R_i               28
                WITH SEPARATE CONSTANT VARIANCE FOR EACH GENDER
                         SAME D MATRIX FOR BOTH GENDERS

                              The Mixed Procedure

                          Solution for Random Effects
 
                                      Std Err
   Effect       child    Estimate        Pred      DF    t Value    Pr > |t|

   Intercept     1        -0.4492      1.2634      54      -0.36      0.7235
   age           1       -0.07173      0.1095      54      -0.65      0.5153
   Intercept     2        -1.4037      1.2634      54      -1.11      0.2715
   age           2         0.1610      0.1095      54       1.47      0.1474
   Intercept     3        -1.0781      1.2634      54      -0.85      0.3972
   age           3         0.1976      0.1095      54       1.80      0.0767
   Intercept     4         1.7689      1.2634      54       1.40      0.1672
   age           4        0.03477      0.1095      54       0.32      0.7521
   Intercept     5         1.0543      1.2634      54       0.83      0.4077
   age           5       -0.09939      0.1095      54      -0.91      0.3682
   Intercept     6        -0.6451      1.2634      54      -0.51      0.6117
   age           6       -0.07588      0.1095      54      -0.69      0.4914
   Intercept     7       -0.09328      1.2634      54      -0.07      0.9414
   age           7        0.03995      0.1095      54       0.36      0.7167
   Intercept     8         2.1661      1.2634      54       1.71      0.0922
   age           8        -0.1353      0.1095      54      -1.24      0.2219
   Intercept     9        -0.1209      1.2634      54      -0.10      0.9241
   age           9        -0.1243      0.1095      54      -1.13      0.2614
   Intercept    10        -3.0949      1.2634      54      -2.45      0.0176
   age          10       -0.08314      0.1095      54      -0.76      0.4510
   Intercept    11         1.8959      1.2634      54       1.50      0.1393
   age          11         0.1565      0.1095      54       1.43      0.1588
   Intercept    12         1.3562      1.5868      54       0.85      0.3965
   age          12        0.08962      0.1369      54       0.65      0.5156
   Intercept    13        -0.8970      1.5868      54      -0.57      0.5742
   age          13       -0.03952      0.1369      54      -0.29      0.7740
   Intercept    14        -0.3623      1.5868      54      -0.23      0.8203
   age          14       -0.02199      0.1369      54      -0.16      0.8730
   Intercept    15         1.8001      1.5868      54       1.13      0.2616
   age          15       -0.04457      0.1369      54      -0.33      0.7461
   Intercept    16        -1.2163      1.5868      54      -0.77      0.4467
   age          16       -0.03814      0.1369      54      -0.28      0.7817
   Intercept    17         0.9564      1.5868      54       0.60      0.5492
   age          17        0.01860      0.1369      54       0.14      0.8925
   Intercept    18        -0.7179      1.5868      54      -0.45      0.6528
   age          18       -0.02707      0.1369      54      -0.20      0.8440
   Intercept    19       -0.05077      1.5868      54      -0.03      0.9746
   age          19       -0.08287      0.1369      54      -0.61      0.5476
   Intercept    20        -0.1780      1.5868      54      -0.11      0.9111
   age          20        0.03012      0.1369      54       0.22      0.8267
   Intercept    21         2.6359      1.5868      54       1.66      0.1025
   age          21         0.1039      0.1369      54       0.76      0.4512
   Intercept    22        -0.1235      1.5868      54      -0.08      0.9383
   age          22       -0.09578      0.1369      54      -0.70      0.4873
   Intercept    23        -0.7127      1.5868      54      -0.45      0.6551
   age          23        0.01259      0.1369      54       0.09      0.9271
   Intercept    24        -2.0444      1.5868      54      -1.29      0.2031
   age          24         0.1440      0.1369      54       1.05      0.2976
                (b) DIAGONAL WITHIN-CHILD COVARIANCE MATRIX R_i               29
                WITH SEPARATE CONSTANT VARIANCE FOR EACH GENDER
                         SAME D MATRIX FOR BOTH GENDERS

                              The Mixed Procedure

                          Solution for Random Effects
 
                                      Std Err
   Effect       child    Estimate        Pred      DF    t Value    Pr > |t|

   Intercept    25         0.3100      1.5868      54       0.20      0.8458
   age          25       -0.03813      0.1369      54      -0.28      0.7817
   Intercept    26        0.04007      1.5868      54       0.03      0.9799
   age          26        0.06886      0.1369      54       0.50      0.6171
   Intercept    27        -0.7958      1.5868      54      -0.50      0.6181
   age          27       -0.07964      0.1369      54      -0.58      0.5632


                         Type 3 Tests of Fixed Effects
 
                               Num     Den
                Effect          DF      DF    F Value    Pr > F

                gender           2      54     351.79    <.0001
                age*gender       2      54      58.38    <.0001
                (b) DIAGONAL WITHIN-CHILD COVARIANCE MATRIX R_i               30
                WITH SEPARATE CONSTANT VARIANCE FOR EACH GENDER
                         SAME D MATRIX FOR BOTH GENDERS

                                                                          StdErr
Obs    obsno    child    age    distance    gender    time      Pred       Pred

  1       1       1        8      21.0         0        8     21.2091    0.54661
  2       2       1       10      20.0         0       10     22.1682    0.55351
  3       3       1       12      21.5         0       12     23.1273    0.58985
  4       4       1       14      23.0         0       14     24.0864    0.65071
  5       5       2        8      21.0         0        8     21.2091    0.54661
  6       6       2       10      21.5         0       10     22.1682    0.55351
  7       7       2       12      24.0         0       12     23.1273    0.58985
  8       8       2       14      25.5         0       14     24.0864    0.65071
  9       9       3        8      20.5         0        8     21.2091    0.54661
 10      10       3       10      24.0         0       10     22.1682    0.55351
 11      11       3       12      24.5         0       12     23.1273    0.58985
 12      12       3       14      26.0         0       14     24.0864    0.65071
 13      13       4        8      23.5         0        8     21.2091    0.54661
 14      14       4       10      24.5         0       10     22.1682    0.55351
 15      15       4       12      25.0         0       12     23.1273    0.58985
 16      16       4       14      26.5         0       14     24.0864    0.65071
 17      17       5        8      21.5         0        8     21.2091    0.54661
 18      18       5       10      23.0         0       10     22.1682    0.55351
 19      19       5       12      22.5         0       12     23.1273    0.58985
 20      20       5       14      23.5         0       14     24.0864    0.65071

                                                         Student     Pearson
Obs    DF    Alpha     Lower      Upper       Resid       Resid       Resid

  1    54     0.05    20.1132    22.3050    -0.20909    -0.11836    -0.11307
  2    54     0.05    21.0585    23.2779    -2.16818    -1.18031    -1.13012
  3    54     0.05    21.9447    24.3098    -1.62727    -0.83588    -0.79997
  4    54     0.05    22.7818    25.3910    -1.08636    -0.51983    -0.49633
  5    54     0.05    20.1132    22.3050    -0.20909    -0.11836    -0.11307
  6    54     0.05    21.0585    23.2779    -0.66818    -0.36374    -0.34828
  7    54     0.05    21.9447    24.3098     0.87273     0.44829     0.42903
  8    54     0.05    22.7818    25.3910     1.41364     0.67643     0.64585
  9    54     0.05    20.1132    22.3050    -0.70909    -0.40138    -0.38345
 10    54     0.05    21.0585    23.2779     1.83182     0.99720     0.95480
 11    54     0.05    21.9447    24.3098     1.37273     0.70513     0.67483
 12    54     0.05    22.7818    25.3910     1.91364     0.91568     0.87428
 13    54     0.05    20.1132    22.3050     2.29091     1.29677     1.23883
 14    54     0.05    21.0585    23.2779     2.33182     1.26939     1.21541
 15    54     0.05    21.9447    24.3098     1.87273     0.96196     0.92063
 16    54     0.05    22.7818    25.3910     2.41364     1.15493     1.10272
 17    54     0.05    20.1132    22.3050     0.29091     0.16467     0.15731
 18    54     0.05    21.0585    23.2779     0.83182     0.45282     0.43357
 19    54     0.05    21.9447    24.3098    -0.62727    -0.32221    -0.30837
 20    54     0.05    22.7818    25.3910    -0.58636    -0.28058    -0.26789
                (b) DIAGONAL WITHIN-CHILD COVARIANCE MATRIX R_i               31
                WITH SEPARATE CONSTANT VARIANCE FOR EACH GENDER
                         SAME D MATRIX FOR BOTH GENDERS

                                                                          StdErr
Obs    obsno    child    age    distance    gender    time      Pred       Pred

  1       1       1        8      21.0         0        8     20.1860    0.45118
  2       2       1       10      20.0         0       10     21.0017    0.34057
  3       3       1       12      21.5         0       12     21.8173    0.35026
  4       4       1       14      23.0         0       14     22.6329    0.47292
  5       5       2        8      21.0         0        8     21.0931    0.45118
  6       6       2       10      21.5         0       10     22.3741    0.34057
  7       7       2       12      24.0         0       12     23.6552    0.35026
  8       8       2       14      25.5         0       14     24.9362    0.47292
  9       9       3        8      20.5         0        8     21.7119    0.45118
 10      10       3       10      24.0         0       10     23.0662    0.34057
 11      11       3       12      24.5         0       12     24.4205    0.35026
 12      12       3       14      26.0         0       14     25.7748    0.47292
 13      13       4        8      23.5         0        8     23.2562    0.45118
 14      14       4       10      24.5         0       10     24.2848    0.34057
 15      15       4       12      25.0         0       12     25.3134    0.35026
 16      16       4       14      26.5         0       14     26.3420    0.47292
 17      17       5        8      21.5         0        8     21.4683    0.45118
 18      18       5       10      23.0         0       10     22.2286    0.34057
 19      19       5       12      22.5         0       12     22.9890    0.35026
 20      20       5       14      23.5         0       14     23.7493    0.47292

                                                         Student     Pearson
Obs    DF    Alpha     Lower      Upper       Resid       Resid       Resid

  1    54     0.05    19.2815    21.0906     0.81396     1.66036     1.22171
  2    54     0.05    20.3189    21.6845    -1.00167    -1.74925    -1.50344
  3    54     0.05    21.1151    22.5195    -0.31730    -0.55986    -0.47625
  4    54     0.05    21.6848    23.5811     0.36707     0.78217     0.55094
  5    54     0.05    20.1886    21.9977    -0.09313    -0.18996    -0.13978
  6    54     0.05    21.6913    23.0569    -0.87414    -1.52654    -1.31203
  7    54     0.05    22.9529    24.3574     0.34485     0.60846     0.51759
  8    54     0.05    23.9880    25.8843     0.56383     1.20145     0.84627
  9    54     0.05    20.8073    22.6164    -1.21189    -2.47207    -1.81897
 10    54     0.05    22.3834    23.7490     0.93380     1.63072     1.40157
 11    54     0.05    23.7183    25.1228     0.07948     0.14024     0.11929
 12    54     0.05    24.8267    26.7230     0.22516     0.47980     0.33796
 13    54     0.05    22.3516    24.1607     0.24385     0.49742     0.36600
 14    54     0.05    23.6020    24.9676     0.21522     0.37585     0.32304
 15    54     0.05    24.6112    26.0156    -0.31340    -0.55298    -0.47040
 16    54     0.05    25.3939    27.2902     0.15797     0.33662     0.23710
 17    54     0.05    20.5638    22.3729     0.03168     0.06462     0.04755
 18    54     0.05    21.5458    22.9114     0.77136     1.34706     1.15777
 19    54     0.05    22.2867    23.6912    -0.48895    -0.86274    -0.73389
 20    54     0.05    22.8011    24.6974    -0.24927    -0.53117    -0.37414
