            COMMON UNSTRUCTURED USING REML (default) AND ROBUST SES            1

                              The Mixed Procedure

                               Model Information

             Data Set                     WORK.DENT1               
             Dependent Variable           distance                 
             Covariance Structure         Unstructured             
             Subject Effect               child                    
             Estimation Method            REML                     
             Residual Variance Method     None                     
             Fixed Effects SE Method      Empirical                
             Degrees of Freedom Method    Between-Within           


                            Class Level Information
 
               Class     Levels    Values

               gender         2    0 1                           
               child         27    1 2 3 4 5 6 7 8 9 10 11 12 13 
                                   14 15 16 17 18 19 20 21 22 23 
                                   24 25 26 27                   


                                  Dimensions

                      Covariance Parameters            10
                      Columns in X                      4
                      Columns in Z                      0
                      Subjects                         27
                      Max Obs per Subject               4


                            Number of Observations

                  Number of Observations Read             108
                  Number of Observations Used             108
                  Number of Observations Not Used           0


                               Iteration History
 
          Iteration    Evaluations    -2 Res Log Like       Criterion

                  0              1       483.55911746                
                  1              2       424.54681345      0.00000011
                  2              1       424.54680019      0.00000000


                           Convergence criteria met.                    


            COMMON UNSTRUCTURED USING REML (default) AND ROBUST SES            2

                              The Mixed Procedure

                         Estimated R Matrix for child 1
 
               Row        Col1        Col2        Col3        Col4

                 1      5.4252      2.7092      3.8411      2.7151
                 2      2.7092      4.1906      2.9745      3.3137
                 3      3.8411      2.9745      6.2632      4.1332
                 4      2.7151      3.3137      4.1332      4.9862


                   Estimated R Correlation Matrix for child 1
 
               Row        Col1        Col2        Col3        Col4

                 1      1.0000      0.5682      0.6589      0.5220
                 2      0.5682      1.0000      0.5806      0.7249
                 3      0.6589      0.5806      1.0000      0.7396
                 4      0.5220      0.7249      0.7396      1.0000


                        Covariance Parameter Estimates
 
                        Cov Parm    Subject    Estimate

                        UN(1,1)     child        5.4252
                        UN(2,1)     child        2.7092
                        UN(2,2)     child        4.1906
                        UN(3,1)     child        3.8411
                        UN(3,2)     child        2.9745
                        UN(3,3)     child        6.2632
                        UN(4,1)     child        2.7151
                        UN(4,2)     child        3.3137
                        UN(4,3)     child        4.1332
                        UN(4,4)     child        4.9862


                                Fit Statistics

                     -2 Res Log Likelihood           424.5
                     AIC (Smaller is Better)         444.5
                     AICC (Smaller is Better)        446.9
                     BIC (Smaller is Better)         457.5


                        Null Model Likelihood Ratio Test
 
                          DF    Chi-Square      Pr > ChiSq

                           9         59.01          <.0001


            COMMON UNSTRUCTURED USING REML (default) AND ROBUST SES            3

                              The Mixed Procedure

                          Solution for Fixed Effects
 
                                      Standard
  Effect        gender    Estimate       Error      DF    t Value    Pr > |t|

  gender        0          17.4254      0.6936      25      25.12      <.0001
  gender        1          15.8423      1.1179      25      14.17      <.0001
  age*gender    0           0.4764     0.06398      25       7.45      <.0001
  age*gender    1           0.8268     0.09288      25       8.90      <.0001


                         Type 3 Tests of Fixed Effects
 
                               Num     Den
                Effect          DF      DF    F Value    Pr > F

                gender           2      25     416.04    <.0001
                age*gender       2      25      67.34    <.0001
                            (a) COMMON UNSTRUCTURED                            4

                              The Mixed Procedure

                               Model Information

             Data Set                     WORK.DENT1               
             Dependent Variable           distance                 
             Covariance Structure         Unstructured             
             Subject Effect               child                    
             Estimation Method            ML                       
             Residual Variance Method     None                     
             Fixed Effects SE Method      Model-Based              
             Degrees of Freedom Method    Between-Within           


                            Class Level Information
 
               Class     Levels    Values

               gender         2    0 1                           
               child         27    1 2 3 4 5 6 7 8 9 10 11 12 13 
                                   14 15 16 17 18 19 20 21 22 23 
                                   24 25 26 27                   


                                  Dimensions

                      Covariance Parameters            10
                      Columns in X                      4
                      Columns in Z                      0
                      Subjects                         27
                      Max Obs per Subject               4


                            Number of Observations

                  Number of Observations Read             108
                  Number of Observations Used             108
                  Number of Observations Not Used           0


                               Iteration History
 
          Iteration    Evaluations        -2 Log Like       Criterion

                  0              1       478.24175986                
                  1              2       419.47721707      0.00000152
                  2              1       419.47704812      0.00000000


                           Convergence criteria met.                    


                            (a) COMMON UNSTRUCTURED                            5

                              The Mixed Procedure

                         Estimated R Matrix for child 1
 
               Row        Col1        Col2        Col3        Col4

                 1      5.1192      2.4409      3.6105      2.5222
                 2      2.4409      3.9279      2.7175      3.0624
                 3      3.6105      2.7175      5.9798      3.8235
                 4      2.5222      3.0624      3.8235      4.6180


                   Estimated R Correlation Matrix for child 1
 
               Row        Col1        Col2        Col3        Col4

                 1      1.0000      0.5443      0.6526      0.5188
                 2      0.5443      1.0000      0.5607      0.7190
                 3      0.6526      0.5607      1.0000      0.7276
                 4      0.5188      0.7190      0.7276      1.0000


                        Covariance Parameter Estimates
 
                        Cov Parm    Subject    Estimate

                        UN(1,1)     child        5.1192
                        UN(2,1)     child        2.4409
                        UN(2,2)     child        3.9279
                        UN(3,1)     child        3.6105
                        UN(3,2)     child        2.7175
                        UN(3,3)     child        5.9798
                        UN(4,1)     child        2.5222
                        UN(4,2)     child        3.0624
                        UN(4,3)     child        3.8235
                        UN(4,4)     child        4.6180


                                Fit Statistics

                     -2 Log Likelihood               419.5
                     AIC (Smaller is Better)         447.5
                     AICC (Smaller is Better)        452.0
                     BIC (Smaller is Better)         465.6


                        Null Model Likelihood Ratio Test
 
                          DF    Chi-Square      Pr > ChiSq

                           9         58.76          <.0001


                            (a) COMMON UNSTRUCTURED                            6

                              The Mixed Procedure

                          Solution for Fixed Effects
 
                                      Standard
  Effect        gender    Estimate       Error      DF    t Value    Pr > |t|

  gender        0          17.4254      1.1284      25      15.44      <.0001
  gender        1          15.8423      0.9356      25      16.93      <.0001
  age*gender    0           0.4764     0.09541      25       4.99      <.0001
  age*gender    1           0.8268     0.07911      25      10.45      <.0001


                         Type 3 Tests of Fixed Effects
 
                               Num     Den
                Effect          DF      DF    F Value    Pr > F

                gender           2      25     262.60    <.0001
                age*gender       2      25      67.07    <.0001
                      (b) SEPARATE UNSTRUCTURED BY GENDER                      7

                              The Mixed Procedure

                               Model Information

             Data Set                     WORK.DENT1               
             Dependent Variable           distance                 
             Covariance Structure         Unstructured             
             Subject Effect               child                    
             Group Effect                 gender                   
             Estimation Method            ML                       
             Residual Variance Method     None                     
             Fixed Effects SE Method      Model-Based              
             Degrees of Freedom Method    Between-Within           


                            Class Level Information
 
               Class     Levels    Values

               gender         2    0 1                           
               child         27    1 2 3 4 5 6 7 8 9 10 11 12 13 
                                   14 15 16 17 18 19 20 21 22 23 
                                   24 25 26 27                   


                                  Dimensions

                      Covariance Parameters            20
                      Columns in X                      4
                      Columns in Z                      0
                      Subjects                         27
                      Max Obs per Subject               4


                            Number of Observations

                  Number of Observations Read             108
                  Number of Observations Used             108
                  Number of Observations Not Used           0


                               Iteration History
 
          Iteration    Evaluations        -2 Log Like       Criterion

                  0              1       478.24175986                
                  1              2       395.01988679      0.00000422
                  2              1       395.01946888      0.00000000


                           Convergence criteria met.                    


                      (b) SEPARATE UNSTRUCTURED BY GENDER                      8

                              The Mixed Procedure

                         Estimated R Matrix for child 1
 
               Row        Col1        Col2        Col3        Col4

                 1      4.1131      3.0514      3.9498      3.9690
                 2      3.0514      3.2896      3.6633      3.7081
                 3      3.9498      3.6633      5.0968      4.9789
                 4      3.9690      3.7081      4.9789      5.4078


                   Estimated R Correlation Matrix for child 1
 
               Row        Col1        Col2        Col3        Col4

                 1      1.0000      0.8295      0.8627      0.8416
                 2      0.8295      1.0000      0.8946      0.8792
                 3      0.8627      0.8946      1.0000      0.9484
                 4      0.8416      0.8792      0.9484      1.0000


                         Estimated R Matrix for child 12
 
               Row        Col1        Col2        Col3        Col4

                 1      5.7813      2.0152      3.3585      1.4987
                 2      2.0152      4.4035      2.0982      2.6472
                 3      3.3585      2.0982      6.6064      3.0421
                 4      1.4987      2.6472      3.0421      4.0783


                   Estimated R Correlation Matrix for child 12
 
               Row        Col1        Col2        Col3        Col4

                 1      1.0000      0.3994      0.5434      0.3086
                 2      0.3994      1.0000      0.3890      0.6247
                 3      0.5434      0.3890      1.0000      0.5861
                 4      0.3086      0.6247      0.5861      1.0000


                        Covariance Parameter Estimates
 
                  Cov Parm    Subject    Group       Estimate

                  UN(1,1)     child      gender 0      4.1131
                  UN(2,1)     child      gender 0      3.0514
                  UN(2,2)     child      gender 0      3.2896
                  UN(3,1)     child      gender 0      3.9498
                  UN(3,2)     child      gender 0      3.6633
                  UN(3,3)     child      gender 0      5.0968
                  UN(4,1)     child      gender 0      3.9690
                  UN(4,2)     child      gender 0      3.7081
                  UN(4,3)     child      gender 0      4.9789
                  UN(4,4)     child      gender 0      5.4078
                  UN(1,1)     child      gender 1      5.7813
                      (b) SEPARATE UNSTRUCTURED BY GENDER                      9

                              The Mixed Procedure

                        Covariance Parameter Estimates
 
                  Cov Parm    Subject    Group       Estimate

                  UN(2,1)     child      gender 1      2.0152
                  UN(2,2)     child      gender 1      4.4035
                  UN(3,1)     child      gender 1      3.3585
                  UN(3,2)     child      gender 1      2.0982
                  UN(3,3)     child      gender 1      6.6064
                  UN(4,1)     child      gender 1      1.4987
                  UN(4,2)     child      gender 1      2.6472
                  UN(4,3)     child      gender 1      3.0421
                  UN(4,4)     child      gender 1      4.0783


                                Fit Statistics

                     -2 Log Likelihood               395.0
                     AIC (Smaller is Better)         443.0
                     AICC (Smaller is Better)        457.5
                     BIC (Smaller is Better)         474.1


                        Null Model Likelihood Ratio Test
 
                          DF    Chi-Square      Pr > ChiSq

                          19         83.22          <.0001


                          Solution for Fixed Effects
 
                                      Standard
  Effect        gender    Estimate       Error      DF    t Value    Pr > |t|

  gender        0          17.4220      0.6930      25      25.14      <.0001
  gender        1          15.8282      1.1179      25      14.16      <.0001
  age*gender    0           0.4823     0.06144      79       7.85      <.0001
  age*gender    1           0.8340     0.09274      79       8.99      <.0001


                         Type 3 Tests of Fixed Effects
 
                               Num     Den
                Effect          DF      DF    F Value    Pr > F

                gender           2      25     416.23    <.0001
                age*gender       2      79      71.24    <.0001
                     (c) COMMON COMPOUND SYMMETRY STRUCTURE                   10

                              The Mixed Procedure

                               Model Information

             Data Set                     WORK.DENT1               
             Dependent Variable           distance                 
             Covariance Structure         Compound Symmetry        
             Subject Effect               child                    
             Estimation Method            ML                       
             Residual Variance Method     Profile                  
             Fixed Effects SE Method      Model-Based              
             Degrees of Freedom Method    Between-Within           


                            Class Level Information
 
               Class     Levels    Values

               gender         2    0 1                           
               child         27    1 2 3 4 5 6 7 8 9 10 11 12 13 
                                   14 15 16 17 18 19 20 21 22 23 
                                   24 25 26 27                   


                                  Dimensions

                      Covariance Parameters             2
                      Columns in X                      4
                      Columns in Z                      0
                      Subjects                         27
                      Max Obs per Subject               4


                            Number of Observations

                  Number of Observations Read             108
                  Number of Observations Used             108
                  Number of Observations Not Used           0


                               Iteration History
 
          Iteration    Evaluations        -2 Log Like       Criterion

                  0              1       478.24175986                
                  1              1       428.63905802      0.00000000


                           Convergence criteria met.                    


                         Estimated R Matrix for child 1
 
               Row        Col1        Col2        Col3        Col4

                 1      4.9052      3.0306      3.0306      3.0306
                 2      3.0306      4.9052      3.0306      3.0306
                     (c) COMMON COMPOUND SYMMETRY STRUCTURE                   11

                              The Mixed Procedure

                         Estimated R Matrix for child 1
 
               Row        Col1        Col2        Col3        Col4

                 3      3.0306      3.0306      4.9052      3.0306
                 4      3.0306      3.0306      3.0306      4.9052


                   Estimated R Correlation Matrix for child 1
 
               Row        Col1        Col2        Col3        Col4

                 1      1.0000      0.6178      0.6178      0.6178
                 2      0.6178      1.0000      0.6178      0.6178
                 3      0.6178      0.6178      1.0000      0.6178
                 4      0.6178      0.6178      0.6178      1.0000


                         Covariance Parameter Estimates
 
                        Cov Parm     Subject    Estimate

                        CS           child        3.0306
                        Residual                  1.8746


                                Fit Statistics

                     -2 Log Likelihood               428.6
                     AIC (Smaller is Better)         440.6
                     AICC (Smaller is Better)        441.5
                     BIC (Smaller is Better)         448.4


                        Null Model Likelihood Ratio Test
 
                          DF    Chi-Square      Pr > ChiSq

                           1         49.60          <.0001


                          Solution for Fixed Effects
 
                                      Standard
  Effect        gender    Estimate       Error      DF    t Value    Pr > |t|

  gender        0          17.3727      1.1615      25      14.96      <.0001
  gender        1          16.3406      0.9631      25      16.97      <.0001
  age*gender    0           0.4795     0.09231      79       5.20      <.0001
  age*gender    1           0.7844     0.07654      79      10.25      <.0001


                     (c) COMMON COMPOUND SYMMETRY STRUCTURE                   12

                              The Mixed Procedure

                         Type 3 Tests of Fixed Effects
 
                               Num     Den
                Effect          DF      DF    F Value    Pr > F

                gender           2      25     255.79    <.0001
                age*gender       2      79      66.01    <.0001
                           (d) COMMON AR(1) STRUCTURE                         13

                              The Mixed Procedure

                               Model Information

             Data Set                     WORK.DENT1               
             Dependent Variable           distance                 
             Covariance Structure         Autoregressive           
             Subject Effect               child                    
             Estimation Method            ML                       
             Residual Variance Method     Profile                  
             Fixed Effects SE Method      Model-Based              
             Degrees of Freedom Method    Between-Within           


                            Class Level Information
 
               Class     Levels    Values

               gender         2    0 1                           
               child         27    1 2 3 4 5 6 7 8 9 10 11 12 13 
                                   14 15 16 17 18 19 20 21 22 23 
                                   24 25 26 27                   


                                  Dimensions

                      Covariance Parameters             2
                      Columns in X                      4
                      Columns in Z                      0
                      Subjects                         27
                      Max Obs per Subject               4


                            Number of Observations

                  Number of Observations Read             108
                  Number of Observations Used             108
                  Number of Observations Not Used           0


                               Iteration History
 
          Iteration    Evaluations        -2 Log Like       Criterion

                  0              1       478.24175986                
                  1              2       440.68100623      0.00000000


                           Convergence criteria met.                    


                         Estimated R Matrix for child 1
 
               Row        Col1        Col2        Col3        Col4

                 1      4.8910      2.9696      1.8030      1.0947
                 2      2.9696      4.8910      2.9696      1.8030
                           (d) COMMON AR(1) STRUCTURE                         14

                              The Mixed Procedure

                         Estimated R Matrix for child 1
 
               Row        Col1        Col2        Col3        Col4

                 3      1.8030      2.9696      4.8910      2.9696
                 4      1.0947      1.8030      2.9696      4.8910


                   Estimated R Correlation Matrix for child 1
 
               Row        Col1        Col2        Col3        Col4

                 1      1.0000      0.6071      0.3686      0.2238
                 2      0.6071      1.0000      0.6071      0.3686
                 3      0.3686      0.6071      1.0000      0.6071
                 4      0.2238      0.3686      0.6071      1.0000


                         Covariance Parameter Estimates
 
                        Cov Parm     Subject    Estimate

                        AR(1)        child        0.6071
                        Residual                  4.8910


                                Fit Statistics

                     -2 Log Likelihood               440.7
                     AIC (Smaller is Better)         452.7
                     AICC (Smaller is Better)        453.5
                     BIC (Smaller is Better)         460.5


                        Null Model Likelihood Ratio Test
 
                          DF    Chi-Square      Pr > ChiSq

                           1         37.56          <.0001


                          Solution for Fixed Effects
 
                                      Standard
  Effect        gender    Estimate       Error      DF    t Value    Pr > |t|

  gender        0          17.3217      1.6040      25      10.80      <.0001
  gender        1          16.5920      1.3299      25      12.48      <.0001
  age*gender    0           0.4837      0.1384      79       3.50      0.0008
  age*gender    1           0.7696      0.1147      79       6.71      <.0001


                           (d) COMMON AR(1) STRUCTURE                         15

                              The Mixed Procedure

                         Type 3 Tests of Fixed Effects
 
                Num     Den
 Effect          DF      DF    Chi-Square    F Value      Pr > ChiSq    Pr > F

 gender           2      25        272.27     136.14          <.0001    <.0001
 age*gender       2      79         57.23      28.61          <.0001    <.0001
                       (e) COMMON ONE-DEPENDENT STRUCTURE                     16

                              The Mixed Procedure

                               Model Information

             Data Set                     WORK.DENT1               
             Dependent Variable           distance                 
             Covariance Structure         Toeplitz                 
             Subject Effect               child                    
             Estimation Method            ML                       
             Residual Variance Method     Profile                  
             Fixed Effects SE Method      Model-Based              
             Degrees of Freedom Method    Between-Within           


                            Class Level Information
 
               Class     Levels    Values

               gender         2    0 1                           
               child         27    1 2 3 4 5 6 7 8 9 10 11 12 13 
                                   14 15 16 17 18 19 20 21 22 23 
                                   24 25 26 27                   


                                  Dimensions

                      Covariance Parameters             2
                      Columns in X                      4
                      Columns in Z                      0
                      Subjects                         27
                      Max Obs per Subject               4


                            Number of Observations

                  Number of Observations Read             108
                  Number of Observations Used             108
                  Number of Observations Not Used           0


                               Iteration History
 
          Iteration    Evaluations        -2 Log Like       Criterion

                  0              1       478.24175986                
                  1              2       589.03603775      0.16283093
                  2              1       545.67380444      0.15138564
                  3              1       510.19059372      0.12467398
                  4              1       484.30189351      0.08645876
                  5              1       468.14463315      0.04649605
                  6              1       460.20520640      0.01592441
                  7              1       457.72394860      0.00214984
                  8              1       457.42200558      0.00004120
                  9              1       457.41660393      0.00000002
                 10              1       457.41660197      0.00000000
                       (e) COMMON ONE-DEPENDENT STRUCTURE                     17

                              The Mixed Procedure

                           Convergence criteria met.                    


                         Estimated R Matrix for child 1
 
               Row        Col1        Col2        Col3        Col4

                 1      4.5294      1.6120                        
                 2      1.6120      4.5294      1.6120            
                 3                  1.6120      4.5294      1.6120
                 4                              1.6120      4.5294


                   Estimated R Correlation Matrix for child 1
 
               Row        Col1        Col2        Col3        Col4

                 1      1.0000      0.3559                        
                 2      0.3559      1.0000      0.3559            
                 3                  0.3559      1.0000      0.3559
                 4                              0.3559      1.0000


                         Covariance Parameter Estimates
 
                        Cov Parm     Subject    Estimate

                        TOEP(2)      child        1.6120
                        Residual                  4.5294


                                Fit Statistics

                     -2 Log Likelihood               457.4
                     AIC (Smaller is Better)         469.4
                     AICC (Smaller is Better)        470.2
                     BIC (Smaller is Better)         477.2


                        Null Model Likelihood Ratio Test
 
                          DF    Chi-Square      Pr > ChiSq

                           1         20.83          <.0001


                          Solution for Fixed Effects
 
                                      Standard
  Effect        gender    Estimate       Error      DF    t Value    Pr > |t|

  gender        0          17.3035      1.7086      25      10.13      <.0001
  gender        1          16.6208      1.4167      25      11.73      <.0001
  age*gender    0           0.4856      0.1512      79       3.21      0.0019
  age*gender    1           0.7629      0.1253      79       6.09      <.0001
                       (e) COMMON ONE-DEPENDENT STRUCTURE                     18

                              The Mixed Procedure

                         Type 3 Tests of Fixed Effects
 
                Num     Den
 Effect          DF      DF    Chi-Square    F Value      Pr > ChiSq    Pr > F

 gender           2      25        240.22     120.11          <.0001    <.0001
 age*gender       2      79         47.36      23.68          <.0001    <.0001
              (f) COMMON HETEROGENEOUS COMPOUND SYMMETRY STRUCTURE            19

                              The Mixed Procedure

                               Model Information

             Data Set                     WORK.DENT1               
             Dependent Variable           distance                 
             Covariance Structure         Heterogeneous Compound   
                                          Symmetry                 
             Subject Effect               child                    
             Estimation Method            ML                       
             Residual Variance Method     None                     
             Fixed Effects SE Method      Model-Based              
             Degrees of Freedom Method    Between-Within           


                            Class Level Information
 
               Class     Levels    Values

               gender         2    0 1                           
               child         27    1 2 3 4 5 6 7 8 9 10 11 12 13 
                                   14 15 16 17 18 19 20 21 22 23 
                                   24 25 26 27                   


                                  Dimensions

                      Covariance Parameters             5
                      Columns in X                      4
                      Columns in Z                      0
                      Subjects                         27
                      Max Obs per Subject               4


                            Number of Observations

                  Number of Observations Read             108
                  Number of Observations Used             108
                  Number of Observations Not Used           0


                               Iteration History
 
          Iteration    Evaluations        -2 Log Like       Criterion

                  0              1       478.24175986                
                  1              2       426.71772557      0.00000989
                  2              1       426.71658402      0.00000000


                           Convergence criteria met.                    


              (f) COMMON HETEROGENEOUS COMPOUND SYMMETRY STRUCTURE            20

                              The Mixed Procedure

                         Estimated R Matrix for child 1
 
               Row        Col1        Col2        Col3        Col4

                 1      5.3410      2.8688      3.4724      3.0476
                 2      2.8688      3.9783      2.9968      2.6303
                 3      3.4724      2.9968      5.8282      3.1836
                 4      3.0476      2.6303      3.1836      4.4896


                   Estimated R Correlation Matrix for child 1
 
               Row        Col1        Col2        Col3        Col4

                 1      1.0000      0.6224      0.6224      0.6224
                 2      0.6224      1.0000      0.6224      0.6224
                 3      0.6224      0.6224      1.0000      0.6224
                 4      0.6224      0.6224      0.6224      1.0000


                         Covariance Parameter Estimates
 
                         Cov
                         Parm       Subject    Estimate

                         Var(1)     child        5.3410
                         Var(2)     child        3.9783
                         Var(3)     child        5.8282
                         Var(4)     child        4.4896
                         CSH        child        0.6224


                                Fit Statistics

                     -2 Log Likelihood               426.7
                     AIC (Smaller is Better)         444.7
                     AICC (Smaller is Better)        446.6
                     BIC (Smaller is Better)         456.4


                        Null Model Likelihood Ratio Test
 
                          DF    Chi-Square      Pr > ChiSq

                           4         51.53          <.0001


                          Solution for Fixed Effects
 
                                      Standard
  Effect        gender    Estimate       Error      DF    t Value    Pr > |t|

  gender        0          17.4038      1.1560      25      15.06      <.0001
  gender        1          16.1356      0.9585      25      16.83      <.0001
  age*gender    0           0.4788     0.09139      79       5.24      <.0001
              (f) COMMON HETEROGENEOUS COMPOUND SYMMETRY STRUCTURE            21

                              The Mixed Procedure

                          Solution for Fixed Effects
 
                                      Standard
  Effect        gender    Estimate       Error      DF    t Value    Pr > |t|

  age*gender    1           0.7945     0.07578      79      10.48      <.0001


                         Type 3 Tests of Fixed Effects
 
                Num     Den
 Effect          DF      DF    Chi-Square    F Value      Pr > ChiSq    Pr > F

 gender           2      25        510.05     255.03          <.0001    <.0001
 age*gender       2      79        137.37      68.69          <.0001    <.0001
                 (g) SEPARATE COMPOUND SYMMETRY FOR EACH GENDER               22

                              The Mixed Procedure

                               Model Information

             Data Set                     WORK.DENT1               
             Dependent Variable           distance                 
             Covariance Structure         Compound Symmetry        
             Subject Effect               child                    
             Group Effect                 gender                   
             Estimation Method            ML                       
             Residual Variance Method     None                     
             Fixed Effects SE Method      Model-Based              
             Degrees of Freedom Method    Between-Within           


                            Class Level Information
 
               Class     Levels    Values

               gender         2    0 1                           
               child         27    1 2 3 4 5 6 7 8 9 10 11 12 13 
                                   14 15 16 17 18 19 20 21 22 23 
                                   24 25 26 27                   


                                  Dimensions

                      Covariance Parameters             4
                      Columns in X                      4
                      Columns in Z                      0
                      Subjects                         27
                      Max Obs per Subject               4


                            Number of Observations

                  Number of Observations Read             108
                  Number of Observations Used             108
                  Number of Observations Not Used           0


                               Iteration History
 
          Iteration    Evaluations        -2 Log Like       Criterion

                  0              1       478.24175986                
                  1              1       408.81297228      0.00000000


                           Convergence criteria met.                    


                 (g) SEPARATE COMPOUND SYMMETRY FOR EACH GENDER               23

                              The Mixed Procedure

                         Estimated R Matrix for child 1
 
               Row        Col1        Col2        Col3        Col4

                 1      4.4704      3.8804      3.8804      3.8804
                 2      3.8804      4.4704      3.8804      3.8804
                 3      3.8804      3.8804      4.4704      3.8804
                 4      3.8804      3.8804      3.8804      4.4704


                   Estimated R Correlation Matrix for child 1
 
               Row        Col1        Col2        Col3        Col4

                 1      1.0000      0.8680      0.8680      0.8680
                 2      0.8680      1.0000      0.8680      0.8680
                 3      0.8680      0.8680      1.0000      0.8680
                 4      0.8680      0.8680      0.8680      1.0000


                         Estimated R Matrix for child 12
 
               Row        Col1        Col2        Col3        Col4

                 1      5.2041      2.4463      2.4463      2.4463
                 2      2.4463      5.2041      2.4463      2.4463
                 3      2.4463      2.4463      5.2041      2.4463
                 4      2.4463      2.4463      2.4463      5.2041


                   Estimated R Correlation Matrix for child 12
 
               Row        Col1        Col2        Col3        Col4

                 1      1.0000      0.4701      0.4701      0.4701
                 2      0.4701      1.0000      0.4701      0.4701
                 3      0.4701      0.4701      1.0000      0.4701
                 4      0.4701      0.4701      0.4701      1.0000


                         Covariance Parameter Estimates
 
                  Cov Parm     Subject    Group       Estimate

                  Variance     child      gender 0      0.5900
                  CS           child      gender 0      3.8804
                  Variance     child      gender 1      2.7577
                  CS           child      gender 1      2.4463


                                Fit Statistics

                     -2 Log Likelihood               408.8
                     AIC (Smaller is Better)         424.8
                     AICC (Smaller is Better)        426.3
                 (g) SEPARATE COMPOUND SYMMETRY FOR EACH GENDER               24

                              The Mixed Procedure

                                Fit Statistics

                     BIC (Smaller is Better)         435.2


                        Null Model Likelihood Ratio Test
 
                          DF    Chi-Square      Pr > ChiSq

                           3         69.43          <.0001


                          Solution for Fixed Effects
 
                                      Standard
  Effect        gender    Estimate       Error      DF    t Value    Pr > |t|

  gender        0          17.3727      0.8311      25      20.90      <.0001
  gender        1          16.3406      1.1130      25      14.68      <.0001
  age*gender    0           0.4795     0.05179      79       9.26      <.0001
  age*gender    1           0.7844     0.09283      79       8.45      <.0001


                         Type 3 Tests of Fixed Effects
 
                Num     Den
 Effect          DF      DF    Chi-Square    F Value      Pr > ChiSq    Pr > F

 gender           2      25        652.53     326.26          <.0001    <.0001
 age*gender       2      79        157.14      78.57          <.0001    <.0001
                       (h) SEPARATE AR(1) FOR EACH GENDER                     25

                              The Mixed Procedure

                               Model Information

             Data Set                     WORK.DENT1               
             Dependent Variable           distance                 
             Covariance Structure         Autoregressive           
             Subject Effect               child                    
             Group Effect                 gender                   
             Estimation Method            ML                       
             Residual Variance Method     None                     
             Fixed Effects SE Method      Model-Based              
             Degrees of Freedom Method    Between-Within           


                            Class Level Information
 
               Class     Levels    Values

               gender         2    0 1                           
               child         27    1 2 3 4 5 6 7 8 9 10 11 12 13 
                                   14 15 16 17 18 19 20 21 22 23 
                                   24 25 26 27                   


                                  Dimensions

                      Covariance Parameters             4
                      Columns in X                      4
                      Columns in Z                      0
                      Subjects                         27
                      Max Obs per Subject               4


                            Number of Observations

                  Number of Observations Read             108
                  Number of Observations Used             108
                  Number of Observations Not Used           0


                               Iteration History
 
          Iteration    Evaluations        -2 Log Like       Criterion

                  0              1       478.24175986                
                  1              2       475.71968065      0.20025573
                  2              1       440.38814030      0.08967756
                  3              1       426.69925492      0.04134123
                  4              1       420.38697948      0.02792114
                  5              1       416.67736557      0.00923733
                  6              1       415.50565786      0.00083428
                  7              1       415.41014131      0.00000671
                  8              1       415.40940946      0.00000000
                       (h) SEPARATE AR(1) FOR EACH GENDER                     26

                              The Mixed Procedure

                           Convergence criteria met.                    


                         Estimated R Matrix for child 1
 
               Row        Col1        Col2        Col3        Col4

                 1      4.6591      4.1730      3.7377      3.3477
                 2      4.1730      4.6591      4.1730      3.7377
                 3      3.7377      4.1730      4.6591      4.1730
                 4      3.3477      3.7377      4.1730      4.6591


                   Estimated R Correlation Matrix for child 1
 
               Row        Col1        Col2        Col3        Col4

                 1      1.0000      0.8957      0.8022      0.7185
                 2      0.8957      1.0000      0.8957      0.8022
                 3      0.8022      0.8957      1.0000      0.8957
                 4      0.7185      0.8022      0.8957      1.0000


                         Estimated R Matrix for child 12
 
               Row        Col1        Col2        Col3        Col4

                 1      5.1724      2.2912      1.0149      0.4496
                 2      2.2912      5.1724      2.2912      1.0149
                 3      1.0149      2.2912      5.1724      2.2912
                 4      0.4496      1.0149      2.2912      5.1724


                   Estimated R Correlation Matrix for child 12
 
               Row        Col1        Col2        Col3        Col4

                 1      1.0000      0.4430      0.1962     0.08692
                 2      0.4430      1.0000      0.4430      0.1962
                 3      0.1962      0.4430      1.0000      0.4430
                 4     0.08692      0.1962      0.4430      1.0000


                         Covariance Parameter Estimates
 
                  Cov Parm     Subject    Group       Estimate

                  Variance     child      gender 0      4.6591
                  AR(1)        child      gender 0      0.8957
                  Variance     child      gender 1      5.1724
                  AR(1)        child      gender 1      0.4430
                       (h) SEPARATE AR(1) FOR EACH GENDER                     27

                              The Mixed Procedure

                                Fit Statistics

                     -2 Log Likelihood               415.4
                     AIC (Smaller is Better)         431.4
                     AICC (Smaller is Better)        432.9
                     BIC (Smaller is Better)         441.8


                        Null Model Likelihood Ratio Test
 
                          DF    Chi-Square      Pr > ChiSq

                           3         62.83          <.0001


                          Solution for Fixed Effects
 
                                      Standard
  Effect        gender    Estimate       Error      DF    t Value    Pr > |t|

  gender        0          17.3062      1.0793      25      16.03      <.0001
  gender        1          16.5245      1.4558      25      11.35      <.0001
  age*gender    0           0.4848     0.08138      79       5.96      <.0001
  age*gender    1           0.7729      0.1276      79       6.06      <.0001


                         Type 3 Tests of Fixed Effects
 
                Num     Den
 Effect          DF      DF    Chi-Square    F Value      Pr > ChiSq    Pr > F

 gender           2      25        385.93     192.96          <.0001    <.0001
 age*gender       2      79         72.18      36.09          <.0001    <.0001
                   (i) SEPARATE ONE-DEPENDENT FOR EACH GENDER                 28

                              The Mixed Procedure

                               Model Information

             Data Set                     WORK.DENT1               
             Dependent Variable           distance                 
             Covariance Structure         Toeplitz                 
             Subject Effect               child                    
             Group Effect                 gender                   
             Estimation Method            ML                       
             Residual Variance Method     None                     
             Fixed Effects SE Method      Model-Based              
             Degrees of Freedom Method    Between-Within           


                            Class Level Information
 
               Class     Levels    Values

               gender         2    0 1                           
               child         27    1 2 3 4 5 6 7 8 9 10 11 12 13 
                                   14 15 16 17 18 19 20 21 22 23 
                                   24 25 26 27                   


                                  Dimensions

                      Covariance Parameters             4
                      Columns in X                      4
                      Columns in Z                      0
                      Subjects                         27
                      Max Obs per Subject               4


                            Number of Observations

                  Number of Observations Read             108
                  Number of Observations Used             108
                  Number of Observations Not Used           0


                               Iteration History
 
          Iteration    Evaluations        -2 Log Like       Criterion

                  0              1       478.24175986                
                  1              2       465.00494081    280.11418099
                  2              1       458.88438919     49.85385575
                  3              1       453.61695810      7.33335163
                  4              1       445.15025755      0.00347991
                  5              1       444.66243888      0.00028171
                  6              1       444.62522997      0.00000436
                  7              1       444.62468768      0.00000000
                   (i) SEPARATE ONE-DEPENDENT FOR EACH GENDER                 29

                              The Mixed Procedure

                           Convergence criteria met.                    


                         Estimated R Matrix for child 1
 
               Row        Col1        Col2        Col3        Col4

                 1      3.7093      2.0415                        
                 2      2.0415      3.7093      2.0415            
                 3                  2.0415      3.7093      2.0415
                 4                              2.0415      3.7093


                   Estimated R Correlation Matrix for child 1
 
               Row        Col1        Col2        Col3        Col4

                 1      1.0000      0.5504                        
                 2      0.5504      1.0000      0.5504            
                 3                  0.5504      1.0000      0.5504
                 4                              0.5504      1.0000


                         Estimated R Matrix for child 12
 
               Row        Col1        Col2        Col3        Col4

                 1      4.9891      1.3289                        
                 2      1.3289      4.9891      1.3289            
                 3                  1.3289      4.9891      1.3289
                 4                              1.3289      4.9891


                   Estimated R Correlation Matrix for child 12
 
               Row        Col1        Col2        Col3        Col4

                 1      1.0000      0.2664                        
                 2      0.2664      1.0000      0.2664            
                 3                  0.2664      1.0000      0.2664
                 4                              0.2664      1.0000


                         Covariance Parameter Estimates
 
                  Cov Parm     Subject    Group       Estimate

                  Variance     child      gender 0      3.7093
                  TOEP(2)      child      gender 0      2.0415
                  Variance     child      gender 1      4.9891
                  TOEP(2)      child      gender 1      1.3289
                   (i) SEPARATE ONE-DEPENDENT FOR EACH GENDER                 30

                              The Mixed Procedure

                                Fit Statistics

                     -2 Log Likelihood               444.6
                     AIC (Smaller is Better)         460.6
                     AICC (Smaller is Better)        462.1
                     BIC (Smaller is Better)         471.0


                        Null Model Likelihood Ratio Test
 
                          DF    Chi-Square      Pr > ChiSq

                           3         33.62          <.0001


                          Solution for Fixed Effects
 
                                      Standard
  Effect        gender    Estimate       Error      DF    t Value    Pr > |t|

  gender        0          17.0923      1.3641      25      12.53      <.0001
  gender        1          16.5091      1.4797      25      11.16      <.0001
  age*gender    0           0.5046      0.1191      79       4.24      <.0001
  age*gender    1           0.7719      0.1312      79       5.88      <.0001


                         Type 3 Tests of Fixed Effects
 
                Num     Den
 Effect          DF      DF    Chi-Square    F Value      Pr > ChiSq    Pr > F

 gender           2      25        281.47     140.74          <.0001    <.0001
 age*gender       2      79         52.59      26.29          <.0001    <.0001
             (j) SEPARATE HETEROGENEOUS COMPOUND SYMMETRY STRUCTURE           31

                              The Mixed Procedure

                               Model Information

             Data Set                     WORK.DENT1               
             Dependent Variable           distance                 
             Covariance Structure         Heterogeneous Compound   
                                          Symmetry                 
             Subject Effect               child                    
             Group Effect                 gender                   
             Estimation Method            ML                       
             Residual Variance Method     None                     
             Fixed Effects SE Method      Model-Based              
             Degrees of Freedom Method    Between-Within           


                            Class Level Information
 
               Class     Levels    Values

               gender         2    0 1                           
               child         27    1 2 3 4 5 6 7 8 9 10 11 12 13 
                                   14 15 16 17 18 19 20 21 22 23 
                                   24 25 26 27                   


                                  Dimensions

                      Covariance Parameters            10
                      Columns in X                      4
                      Columns in Z                      0
                      Subjects                         27
                      Max Obs per Subject               4


                            Number of Observations

                  Number of Observations Read             108
                  Number of Observations Used             108
                  Number of Observations Not Used           0


                               Iteration History
 
          Iteration    Evaluations        -2 Log Like       Criterion

                  0              1       478.24175986                
                  1              2       404.32813173      0.00002763
                  2              1       404.32525347      0.00000001


                           Convergence criteria met.                    


             (j) SEPARATE HETEROGENEOUS COMPOUND SYMMETRY STRUCTURE           32

                              The Mixed Procedure

                         Estimated R Matrix for child 1
 
               Row        Col1        Col2        Col3        Col4

                 1      4.2917      3.3109      4.0292      4.1828
                 2      3.3109      3.3257      3.5469      3.6821
                 3      4.0292      3.5469      4.9254      4.4810
                 4      4.1828      3.6821      4.4810      5.3081


                   Estimated R Correlation Matrix for child 1
 
               Row        Col1        Col2        Col3        Col4

                 1      1.0000      0.8764      0.8764      0.8764
                 2      0.8764      1.0000      0.8764      0.8764
                 3      0.8764      0.8764      1.0000      0.8764
                 4      0.8764      0.8764      0.8764      1.0000


                         Estimated R Matrix for child 12
 
               Row        Col1        Col2        Col3        Col4

                 1      6.0126      2.4572      2.9682      2.3393
                 2      2.4572      4.4103      2.5421      2.0035
                 3      2.9682      2.5421      6.4352      2.4201
                 4      2.3393      2.0035      2.4201      3.9971


                   Estimated R Correlation Matrix for child 12
 
               Row        Col1        Col2        Col3        Col4

                 1      1.0000      0.4772      0.4772      0.4772
                 2      0.4772      1.0000      0.4772      0.4772
                 3      0.4772      0.4772      1.0000      0.4772
                 4      0.4772      0.4772      0.4772      1.0000


                         Covariance Parameter Estimates
 
                   Cov
                   Parm       Subject    Group       Estimate

                   Var(1)     child      gender 0      4.2917
                   Var(2)     child      gender 0      3.3257
                   Var(3)     child      gender 0      4.9254
                   Var(4)     child      gender 0      5.3081
                   CSH        child      gender 0      0.8764
                   Var(1)     child      gender 1      6.0126
                   Var(2)     child      gender 1      4.4103
                   Var(3)     child      gender 1      6.4352
                   Var(4)     child      gender 1      3.9971
                   CSH        child      gender 1      0.4772
             (j) SEPARATE HETEROGENEOUS COMPOUND SYMMETRY STRUCTURE           33

                              The Mixed Procedure

                                Fit Statistics

                     -2 Log Likelihood               404.3
                     AIC (Smaller is Better)         432.3
                     AICC (Smaller is Better)        436.8
                     BIC (Smaller is Better)         450.5


                        Null Model Likelihood Ratio Test
 
                          DF    Chi-Square      Pr > ChiSq

                           9         73.92          <.0001


                          Solution for Fixed Effects
 
                                      Standard
  Effect        gender    Estimate       Error      DF    t Value    Pr > |t|

  gender        0          17.4311      0.6856      25      25.43      <.0001
  gender        1          16.1247      1.1288      25      14.28      <.0001
  age*gender    0           0.4808     0.05355      79       8.98      <.0001
  age*gender    1           0.8001     0.08980      79       8.91      <.0001


                         Type 3 Tests of Fixed Effects
 
                Num     Den
 Effect          DF      DF    Chi-Square    F Value      Pr > ChiSq    Pr > F

 gender           2      25        850.49     425.24          <.0001    <.0001
 age*gender       2      79        160.01      80.01          <.0001    <.0001
               FULL MODEL WITH COMPOUND SYMMETRY FOR EACH GENDER              34

                              The Mixed Procedure

                               Model Information

             Data Set                     WORK.DENT1               
             Dependent Variable           distance                 
             Covariance Structure         Compound Symmetry        
             Subject Effect               child                    
             Group Effect                 gender                   
             Estimation Method            ML                       
             Residual Variance Method     None                     
             Fixed Effects SE Method      Model-Based              
             Degrees of Freedom Method    Between-Within           


                            Class Level Information
 
               Class     Levels    Values

               gender         2    0 1                           
               child         27    1 2 3 4 5 6 7 8 9 10 11 12 13 
                                   14 15 16 17 18 19 20 21 22 23 
                                   24 25 26 27                   


                                  Dimensions

                      Covariance Parameters             4
                      Columns in X                      4
                      Columns in Z                      0
                      Subjects                         27
                      Max Obs per Subject               4


                            Number of Observations

                  Number of Observations Read             108
                  Number of Observations Used             108
                  Number of Observations Not Used           0


                               Iteration History
 
          Iteration    Evaluations        -2 Log Like       Criterion

                  0              1       478.24175986                
                  1              1       408.81297228      0.00000000


                           Convergence criteria met.                    


               FULL MODEL WITH COMPOUND SYMMETRY FOR EACH GENDER              35

                              The Mixed Procedure

                         Estimated R Matrix for child 1
 
               Row        Col1        Col2        Col3        Col4

                 1      4.4704      3.8804      3.8804      3.8804
                 2      3.8804      4.4704      3.8804      3.8804
                 3      3.8804      3.8804      4.4704      3.8804
                 4      3.8804      3.8804      3.8804      4.4704


                   Estimated R Correlation Matrix for child 1
 
               Row        Col1        Col2        Col3        Col4

                 1      1.0000      0.8680      0.8680      0.8680
                 2      0.8680      1.0000      0.8680      0.8680
                 3      0.8680      0.8680      1.0000      0.8680
                 4      0.8680      0.8680      0.8680      1.0000


                         Estimated R Matrix for child 12
 
               Row        Col1        Col2        Col3        Col4

                 1      5.2041      2.4463      2.4463      2.4463
                 2      2.4463      5.2041      2.4463      2.4463
                 3      2.4463      2.4463      5.2041      2.4463
                 4      2.4463      2.4463      2.4463      5.2041


                   Estimated R Correlation Matrix for child 12
 
               Row        Col1        Col2        Col3        Col4

                 1      1.0000      0.4701      0.4701      0.4701
                 2      0.4701      1.0000      0.4701      0.4701
                 3      0.4701      0.4701      1.0000      0.4701
                 4      0.4701      0.4701      0.4701      1.0000


                         Covariance Parameter Estimates
 
                  Cov Parm     Subject    Group       Estimate

                  Variance     child      gender 0      0.5900
                  CS           child      gender 0      3.8804
                  Variance     child      gender 1      2.7577
                  CS           child      gender 1      2.4463


                                Fit Statistics

                     -2 Log Likelihood               408.8
                     AIC (Smaller is Better)         424.8
                     AICC (Smaller is Better)        426.3
               FULL MODEL WITH COMPOUND SYMMETRY FOR EACH GENDER              36

                              The Mixed Procedure

                                Fit Statistics

                     BIC (Smaller is Better)         435.2


                        Null Model Likelihood Ratio Test
 
                          DF    Chi-Square      Pr > ChiSq

                           3         69.43          <.0001


                          Solution for Fixed Effects
 
                                      Standard
  Effect        gender    Estimate       Error      DF    t Value    Pr > |t|

  gender        0          17.3727      0.8311      25      20.90      <.0001
  gender        1          16.3406      1.1130      25      14.68      <.0001
  age*gender    0           0.4795     0.05179      79       9.26      <.0001
  age*gender    1           0.7844     0.09283      79       8.45      <.0001


                       Covariance Matrix for Fixed Effects
 
   Row    Effect        gender        Col1        Col2        Col3        Col4

     1    gender        0           0.6907                -0.02950            
     2    gender        1                       1.2388                -0.09480
     3    age*gender    0         -0.02950                0.002682            
     4    age*gender    1                     -0.09480                0.008618


                         Type 3 Tests of Fixed Effects
 
                               Num     Den
                Effect          DF      DF    F Value    Pr > F

                gender           2      25     326.26    <.0001
                age*gender       2      79      78.57    <.0001
              REDUCED MODEL WITH COMPOUND SYMMETRY FOR EACH GENDER            37

                              The Mixed Procedure

                               Model Information

             Data Set                     WORK.DENT1               
             Dependent Variable           distance                 
             Covariance Structure         Compound Symmetry        
             Subject Effect               child                    
             Group Effect                 gender                   
             Estimation Method            ML                       
             Residual Variance Method     None                     
             Fixed Effects SE Method      Model-Based              
             Degrees of Freedom Method    Between-Within           


                            Class Level Information
 
               Class     Levels    Values

               gender         2    0 1                           
               child         27    1 2 3 4 5 6 7 8 9 10 11 12 13 
                                   14 15 16 17 18 19 20 21 22 23 
                                   24 25 26 27                   


                                  Dimensions

                      Covariance Parameters             4
                      Columns in X                      3
                      Columns in Z                      0
                      Subjects                         27
                      Max Obs per Subject               4


                            Number of Observations

                  Number of Observations Read             108
                  Number of Observations Used             108
                  Number of Observations Not Used           0


                               Iteration History
 
          Iteration    Evaluations        -2 Log Like       Criterion

                  0              1       480.68362161                
                  1              4       416.64891361      0.00045640
                  2              1       416.59716984      0.00000276
                  3              1       416.59686755      0.00000000


                           Convergence criteria met.                    


              REDUCED MODEL WITH COMPOUND SYMMETRY FOR EACH GENDER            38

                              The Mixed Procedure

                         Estimated R Matrix for child 1
 
               Row        Col1        Col2        Col3        Col4

                 1      4.4937      3.8726      3.8726      3.8726
                 2      3.8726      4.4937      3.8726      3.8726
                 3      3.8726      3.8726      4.4937      3.8726
                 4      3.8726      3.8726      3.8726      4.4937


                   Estimated R Correlation Matrix for child 1
 
               Row        Col1        Col2        Col3        Col4

                 1      1.0000      0.8618      0.8618      0.8618
                 2      0.8618      1.0000      0.8618      0.8618
                 3      0.8618      0.8618      1.0000      0.8618
                 4      0.8618      0.8618      0.8618      1.0000


                         Estimated R Matrix for child 12
 
               Row        Col1        Col2        Col3        Col4

                 1      5.4838      2.3530      2.3530      2.3530
                 2      2.3530      5.4838      2.3530      2.3530
                 3      2.3530      2.3530      5.4838      2.3530
                 4      2.3530      2.3530      2.3530      5.4838


                   Estimated R Correlation Matrix for child 12
 
               Row        Col1        Col2        Col3        Col4

                 1      1.0000      0.4291      0.4291      0.4291
                 2      0.4291      1.0000      0.4291      0.4291
                 3      0.4291      0.4291      1.0000      0.4291
                 4      0.4291      0.4291      0.4291      1.0000


                         Covariance Parameter Estimates
 
                  Cov Parm     Subject    Group       Estimate

                  Variance     child      gender 0      0.6211
                  CS           child      gender 0      3.8726
                  Variance     child      gender 1      3.1308
                  CS           child      gender 1      2.3530


                                Fit Statistics

                     -2 Log Likelihood               416.6
                     AIC (Smaller is Better)         430.6
                     AICC (Smaller is Better)        431.7
              REDUCED MODEL WITH COMPOUND SYMMETRY FOR EACH GENDER            39

                              The Mixed Procedure

                                Fit Statistics

                     BIC (Smaller is Better)         439.7


                        Null Model Likelihood Ratio Test
 
                          DF    Chi-Square      Pr > ChiSq

                           3         64.09          <.0001


                          Solution for Fixed Effects
 
                                     Standard
   Effect      gender    Estimate       Error      DF    t Value    Pr > |t|

   gender      0          16.6218      0.7945      25      20.92      <.0001
   gender      1          18.9429      0.6790      25      27.90      <.0001
   age                     0.5478     0.04681      80      11.70      <.0001


                       Covariance Matrix for Fixed Effects
 
          Row    Effect      gender        Col1        Col2        Col3

            1    gender      0           0.6313      0.2651    -0.02410
            2    gender      1           0.2651      0.4611    -0.02410
            3    age                   -0.02410    -0.02410    0.002191


                         Type 3 Tests of Fixed Effects
 
                             Num     Den
                  Effect      DF      DF    F Value    Pr > F

                  gender       2      25     423.41    <.0001
                  age          1      80     136.97    <.0001
            FULL MODEL WITH COMPOUND SYMMETRY FOR EACH GENDER, REML           40

                              The Mixed Procedure

                               Model Information

             Data Set                     WORK.DENT1               
             Dependent Variable           distance                 
             Covariance Structure         Compound Symmetry        
             Subject Effect               child                    
             Group Effect                 gender                   
             Estimation Method            REML                     
             Residual Variance Method     None                     
             Fixed Effects SE Method      Model-Based              
             Degrees of Freedom Method    Between-Within           


                            Class Level Information
 
               Class     Levels    Values

               gender         2    0 1                           
               child         27    1 2 3 4 5 6 7 8 9 10 11 12 13 
                                   14 15 16 17 18 19 20 21 22 23 
                                   24 25 26 27                   


                                  Dimensions

                      Covariance Parameters             4
                      Columns in X                      4
                      Columns in Z                      0
                      Subjects                         27
                      Max Obs per Subject               4


                            Number of Observations

                  Number of Observations Read             108
                  Number of Observations Used             108
                  Number of Observations Not Used           0


                               Iteration History
 
          Iteration    Evaluations    -2 Res Log Like       Criterion

                  0              1       483.55911746                
                  1              1       414.66636550      0.00000000


                           Convergence criteria met.                    


            FULL MODEL WITH COMPOUND SYMMETRY FOR EACH GENDER, REML           41

                              The Mixed Procedure

                         Estimated R Matrix for child 1
 
               Row        Col1        Col2        Col3        Col4

                 1      4.8870      4.2786      4.2786      4.2786
                 2      4.2786      4.8870      4.2786      4.2786
                 3      4.2786      4.2786      4.8870      4.2786
                 4      4.2786      4.2786      4.2786      4.8870


                   Estimated R Correlation Matrix for child 1
 
               Row        Col1        Col2        Col3        Col4

                 1      1.0000      0.8755      0.8755      0.8755
                 2      0.8755      1.0000      0.8755      0.8755
                 3      0.8755      0.8755      1.0000      0.8755
                 4      0.8755      0.8755      0.8755      1.0000


                         Estimated R Matrix for child 12
 
               Row        Col1        Col2        Col3        Col4

                 1      5.4571      2.6407      2.6407      2.6407
                 2      2.6407      5.4571      2.6407      2.6407
                 3      2.6407      2.6407      5.4571      2.6407
                 4      2.6407      2.6407      2.6407      5.4571


                   Estimated R Correlation Matrix for child 12
 
               Row        Col1        Col2        Col3        Col4

                 1      1.0000      0.4839      0.4839      0.4839
                 2      0.4839      1.0000      0.4839      0.4839
                 3      0.4839      0.4839      1.0000      0.4839
                 4      0.4839      0.4839      0.4839      1.0000


                         Covariance Parameter Estimates
 
                  Cov Parm     Subject    Group       Estimate

                  Variance     child      gender 0      0.6085
                  CS           child      gender 0      4.2786
                  Variance     child      gender 1      2.8164
                  CS           child      gender 1      2.6407


                                Fit Statistics

                     -2 Res Log Likelihood           414.7
                     AIC (Smaller is Better)         422.7
                     AICC (Smaller is Better)        423.1
            FULL MODEL WITH COMPOUND SYMMETRY FOR EACH GENDER, REML           42

                              The Mixed Procedure

                                Fit Statistics

                     BIC (Smaller is Better)         427.8


                        Null Model Likelihood Ratio Test
 
                          DF    Chi-Square      Pr > ChiSq

                           3         68.89          <.0001


                          Solution for Fixed Effects
 
                                      Standard
  Effect        gender    Estimate       Error      DF    t Value    Pr > |t|

  gender        0          17.3727      0.8587      25      20.23      <.0001
  gender        1          16.3406      1.1287      25      14.48      <.0001
  age*gender    0           0.4795     0.05259      79       9.12      <.0001
  age*gender    1           0.7844     0.09382      79       8.36      <.0001


                       Covariance Matrix for Fixed Effects
 
   Row    Effect        gender        Col1        Col2        Col3        Col4

     1    gender        0           0.7374                -0.03042            
     2    gender        1                       1.2740                -0.09681
     3    age*gender    0         -0.03042                0.002766            
     4    age*gender    1                     -0.09681                0.008801


                         Type 3 Tests of Fixed Effects
 
                               Num     Den
                Effect          DF      DF    F Value    Pr > F

                gender           2      25     309.43    <.0001
                age*gender       2      79      76.53    <.0001


                                   Estimates
 
                                 Standard
        Label        Estimate       Error      DF    t Value    Pr > |t|

        boy at 11     24.9688      0.4572      79      54.61      <.0001


            FULL MODEL WITH COMPOUND SYMMETRY FOR EACH GENDER, REML           43

                              The Mixed Procedure

                                   Contrasts
 
                 Num     Den
 Label            DF      DF    Chi-Square    F Value      Pr > ChiSq    Pr > F

 diff in slp       1      79          8.03       8.03          0.0046    0.0058
 both diff         2      79         16.84       8.42          0.0002    0.0005
                    FULL MODEL, ALTERNATIVE PARAMETERIZATION                  44

                              The Mixed Procedure

                               Model Information

             Data Set                     WORK.DENT1               
             Dependent Variable           distance                 
             Covariance Structure         Compound Symmetry        
             Subject Effect               child                    
             Group Effect                 gender                   
             Estimation Method            REML                     
             Residual Variance Method     None                     
             Fixed Effects SE Method      Model-Based              
             Degrees of Freedom Method    Between-Within           


                            Class Level Information
 
               Class     Levels    Values

               gender         2    0 1                           
               child         27    1 2 3 4 5 6 7 8 9 10 11 12 13 
                                   14 15 16 17 18 19 20 21 22 23 
                                   24 25 26 27                   


                                  Dimensions

                      Covariance Parameters             4
                      Columns in X                      6
                      Columns in Z                      0
                      Subjects                         27
                      Max Obs per Subject               4


                            Number of Observations

                  Number of Observations Read             108
                  Number of Observations Used             108
                  Number of Observations Not Used           0


                               Iteration History
 
          Iteration    Evaluations    -2 Res Log Like       Criterion

                  0              1       483.55911746                
                  1              1       414.66636550      0.00000000


                           Convergence criteria met.                    


                    FULL MODEL, ALTERNATIVE PARAMETERIZATION                  45

                              The Mixed Procedure

                         Estimated R Matrix for child 1
 
               Row        Col1        Col2        Col3        Col4

                 1      4.8870      4.2786      4.2786      4.2786
                 2      4.2786      4.8870      4.2786      4.2786
                 3      4.2786      4.2786      4.8870      4.2786
                 4      4.2786      4.2786      4.2786      4.8870


                   Estimated R Correlation Matrix for child 1
 
               Row        Col1        Col2        Col3        Col4

                 1      1.0000      0.8755      0.8755      0.8755
                 2      0.8755      1.0000      0.8755      0.8755
                 3      0.8755      0.8755      1.0000      0.8755
                 4      0.8755      0.8755      0.8755      1.0000


                         Estimated R Matrix for child 12
 
               Row        Col1        Col2        Col3        Col4

                 1      5.4571      2.6407      2.6407      2.6407
                 2      2.6407      5.4571      2.6407      2.6407
                 3      2.6407      2.6407      5.4571      2.6407
                 4      2.6407      2.6407      2.6407      5.4571


                   Estimated R Correlation Matrix for child 12
 
               Row        Col1        Col2        Col3        Col4

                 1      1.0000      0.4839      0.4839      0.4839
                 2      0.4839      1.0000      0.4839      0.4839
                 3      0.4839      0.4839      1.0000      0.4839
                 4      0.4839      0.4839      0.4839      1.0000


                         Covariance Parameter Estimates
 
                  Cov Parm     Subject    Group       Estimate

                  Variance     child      gender 0      0.6085
                  CS           child      gender 0      4.2786
                  Variance     child      gender 1      2.8164
                  CS           child      gender 1      2.6407


                                Fit Statistics

                     -2 Res Log Likelihood           414.7
                     AIC (Smaller is Better)         422.7
                     AICC (Smaller is Better)        423.1
                    FULL MODEL, ALTERNATIVE PARAMETERIZATION                  46

                              The Mixed Procedure

                                Fit Statistics

                     BIC (Smaller is Better)         427.8


                        Null Model Likelihood Ratio Test
 
                          DF    Chi-Square      Pr > ChiSq

                           3         68.89          <.0001


                          Solution for Fixed Effects
 
                                      Standard
  Effect        gender    Estimate       Error      DF    t Value    Pr > |t|

  Intercept                16.3406      1.1287      25      14.48      <.0001
  gender        0           1.0321      1.4183      25       0.73      0.4735
  gender        1                0           .       .        .         .    
  age                       0.7844     0.09382      79       8.36      <.0001
  age*gender    0          -0.3048      0.1076      79      -2.83      0.0058
  age*gender    1                0           .       .        .         .    


                       Covariance Matrix for Fixed Effects
 
    Row  Effect      gender      Col1      Col2      Col3      Col4      Col5

      1  Intercept             1.2740   -1.2740            -0.09681   0.09681
      2  gender      0        -1.2740    2.0114             0.09681   -0.1272
      3  gender      1                                                       
      4  age                 -0.09681   0.09681            0.008801  -0.00880
      5  age*gender  0        0.09681   -0.1272            -0.00880   0.01157
      6  age*gender  1                                                       

                                   Covariance
                                   Matrix for
                                  Fixed Effects
 
                                  Row      Col6

                                    1          
                                    2          
                                    3          
                                    4          
                                    5          
                                    6          


                    FULL MODEL, ALTERNATIVE PARAMETERIZATION                  47

                              The Mixed Procedure

                         Type 3 Tests of Fixed Effects
 
                Num     Den
 Effect          DF      DF    Chi-Square    F Value      Pr > ChiSq    Pr > F

 gender           1      25          0.53       0.53          0.4668    0.4735
 age              1      79        138.11     138.11          <.0001    <.0001
 age*gender       1      79          8.03       8.03          0.0046    0.0058
