                    TRANSFORMED DATA -- 1 RECORD/INDIVIDUAL                    1

       Obs    gender    child     _NAME_     age1    age2    age3    age4

         1       0        1      distance    21.0    20.0    21.5    23.0
         2       0        2      distance    21.0    21.5    24.0    25.5
         3       0        3      distance    20.5    24.0    24.5    26.0
         4       0        4      distance    23.5    24.5    25.0    26.5
         5       0        5      distance    21.5    23.0    22.5    23.5
              SAMPLE COVARIANCE AND CORRELATION MATRICES BY GENDER             2

----------------------------------- gender=0 -----------------------------------

                               The CORR Procedure

               4  Variables:    age1     age2     age3     age4     


                           Covariance Matrix, DF = 10
 
                    age1              age2              age3              age4

  age1       4.513636364       3.354545455       4.331818182       4.356818182
  age2       3.354545455       3.618181818       4.027272727       4.077272727
  age3       4.331818182       4.027272727       5.590909091       5.465909091
  age4       4.356818182       4.077272727       5.465909091       5.940909091


                               Simple Statistics
 
 Variable         N        Mean     Std Dev         Sum     Minimum     Maximum

 age1            11    21.18182     2.12453   233.00000    16.50000    24.50000
 age2            11    22.22727     1.90215   244.50000    19.00000    25.00000
 age3            11    23.09091     2.36451   254.00000    19.00000    28.00000
 age4            11    24.09091     2.43740   265.00000    19.50000    28.00000


                   Pearson Correlation Coefficients, N = 11 
                           Prob > |r| under H0: Rho=0
 
                        age1          age2          age3          age4

          age1       1.00000       0.83009       0.86231       0.84136
                                    0.0016        0.0006        0.0012

          age2       0.83009       1.00000       0.89542       0.87942
                      0.0016                      0.0002        0.0004

          age3       0.86231       0.89542       1.00000       0.94841
                      0.0006        0.0002                      <.0001

          age4       0.84136       0.87942       0.94841       1.00000
                      0.0012        0.0004        <.0001              
              SAMPLE COVARIANCE AND CORRELATION MATRICES BY GENDER             3

----------------------------------- gender=1 -----------------------------------

                               The CORR Procedure

               4  Variables:    age1     age2     age3     age4     


                           Covariance Matrix, DF = 15
 
                    age1              age2              age3              age4

  age1       6.016666667       2.291666667       3.629166667       1.612500000
  age2       2.291666667       4.562500000       2.193750000       2.810416667
  age3       3.629166667       2.193750000       7.032291667       3.240625000
  age4       1.612500000       2.810416667       3.240625000       4.348958333


                               Simple Statistics
 
 Variable         N        Mean     Std Dev         Sum     Minimum     Maximum

 age1            16    22.87500     2.45289   366.00000    17.00000    27.50000
 age2            16    23.81250     2.13600   381.00000    20.50000    28.00000
 age3            16    25.71875     2.65185   411.50000    22.50000    31.00000
 age4            16    27.46875     2.08542   439.50000    25.00000    31.50000


                   Pearson Correlation Coefficients, N = 16 
                           Prob > |r| under H0: Rho=0
 
                        age1          age2          age3          age4

          age1       1.00000       0.43739       0.55793       0.31523
                                    0.0902        0.0247        0.2343

          age2       0.43739       1.00000       0.38729       0.63092
                      0.0902                      0.1383        0.0088

          age3       0.55793       0.38729       1.00000       0.58599
                      0.0247        0.1383                      0.0171

          age4       0.31523       0.63092       0.58599       1.00000
                      0.2343        0.0088        0.0171              
              SAMPLE COVARIANCE AND CORRELATION MATRICES BY GENDER             4

----------------------------------- gender=0 -----------------------------------

                              The STDIZE Procedure

                Location and Scale Measures
 
                Location = mean     Scale = standard deviation
 
                Name        Location           Scale           N

                age1       21.181818        2.124532          11
                age2       22.227273        1.902152          11
                age3       23.090909        2.364510          11
                age4       24.090909        2.437398          11
              SAMPLE COVARIANCE AND CORRELATION MATRICES BY GENDER             5

----------------------------------- gender=1 -----------------------------------

                              The STDIZE Procedure

                Location and Scale Measures
 
                Location = mean     Scale = standard deviation
 
                Name        Location           Scale           N

                age1       22.875000        2.452889          16
                age2       23.812500        2.136001          16
                age3       25.718750        2.651847          16
                age4       27.468750        2.085416          16
                       CENTERED AND SCALED DATA BY GENDER                      6

  Obs   gender   child    _NAME_     csage1     csage2     csage3     csage4

    1      0       1     distance   -0.08558   -1.17092   -0.67283   -0.44757
    2      0       2     distance   -0.08558   -0.38234    0.38447    0.57811
    3      0       3     distance   -0.32093    0.93196    0.59593    0.78325
         OBTAINING THE POOLED SAMPLE COVARIANCE MATRIX AND CORRELATION         7
                               USING PROC DISCRIM

                             The DISCRIM Procedure

         Total Sample Size       27          DF Total                26
         Variables                4          DF Within Classes       25
         Classes                  2          DF Between Classes       1


                   Number of Observations Read             27
                   Number of Observations Used             27


                            Class Level Information
 
             Variable                                                  Prior
   gender    Name        Frequency       Weight    Proportion    Probability

        0    _0                 11      11.0000      0.407407       0.500000
        1    _1                 16      16.0000      0.592593       0.500000
         OBTAINING THE POOLED SAMPLE COVARIANCE MATRIX AND CORRELATION         8
                               USING PROC DISCRIM

                             The DISCRIM Procedure

               Pooled Within-Class Covariance Matrix,     DF = 25
 
Variable              age1              age2              age3              age4

age1           5.415454545       2.716818182       3.910227273       2.710227273
age2           2.716818182       4.184772727       2.927159091       3.317159091
age3           3.910227273       2.927159091       6.455738636       4.130738636
age4           2.710227273       3.317159091       4.130738636       4.985738636
         OBTAINING THE POOLED SAMPLE COVARIANCE MATRIX AND CORRELATION         9
                               USING PROC DISCRIM

                             The DISCRIM Procedure

           Pooled Within-Class Correlation Coefficients  /  Pr > |r|
 
          Variable         age1         age2         age3         age4

          age1           1.0000       0.5707       0.6613       0.5216
                                      0.0023       0.0002       0.0063

          age2           0.5707       1.0000       0.5632       0.7262
                         0.0023                    0.0027       <.0001

          age3           0.6613       0.5632       1.0000       0.7281
                         0.0002       0.0027                    <.0001

          age4           0.5216       0.7262       0.7281       1.0000
                         0.0063       <.0001       <.0001             


                      Pooled Covariance Matrix Information
 
                                      Natural Log of the
                        Covariance    Determinant of the
                       Matrix Rank     Covariance Matrix

                                 4               4.38261
         OBTAINING THE POOLED SAMPLE COVARIANCE MATRIX AND CORRELATION        10
                               USING PROC DISCRIM

                             The DISCRIM Procedure

             Pairwise Generalized Squared Distances Between Groups

                        2         _   _       -1  _   _  
                       D (i|j) = (X - X )' COV   (X - X )
                                   i   j           i   j 


                     Generalized Squared Distance to gender
 
                  From gender             0             1

                            0             0       2.53240
                            1       2.53240             0

                          Linear Discriminant Function

                         _     -1 _                              -1 _ 
          Constant = -.5 X' COV   X      Coefficient Vector = COV   X 
                          j        j                                 j


                     Linear Discriminant Function for gender
 
                      Variable             0             1

                      Constant     -71.80267     -87.53893
                      age1           1.44007       1.52222
                      age2           2.46028       2.09476
                      age3           0.09689       0.01707
                      age4           2.33198       3.27415
         OBTAINING THE POOLED SAMPLE COVARIANCE MATRIX AND CORRELATION        11
                               USING PROC DISCRIM

                             The DISCRIM Procedure
            Classification Summary for Calibration Data: WORK.DENT2
           Resubstitution Summary using Linear Discriminant Function

                     Generalized Squared Distance Function

                           2         _       -1   _  
                          D (X) = (X-X )' COV  (X-X )
                           j          j            j 

               Posterior Probability of Membership in Each gender

                                    2                    2    
                 Pr(j|X) = exp(-.5 D (X)) / SUM exp(-.5 D (X))
                                    j        k           k    


           Number of Observations and Percent Classified into gender
 
            From gender            0            1        Total

                      0            8            3           11
                               72.73        27.27       100.00

                      1            4           12           16
                               25.00        75.00       100.00

                  Total           12           15           27
                               44.44        55.56       100.00

                 Priors          0.5          0.5             
                                                              

                        Error Count Estimates for gender
 
                                       0           1       Total

                Rate              0.2727      0.2500      0.2614
                Priors            0.5000      0.5000            
         OBTAINING THE POOLED SAMPLE COVARIANCE MATRIX AND CORRELATION        12
                                USING PROC MIXED

                              The Mixed Procedure

                               Model Information

             Data Set                     WORK.DENT1               
             Dependent Variable           distance                 
             Covariance Structure         Unstructured             
             Subject Effect               child                    
             Estimation Method            REML                     
             Residual Variance Method     None                     
             Fixed Effects SE Method      Model-Based              
             Degrees of Freedom Method    Between-Within           


                            Class Level Information
 
               Class     Levels    Values

               gender         2    0 1                           
               age            4    8 10 12 14                    
               child         27    1 2 3 4 5 6 7 8 9 10 11 12 13 
                                   14 15 16 17 18 19 20 21 22 23 
                                   24 25 26 27                   


                                  Dimensions

                      Covariance Parameters            10
                      Columns in X                     15
                      Columns in Z                      0
                      Subjects                         27
                      Max Obs per Subject               4


                            Number of Observations

                  Number of Observations Read             108
                  Number of Observations Used             108
                  Number of Observations Not Used           0


                               Iteration History
 
          Iteration    Evaluations    -2 Res Log Like       Criterion

                  0              1       470.49084642                
                  1              1       414.03480100      0.00000000


                           Convergence criteria met.                    


         OBTAINING THE POOLED SAMPLE COVARIANCE MATRIX AND CORRELATION        13
                                USING PROC MIXED

                              The Mixed Procedure

                         Estimated R Matrix for child 1
 
               Row        Col1        Col2        Col3        Col4

                 1      5.4155      2.7168      3.9102      2.7102
                 2      2.7168      4.1848      2.9272      3.3172
                 3      3.9102      2.9272      6.4557      4.1307
                 4      2.7102      3.3172      4.1307      4.9857


                   Estimated R Correlation Matrix for child 1
 
               Row        Col1        Col2        Col3        Col4

                 1      1.0000      0.5707      0.6613      0.5216
                 2      0.5707      1.0000      0.5632      0.7262
                 3      0.6613      0.5632      1.0000      0.7281
                 4      0.5216      0.7262      0.7281      1.0000


                        Covariance Parameter Estimates
 
                        Cov Parm    Subject    Estimate

                        UN(1,1)     child        5.4155
                        UN(2,1)     child        2.7168
                        UN(2,2)     child        4.1848
                        UN(3,1)     child        3.9102
                        UN(3,2)     child        2.9272
                        UN(3,3)     child        6.4557
                        UN(4,1)     child        2.7102
                        UN(4,2)     child        3.3172
                        UN(4,3)     child        4.1307
                        UN(4,4)     child        4.9857


                                Fit Statistics

                     -2 Res Log Likelihood           414.0
                     AIC (Smaller is Better)         434.0
                     AICC (Smaller is Better)        436.5
                     BIC (Smaller is Better)         447.0


                        Null Model Likelihood Ratio Test
 
                          DF    Chi-Square      Pr > ChiSq

                           9         56.46          <.0001


         OBTAINING THE POOLED SAMPLE COVARIANCE MATRIX AND CORRELATION        14
                                USING PROC MIXED

                              The Mixed Procedure

                         Type 3 Tests of Fixed Effects
 
                               Num     Den
                Effect          DF      DF    F Value    Pr > F

                gender           1      25       9.29    0.0054
                age              3      25      34.45    <.0001
                gender*age       3      25       2.93    0.0532
                       AUTOCORRELATION FUNCTION AT LAG 1                      15

           Obs    gender    child     _NAME_       pair1       pair2

             1       0        1      distance    -0.08558    -1.17092
             2       0        1      distance    -1.17092    -0.67283
             3       0        1      distance    -0.67283    -0.44757
             4       0        2      distance    -0.08558    -0.38234
             5       0        2      distance    -0.38234     0.38447
             6       0        2      distance     0.38447     0.57811
                       AUTOCORRELATION FUNCTION AT LAG 1                      16

----------------------------------- gender=0 -----------------------------------

                               The CORR Procedure

                        2  Variables:    pair1    pair2    


                               Simple Statistics
 
 Variable         N        Mean     Std Dev         Sum     Minimum     Maximum

 pair1           33           0     0.96825           0    -2.20369     2.07616
 pair2           33           0     0.96825           0    -1.88353     2.07616


                   Pearson Correlation Coefficients, N = 33 
                          Prob > |r| under H0: Rho=0
 
                                     pair1         pair2

                       pair1       1.00000       0.89130
                                                  <.0001

                       pair2       0.89130       1.00000
                                    <.0001              
                       AUTOCORRELATION FUNCTION AT LAG 1                      17

----------------------------------- gender=1 -----------------------------------

                               The CORR Procedure

                        2  Variables:    pair1    pair2    


                               Simple Statistics
 
 Variable         N        Mean     Std Dev         Sum     Minimum     Maximum

 pair1           48           0     0.97849           0    -2.39513     1.99154
 pair2           48           0     0.97849           0    -1.55080     1.99154


                   Pearson Correlation Coefficients, N = 48 
                          Prob > |r| under H0: Rho=0
 
                                     pair1         pair2

                       pair1       1.00000       0.47022
                                                  0.0007

                       pair2       0.47022       1.00000
                                    0.0007              
                       AUTOCORRELATION FUNCTION AT LAG 2                      18

           Obs    gender    child     _NAME_       pair1       pair2

             1       0        1      distance    -0.08558    -0.67283
             2       0        1      distance    -1.17092    -0.44757
             3       0        2      distance    -0.08558     0.38447
             4       0        2      distance    -0.38234     0.57811
             5       0        3      distance    -0.32093     0.59593
             6       0        3      distance     0.93196     0.78325
                       AUTOCORRELATION FUNCTION AT LAG 2                      19

----------------------------------- gender=0 -----------------------------------

                               The CORR Procedure

                        2  Variables:    pair1    pair2    


                               Simple Statistics
 
 Variable         N        Mean     Std Dev         Sum     Minimum     Maximum

 pair1           22           0     0.97590           0    -2.20369     1.56184
 pair2           22           0     0.97590           0    -1.88353     2.07616


                   Pearson Correlation Coefficients, N = 22 
                          Prob > |r| under H0: Rho=0
 
                                     pair1         pair2

                       pair1       1.00000       0.87087
                                                  <.0001

                       pair2       0.87087       1.00000
                                    <.0001              
                       AUTOCORRELATION FUNCTION AT LAG 2                      20

----------------------------------- gender=1 -----------------------------------

                               The CORR Procedure

                        2  Variables:    pair1    pair2    


                               Simple Statistics
 
 Variable         N        Mean     Std Dev         Sum     Minimum     Maximum

 pair1           32           0     0.98374           0    -2.39513     1.96044
 pair2           32           0     0.98374           0    -1.21378     1.99154


                   Pearson Correlation Coefficients, N = 32 
                          Prob > |r| under H0: Rho=0
 
                                     pair1         pair2

                       pair1       1.00000       0.59443
                                                  0.0003

                       pair2       0.59443       1.00000
                                    0.0003              
                       AUTOCORRELATION FUNCTION AT LAG 3                      21

           Obs    gender    child     _NAME_       pair1       pair2

             1       0        1      distance    -0.08558    -0.44757
             2       0        2      distance    -0.08558     0.57811
             3       0        3      distance    -0.32093     0.78325
             4       0        4      distance     1.09115     0.98839
             5       0        5      distance     0.14977    -0.24243
             6       0        6      distance    -0.55627    -0.65271
                       AUTOCORRELATION FUNCTION AT LAG 3                      22

----------------------------------- gender=0 -----------------------------------

                               The CORR Procedure

                        2  Variables:    pair1    pair2    


                               Simple Statistics
 
 Variable         N        Mean     Std Dev         Sum     Minimum     Maximum

 pair1           11           0     1.00000           0    -2.20369     1.56184
 pair2           11           0     1.00000           0    -1.88353     1.60380


                   Pearson Correlation Coefficients, N = 11 
                          Prob > |r| under H0: Rho=0
 
                                     pair1         pair2

                       pair1       1.00000       0.84136
                                                  0.0012

                       pair2       0.84136       1.00000
                                    0.0012              
                       AUTOCORRELATION FUNCTION AT LAG 3                      23

----------------------------------- gender=1 -----------------------------------

                               The CORR Procedure

                        2  Variables:    pair1    pair2    


                               Simple Statistics
 
 Variable         N        Mean     Std Dev         Sum     Minimum     Maximum

 pair1           16           0     1.00000           0    -2.39513     1.88553
 pair2           16           0     1.00000           0    -1.18382     1.93307


                   Pearson Correlation Coefficients, N = 16 
                          Prob > |r| under H0: Rho=0
 
                                     pair1         pair2

                       pair1       1.00000       0.31523
                                                  0.2343

                       pair2       0.31523       1.00000
                                    0.2343              
