                    FIT WITH UNSTRUCTURED COMMON COVARIANCE                    1

                              The Mixed Procedure

                               Model Information

             Data Set                     WORK.HIPS                
             Dependent Variable           h                        
             Covariance Structure         Unstructured             
             Subject Effect               patient                  
             Estimation Method            ML                       
             Residual Variance Method     None                     
             Fixed Effects SE Method      Model-Based              
             Degrees of Freedom Method    Between-Within           


                            Class Level Information
 
              Class      Levels    Values

              patient        30    1 2 3 4 5 6 7 8 9 10 11 12 13 
                                   14 15 16 17 18 19 20 21 22 23 
                                   24 25 26 27 28 29 30          
              time            4    0 1 2 3                       
              gender          2    0 1                           


                                  Dimensions

                      Covariance Parameters            10
                      Columns in X                      6
                      Columns in Z                      0
                      Subjects                         30
                      Max Obs per Subject               4


                            Number of Observations

                  Number of Observations Read              99
                  Number of Observations Used              99
                  Number of Observations Not Used           0


                               Iteration History
 
          Iteration    Evaluations        -2 Log Like       Criterion

                  0              1       561.56259498                
                  1              3       551.50548627      0.00114666
                  2              1       550.63882392      0.01637000
                  3              1       546.73372720      0.00922804
                  4              1       544.55162396      0.00522365
                  5              1       543.33160760      0.00262650
                  6              1       542.72822968      0.00108937
                  7              1       542.48399884      0.00031416
                  8              1       542.41687079      0.00004237
                  9              1       542.40850839      0.00000112
                 10              1       542.40830312      0.00000000
                    FIT WITH UNSTRUCTURED COMMON COVARIANCE                    2

                              The Mixed Procedure

                           Convergence criteria met.                    


                        Estimated R Matrix for patient 1
 
                     Row        Col1        Col2        Col3

                       1     16.2697      4.1048      3.9586
                       2      4.1048     15.4791     -0.1339
                       3      3.9586     -0.1339     17.5666


                             Estimated R Correlation
                              Matrix for patient 1
 
                     Row        Col1        Col2        Col3

                       1      1.0000      0.2587      0.2342
                       2      0.2587      1.0000    -0.00812
                       3      0.2342    -0.00812      1.0000


                        Estimated R Matrix for patient 10
 
               Row        Col1        Col2        Col3        Col4

                 1     16.2697      4.1048    -14.1890      3.9586
                 2      4.1048     15.4791     -0.5123     -0.1339
                 3    -14.1890     -0.5123     70.7918     25.6503
                 4      3.9586     -0.1339     25.6503     17.5666


                  Estimated R Correlation Matrix for patient 10
 
               Row        Col1        Col2        Col3        Col4

                 1      1.0000      0.2587     -0.4181      0.2342
                 2      0.2587      1.0000    -0.01548    -0.00812
                 3     -0.4181    -0.01548      1.0000      0.7274
                 4      0.2342    -0.00812      0.7274      1.0000


                               Estimated R Matrix
                                 for patient 15
 
                           Row        Col1        Col2

                             1     15.4791     -0.1339
                             2     -0.1339     17.5666


                    FIT WITH UNSTRUCTURED COMMON COVARIANCE                    3

                              The Mixed Procedure

                             Estimated R Correlation
                              Matrix for patient 15
 
                           Row        Col1        Col2

                             1      1.0000    -0.00812
                             2    -0.00812      1.0000


                        Covariance Parameter Estimates
 
                        Cov Parm    Subject    Estimate

                        UN(1,1)     patient     16.2697
                        UN(2,1)     patient      4.1048
                        UN(2,2)     patient     15.4791
                        UN(3,1)     patient    -14.1890
                        UN(3,2)     patient     -0.5123
                        UN(3,3)     patient     70.7918
                        UN(4,1)     patient      3.9586
                        UN(4,2)     patient     -0.1339
                        UN(4,3)     patient     25.6503
                        UN(4,4)     patient     17.5666


                                Fit Statistics

                     -2 Log Likelihood               542.4
                     AIC (Smaller is Better)         574.4
                     AICC (Smaller is Better)        581.0
                     BIC (Smaller is Better)         596.8


                        Null Model Likelihood Ratio Test
 
                          DF    Chi-Square      Pr > ChiSq

                           9         19.15          0.0239


                          Solution for Fixed Effects
 
                                       Standard
 Effect          gender    Estimate       Error      DF    t Value    Pr > |t|

 gender          0          39.2553      0.9036      28      43.44      <.0001
 gender          1          42.7034      1.0240      28      41.70      <.0001
 week*gender     0         -11.1793      1.7294      28      -6.46      <.0001
 week*gender     1         -15.8286      1.9429      28      -8.15      <.0001
 week2*gender    0           2.8691      0.5357      28       5.36      <.0001
 week2*gender    1           4.2269      0.6048      28       6.99      <.0001
                    FIT WITH UNSTRUCTURED COMMON COVARIANCE                    4

                              The Mixed Procedure

                         Type 3 Tests of Fixed Effects
 
                 Num     Den
Effect            DF      DF    Chi-Square    F Value      Pr > ChiSq    Pr > F

gender             2      28       3626.32    1813.16          <.0001    <.0001
week*gender        2      28        108.16      54.08          <.0001    <.0001
week2*gender       2      28         77.52      38.76          <.0001    <.0001
                       FIT WITH COMMON COMPOUND SYMMETRY                       5

                              The Mixed Procedure

                               Model Information

             Data Set                     WORK.HIPS                
             Dependent Variable           h                        
             Covariance Structure         Compound Symmetry        
             Subject Effect               patient                  
             Estimation Method            ML                       
             Residual Variance Method     Profile                  
             Fixed Effects SE Method      Model-Based              
             Degrees of Freedom Method    Between-Within           


                            Class Level Information
 
              Class      Levels    Values

              patient        30    1 2 3 4 5 6 7 8 9 10 11 12 13 
                                   14 15 16 17 18 19 20 21 22 23 
                                   24 25 26 27 28 29 30          
              time            4    0 1 2 3                       
              gender          2    0 1                           


                                  Dimensions

                      Covariance Parameters             2
                      Columns in X                      6
                      Columns in Z                      0
                      Subjects                         30
                      Max Obs per Subject               4


                            Number of Observations

                  Number of Observations Read              99
                  Number of Observations Used              99
                  Number of Observations Not Used           0


                               Iteration History
 
          Iteration    Evaluations        -2 Log Like       Criterion

                  0              1       561.56259498                
                  1              2       557.42415524      0.00000020
                  2              1       557.42411748      0.00000000


                           Convergence criteria met.                    


                       FIT WITH COMMON COMPOUND SYMMETRY                       6

                              The Mixed Procedure

                        Estimated R Matrix for patient 1
 
                     Row        Col1        Col2        Col3

                       1     16.9852      3.3039      3.3039
                       2      3.3039     16.9852      3.3039
                       3      3.3039      3.3039     16.9852


                             Estimated R Correlation
                              Matrix for patient 1
 
                     Row        Col1        Col2        Col3

                       1      1.0000      0.1945      0.1945
                       2      0.1945      1.0000      0.1945
                       3      0.1945      0.1945      1.0000


                        Estimated R Matrix for patient 10
 
               Row        Col1        Col2        Col3        Col4

                 1     16.9852      3.3039      3.3039      3.3039
                 2      3.3039     16.9852      3.3039      3.3039
                 3      3.3039      3.3039     16.9852      3.3039
                 4      3.3039      3.3039      3.3039     16.9852


                  Estimated R Correlation Matrix for patient 10
 
               Row        Col1        Col2        Col3        Col4

                 1      1.0000      0.1945      0.1945      0.1945
                 2      0.1945      1.0000      0.1945      0.1945
                 3      0.1945      0.1945      1.0000      0.1945
                 4      0.1945      0.1945      0.1945      1.0000


                               Estimated R Matrix
                                 for patient 15
 
                           Row        Col1        Col2

                             1     16.9852      3.3039
                             2      3.3039     16.9852


                             Estimated R Correlation
                              Matrix for patient 15
 
                           Row        Col1        Col2

                             1      1.0000      0.1945
                             2      0.1945      1.0000
                       FIT WITH COMMON COMPOUND SYMMETRY                       7

                              The Mixed Procedure

                         Covariance Parameter Estimates
 
                        Cov Parm     Subject    Estimate

                        CS           patient      3.3039
                        Residual                 13.6812


                                Fit Statistics

                     -2 Log Likelihood               557.4
                     AIC (Smaller is Better)         573.4
                     AICC (Smaller is Better)        575.0
                     BIC (Smaller is Better)         584.6


                        Null Model Likelihood Ratio Test
 
                          DF    Chi-Square      Pr > ChiSq

                           1          4.14          0.0419


                          Solution for Fixed Effects
 
                                       Standard
 Effect          gender    Estimate       Error      DF    t Value    Pr > |t|

 gender          0          38.2917      1.0146      28      37.74      <.0001
 gender          1          42.1856      1.1323      28      37.26      <.0001
 week*gender     0          -9.6739      1.6090      65      -6.01      <.0001
 week*gender     1         -14.2455      1.8681      65      -7.63      <.0001
 week2*gender    0           2.6079      0.5026      65       5.19      <.0001
 week2*gender    1           3.8339      0.5874      65       6.53      <.0001


                         Type 3 Tests of Fixed Effects
 
                 Num     Den
Effect            DF      DF    Chi-Square    F Value      Pr > ChiSq    Pr > F

gender             2      28       2812.28    1406.14          <.0001    <.0001
week*gender        2      65         94.30      47.15          <.0001    <.0001
week2*gender       2      65         69.53      34.76          <.0001    <.0001
                        FIT WITH COMMON AR(1) STRUCTURE                        8

                              The Mixed Procedure

                               Model Information

             Data Set                     WORK.HIPS                
             Dependent Variable           h                        
             Covariance Structure         Autoregressive           
             Subject Effect               patient                  
             Estimation Method            ML                       
             Residual Variance Method     Profile                  
             Fixed Effects SE Method      Model-Based              
             Degrees of Freedom Method    Between-Within           


                            Class Level Information
 
              Class      Levels    Values

              patient        30    1 2 3 4 5 6 7 8 9 10 11 12 13 
                                   14 15 16 17 18 19 20 21 22 23 
                                   24 25 26 27 28 29 30          
              time            4    0 1 2 3                       
              gender          2    0 1                           


                                  Dimensions

                      Covariance Parameters             2
                      Columns in X                      6
                      Columns in Z                      0
                      Subjects                         30
                      Max Obs per Subject               4


                            Number of Observations

                  Number of Observations Read              99
                  Number of Observations Used              99
                  Number of Observations Not Used           0


                               Iteration History
 
          Iteration    Evaluations        -2 Log Like       Criterion

                  0              1       561.56259498                
                  1              2       557.37157783      0.00000000


                           Convergence criteria met.                    


                        FIT WITH COMMON AR(1) STRUCTURE                        9

                              The Mixed Procedure

                        Estimated R Matrix for patient 1
 
                     Row        Col1        Col2        Col3

                       1     17.0012      4.6536      0.3487
                       2      4.6536     17.0012      1.2738
                       3      0.3487      1.2738     17.0012


                             Estimated R Correlation
                              Matrix for patient 1
 
                     Row        Col1        Col2        Col3

                       1      1.0000      0.2737     0.02051
                       2      0.2737      1.0000     0.07492
                       3     0.02051     0.07492      1.0000


                        Estimated R Matrix for patient 10
 
               Row        Col1        Col2        Col3        Col4

                 1     17.0012      4.6536      1.2738      0.3487
                 2      4.6536     17.0012      4.6536      1.2738
                 3      1.2738      4.6536     17.0012      4.6536
                 4      0.3487      1.2738      4.6536     17.0012


                  Estimated R Correlation Matrix for patient 10
 
               Row        Col1        Col2        Col3        Col4

                 1      1.0000      0.2737     0.07492     0.02051
                 2      0.2737      1.0000      0.2737     0.07492
                 3     0.07492      0.2737      1.0000      0.2737
                 4     0.02051     0.07492      0.2737      1.0000


                               Estimated R Matrix
                                 for patient 15
 
                           Row        Col1        Col2

                             1     17.0012      1.2738
                             2      1.2738     17.0012


                             Estimated R Correlation
                              Matrix for patient 15
 
                           Row        Col1        Col2

                             1      1.0000     0.07492
                             2     0.07492      1.0000
                        FIT WITH COMMON AR(1) STRUCTURE                       10

                              The Mixed Procedure

                         Covariance Parameter Estimates
 
                        Cov Parm     Subject    Estimate

                        AR(1)        patient      0.2737
                        Residual                 17.0012


                                Fit Statistics

                     -2 Log Likelihood               557.4
                     AIC (Smaller is Better)         573.4
                     AICC (Smaller is Better)        575.0
                     BIC (Smaller is Better)         584.6


                        Null Model Likelihood Ratio Test
 
                          DF    Chi-Square      Pr > ChiSq

                           1          4.19          0.0406


                          Solution for Fixed Effects
 
                                       Standard
 Effect          gender    Estimate       Error      DF    t Value    Pr > |t|

 gender          0          38.4021      1.0246      28      37.48      <.0001
 gender          1          42.3319      1.1408      28      37.11      <.0001
 week*gender     0          -9.8772      1.5880      65      -6.22      <.0001
 week*gender     1         -14.5743      1.8251      65      -7.99      <.0001
 week2*gender    0           2.6483      0.4954      65       5.35      <.0001
 week2*gender    1           3.9084      0.5753      65       6.79      <.0001


                         Type 3 Tests of Fixed Effects
 
                 Num     Den
Effect            DF      DF    Chi-Square    F Value      Pr > ChiSq    Pr > F

gender             2      28       2781.86    1390.93          <.0001    <.0001
week*gender        2      65        102.45      51.23          <.0001    <.0001
week2*gender       2      65         74.74      37.37          <.0001    <.0001
                    FIT WITH COMMON ONE-DEPENDENT STRUCTURE                   11

                              The Mixed Procedure

                               Model Information

             Data Set                     WORK.HIPS                
             Dependent Variable           h                        
             Covariance Structure         Banded Toeplitz          
             Subject Effect               patient                  
             Estimation Method            ML                       
             Residual Variance Method     Profile                  
             Fixed Effects SE Method      Model-Based              
             Degrees of Freedom Method    Between-Within           


                            Class Level Information
 
              Class      Levels    Values

              patient        30    1 2 3 4 5 6 7 8 9 10 11 12 13 
                                   14 15 16 17 18 19 20 21 22 23 
                                   24 25 26 27 28 29 30          
              time            4    0 1 2 3                       
              gender          2    0 1                           


                                  Dimensions

                      Covariance Parameters             2
                      Columns in X                      6
                      Columns in Z                      0
                      Subjects                         30
                      Max Obs per Subject               4


                            Number of Observations

                  Number of Observations Read              99
                  Number of Observations Used              99
                  Number of Observations Not Used           0


                               Iteration History
 
          Iteration    Evaluations        -2 Log Like       Criterion

                  0              1       561.56259498                
                  1              2       557.02014381      0.00000128
                  2              1       557.01990289      0.00000000


                           Convergence criteria met.                    


                    FIT WITH COMMON ONE-DEPENDENT STRUCTURE                   12

                              The Mixed Procedure

                        Estimated R Matrix for patient 1
 
                     Row        Col1        Col2        Col3

                       1     17.1656      5.3037            
                       2      5.3037     17.1656            
                       3                             17.1656


                             Estimated R Correlation
                              Matrix for patient 1
 
                     Row        Col1        Col2        Col3

                       1      1.0000      0.3090            
                       2      0.3090      1.0000            
                       3                              1.0000


                        Estimated R Matrix for patient 10
 
               Row        Col1        Col2        Col3        Col4

                 1     17.1656      5.3037                        
                 2      5.3037     17.1656      5.3037            
                 3                  5.3037     17.1656      5.3037
                 4                              5.3037     17.1656


                  Estimated R Correlation Matrix for patient 10
 
               Row        Col1        Col2        Col3        Col4

                 1      1.0000      0.3090                        
                 2      0.3090      1.0000      0.3090            
                 3                  0.3090      1.0000      0.3090
                 4                              0.3090      1.0000


                               Estimated R Matrix
                                 for patient 15
 
                           Row        Col1        Col2

                             1     17.1656            
                             2                 17.1656


                             Estimated R Correlation
                              Matrix for patient 15
 
                           Row        Col1        Col2

                             1      1.0000            
                             2                  1.0000
                    FIT WITH COMMON ONE-DEPENDENT STRUCTURE                   13

                              The Mixed Procedure

                         Covariance Parameter Estimates
 
                        Cov Parm     Subject    Estimate

                        TOEP(2)      patient      5.3037
                        Residual                 17.1656


                                Fit Statistics

                     -2 Log Likelihood               557.0
                     AIC (Smaller is Better)         573.0
                     AICC (Smaller is Better)        574.6
                     BIC (Smaller is Better)         584.2


                        Null Model Likelihood Ratio Test
 
                          DF    Chi-Square      Pr > ChiSq

                           1          4.54          0.0331


                          Solution for Fixed Effects
 
                                       Standard
 Effect          gender    Estimate       Error      DF    t Value    Pr > |t|

 gender          0          38.5322      1.0326      28      37.32      <.0001
 gender          1          42.4540      1.1490      28      36.95      <.0001
 week*gender     0         -10.0405      1.6052      65      -6.25      <.0001
 week*gender     1         -14.7889      1.8332      65      -8.07      <.0001
 week2*gender    0           2.6739      0.5055      65       5.29      <.0001
 week2*gender    1           3.9514      0.5843      65       6.76      <.0001


 
 
                       Covariance Matrix for Fixed Effects
 
   Row  Effect        gender      Col1      Col2      Col3      Col4      Col5

     1  gender        0         1.0662             -0.9395              0.1948
     2  gender        1                   1.3202             -1.1388          

                                   Covariance
                                   Matrix for
                                  Fixed Effects
 
                                  Row      Col6

                                    1          
                                    2    0.2330
                    FIT WITH COMMON ONE-DEPENDENT STRUCTURE                   14

                              The Mixed Procedure

 
 
                       Covariance Matrix for Fixed Effects
 
   Row  Effect        gender      Col1      Col2      Col3      Col4      Col5

     3  week*gender   0        -0.9395              2.5768             -0.7743
     4  week*gender   1                  -1.1388              3.3604          
     5  week2*gender  0         0.1948             -0.7743              0.2555
     6  week2*gender  1                   0.2330             -1.0213          

                                   Covariance
                                   Matrix for
                                  Fixed Effects
 
                                  Row      Col6

                                    3          
                                    4   -1.0213
                                    5          
                                    6    0.3414


                         Type 3 Tests of Fixed Effects
 
                 Num     Den
Effect            DF      DF    Chi-Square    F Value      Pr > ChiSq    Pr > F

gender             2      28       2757.74    1378.87          <.0001    <.0001
week*gender        2      65        104.21      52.10          <.0001    <.0001
week2*gender       2      65         73.71      36.86          <.0001    <.0001
                    FIT WITH COMMON ONE-DEPENDENT STRUCTURE                   15

                              The Mixed Procedure

                               Model Information

             Data Set                     WORK.HIPS                
             Dependent Variable           h                        
             Covariance Structure         Banded Toeplitz          
             Subject Effect               patient                  
             Estimation Method            ML                       
             Residual Variance Method     Profile                  
             Fixed Effects SE Method      Model-Based              
             Degrees of Freedom Method    Between-Within           


                            Class Level Information
 
              Class      Levels    Values

              patient        30    1 2 3 4 5 6 7 8 9 10 11 12 13 
                                   14 15 16 17 18 19 20 21 22 23 
                                   24 25 26 27 28 29 30          
              time            4    0 1 2 3                       
              gender          2    0 1                           


                                  Dimensions

                      Covariance Parameters             2
                      Columns in X                      8
                      Columns in Z                      0
                      Subjects                         30
                      Max Obs per Subject               4


                            Number of Observations

                  Number of Observations Read              99
                  Number of Observations Used              99
                  Number of Observations Not Used           0


                               Iteration History
 
          Iteration    Evaluations        -2 Log Like       Criterion

                  0              1       560.94825153                
                  1              2       556.56682897      0.00000044
                  2              1       556.56674685      0.00000000


                           Convergence criteria met.                    


                    FIT WITH COMMON ONE-DEPENDENT STRUCTURE                   16

                              The Mixed Procedure

                        Estimated R Matrix for patient 1
 
                     Row        Col1        Col2        Col3

                       1     17.0342      5.1250            
                       2      5.1250     17.0342            
                       3                             17.0342


                             Estimated R Correlation
                              Matrix for patient 1
 
                     Row        Col1        Col2        Col3

                       1      1.0000      0.3009            
                       2      0.3009      1.0000            
                       3                              1.0000


                        Estimated R Matrix for patient 10
 
               Row        Col1        Col2        Col3        Col4

                 1     17.0342      5.1250                        
                 2      5.1250     17.0342      5.1250            
                 3                  5.1250     17.0342      5.1250
                 4                              5.1250     17.0342


                  Estimated R Correlation Matrix for patient 10
 
               Row        Col1        Col2        Col3        Col4

                 1      1.0000      0.3009                        
                 2      0.3009      1.0000      0.3009            
                 3                  0.3009      1.0000      0.3009
                 4                              0.3009      1.0000


                               Estimated R Matrix
                                 for patient 15
 
                           Row        Col1        Col2

                             1     17.0342            
                             2                 17.0342


                             Estimated R Correlation
                              Matrix for patient 15
 
                           Row        Col1        Col2

                             1      1.0000            
                             2                  1.0000
                    FIT WITH COMMON ONE-DEPENDENT STRUCTURE                   17

                              The Mixed Procedure

                         Covariance Parameter Estimates
 
                        Cov Parm     Subject    Estimate

                        TOEP(2)      patient      5.1250
                        Residual                 17.0342


                                Fit Statistics

                     -2 Log Likelihood               556.6
                     AIC (Smaller is Better)         576.6
                     AICC (Smaller is Better)        579.1
                     BIC (Smaller is Better)         590.6


                        Null Model Likelihood Ratio Test
 
                          DF    Chi-Square      Pr > ChiSq

                           1          4.38          0.0363


                          Solution for Fixed Effects
 
                                       Standard
 Effect          gender    Estimate       Error      DF    t Value    Pr > |t|

 gender          0          36.1945      4.1784      28       8.66      <.0001
 gender          1          40.2906      6.1323      28       6.57      <.0001
 age*gender      0          0.03457     0.06014      63       0.57      0.5675
 age*gender      1          0.03302     0.09238      63       0.36      0.7219
 week*gender     0          -9.9483      1.6108      63      -6.18      <.0001
 week*gender     1         -14.7835      1.8341      63      -8.06      <.0001
 week2*gender    0           2.6539      0.5061      63       5.24      <.0001
 week2*gender    1           3.9511      0.5842      63       6.76      <.0001


                       Covariance Matrix for Fixed Effects
 
   Row  Effect        gender      Col1      Col2      Col3      Col4      Col5

     1  gender        0        17.4594             -0.2436             -1.4939
     2  gender        1                  37.6052             -0.5565          
     3  age*gender    0        -0.2436            0.003617            0.008205

                       Covariance Matrix for Fixed Effects
 
                      Row      Col6        Col7        Col8

                        1                0.3210            
                        2   -0.9592                  0.1873
                        3              -0.00185            
                    FIT WITH COMMON ONE-DEPENDENT STRUCTURE                   18

                              The Mixed Procedure

                       Covariance Matrix for Fixed Effects
 
   Row  Effect        gender      Col1      Col2      Col3      Col4      Col5

     4  age*gender    1                  -0.5565            0.008533          
     5  week*gender   0        -1.4939            0.008205              2.5946
     6  week*gender   1                  -0.9592            -0.00281          
     7  week2*gender  0         0.3210            -0.00185             -0.7783
     8  week2*gender  1                   0.1873            0.000737          

                       Covariance Matrix for Fixed Effects
 
                      Row      Col6        Col7        Col8

                        4  -0.00281                0.000737
                        5               -0.7783            
                        6    3.3640                 -1.0222
                        7                0.2562            
                        8   -1.0222                  0.3413


                         Type 3 Tests of Fixed Effects
 
                 Num     Den
Effect            DF      DF    Chi-Square    F Value      Pr > ChiSq    Pr > F

gender             2      28        118.20      59.10          <.0001    <.0001
age*gender         2      63          0.46       0.23          0.7953    0.7959
week*gender        2      63        103.11      51.56          <.0001    <.0001
week2*gender       2      63         73.23      36.61          <.0001    <.0001


                                   Estimates
 
                                    Standard
    Label               Estimate       Error      DF    t Value    Pr > |t|

    f, 65 yo, wk 2.5     30.1576      0.8279      63      36.43      <.0001


                                   Contrasts
 
                      Num    Den
Label                  DF     DF   Chi-Square   F Value     Pr > ChiSq   Pr > F

f vs m 65 yo, wk 3      1     63         0.56      0.56         0.4544   0.4572
