                 GLS ALGORITHM APPLIED TO THE INDOMETHACIN DATA                1

  Obs    pred1     b1_new    b2_new    b3_new     b4_new     sigma1     delta1

   1    2.03282   1.27147   1.04077   -1.23272   -1.50684   0.067932   0.69275
                 GLS ALGORITHM APPLIED TO THE INDOMETHACIN DATA                2

  Obs    pred1     b1_new    b2_new    b3_new     b4_new     sigma1    delta1

   1    2.01477   1.24128   0.97256   -1.43246   -1.74779   0.11240   0.81920
                 GLS ALGORITHM APPLIED TO THE INDOMETHACIN DATA                3

  Obs    pred1     b1_new    b2_new    b3_new     b4_new     sigma1    delta1

   1    2.01015   1.23673   0.97036   -1.42826   -1.74176   0.13147   0.81882
                 GLS ALGORITHM APPLIED TO THE INDOMETHACIN DATA                4

  Obs    pred1     b1_new    b2_new    b3_new     b4_new     sigma1    delta1

   1    2.01007   1.23659   0.97009   -1.42895   -1.74255   0.13133   0.81892
                 GLS ALGORITHM APPLIED TO THE INDOMETHACIN DATA                5

  Obs    pred1     b1_new    b2_new    b3_new     b4_new     sigma1    delta1

   1    2.01006   1.23658   0.97009   -1.42891   -1.74249   0.13135   0.81891
                 GLS ALGORITHM APPLIED TO THE INDOMETHACIN DATA                6

  Obs    pred1     b1_new    b2_new    b3_new     b4_new     sigma1    delta1

   1    2.01006   1.23658   0.97009   -1.42891   -1.74249   0.13134   0.81891
                 GLS ALGORITHM APPLIED TO THE INDOMETHACIN DATA                7

  Obs    pred1     b1_new    b2_new    b3_new     b4_new     sigma1    delta1

   1    2.01006   1.23658   0.97009   -1.42891   -1.74249   0.13134   0.81891
                 GLS ALGORITHM APPLIED TO THE INDOMETHACIN DATA                8

  Obs    pred1     b1_new    b2_new    b3_new     b4_new     sigma1    delta1

   1    2.01006   1.23658   0.97009   -1.42891   -1.74249   0.13134   0.81891
                 GLS ALGORITHM APPLIED TO THE INDOMETHACIN DATA                9

  Obs    pred1     b1_new    b2_new    b3_new     b4_new     sigma1    delta1

   1    2.01006   1.23658   0.97009   -1.42891   -1.74249   0.13134   0.81891
                 GLS ALGORITHM APPLIED TO THE INDOMETHACIN DATA               10

  Obs    pred1     b1_new    b2_new    b3_new     b4_new     sigma1    delta1

   1    2.01006   1.23658   0.97009   -1.42891   -1.74249   0.13134   0.81891
                 GLS ALGORITHM APPLIED TO THE INDOMETHACIN DATA               11

                               The NLIN Procedure
                            Dependent Variable conc
                              Method: Gauss-Newton

                                Iterative Phase
                                                                Weighted
        Iter          b1          b2          b3          b4          SS

           0      1.2366      0.9701     -1.4289     -1.7425      0.1208


        NOTE: Convergence criterion met.                                


                               Estimation Summary

                      Method                  Gauss-Newton
                      Iterations                         0
                      R                           2.549E-6
                      PPC(b4)                     7.078E-7
                      RPC                                .
                      Object                             .
                      Objective                   0.120759
                      Observations Read                 11
                      Observations Used                 11
                      Observations Missing               0


              NOTE: An intercept was not specified for this model.

                                     Sum of        Mean               Approx
   Source                    DF     Squares      Square    F Value    Pr > F

   Model                      4      7.3194      1.8298     106.07    <.0001
   Error                      7      0.1208      0.0173                     
   Uncorrected Total         11      7.4401                                 


                                        Approx      Approximate 95% Confidence
          Parameter      Estimate    Std Error                Limits

          b1               1.2366       0.1768      0.8184      1.6548
          b2               0.9701       0.1379      0.6440      1.2962
          b3              -1.4289       0.2322     -1.9779     -0.8799
          b4              -1.7425       0.2632     -2.3648     -1.1202


                 GLS ALGORITHM APPLIED TO THE INDOMETHACIN DATA               12

                               The NLIN Procedure

                         Approximate Correlation Matrix
                       b1              b2              b3              b4

       b1       1.0000000       0.8246022       0.2715809       0.2276416
       b2       0.8246022       1.0000000       0.6209805       0.5451138
       b3       0.2715809       0.6209805       1.0000000       0.9316278
       b4       0.2276416       0.5451138       0.9316278       1.0000000
                 GLS ALGORITHM APPLIED TO THE INDOMETHACIN DATA               13

                               The NLIN Procedure
                            Dependent Variable dummy

                                   Grid Search
                                            Sum of
                                 delta     Squares

                                     0      0.0335
                                0.0500      0.0303
                                0.1000      0.0276
                                0.1500      0.0252
                                0.2000      0.0231
                                0.2500      0.0213
                                0.3000      0.0198
                                0.3500      0.0184
                                0.4000      0.0173
                                0.4500      0.0163
                                0.5000      0.0155
                                0.5500      0.0148
                                0.6000      0.0142
                                0.6500      0.0138
                                0.7000      0.0135
                                0.7500      0.0133
                                0.8000      0.0132
                                0.8500      0.0132
                                0.9000      0.0133
                                0.9500      0.0136
                                1.0000      0.0139
                                1.0500      0.0143
                                1.1000      0.0148
                                1.1500      0.0154
                                1.2000      0.0162
                                1.2500      0.0170
                                1.3000      0.0180
                                1.3500      0.0191
                                1.4000      0.0204
                                1.4500      0.0218
                                1.5000      0.0234
                 GLS ALGORITHM APPLIED TO THE INDOMETHACIN DATA               14

                               The NLIN Procedure
                            Dependent Variable dummy
                              Method: Gauss-Newton

                                Iterative Phase
                                                Sum of
                          Iter       delta     Squares

                             0      0.8000      0.0132
                             1      0.8377      0.0132
                             2      0.8189      0.0132
                             3      0.8190      0.0132
                             4      0.8189      0.0132
                             5      0.8190      0.0132
                             6      0.8189      0.0132
                             7      0.8190      0.0132
                             8      0.8189      0.0132
                             9      0.8190      0.0132
                            10      0.8189      0.0132


        NOTE: Convergence criterion met but a note in the log indicates 
        a possible problem with the model.                              


                              Estimation Summary

                     Method                   Gauss-Newton
                     Iterations                         10
                     Subiterations                       2
                     Average Subiterations             0.2
                     R                            3.22E-10
                     PPC                           4.5E-10
                     RPC(delta)                    0.00009
                     Object                       2.083E-9
                     Objective                    0.013216
                     Observations Read                  11
                     Observations Used                  11
                     Observations Missing                0


              NOTE: An intercept was not specified for this model.

                                     Sum of        Mean               Approx
   Source                    DF     Squares      Square    F Value    Pr > F

   Model                      1     -0.0132     -0.0132     -10.00     .    
   Error                     10      0.0132     0.00132                     
   Uncorrected Total         11           0                                 
                 GLS ALGORITHM APPLIED TO THE INDOMETHACIN DATA               15

                               The NLIN Procedure

                                        Approx      Approximate 95% Confidence
          Parameter      Estimate    Std Error                Limits

          delta            0.8189       0.3620      0.0122      1.6256


                                  Approximate
                              Correlation Matrix
                                             delta

                             delta       1.0000000
                 GLS ALGORITHM APPLIED TO THE INDOMETHACIN DATA               16

  Obs    pred1     b1_new    b2_new    b3_new     b4_new     sigma1    delta1

   1    2.01006   1.23658   0.97009   -1.42891   -1.74249   0.13134   0.81891
                 GLS ALGORITHM APPLIED TO THE INDOMETHACIN DATA               17
                            Final estimate of sigma

                                 Obs     sigma

                                  1     0.13134
