1                                                          The SAS System                               08:51 Tuesday, March 1, 2016

NOTE: Copyright (c) 2002-2012 by SAS Institute Inc., Cary, NC, USA. 
NOTE: SAS (r) Proprietary Software 9.4 (TS1M2) 
      Licensed to NORTH CAROLINA STATE UNIVERSITY-SFA-T&R, Site 70081220.
NOTE: This session is executing on the Linux 2.6.32-573.7.1.el6.x86_64 (LIN X64) platform.



NOTE: Updated analytical products:
      
      SAS/STAT 13.2
      SAS/ETS 13.2
      SAS/OR 13.2
      SAS/IML 13.2

NOTE: Additional host information:

 Linux LIN X64 2.6.32-573.7.1.el6.x86_64 #1 SMP Tue Sep 22 22:00:00 UTC 2015 x86_64 CentOS release 6.7 (Final) 

You are running SAS 9. Some SAS 8 files will be automatically converted 
by the V9 engine; others are incompatible.  Please see 
http://support.sas.com/rnd/migration/planning/platform/64bit.html

PROC MIGRATE will preserve current SAS file attributes and is 
recommended for converting all your SAS libraries from any 
SAS 8 release to SAS 9.  For details and examples, please see
http://support.sas.com/rnd/migration/index.html


This message is contained in the SAS news file, and is presented upon
initialization.  Edit the file "news" in the "misc/base" directory to
display site-specific news and information in the program log.
The command line option "-nonews" will prevent this display.




NOTE: SAS initialization used:
      real time           0.14 seconds
      cpu time            0.02 seconds
      
1          /**************************************************************************
2          *                                                                         *
3          *  GLS analysis of the indomethacin PK data for a single subject          *
4          *  with variance = 2 times a power delta of the mean.                     *
5          *                                                                         *
6          *  Here, define a SAS macro to perform the GLS iterative algorithm.       *
7          *                                                                         *
8          *  SAS evidently does not have a procedure that allows the variance to    *
9          *  function to include an unknown parameter; thus, we implement the       *
10         *  algorithm manually. We start from the OLS estimate and form fixed      *
11         *  weights at each iteration, holding the current estimate of beta        *
12         *  and that of delta fixed to form the weights (variation on step 2)      *
13         *                                                                         *
14         **************************************************************************/
15         
16         options ps=55 ls=80 nodate;
2                                The SAS System

17         
18         /********************************************************************
18       ! ******
19         *
19       !      *
20         *  Define a sas macro called "glsalg" to control the GLS iteration.
20       !      *
21         *  The macro takes as input the name of the SAS working data set, the
21       !      *
22         *  names of the x and y variables (here, x is a scalar, but the
22       ! program   *
23         *  may be modified easily to pass more than one explanatory
23       ! variable),    *
24         *  and starting values for each WLS calculation.
24       !      *
25         *
25       !      *
26         *********************************************************************
26       ! *****/
27         
28         %macro glsalg(dset,xvar,yvar,b1,b2,b3,b4);
29         
30         /********************************************************************
30       ! ******
31         *
31       !      *
32         *  Set up the data set for the first pass through the algorithm,
32       ! which    *
33         *  will compute the OLS estimate.  The variable "pred1" containing
33       ! the    *
34         *  predicted values from the previous iteration is set equal to 1
34       ! here,   *
35         *  so that the first pass with weights based on pred1^delta will
35       ! actually *
36         *  be OLS (weights all = 1).
36       !      *
37         *
37       !      *
38         *********************************************************************
38       ! *****/
39         
40         
41         data &dset; set &dset;
42           pred1=1;
43           if &xvar=. or &yvar=. then delete;
44           b1_new=&b1;
45           b2_new=&b2;
46           b3_new=&b3;
47           b4_new=&b4;
48         
49         /********************************************************************
49       ! ******
50         *
3                                The SAS System

50       !      *
51         *  Set the initial value for delta (OLS)
51       !      *
52         *
52       !      *
53         *********************************************************************
53       ! *****/
54         
55           delta1=0.0;
56         
57         /********************************************************************
57       ! ******
58         *
58       !      *
59         *  Call the macro "step3," defined below, that actually implements
59       ! the    *
60         *  call to PROC NLIN to do WLS with the current set of fixed weights.
60       !      *
61         *  The argument sets options for supressing the printing of the
61       ! results   *
62         *  of each call to PROC NLIN.
62       !      *
63         *
63       !      *
64         *********************************************************************
64       ! *****/
65         
66         %step3(1)
67         %step3(1)
68         %step3(1)
69         %step3(1)
70         %step3(1)
71         %step3(1)
72         %step3(1)
73         %step3(1)
74         %step3(1)
75         %step3(1)
76         %step3(0)
77         
78         /********************************************************************
78       ! ******
79         *
79       !      *
80         *  After the final iteration, compute the final estimate of sigma
80       !      *
81         *  using the newest values of the weights
81       !      *
82         *
82       !      *
83         *********************************************************************
83       ! *****/
84         
85         data sigma; set outnlin(keep = resid pred);
4                                The SAS System

86         data sigma2; set new(keep = delta1);
87         data sigma; merge sigma sigma2;
88         
89         data sigma; set sigma; wresid=resid/(pred**delta1);
90         
91         proc means data=sigma noprint;
92           var wresid;
93           output out=sigout uss=rss;
94         
95         data sigout; set sigout; sigma=sqrt(rss/7);
96         
97         data sigout; set sigout(keep = sigma); if _n_>1 then delete;
98         
99         proc print data=sigout; title2 "Final estimate of sigma";
100        
101        %mend glsalg;
102        
103        /********************************************************************
103      ! ******
104        *
104      !      *
105        *  Define the macro "step3."  The argument "foo" controls options in
105      !      *
106        *  calling PROC NLIN (see below).
106      !      *
107        *
107      !      *
108        *********************************************************************
108      ! *****/
109        
110        %macro step3(foo);
111        
112        /********************************************************************
112      ! ******
113        *
113      !      *
114        *  PROC NLIN prints out a summary by default.  We print out this full
114      !      *
115        *  output only for the final GLS fit; the "noprint" option is invoked
115      !      *
116        *  for all other fits.
116      !      *
117        *
117      !      *
118        *********************************************************************
118      ! *****/
119        
120        %if &foo>0 %then %do;
121          %let opt=noprint;
122        %end;
123        %else %do;
124          %let opt= ;
125        %end;
5                                The SAS System

126        
127        /********************************************************************
127      ! ******
128        *
128      !      *
129        *  The call to PROC NLIN to implement the current WLS fit with delta
129      !      *
130        *  equal to delta1, the previous estimate
130      !      *
131        *
131      !      *
132        *********************************************************************
132      ! *****/
133        
134        proc nlin data=&dset method=gauss &opt;
135        
136          parms b1=&b1 b2=&b2 b3=&b3 b4=&b4;
137          if _iter_=-1 then do;
138            b1=b1_new; b2=b2_new; b3=b3_new; b4=b4_new;
139          end;
140        
141        /********************************************************************
141      ! ******
142        *
142      !      *
143        *  Programming statements to define the mean function and its
143      ! derivatives *
144        *
144      !      *
145        *********************************************************************
145      ! *****/
146        
147          eb1=exp(b1); eb2=exp(b2); eb3=exp(b3); eb4=exp(b4);
148        
149          f=eb1*exp(-eb2*&xvar) + eb3*exp(-eb4*&xvar);
150        
151          db1=eb1*exp(-eb2*&xvar);
152          db2=-eb1*eb2*&xvar*exp(-eb2*&xvar);
153          db3=eb3*exp(-eb4*&xvar);
154          db4=-eb3*eb4*&xvar*exp(-eb4*&xvar);
155        
156        /********************************************************************
156      ! ******
157        *
157      !      *
158        *  The model statement and derivative statements to tell PROC NLIN
158      ! the    *
159        *  form of the model and derivatives
159      !      *
160        *
160      !      *
161        *********************************************************************
161      ! *****/
6                                The SAS System

162        
163          model &yvar = f;
164          der.b1=db1;
165          der.b2=db2;
166          der.b3=db3;
167          der.b4=db4;
168        
169        /********************************************************************
169      ! ******
170        *
170      !      *
171        *  The "_weight_" statement defines the values of the weights to use
171      ! for  *
172        *  WLS.  Here, we use weights computed using the fixed value of
172      ! delta1    *
173        *  and the values of the predicted values from the previous
173      ! iteration.    *
174        *  Thus, the weights are FIXED (do not depend on current predicted
174      !      *
175        *  values).  PROC NLIN thus knows to do WLS with FIXED weights rather
175      !      *
176        *  than IRWLS.
176      !      *
177        *
177      !      *
178        *********************************************************************
178      ! *****/
179        
180          _weight_ = (1/abs(pred1))**(2*delta1);
181        
182        /********************************************************************
182      ! ******
183        *
183      !      *
184        *  Form an output data set containing everything in the input data
184      ! set    *
185        *  plus the predicted values (to set up weights for next time), the
185      !      *
186        *  residuals (so we can calculate sigma on the final iteration), and
186      ! the  *
187        *  parameter estimates from this iteration (so we can print them).
187      !      *
188        *
188      !      *
189        *********************************************************************
189      ! *****/
190        
191          output out=outnlin p=pred r=resid sse=sigma parms=b1 b2 b3 b4;
192        run;
193        
194        /********************************************************************
194      ! ******
195        *
7                                The SAS System

195      !      *
196        *  Now estimate delta by solving the quadratic estimating equation
196      !      *
197        *  (7.21).  We do this by using a computational "trick" described in
197      !      *
198        *  Section 2.4.2 of Davidian and Giltinan (1995) by profiling out
198      !      *
199        *  sigma^2 from the objective function and then by algebra casting
199      !      *
200        *  estimation of delta as a "nonlinear regression" problem with
200      ! "dummy"   *
201        *  responses all equal to zero.  See this reference for details
201      !      *
202        *  Here, fdot = geometric mean of all the current estimated means,
202      !      *
203        *  and dummy = dummy responses all = 0
203      !      *
204        *
204      !      *
205        *********************************************************************
205      ! *****/
206        
207        data outnlin; set outnlin;
208          if pred<=0 then delete;
209          sigma=sqrt(sigma/7);
210          lpred=log(pred);
211        
212        proc means data=outnlin noprint;
213          var lpred;
214          output out=outmeans mean=mlog;
215        
216        data outnlin; merge outnlin outmeans(drop=_type_ _freq_);
217          retain xx 0;
218          if _n_=1 the xx=mlog;
219          if mlog=. then mlog=xx;
220        
221        data outnlin; set outnlin;
222          dummy=0;
223          fdot=exp(mlog);
224        
225        /*  relax the convergence criterion for variance parameters */
226        
227        proc nlin data=outnlin method=gauss converge=0.00001 &opt;
228          parms delta = 0 to 1.5 by 0.05;
229          trk = resid*((fdot/pred)**delta);
230          model dummy = trk;
231          der.delta = resid*((fdot/pred)**delta)*log(fdot/pred);
232          output out=new parms=delta;
233        run;
234        
235        /********************************************************************
235      ! ******
236        *
8                                The SAS System

236      !      *
237        *  Set up the data set containing the new predicted values, etc, for
237      ! use  *
238        *  on the next iteration.  Also, create the data set "parms"
238      ! containing   *
239        *  only the parameter estimates from the iteration just completed for
239      !      *
240        *  printing
240      !      *
241        *
241      !      *
242        *********************************************************************
242      ! *****/
243        
244        data new; set new(keep = &xvar &yvar b1 b2 b3 b4 pred delta sigma
245           rename=(b1=b1_new b2=b2_new b3=b3_new b4=b4_new pred=pred1
246                   delta=delta1 sigma=sigma1));
247        
248        data parms; set new(drop = &xvar &yvar);
249          if _n_>1 then delete;
250        
251        proc print data=parms;
252        
253        data &dset; set new;
254        
255        %mend step3;
256        
257        /********************************************************************
257      ! ******
258        *
258      !      *
259        *  End of the macro definitions.  Now the program to read the data
259      ! and    *
260        *  call the macros begins.
260      !      *
261        *
261      !      *
262        *********************************************************************
262      ! *****/
263        
264        data indo; input time conc;
265          cards;

NOTE: The data set WORK.INDO has 11 observations and 2 variables.
NOTE: DATA statement used (Total process time):
      real time           0.00 seconds
      cpu time            0.02 seconds
      

277        ;
278        
279        /********************************************************************
279      ! ******
9                                The SAS System

280        *
280      !      *
281        *  Call the macro "glsalg" with the name of the indomethacin data
281      ! set,    *
282        *  the names of x (time) and y (conc), and the starting values.
282      !      *
283        *
283      !      *
284        *********************************************************************
284      ! *****/
285        
286        title1 "GLS ALGORITHM APPLIED TO THE INDOMETHACIN DATA";
287        
288        %glsalg(indo,time,conc,0.69,0.69,-1.6,-1.6);

NOTE: There were 11 observations read from the data set WORK.INDO.
NOTE: The data set WORK.INDO has 11 observations and 8 variables.
NOTE: DATA statement used (Total process time):
      real time           0.00 seconds
      cpu time            0.00 seconds
      



NOTE: The parameters were assigned the following names in the output data set ( 
      parameter = data set variable ):
b1 = b1
b2 = b2
b3 = b3
b4 = b4
NOTE: PROC NLIN grid search time was  0: 0: 0.
NOTE: Convergence criterion met.
NOTE: The data set WORK.OUTNLIN has 11 observations and 15 variables.
NOTE: PROCEDURE NLIN used (Total process time):
      real time           0.04 seconds
      cpu time            0.02 seconds
      


NOTE: There were 11 observations read from the data set WORK.OUTNLIN.
NOTE: The data set WORK.OUTNLIN has 11 observations and 16 variables.
NOTE: DATA statement used (Total process time):
      real time           0.00 seconds
      cpu time            0.00 seconds
      


NOTE: There were 11 observations read from the data set WORK.OUTNLIN.
NOTE: The data set WORK.OUTMEANS has 1 observations and 3 variables.
NOTE: PROCEDURE MEANS used (Total process time):
      real time           0.01 seconds
      cpu time            0.00 seconds
      
10                               The SAS System


NOTE: Line generated by the invoked macro "STEP3".
288                     data outnlin; merge outnlin outmeans(drop=_type_ _freq_)
288      ! ;   retain xx 0;   if _n_=1 the xx=mlog;    if mlog=. then mlog=xx;
                                       ___
                                       1

WARNING 1-322: Assuming the symbol THEN was misspelled as the.

NOTE: There were 11 observations read from the data set WORK.OUTNLIN.
NOTE: There were 1 observations read from the data set WORK.OUTMEANS.
NOTE: The data set WORK.OUTNLIN has 11 observations and 18 variables.
NOTE: DATA statement used (Total process time):
      real time           0.01 seconds
      cpu time            0.01 seconds
      


NOTE: There were 11 observations read from the data set WORK.OUTNLIN.
NOTE: The data set WORK.OUTNLIN has 11 observations and 20 variables.
NOTE: DATA statement used (Total process time):
      real time           0.00 seconds
      cpu time            0.00 seconds
      



NOTE: The parameters were assigned the following names in the output data set ( 
      parameter = data set variable ):
delta = delta
NOTE: PROC NLIN grid search time was  0: 0: 0.
NOTE: Convergence criterion met.
NOTE: Negative model SS. Check model and initial parameters.
NOTE: The data set WORK.NEW has 11 observations and 21 variables.
NOTE: PROCEDURE NLIN used (Total process time):
      real time           0.02 seconds
      cpu time            0.01 seconds
      


NOTE: There were 11 observations read from the data set WORK.NEW.
NOTE: The data set WORK.NEW has 11 observations and 9 variables.
NOTE: DATA statement used (Total process time):
      real time           0.00 seconds
      cpu time            0.00 seconds
      


NOTE: There were 11 observations read from the data set WORK.NEW.
NOTE: The data set WORK.PARMS has 1 observations and 7 variables.
NOTE: DATA statement used (Total process time):
      real time           0.00 seconds
      cpu time            0.00 seconds
11                               The SAS System

      


NOTE: There were 1 observations read from the data set WORK.PARMS.
NOTE: The PROCEDURE PRINT printed page 1.
NOTE: PROCEDURE PRINT used (Total process time):
      real time           0.00 seconds
      cpu time            0.00 seconds
      


NOTE: There were 11 observations read from the data set WORK.NEW.
NOTE: The data set WORK.INDO has 11 observations and 9 variables.
NOTE: DATA statement used (Total process time):
      real time           0.00 seconds
      cpu time            0.01 seconds
      



NOTE: The parameters were assigned the following names in the output data set ( 
      parameter = data set variable ):
b1 = b1
b2 = b2
b3 = b3
b4 = b4
NOTE: PROC NLIN grid search time was  0: 0: 0.
NOTE: Convergence criterion met.
NOTE: The data set WORK.OUTNLIN has 11 observations and 16 variables.
NOTE: PROCEDURE NLIN used (Total process time):
      real time           0.01 seconds
      cpu time            0.02 seconds
      


NOTE: There were 11 observations read from the data set WORK.OUTNLIN.
NOTE: The data set WORK.OUTNLIN has 11 observations and 17 variables.
NOTE: DATA statement used (Total process time):
      real time           0.00 seconds
      cpu time            0.00 seconds
      


NOTE: There were 11 observations read from the data set WORK.OUTNLIN.
NOTE: The data set WORK.OUTMEANS has 1 observations and 3 variables.
NOTE: PROCEDURE MEANS used (Total process time):
      real time           0.00 seconds
      cpu time            0.01 seconds
      

NOTE: Line generated by the invoked macro "STEP3".
288                     data outnlin; merge outnlin outmeans(drop=_type_ _freq_)
288      ! ;   retain xx 0;   if _n_=1 the xx=mlog;    if mlog=. then mlog=xx;
12                               The SAS System

                                       ___
                                       1

WARNING 1-322: Assuming the symbol THEN was misspelled as the.

NOTE: There were 11 observations read from the data set WORK.OUTNLIN.
NOTE: There were 1 observations read from the data set WORK.OUTMEANS.
NOTE: The data set WORK.OUTNLIN has 11 observations and 19 variables.
NOTE: DATA statement used (Total process time):
      real time           0.00 seconds
      cpu time            0.00 seconds
      


NOTE: There were 11 observations read from the data set WORK.OUTNLIN.
NOTE: The data set WORK.OUTNLIN has 11 observations and 21 variables.
NOTE: DATA statement used (Total process time):
      real time           0.00 seconds
      cpu time            0.00 seconds
      



NOTE: The parameters were assigned the following names in the output data set ( 
      parameter = data set variable ):
delta = delta
NOTE: PROC NLIN grid search time was  0: 0: 0.
NOTE: Convergence criterion met.
NOTE: Negative model SS. Check model and initial parameters.
NOTE: The data set WORK.NEW has 11 observations and 22 variables.
NOTE: PROCEDURE NLIN used (Total process time):
      real time           0.01 seconds
      cpu time            0.02 seconds
      


NOTE: There were 11 observations read from the data set WORK.NEW.
NOTE: The data set WORK.NEW has 11 observations and 9 variables.
NOTE: DATA statement used (Total process time):
      real time           0.00 seconds
      cpu time            0.00 seconds
      


NOTE: There were 11 observations read from the data set WORK.NEW.
NOTE: The data set WORK.PARMS has 1 observations and 7 variables.
NOTE: DATA statement used (Total process time):
      real time           0.00 seconds
      cpu time            0.00 seconds
      


NOTE: There were 1 observations read from the data set WORK.PARMS.
13                               The SAS System

NOTE: The PROCEDURE PRINT printed page 2.
NOTE: PROCEDURE PRINT used (Total process time):
      real time           0.00 seconds
      cpu time            0.00 seconds
      


NOTE: There were 11 observations read from the data set WORK.NEW.
NOTE: The data set WORK.INDO has 11 observations and 9 variables.
NOTE: DATA statement used (Total process time):
      real time           0.00 seconds
      cpu time            0.00 seconds
      



NOTE: The parameters were assigned the following names in the output data set ( 
      parameter = data set variable ):
b1 = b1
b2 = b2
b3 = b3
b4 = b4
NOTE: PROC NLIN grid search time was  0: 0: 0.
NOTE: Convergence criterion met.
NOTE: The data set WORK.OUTNLIN has 11 observations and 16 variables.
NOTE: PROCEDURE NLIN used (Total process time):
      real time           0.01 seconds
      cpu time            0.02 seconds
      


NOTE: There were 11 observations read from the data set WORK.OUTNLIN.
NOTE: The data set WORK.OUTNLIN has 11 observations and 17 variables.
NOTE: DATA statement used (Total process time):
      real time           0.00 seconds
      cpu time            0.00 seconds
      


NOTE: There were 11 observations read from the data set WORK.OUTNLIN.
NOTE: The data set WORK.OUTMEANS has 1 observations and 3 variables.
NOTE: PROCEDURE MEANS used (Total process time):
      real time           0.00 seconds
      cpu time            0.01 seconds
      

NOTE: Line generated by the invoked macro "STEP3".
288                     data outnlin; merge outnlin outmeans(drop=_type_ _freq_)
288      ! ;   retain xx 0;   if _n_=1 the xx=mlog;    if mlog=. then mlog=xx;
                                       ___
                                       1

WARNING 1-322: Assuming the symbol THEN was misspelled as the.
14                               The SAS System


NOTE: There were 11 observations read from the data set WORK.OUTNLIN.
NOTE: There were 1 observations read from the data set WORK.OUTMEANS.
NOTE: The data set WORK.OUTNLIN has 11 observations and 19 variables.
NOTE: DATA statement used (Total process time):
      real time           0.00 seconds
      cpu time            0.00 seconds
      


NOTE: There were 11 observations read from the data set WORK.OUTNLIN.
NOTE: The data set WORK.OUTNLIN has 11 observations and 21 variables.
NOTE: DATA statement used (Total process time):
      real time           0.00 seconds
      cpu time            0.00 seconds
      



NOTE: The parameters were assigned the following names in the output data set ( 
      parameter = data set variable ):
delta = delta
NOTE: PROC NLIN grid search time was  0: 0: 0.
NOTE: Convergence criterion met.
NOTE: Negative model SS. Check model and initial parameters.
NOTE: The data set WORK.NEW has 11 observations and 22 variables.
NOTE: PROCEDURE NLIN used (Total process time):
      real time           0.00 seconds
      cpu time            0.01 seconds
      


NOTE: There were 11 observations read from the data set WORK.NEW.
NOTE: The data set WORK.NEW has 11 observations and 9 variables.
NOTE: DATA statement used (Total process time):
      real time           0.00 seconds
      cpu time            0.00 seconds
      


NOTE: There were 11 observations read from the data set WORK.NEW.
NOTE: The data set WORK.PARMS has 1 observations and 7 variables.
NOTE: DATA statement used (Total process time):
      real time           0.00 seconds
      cpu time            0.00 seconds
      


NOTE: There were 1 observations read from the data set WORK.PARMS.
NOTE: The PROCEDURE PRINT printed page 3.
NOTE: PROCEDURE PRINT used (Total process time):
      real time           0.00 seconds
      cpu time            0.00 seconds
15                               The SAS System

      


NOTE: There were 11 observations read from the data set WORK.NEW.
NOTE: The data set WORK.INDO has 11 observations and 9 variables.
NOTE: DATA statement used (Total process time):
      real time           0.00 seconds
      cpu time            0.00 seconds
      



NOTE: The parameters were assigned the following names in the output data set ( 
      parameter = data set variable ):
b1 = b1
b2 = b2
b3 = b3
b4 = b4
NOTE: PROC NLIN grid search time was  0: 0: 0.
NOTE: Convergence criterion met.
NOTE: The data set WORK.OUTNLIN has 11 observations and 16 variables.
NOTE: PROCEDURE NLIN used (Total process time):
      real time           0.00 seconds
      cpu time            0.00 seconds
      


NOTE: There were 11 observations read from the data set WORK.OUTNLIN.
NOTE: The data set WORK.OUTNLIN has 11 observations and 17 variables.
NOTE: DATA statement used (Total process time):
      real time           0.00 seconds
      cpu time            0.00 seconds
      


NOTE: There were 11 observations read from the data set WORK.OUTNLIN.
NOTE: The data set WORK.OUTMEANS has 1 observations and 3 variables.
NOTE: PROCEDURE MEANS used (Total process time):
      real time           0.00 seconds
      cpu time            0.01 seconds
      

NOTE: Line generated by the invoked macro "STEP3".
288                     data outnlin; merge outnlin outmeans(drop=_type_ _freq_)
288      ! ;   retain xx 0;   if _n_=1 the xx=mlog;    if mlog=. then mlog=xx;
                                       ___
                                       1

WARNING 1-322: Assuming the symbol THEN was misspelled as the.

NOTE: There were 11 observations read from the data set WORK.OUTNLIN.
NOTE: There were 1 observations read from the data set WORK.OUTMEANS.
NOTE: The data set WORK.OUTNLIN has 11 observations and 19 variables.
16                               The SAS System

NOTE: DATA statement used (Total process time):
      real time           0.00 seconds
      cpu time            0.00 seconds
      


NOTE: There were 11 observations read from the data set WORK.OUTNLIN.
NOTE: The data set WORK.OUTNLIN has 11 observations and 21 variables.
NOTE: DATA statement used (Total process time):
      real time           0.00 seconds
      cpu time            0.00 seconds
      



NOTE: The parameters were assigned the following names in the output data set ( 
      parameter = data set variable ):
delta = delta
NOTE: PROC NLIN grid search time was  0: 0: 0.
NOTE: Convergence criterion met.
NOTE: Negative model SS. Check model and initial parameters.
NOTE: The data set WORK.NEW has 11 observations and 22 variables.
NOTE: PROCEDURE NLIN used (Total process time):
      real time           0.01 seconds
      cpu time            0.01 seconds
      


NOTE: There were 11 observations read from the data set WORK.NEW.
NOTE: The data set WORK.NEW has 11 observations and 9 variables.
NOTE: DATA statement used (Total process time):
      real time           0.00 seconds
      cpu time            0.00 seconds
      


NOTE: There were 11 observations read from the data set WORK.NEW.
NOTE: The data set WORK.PARMS has 1 observations and 7 variables.
NOTE: DATA statement used (Total process time):
      real time           0.00 seconds
      cpu time            0.00 seconds
      


NOTE: There were 1 observations read from the data set WORK.PARMS.
NOTE: The PROCEDURE PRINT printed page 4.
NOTE: PROCEDURE PRINT used (Total process time):
      real time           0.00 seconds
      cpu time            0.00 seconds
      


NOTE: There were 11 observations read from the data set WORK.NEW.
17                               The SAS System

NOTE: The data set WORK.INDO has 11 observations and 9 variables.
NOTE: DATA statement used (Total process time):
      real time           0.00 seconds
      cpu time            0.00 seconds
      



NOTE: The parameters were assigned the following names in the output data set ( 
      parameter = data set variable ):
b1 = b1
b2 = b2
b3 = b3
b4 = b4
NOTE: PROC NLIN grid search time was  0: 0: 0.
NOTE: Convergence criterion met.
NOTE: The data set WORK.OUTNLIN has 11 observations and 16 variables.
NOTE: PROCEDURE NLIN used (Total process time):
      real time           0.01 seconds
      cpu time            0.01 seconds
      


NOTE: There were 11 observations read from the data set WORK.OUTNLIN.
NOTE: The data set WORK.OUTNLIN has 11 observations and 17 variables.
NOTE: DATA statement used (Total process time):
      real time           0.00 seconds
      cpu time            0.00 seconds
      


NOTE: There were 11 observations read from the data set WORK.OUTNLIN.
NOTE: The data set WORK.OUTMEANS has 1 observations and 3 variables.
NOTE: PROCEDURE MEANS used (Total process time):
      real time           0.00 seconds
      cpu time            0.01 seconds
      

NOTE: Line generated by the invoked macro "STEP3".
288                     data outnlin; merge outnlin outmeans(drop=_type_ _freq_)
288      ! ;   retain xx 0;   if _n_=1 the xx=mlog;    if mlog=. then mlog=xx;
                                       ___
                                       1

WARNING 1-322: Assuming the symbol THEN was misspelled as the.

NOTE: There were 11 observations read from the data set WORK.OUTNLIN.
NOTE: There were 1 observations read from the data set WORK.OUTMEANS.
NOTE: The data set WORK.OUTNLIN has 11 observations and 19 variables.
NOTE: DATA statement used (Total process time):
      real time           0.00 seconds
      cpu time            0.00 seconds
      
18                               The SAS System



NOTE: There were 11 observations read from the data set WORK.OUTNLIN.
NOTE: The data set WORK.OUTNLIN has 11 observations and 21 variables.
NOTE: DATA statement used (Total process time):
      real time           0.00 seconds
      cpu time            0.00 seconds
      



NOTE: The parameters were assigned the following names in the output data set ( 
      parameter = data set variable ):
delta = delta
NOTE: PROC NLIN grid search time was  0: 0: 0.
NOTE: Convergence criterion met.
NOTE: Negative model SS. Check model and initial parameters.
NOTE: The data set WORK.NEW has 11 observations and 22 variables.
NOTE: PROCEDURE NLIN used (Total process time):
      real time           0.00 seconds
      cpu time            0.01 seconds
      


NOTE: There were 11 observations read from the data set WORK.NEW.
NOTE: The data set WORK.NEW has 11 observations and 9 variables.
NOTE: DATA statement used (Total process time):
      real time           0.00 seconds
      cpu time            0.00 seconds
      


NOTE: There were 11 observations read from the data set WORK.NEW.
NOTE: The data set WORK.PARMS has 1 observations and 7 variables.
NOTE: DATA statement used (Total process time):
      real time           0.00 seconds
      cpu time            0.00 seconds
      


NOTE: There were 1 observations read from the data set WORK.PARMS.
NOTE: The PROCEDURE PRINT printed page 5.
NOTE: PROCEDURE PRINT used (Total process time):
      real time           0.00 seconds
      cpu time            0.00 seconds
      


NOTE: There were 11 observations read from the data set WORK.NEW.
NOTE: The data set WORK.INDO has 11 observations and 9 variables.
NOTE: DATA statement used (Total process time):
      real time           0.00 seconds
      cpu time            0.00 seconds
19                               The SAS System

      



NOTE: The parameters were assigned the following names in the output data set ( 
      parameter = data set variable ):
b1 = b1
b2 = b2
b3 = b3
b4 = b4
NOTE: PROC NLIN grid search time was  0: 0: 0.
NOTE: Convergence criterion met.
NOTE: The data set WORK.OUTNLIN has 11 observations and 16 variables.
NOTE: PROCEDURE NLIN used (Total process time):
      real time           0.00 seconds
      cpu time            0.00 seconds
      


NOTE: There were 11 observations read from the data set WORK.OUTNLIN.
NOTE: The data set WORK.OUTNLIN has 11 observations and 17 variables.
NOTE: DATA statement used (Total process time):
      real time           0.00 seconds
      cpu time            0.00 seconds
      


NOTE: There were 11 observations read from the data set WORK.OUTNLIN.
NOTE: The data set WORK.OUTMEANS has 1 observations and 3 variables.
NOTE: PROCEDURE MEANS used (Total process time):
      real time           0.00 seconds
      cpu time            0.01 seconds
      

NOTE: Line generated by the invoked macro "STEP3".
288                     data outnlin; merge outnlin outmeans(drop=_type_ _freq_)
288      ! ;   retain xx 0;   if _n_=1 the xx=mlog;    if mlog=. then mlog=xx;
                                       ___
                                       1

WARNING 1-322: Assuming the symbol THEN was misspelled as the.

NOTE: There were 11 observations read from the data set WORK.OUTNLIN.
NOTE: There were 1 observations read from the data set WORK.OUTMEANS.
NOTE: The data set WORK.OUTNLIN has 11 observations and 19 variables.
NOTE: DATA statement used (Total process time):
      real time           0.00 seconds
      cpu time            0.00 seconds
      


NOTE: There were 11 observations read from the data set WORK.OUTNLIN.
NOTE: The data set WORK.OUTNLIN has 11 observations and 21 variables.
20                               The SAS System

NOTE: DATA statement used (Total process time):
      real time           0.00 seconds
      cpu time            0.00 seconds
      



NOTE: The parameters were assigned the following names in the output data set ( 
      parameter = data set variable ):
delta = delta
NOTE: PROC NLIN grid search time was  0: 0: 0.
NOTE: Convergence criterion met.
NOTE: Negative model SS. Check model and initial parameters.
NOTE: The data set WORK.NEW has 11 observations and 22 variables.
NOTE: PROCEDURE NLIN used (Total process time):
      real time           0.00 seconds
      cpu time            0.00 seconds
      


NOTE: There were 11 observations read from the data set WORK.NEW.
NOTE: The data set WORK.NEW has 11 observations and 9 variables.
NOTE: DATA statement used (Total process time):
      real time           0.00 seconds
      cpu time            0.00 seconds
      


NOTE: There were 11 observations read from the data set WORK.NEW.
NOTE: The data set WORK.PARMS has 1 observations and 7 variables.
NOTE: DATA statement used (Total process time):
      real time           0.00 seconds
      cpu time            0.00 seconds
      


NOTE: There were 1 observations read from the data set WORK.PARMS.
NOTE: The PROCEDURE PRINT printed page 6.
NOTE: PROCEDURE PRINT used (Total process time):
      real time           0.00 seconds
      cpu time            0.00 seconds
      


NOTE: There were 11 observations read from the data set WORK.NEW.
NOTE: The data set WORK.INDO has 11 observations and 9 variables.
NOTE: DATA statement used (Total process time):
      real time           0.00 seconds
      cpu time            0.00 seconds
      



21                               The SAS System

NOTE: The parameters were assigned the following names in the output data set ( 
      parameter = data set variable ):
b1 = b1
b2 = b2
b3 = b3
b4 = b4
NOTE: PROC NLIN grid search time was  0: 0: 0.
NOTE: Convergence criterion met.
NOTE: The data set WORK.OUTNLIN has 11 observations and 16 variables.
NOTE: PROCEDURE NLIN used (Total process time):
      real time           0.00 seconds
      cpu time            0.00 seconds
      


NOTE: There were 11 observations read from the data set WORK.OUTNLIN.
NOTE: The data set WORK.OUTNLIN has 11 observations and 17 variables.
NOTE: DATA statement used (Total process time):
      real time           0.00 seconds
      cpu time            0.00 seconds
      


NOTE: There were 11 observations read from the data set WORK.OUTNLIN.
NOTE: The data set WORK.OUTMEANS has 1 observations and 3 variables.
NOTE: PROCEDURE MEANS used (Total process time):
      real time           0.00 seconds
      cpu time            0.01 seconds
      

NOTE: Line generated by the invoked macro "STEP3".
288                     data outnlin; merge outnlin outmeans(drop=_type_ _freq_)
288      ! ;   retain xx 0;   if _n_=1 the xx=mlog;    if mlog=. then mlog=xx;
                                       ___
                                       1

WARNING 1-322: Assuming the symbol THEN was misspelled as the.

NOTE: There were 11 observations read from the data set WORK.OUTNLIN.
NOTE: There were 1 observations read from the data set WORK.OUTMEANS.
NOTE: The data set WORK.OUTNLIN has 11 observations and 19 variables.
NOTE: DATA statement used (Total process time):
      real time           0.00 seconds
      cpu time            0.00 seconds
      


NOTE: There were 11 observations read from the data set WORK.OUTNLIN.
NOTE: The data set WORK.OUTNLIN has 11 observations and 21 variables.
NOTE: DATA statement used (Total process time):
      real time           0.00 seconds
      cpu time            0.00 seconds
      
22                               The SAS System




NOTE: The parameters were assigned the following names in the output data set ( 
      parameter = data set variable ):
delta = delta
NOTE: PROC NLIN grid search time was  0: 0: 0.
NOTE: Convergence criterion met.
NOTE: Negative model SS. Check model and initial parameters.
NOTE: The data set WORK.NEW has 11 observations and 22 variables.
NOTE: PROCEDURE NLIN used (Total process time):
      real time           0.00 seconds
      cpu time            0.00 seconds
      


NOTE: There were 11 observations read from the data set WORK.NEW.
NOTE: The data set WORK.NEW has 11 observations and 9 variables.
NOTE: DATA statement used (Total process time):
      real time           0.00 seconds
      cpu time            0.00 seconds
      


NOTE: There were 11 observations read from the data set WORK.NEW.
NOTE: The data set WORK.PARMS has 1 observations and 7 variables.
NOTE: DATA statement used (Total process time):
      real time           0.00 seconds
      cpu time            0.00 seconds
      


NOTE: There were 1 observations read from the data set WORK.PARMS.
NOTE: The PROCEDURE PRINT printed page 7.
NOTE: PROCEDURE PRINT used (Total process time):
      real time           0.00 seconds
      cpu time            0.00 seconds
      


NOTE: There were 11 observations read from the data set WORK.NEW.
NOTE: The data set WORK.INDO has 11 observations and 9 variables.
NOTE: DATA statement used (Total process time):
      real time           0.00 seconds
      cpu time            0.00 seconds
      



NOTE: The parameters were assigned the following names in the output data set ( 
      parameter = data set variable ):
b1 = b1
b2 = b2
23                               The SAS System

b3 = b3
b4 = b4
NOTE: PROC NLIN grid search time was  0: 0: 0.
NOTE: Convergence criterion met.
NOTE: The data set WORK.OUTNLIN has 11 observations and 16 variables.
NOTE: PROCEDURE NLIN used (Total process time):
      real time           0.00 seconds
      cpu time            0.00 seconds
      


NOTE: There were 11 observations read from the data set WORK.OUTNLIN.
NOTE: The data set WORK.OUTNLIN has 11 observations and 17 variables.
NOTE: DATA statement used (Total process time):
      real time           0.00 seconds
      cpu time            0.00 seconds
      


NOTE: There were 11 observations read from the data set WORK.OUTNLIN.
NOTE: The data set WORK.OUTMEANS has 1 observations and 3 variables.
NOTE: PROCEDURE MEANS used (Total process time):
      real time           0.00 seconds
      cpu time            0.01 seconds
      

NOTE: Line generated by the invoked macro "STEP3".
288                     data outnlin; merge outnlin outmeans(drop=_type_ _freq_)
288      ! ;   retain xx 0;   if _n_=1 the xx=mlog;    if mlog=. then mlog=xx;
                                       ___
                                       1

WARNING 1-322: Assuming the symbol THEN was misspelled as the.

NOTE: There were 11 observations read from the data set WORK.OUTNLIN.
NOTE: There were 1 observations read from the data set WORK.OUTMEANS.
NOTE: The data set WORK.OUTNLIN has 11 observations and 19 variables.
NOTE: DATA statement used (Total process time):
      real time           0.00 seconds
      cpu time            0.00 seconds
      


NOTE: There were 11 observations read from the data set WORK.OUTNLIN.
NOTE: The data set WORK.OUTNLIN has 11 observations and 21 variables.
NOTE: DATA statement used (Total process time):
      real time           0.00 seconds
      cpu time            0.00 seconds
      



NOTE: The parameters were assigned the following names in the output data set ( 
24                               The SAS System

      parameter = data set variable ):
delta = delta
NOTE: PROC NLIN grid search time was  0: 0: 0.
NOTE: Convergence criterion met.
NOTE: Negative model SS. Check model and initial parameters.
NOTE: The data set WORK.NEW has 11 observations and 22 variables.
NOTE: PROCEDURE NLIN used (Total process time):
      real time           0.00 seconds
      cpu time            0.00 seconds
      


NOTE: There were 11 observations read from the data set WORK.NEW.
NOTE: The data set WORK.NEW has 11 observations and 9 variables.
NOTE: DATA statement used (Total process time):
      real time           0.00 seconds
      cpu time            0.00 seconds
      


NOTE: There were 11 observations read from the data set WORK.NEW.
NOTE: The data set WORK.PARMS has 1 observations and 7 variables.
NOTE: DATA statement used (Total process time):
      real time           0.00 seconds
      cpu time            0.00 seconds
      


NOTE: There were 1 observations read from the data set WORK.PARMS.
NOTE: The PROCEDURE PRINT printed page 8.
NOTE: PROCEDURE PRINT used (Total process time):
      real time           0.00 seconds
      cpu time            0.00 seconds
      


NOTE: There were 11 observations read from the data set WORK.NEW.
NOTE: The data set WORK.INDO has 11 observations and 9 variables.
NOTE: DATA statement used (Total process time):
      real time           0.00 seconds
      cpu time            0.00 seconds
      



NOTE: The parameters were assigned the following names in the output data set ( 
      parameter = data set variable ):
b1 = b1
b2 = b2
b3 = b3
b4 = b4
NOTE: PROC NLIN grid search time was  0: 0: 0.
NOTE: Convergence criterion met.
25                               The SAS System

NOTE: The data set WORK.OUTNLIN has 11 observations and 16 variables.
NOTE: PROCEDURE NLIN used (Total process time):
      real time           0.00 seconds
      cpu time            0.00 seconds
      


NOTE: There were 11 observations read from the data set WORK.OUTNLIN.
NOTE: The data set WORK.OUTNLIN has 11 observations and 17 variables.
NOTE: DATA statement used (Total process time):
      real time           0.00 seconds
      cpu time            0.00 seconds
      


NOTE: There were 11 observations read from the data set WORK.OUTNLIN.
NOTE: The data set WORK.OUTMEANS has 1 observations and 3 variables.
NOTE: PROCEDURE MEANS used (Total process time):
      real time           0.00 seconds
      cpu time            0.01 seconds
      

NOTE: Line generated by the invoked macro "STEP3".
288                     data outnlin; merge outnlin outmeans(drop=_type_ _freq_)
288      ! ;   retain xx 0;   if _n_=1 the xx=mlog;    if mlog=. then mlog=xx;
                                       ___
                                       1

WARNING 1-322: Assuming the symbol THEN was misspelled as the.

NOTE: There were 11 observations read from the data set WORK.OUTNLIN.
NOTE: There were 1 observations read from the data set WORK.OUTMEANS.
NOTE: The data set WORK.OUTNLIN has 11 observations and 19 variables.
NOTE: DATA statement used (Total process time):
      real time           0.00 seconds
      cpu time            0.01 seconds
      


NOTE: There were 11 observations read from the data set WORK.OUTNLIN.
NOTE: The data set WORK.OUTNLIN has 11 observations and 21 variables.
NOTE: DATA statement used (Total process time):
      real time           0.00 seconds
      cpu time            0.00 seconds
      



NOTE: The parameters were assigned the following names in the output data set ( 
      parameter = data set variable ):
delta = delta
NOTE: PROC NLIN grid search time was  0: 0: 0.
NOTE: Convergence criterion met.
26                               The SAS System

NOTE: Negative model SS. Check model and initial parameters.
NOTE: The data set WORK.NEW has 11 observations and 22 variables.
NOTE: PROCEDURE NLIN used (Total process time):
      real time           0.00 seconds
      cpu time            0.00 seconds
      


NOTE: There were 11 observations read from the data set WORK.NEW.
NOTE: The data set WORK.NEW has 11 observations and 9 variables.
NOTE: DATA statement used (Total process time):
      real time           0.00 seconds
      cpu time            0.00 seconds
      


NOTE: There were 11 observations read from the data set WORK.NEW.
NOTE: The data set WORK.PARMS has 1 observations and 7 variables.
NOTE: DATA statement used (Total process time):
      real time           0.00 seconds
      cpu time            0.00 seconds
      


NOTE: There were 1 observations read from the data set WORK.PARMS.
NOTE: The PROCEDURE PRINT printed page 9.
NOTE: PROCEDURE PRINT used (Total process time):
      real time           0.00 seconds
      cpu time            0.00 seconds
      


NOTE: There were 11 observations read from the data set WORK.NEW.
NOTE: The data set WORK.INDO has 11 observations and 9 variables.
NOTE: DATA statement used (Total process time):
      real time           0.00 seconds
      cpu time            0.00 seconds
      



NOTE: The parameters were assigned the following names in the output data set ( 
      parameter = data set variable ):
b1 = b1
b2 = b2
b3 = b3
b4 = b4
NOTE: PROC NLIN grid search time was  0: 0: 0.
NOTE: Convergence criterion met.
NOTE: The data set WORK.OUTNLIN has 11 observations and 16 variables.
NOTE: PROCEDURE NLIN used (Total process time):
      real time           0.00 seconds
      cpu time            0.01 seconds
27                               The SAS System

      


NOTE: There were 11 observations read from the data set WORK.OUTNLIN.
NOTE: The data set WORK.OUTNLIN has 11 observations and 17 variables.
NOTE: DATA statement used (Total process time):
      real time           0.00 seconds
      cpu time            0.00 seconds
      


NOTE: There were 11 observations read from the data set WORK.OUTNLIN.
NOTE: The data set WORK.OUTMEANS has 1 observations and 3 variables.
NOTE: PROCEDURE MEANS used (Total process time):
      real time           0.00 seconds
      cpu time            0.00 seconds
      

NOTE: Line generated by the invoked macro "STEP3".
288                     data outnlin; merge outnlin outmeans(drop=_type_ _freq_)
288      ! ;   retain xx 0;   if _n_=1 the xx=mlog;    if mlog=. then mlog=xx;
                                       ___
                                       1

WARNING 1-322: Assuming the symbol THEN was misspelled as the.

NOTE: There were 11 observations read from the data set WORK.OUTNLIN.
NOTE: There were 1 observations read from the data set WORK.OUTMEANS.
NOTE: The data set WORK.OUTNLIN has 11 observations and 19 variables.
NOTE: DATA statement used (Total process time):
      real time           0.00 seconds
      cpu time            0.00 seconds
      


NOTE: There were 11 observations read from the data set WORK.OUTNLIN.
NOTE: The data set WORK.OUTNLIN has 11 observations and 21 variables.
NOTE: DATA statement used (Total process time):
      real time           0.00 seconds
      cpu time            0.01 seconds
      



NOTE: The parameters were assigned the following names in the output data set ( 
      parameter = data set variable ):
delta = delta
NOTE: PROC NLIN grid search time was  0: 0: 0.
NOTE: Convergence criterion met.
NOTE: Negative model SS. Check model and initial parameters.
NOTE: The data set WORK.NEW has 11 observations and 22 variables.
NOTE: PROCEDURE NLIN used (Total process time):
      real time           0.00 seconds
28                               The SAS System

      cpu time            0.01 seconds
      


NOTE: There were 11 observations read from the data set WORK.NEW.
NOTE: The data set WORK.NEW has 11 observations and 9 variables.
NOTE: DATA statement used (Total process time):
      real time           0.00 seconds
      cpu time            0.00 seconds
      


NOTE: There were 11 observations read from the data set WORK.NEW.
NOTE: The data set WORK.PARMS has 1 observations and 7 variables.
NOTE: DATA statement used (Total process time):
      real time           0.00 seconds
      cpu time            0.00 seconds
      


NOTE: There were 1 observations read from the data set WORK.PARMS.
NOTE: The PROCEDURE PRINT printed page 10.
NOTE: PROCEDURE PRINT used (Total process time):
      real time           0.00 seconds
      cpu time            0.00 seconds
      


NOTE: There were 11 observations read from the data set WORK.NEW.
NOTE: The data set WORK.INDO has 11 observations and 9 variables.
NOTE: DATA statement used (Total process time):
      real time           0.00 seconds
      cpu time            0.00 seconds
      



NOTE: The parameters were assigned the following names in the output data set ( 
      parameter = data set variable ):
b1 = b1
b2 = b2
b3 = b3
b4 = b4
NOTE: PROC NLIN grid search time was  0: 0: 0.
NOTE: Convergence criterion met.
NOTE: The data set WORK.OUTNLIN has 11 observations and 16 variables.
NOTE: The PROCEDURE NLIN printed pages 11-12.
NOTE: PROCEDURE NLIN used (Total process time):
      real time           0.01 seconds
      cpu time            0.00 seconds
      


29                               The SAS System

NOTE: There were 11 observations read from the data set WORK.OUTNLIN.
NOTE: The data set WORK.OUTNLIN has 11 observations and 17 variables.
NOTE: DATA statement used (Total process time):
      real time           0.00 seconds
      cpu time            0.00 seconds
      


NOTE: There were 11 observations read from the data set WORK.OUTNLIN.
NOTE: The data set WORK.OUTMEANS has 1 observations and 3 variables.
NOTE: PROCEDURE MEANS used (Total process time):
      real time           0.00 seconds
      cpu time            0.01 seconds
      

NOTE: Line generated by the invoked macro "STEP3".
288                     data outnlin; merge outnlin outmeans(drop=_type_ _freq_)
288      ! ;   retain xx 0;   if _n_=1 the xx=mlog;    if mlog=. then mlog=xx;
                                       ___
                                       1

WARNING 1-322: Assuming the symbol THEN was misspelled as the.

NOTE: There were 11 observations read from the data set WORK.OUTNLIN.
NOTE: There were 1 observations read from the data set WORK.OUTMEANS.
NOTE: The data set WORK.OUTNLIN has 11 observations and 19 variables.
NOTE: DATA statement used (Total process time):
      real time           0.00 seconds
      cpu time            0.00 seconds
      


NOTE: There were 11 observations read from the data set WORK.OUTNLIN.
NOTE: The data set WORK.OUTNLIN has 11 observations and 21 variables.
NOTE: DATA statement used (Total process time):
      real time           0.00 seconds
      cpu time            0.00 seconds
      



NOTE: The parameters were assigned the following names in the output data set ( 
      parameter = data set variable ):
delta = delta
NOTE: PROC NLIN grid search time was  0: 0: 0.
NOTE: Convergence criterion met.
NOTE: Negative model SS. Check model and initial parameters.
NOTE: The data set WORK.NEW has 11 observations and 22 variables.
NOTE: The PROCEDURE NLIN printed pages 13-15.
NOTE: PROCEDURE NLIN used (Total process time):
      real time           0.00 seconds
      cpu time            0.01 seconds
      
30                               The SAS System



NOTE: There were 11 observations read from the data set WORK.NEW.
NOTE: The data set WORK.NEW has 11 observations and 9 variables.
NOTE: DATA statement used (Total process time):
      real time           0.00 seconds
      cpu time            0.00 seconds
      


NOTE: There were 11 observations read from the data set WORK.NEW.
NOTE: The data set WORK.PARMS has 1 observations and 7 variables.
NOTE: DATA statement used (Total process time):
      real time           0.00 seconds
      cpu time            0.00 seconds
      


NOTE: There were 1 observations read from the data set WORK.PARMS.
NOTE: The PROCEDURE PRINT printed page 16.
NOTE: PROCEDURE PRINT used (Total process time):
      real time           0.00 seconds
      cpu time            0.00 seconds
      


NOTE: There were 11 observations read from the data set WORK.NEW.
NOTE: The data set WORK.INDO has 11 observations and 9 variables.
NOTE: DATA statement used (Total process time):
      real time           0.00 seconds
      cpu time            0.00 seconds
      

NOTE: There were 11 observations read from the data set WORK.OUTNLIN.
NOTE: The data set WORK.SIGMA has 11 observations and 2 variables.
NOTE: DATA statement used (Total process time):
      real time           0.00 seconds
      cpu time            0.00 seconds
      

NOTE: There were 11 observations read from the data set WORK.NEW.
NOTE: The data set WORK.SIGMA2 has 11 observations and 1 variables.
NOTE: DATA statement used (Total process time):
      real time           0.00 seconds
      cpu time            0.00 seconds
      

NOTE: There were 11 observations read from the data set WORK.SIGMA.
NOTE: There were 11 observations read from the data set WORK.SIGMA2.
NOTE: The data set WORK.SIGMA has 11 observations and 3 variables.
NOTE: DATA statement used (Total process time):
      real time           0.00 seconds
      cpu time            0.00 seconds
31                               The SAS System

      

NOTE: There were 11 observations read from the data set WORK.SIGMA.
NOTE: The data set WORK.SIGMA has 11 observations and 4 variables.
NOTE: DATA statement used (Total process time):
      real time           0.00 seconds
      cpu time            0.00 seconds
      


NOTE: There were 11 observations read from the data set WORK.SIGMA.
NOTE: The data set WORK.SIGOUT has 1 observations and 3 variables.
NOTE: PROCEDURE MEANS used (Total process time):
      real time           0.00 seconds
      cpu time            0.01 seconds
      


NOTE: There were 1 observations read from the data set WORK.SIGOUT.
NOTE: The data set WORK.SIGOUT has 1 observations and 4 variables.
NOTE: DATA statement used (Total process time):
      real time           0.00 seconds
      cpu time            0.00 seconds
      


NOTE: There were 1 observations read from the data set WORK.SIGOUT.
NOTE: The data set WORK.SIGOUT has 1 observations and 1 variables.
NOTE: DATA statement used (Total process time):
      real time           0.00 seconds
      cpu time            0.00 seconds
      

289        
NOTE: There were 1 observations read from the data set WORK.SIGOUT.
NOTE: The PROCEDURE PRINT printed page 17.
NOTE: PROCEDURE PRINT used (Total process time):
      real time           0.00 seconds
      cpu time            0.00 seconds
      

NOTE: SAS Institute Inc., SAS Campus Drive, Cary, NC USA 27513-2414
NOTE: The SAS System used:
      real time           0.72 seconds
      cpu time            0.46 seconds
      
