                     PROC GENMOD, UNSTRUCTURED CORRELATION                     1

                              The GENMOD Procedure

                               Model Information

                       Data Set              WORK.SEIZURE
                       Distribution               Poisson
                       Link Function                  Log
                       Dependent Variable           seize
                       Offset Variable               logo


                    Number of Observations Read         295
                    Number of Observations Used         295


                            Class Level Information
 
   Class        Levels    Values

   subject          59    101 102 103 104 106 107 108 110 111 112 113 114   
                          116 117 118 121 122 123 124 126 128 129 130 135   
                          137 139 141 143 145 147 201 202 203 204 205 206   
                          207 208 209 210 211 213 214 215 217 218 219 220   
                          221 222 225 226 227 228 230 232 234 236 238       
   visit             5    0 1 2 3 4                                         


                             Parameter Information
 
                           Parameter       Effect

                           Prm1            Intercept
                           Prm2            v        
                           Prm3            trt      
                           Prm4            v*trt    


  Algorithm converged.                                                       


                             GEE Model Information

              Correlation Structure                  Unstructured
              Within-Subject Effect              visit (5 levels)
              Subject Effect                  subject (59 levels)
              Number of Clusters                               59
              Correlation Matrix Dimension                      5
              Maximum Cluster Size                              5
              Minimum Cluster Size                              5


                     PROC GENMOD, UNSTRUCTURED CORRELATION                     2

                              The GENMOD Procedure

                        Covariance Matrix (Model-Based)
 
                       Prm1           Prm2           Prm3           Prm4

        Prm1        0.01205        0.01924       -0.01205       -0.01924
        Prm2        0.01924        0.03091       -0.01924       -0.03091
        Prm3       -0.01205       -0.01924        0.02220        0.03696
        Prm4       -0.01924       -0.03091        0.03696        0.06209


                         Covariance Matrix (Empirical)
 
                       Prm1           Prm2           Prm3           Prm4

        Prm1        0.23193      0.0007209       -0.23193      -0.000721
        Prm2      0.0007209        0.01564      -0.000721       -0.01564
        Prm3       -0.23193      -0.000721        0.32478       -0.03058
        Prm4      -0.000721       -0.01564       -0.03058        0.06334


  Algorithm converged.                                                       


                          Working Correlation Matrix
 
                  Col1         Col2         Col3         Col4         Col5

     Row1       1.0000       0.9435       0.7324       0.8213       0.6856
     Row2       0.9435       1.0000       0.8187       0.9435       0.7819
     Row3       0.7324       0.8187       1.0000       0.7146       0.5375
     Row4       0.8213       0.9435       0.7146       1.0000       0.6841
     Row5       0.6856       0.7819       0.5375       0.6841       1.0000


                               GEE Fit Criteria

                             QIC         -497.9450
                             QICu        -530.0945


                      Analysis Of GEE Parameter Estimates
                       Empirical Standard Error Estimates
 
                            Standard   95% Confidence
         Parameter Estimate    Error       Limits            Z Pr > |Z|

         Intercept   1.1186   0.4816   0.1747   2.0625    2.32   0.0202
         v           0.1233   0.1251  -0.1218   0.3684    0.99   0.3241
         trt         0.0711   0.5699  -1.0459   1.1881    0.12   0.9007
         v*trt      -0.1140   0.2517  -0.6072   0.3793   -0.45   0.6507


                     PROC GENMOD, UNSTRUCTURED CORRELATION                     3

                              The GENMOD Procedure

                      Analysis Of GEE Parameter Estimates
                      Model-Based Standard Error Estimates
 
                            Standard   95% Confidence
         Parameter Estimate    Error       Limits            Z Pr > |Z|

         Intercept   1.1186   0.1098   0.9034   1.3338   10.19   <.0001
         v           0.1233   0.1758  -0.2213   0.4679    0.70   0.4831
         trt         0.0711   0.1490  -0.2209   0.3631    0.48   0.6331
         v*trt      -0.1140   0.2492  -0.6023   0.3744   -0.46   0.6474
         Scale       4.9502    .        .        .         .      .    
NOTE: The scale parameter for GEE estimation was computed as the square root of 
      the normalized Pearson's chi-square.
                  PROC GENMOD, COMPOUND SYMMETRIC CORRELATION                  4

                              The GENMOD Procedure

                               Model Information

                       Data Set              WORK.SEIZURE
                       Distribution               Poisson
                       Link Function                  Log
                       Dependent Variable           seize
                       Offset Variable               logo


                    Number of Observations Read         295
                    Number of Observations Used         295


                            Class Level Information
 
   Class        Levels    Values

   subject          59    101 102 103 104 106 107 108 110 111 112 113 114   
                          116 117 118 121 122 123 124 126 128 129 130 135   
                          137 139 141 143 145 147 201 202 203 204 205 206   
                          207 208 209 210 211 213 214 215 217 218 219 220   
                          221 222 225 226 227 228 230 232 234 236 238       
   visit             5    0 1 2 3 4                                         


                             Parameter Information
 
                           Parameter       Effect

                           Prm1            Intercept
                           Prm2            v        
                           Prm3            trt      
                           Prm4            v*trt    


  Algorithm converged.                                                       


                             GEE Model Information

              Correlation Structure                  Exchangeable
              Within-Subject Effect              visit (5 levels)
              Subject Effect                  subject (59 levels)
              Number of Clusters                               59
              Correlation Matrix Dimension                      5
              Maximum Cluster Size                              5
              Minimum Cluster Size                              5


                  PROC GENMOD, COMPOUND SYMMETRIC CORRELATION                  5

                              The GENMOD Procedure

                        Covariance Matrix (Model-Based)
 
                       Prm1           Prm2           Prm3           Prm4

        Prm1        0.02286        0.01051       -0.02286       -0.01051
        Prm2        0.01051        0.02393       -0.01051       -0.02393
        Prm3       -0.02286       -0.01051        0.04296        0.02132
        Prm4       -0.01051       -0.02393        0.02132        0.04838


                         Covariance Matrix (Empirical)
 
                       Prm1           Prm2           Prm3           Prm4

        Prm1        0.02476      -0.001152       -0.02476       0.001152
        Prm2      -0.001152        0.01348       0.001152       -0.01348
        Prm3       -0.02476       0.001152        0.04922        0.01525
        Prm4       0.001152       -0.01348        0.01525        0.04563


  Algorithm converged.                                                       


                          Working Correlation Matrix
 
                  Col1         Col2         Col3         Col4         Col5

     Row1       1.0000       0.7716       0.7716       0.7716       0.7716
     Row2       0.7716       1.0000       0.7716       0.7716       0.7716
     Row3       0.7716       0.7716       1.0000       0.7716       0.7716
     Row4       0.7716       0.7716       0.7716       1.0000       0.7716
     Row5       0.7716       0.7716       0.7716       0.7716       1.0000


                             Exchangeable Working
                                  Correlation

                          Correlation    0.7715879669


                               GEE Fit Criteria

                             QIC         -659.5869
                             QICu        -668.6570


                      Analysis Of GEE Parameter Estimates
                       Empirical Standard Error Estimates
 
                            Standard   95% Confidence
         Parameter Estimate    Error       Limits            Z Pr > |Z|

         Intercept   1.3476   0.1574   1.0392   1.6560    8.56   <.0001
         v           0.1108   0.1161  -0.1168   0.3383    0.95   0.3399
         trt         0.0265   0.2219  -0.4083   0.4613    0.12   0.9049
                  PROC GENMOD, COMPOUND SYMMETRIC CORRELATION                  6

                              The GENMOD Procedure

                      Analysis Of GEE Parameter Estimates
                       Empirical Standard Error Estimates
 
                            Standard   95% Confidence
         Parameter Estimate    Error       Limits            Z Pr > |Z|

         v*trt      -0.1037   0.2136  -0.5223   0.3150   -0.49   0.6274


                      Analysis Of GEE Parameter Estimates
                      Model-Based Standard Error Estimates
 
                            Standard   95% Confidence
         Parameter Estimate    Error       Limits            Z Pr > |Z|

         Intercept   1.3476   0.1512   1.0513   1.6439    8.91   <.0001
         v           0.1108   0.1547  -0.1924   0.4140    0.72   0.4739
         trt         0.0265   0.2073  -0.3797   0.4328    0.13   0.8982
         v*trt      -0.1037   0.2199  -0.5348   0.3274   -0.47   0.6374
         Scale       4.4388    .        .        .         .      .    
NOTE: The scale parameter for GEE estimation was computed as the square root of 
      the normalized Pearson's chi-square.
                         PROC GENMOD, AR(1) CORRELATION                        7

                              The GENMOD Procedure

                               Model Information

                       Data Set              WORK.SEIZURE
                       Distribution               Poisson
                       Link Function                  Log
                       Dependent Variable           seize
                       Offset Variable               logo


                    Number of Observations Read         295
                    Number of Observations Used         295


                            Class Level Information
 
   Class        Levels    Values

   subject          59    101 102 103 104 106 107 108 110 111 112 113 114   
                          116 117 118 121 122 123 124 126 128 129 130 135   
                          137 139 141 143 145 147 201 202 203 204 205 206   
                          207 208 209 210 211 213 214 215 217 218 219 220   
                          221 222 225 226 227 228 230 232 234 236 238       
   visit             5    0 1 2 3 4                                         


                             Parameter Information
 
                           Parameter       Effect

                           Prm1            Intercept
                           Prm2            v        
                           Prm3            trt      
                           Prm4            v*trt    


  Algorithm converged.                                                       


                             GEE Model Information

              Correlation Structure                         AR(1)
              Within-Subject Effect              visit (5 levels)
              Subject Effect                  subject (59 levels)
              Number of Clusters                               59
              Correlation Matrix Dimension                      5
              Maximum Cluster Size                              5
              Minimum Cluster Size                              5


                         PROC GENMOD, AR(1) CORRELATION                        8

                              The GENMOD Procedure

                        Covariance Matrix (Model-Based)
 
                       Prm1           Prm2           Prm3           Prm4

        Prm1        0.02046       0.007458       -0.02046      -0.007458
        Prm2       0.007458        0.02829      -0.007458       -0.02829
        Prm3       -0.02046      -0.007458        0.03859        0.01571
        Prm4      -0.007458       -0.02829        0.01571        0.05781


                         Covariance Matrix (Empirical)
 
                       Prm1           Prm2           Prm3           Prm4

        Prm1        0.02620      -0.003809       -0.02620       0.003809
        Prm2      -0.003809        0.01248       0.003809       -0.01248
        Prm3       -0.02620       0.003809        0.04494        0.01198
        Prm4       0.003809       -0.01248        0.01198        0.06782


  Algorithm converged.                                                       


                          Working Correlation Matrix
 
                  Col1         Col2         Col3         Col4         Col5

     Row1       1.0000       0.8131       0.6611       0.5375       0.4371
     Row2       0.8131       1.0000       0.8131       0.6611       0.5375
     Row3       0.6611       0.8131       1.0000       0.8131       0.6611
     Row4       0.5375       0.6611       0.8131       1.0000       0.8131
     Row5       0.4371       0.5375       0.6611       0.8131       1.0000


                               GEE Fit Criteria

                             QIC         -643.9651
                             QICu        -652.9142


                      Analysis Of GEE Parameter Estimates
                       Empirical Standard Error Estimates
 
                            Standard   95% Confidence
         Parameter Estimate    Error       Limits            Z Pr > |Z|

         Intercept   1.3119   0.1619   0.9947   1.6292    8.10   <.0001
         v           0.1515   0.1117  -0.0675   0.3704    1.36   0.1751
         trt         0.0188   0.2120  -0.3968   0.4343    0.09   0.9295
         v*trt      -0.1283   0.2604  -0.6388   0.3821   -0.49   0.6222


                         PROC GENMOD, AR(1) CORRELATION                        9

                              The GENMOD Procedure

                      Analysis Of GEE Parameter Estimates
                      Model-Based Standard Error Estimates
 
                            Standard   95% Confidence
         Parameter Estimate    Error       Limits            Z Pr > |Z|

         Intercept   1.3119   0.1430   1.0316   1.5923    9.17   <.0001
         v           0.1515   0.1682  -0.1782   0.4811    0.90   0.3678
         trt         0.0188   0.1965  -0.3663   0.4038    0.10   0.9240
         v*trt      -0.1283   0.2404  -0.5996   0.3429   -0.53   0.5935
         Scale       4.4907    .        .        .         .      .    
NOTE: The scale parameter for GEE estimation was computed as the square root of 
      the normalized Pearson's chi-square.
                           PROC GENMOD, FANCIER MODEL                         10

                              The GENMOD Procedure

                               Model Information

                       Data Set              WORK.SEIZURE
                       Distribution               Poisson
                       Link Function                  Log
                       Dependent Variable           seize
                       Offset Variable               logo


                    Number of Observations Read         295
                    Number of Observations Used         295


                            Class Level Information
 
   Class        Levels    Values

   subject          59    101 102 103 104 106 107 108 110 111 112 113 114   
                          116 117 118 121 122 123 124 126 128 129 130 135   
                          137 139 141 143 145 147 201 202 203 204 205 206   
                          207 208 209 210 211 213 214 215 217 218 219 220   
                          221 222 225 226 227 228 230 232 234 236 238       
   visit             5    0 1 2 3 4                                         


                             Parameter Information
 
                           Parameter       Effect

                           Prm1            Intercept 
                           Prm2            logage    
                           Prm3            v         
                           Prm4            visit4    
                           Prm5            trt       
                           Prm6            v*trt     
                           Prm7            visit4*trt


  Algorithm converged.                                                       


                             GEE Model Information

              Correlation Structure                  Exchangeable
              Within-Subject Effect              visit (5 levels)
              Subject Effect                  subject (59 levels)
              Number of Clusters                               59
              Correlation Matrix Dimension                      5
              Maximum Cluster Size                              5
              Minimum Cluster Size                              5
                           PROC GENMOD, FANCIER MODEL                         11

                              The GENMOD Procedure

                        Covariance Matrix (Model-Based)
 
                       Prm1           Prm2           Prm3           Prm4

        Prm1        1.84022       -0.54969       0.009434       0.001611
        Prm2       -0.54969        0.16616      1.573E-16      5.187E-17
        Prm3       0.009434      1.573E-16        0.02353      -0.004484
        Prm4       0.001611      5.187E-17      -0.004484        0.02557
        Prm5       -0.05639        0.01048      -0.009434      -0.001611
        Prm6      -0.009434      -3.14E-16       -0.02353       0.004484
        Prm7      -0.001611      -9.68E-17       0.004484       -0.02557

                        Covariance Matrix (Model-Based)
 
                              Prm5           Prm6           Prm7

               Prm1       -0.05639      -0.009434      -0.001611
               Prm2        0.01048      -3.14E-16      -9.68E-17
               Prm3      -0.009434       -0.02353       0.004484
               Prm4      -0.001611       0.004484       -0.02557
               Prm5        0.04148        0.01881       0.004952
               Prm6        0.01881        0.04659      -0.006926
               Prm7       0.004952      -0.006926        0.05286


                         Covariance Matrix (Empirical)
 
                       Prm1           Prm2           Prm3           Prm4

        Prm1        1.89112       -0.56789       -0.02420       0.005304
        Prm2       -0.56789        0.17296       0.007388      -0.002098
        Prm3       -0.02420       0.007388        0.01770       -0.01079
        Prm4       0.005304      -0.002098       -0.01079        0.01447
        Prm5        0.01599       -0.01279      0.0002256       0.001503
        Prm6        0.04200       -0.01277       -0.01770        0.01079
        Prm7      -0.002844       0.001354        0.01079       -0.01447

                         Covariance Matrix (Empirical)
 
                              Prm5           Prm6           Prm7

               Prm1        0.01599        0.04200      -0.002844
               Prm2       -0.01279       -0.01277       0.001354
               Prm3      0.0002256       -0.01770        0.01079
               Prm4       0.001503        0.01079       -0.01447
               Prm5        0.04563        0.01614      -0.001859
               Prm6        0.01614        0.05058       -0.01277
               Prm7      -0.001859       -0.01277        0.01681


  Algorithm converged.                                                       
                           PROC GENMOD, FANCIER MODEL                         12

                              The GENMOD Procedure

                          Working Correlation Matrix
 
                  Col1         Col2         Col3         Col4         Col5

     Row1       1.0000       0.7673       0.7673       0.7673       0.7673
     Row2       0.7673       1.0000       0.7673       0.7673       0.7673
     Row3       0.7673       0.7673       1.0000       0.7673       0.7673
     Row4       0.7673       0.7673       0.7673       1.0000       0.7673
     Row5       0.7673       0.7673       0.7673       0.7673       1.0000


                             Exchangeable Working
                                  Correlation

                          Correlation    0.7673380683


                               GEE Fit Criteria

                             QIC         -693.0146
                             QICu        -700.5803


                      Analysis Of GEE Parameter Estimates
                      Empirical Standard Error Estimates
 
                            Standard   95% Confidence
        Parameter  Estimate    Error       Limits            Z Pr > |Z|

        Intercept    4.4254   1.3752   1.7301   7.1207    3.22   0.0013
        logage      -0.9250   0.4159  -1.7401  -0.1099   -2.22   0.0261
        v            0.1351   0.1330  -0.1257   0.3958    1.02   0.3099
        visit4      -0.1009   0.1203  -0.3366   0.1349   -0.84   0.4017
        trt         -0.0264   0.2136  -0.4451   0.3923   -0.12   0.9017
        v*trt       -0.0769   0.2249  -0.5177   0.3639   -0.34   0.7323
        visit4*trt  -0.1210   0.1297  -0.3751   0.1331   -0.93   0.3507


                      Analysis Of GEE Parameter Estimates
                     Model-Based Standard Error Estimates
 
                            Standard   95% Confidence
        Parameter  Estimate    Error       Limits            Z Pr > |Z|

        Intercept    4.4254   1.3565   1.7666   7.0842    3.26   0.0011
        logage      -0.9250   0.4076  -1.7239  -0.1260   -2.27   0.0233
        v            0.1351   0.1534  -0.1656   0.4357    0.88   0.3786
        visit4      -0.1009   0.1599  -0.4143   0.2125   -0.63   0.5282
        trt         -0.0264   0.2037  -0.4256   0.3728   -0.13   0.8969
        v*trt       -0.0769   0.2159  -0.5000   0.3461   -0.36   0.7215
        visit4*trt  -0.1210   0.2299  -0.5716   0.3296   -0.53   0.5987
        Scale        4.3265    .        .        .         .      .    
NOTE: The scale parameter for GEE estimation was computed as the square root of 
      the normalized Pearson's chi-square.
                    PROC GEE, COMPOUND SYMMETRIC CORRELATION                  13

                               The GEE Procedure

                               Model Information

                       Data Set              WORK.SEIZURE
                       Distribution               Poisson
                       Link Function                  Log
                       Dependent Variable           seize
                       Offset Variable               logo


                    Number of Observations Read         295
                    Number of Observations Used         295


                            Class Level Information
 
   Class        Levels    Values

   subject          59    101 102 103 104 106 107 108 110 111 112 113 114   
                          116 117 118 121 122 123 124 126 128 129 130 135   
                          137 139 141 143 145 147 201 202 203 204 205 206   
                          207 208 209 210 211 213 214 215 217 218 219 220   
                          221 222 225 226 227 228 230 232 234 236 238       
   visit             5    0 1 2 3 4                                         


                             Parameter Information
 
                           Parameter       Effect

                           Prm1            Intercept
                           Prm2            v        
                           Prm3            trt      
                           Prm4            v*trt    


                             GEE Model Information

              Correlation Structure                  Exchangeable
              Within-Subject Effect              visit (5 levels)
              Subject Effect                  subject (59 levels)
              Number of Clusters                               59
              Correlation Matrix Dimension                      5
              Maximum Cluster Size                              5
              Minimum Cluster Size                              5


                        Covariance Matrix (Model-Based)
 
                       Prm1           Prm2           Prm3           Prm4

        Prm1        0.02286        0.01051       -0.02286       -0.01051
        Prm2        0.01051        0.02393       -0.01051       -0.02393
        Prm3       -0.02286       -0.01051        0.04296        0.02132
        Prm4       -0.01051       -0.02393        0.02132        0.04838
                    PROC GEE, COMPOUND SYMMETRIC CORRELATION                  14

                               The GEE Procedure

                         Covariance Matrix (Empirical)
 
                       Prm1           Prm2           Prm3           Prm4

        Prm1        0.02476      -0.001152       -0.02476       0.001152
        Prm2      -0.001152        0.01348       0.001152       -0.01348
        Prm3       -0.02476       0.001152        0.04922        0.01525
        Prm4       0.001152       -0.01348        0.01525        0.04563


                           Working Correlation Matrix
 
                  Obs 1        Obs 2        Obs 3        Obs 4        Obs 5

     Obs 1       1.0000       0.7716       0.7716       0.7716       0.7716
     Obs 2       0.7716       1.0000       0.7716       0.7716       0.7716
     Obs 3       0.7716       0.7716       1.0000       0.7716       0.7716
     Obs 4       0.7716       0.7716       0.7716       1.0000       0.7716
     Obs 5       0.7716       0.7716       0.7716       0.7716       1.0000


                              Exchangeable Working
                                  Correlation

                             Correlation     0.7716


                               GEE Fit Criteria

                             QIC         -659.5869
                             QICu        -668.6570


                     Parameter Estimates for Response Model
                         with Empirical Standard Error
 
                            Standard   95% Confidence
         Parameter Estimate    Error       Limits            Z Pr > |Z|

         Intercept   1.3476   0.1574   1.0392   1.6560    8.56   <.0001
         v           0.1108   0.1161  -0.1168   0.3383    0.95   0.3399
         trt         0.0265   0.2219  -0.4083   0.4613    0.12   0.9049
         v*trt      -0.1037   0.2136  -0.5223   0.3150   -0.49   0.6274


                     Parameter Estimates for Response Model
                        with Model-Based Standard Error
 
                            Standard   95% Confidence
         Parameter Estimate    Error       Limits            Z Pr > |Z|

         Intercept   1.3476   0.1512   1.0513   1.6439    8.91   <.0001
         v           0.1108   0.1547  -0.1924   0.4140    0.72   0.4739
         trt         0.0265   0.2073  -0.3797   0.4328    0.13   0.8982
         v*trt      -0.1037   0.2199  -0.5348   0.3274   -0.47   0.6374
                            PROC GEE, FANCIER MODEL                           15

                               The GEE Procedure

                               Model Information

                       Data Set              WORK.SEIZURE
                       Distribution               Poisson
                       Link Function                  Log
                       Dependent Variable           seize
                       Offset Variable               logo


                    Number of Observations Read         295
                    Number of Observations Used         295


                            Class Level Information
 
   Class        Levels    Values

   subject          59    101 102 103 104 106 107 108 110 111 112 113 114   
                          116 117 118 121 122 123 124 126 128 129 130 135   
                          137 139 141 143 145 147 201 202 203 204 205 206   
                          207 208 209 210 211 213 214 215 217 218 219 220   
                          221 222 225 226 227 228 230 232 234 236 238       
   visit             5    0 1 2 3 4                                         


                             Parameter Information
 
                           Parameter       Effect

                           Prm1            Intercept 
                           Prm2            logage    
                           Prm3            v         
                           Prm4            visit4    
                           Prm5            trt       
                           Prm6            v*trt     
                           Prm7            visit4*trt


                             GEE Model Information

              Correlation Structure                  Exchangeable
              Within-Subject Effect              visit (5 levels)
              Subject Effect                  subject (59 levels)
              Number of Clusters                               59
              Correlation Matrix Dimension                      5
              Maximum Cluster Size                              5
              Minimum Cluster Size                              5
                            PROC GEE, FANCIER MODEL                           16

                               The GEE Procedure

                        Covariance Matrix (Model-Based)
 
                       Prm1           Prm2           Prm3           Prm4

        Prm1        1.84022       -0.54969       0.009434       0.001611
        Prm2       -0.54969        0.16616      -3.08E-16      1.864E-16
        Prm3       0.009434      -3.08E-16        0.02353      -0.004484
        Prm4       0.001611      1.864E-16      -0.004484        0.02557
        Prm5       -0.05639        0.01048      -0.009434      -0.001611
        Prm6      -0.009434      4.903E-16       -0.02353       0.004484
        Prm7      -0.001611      -1.52E-16       0.004484       -0.02557

                        Covariance Matrix (Model-Based)
 
                              Prm5           Prm6           Prm7

               Prm1       -0.05639      -0.009434      -0.001611
               Prm2        0.01048      4.903E-16      -1.52E-16
               Prm3      -0.009434       -0.02353       0.004484
               Prm4      -0.001611       0.004484       -0.02557
               Prm5        0.04148        0.01881       0.004952
               Prm6        0.01881        0.04659      -0.006926
               Prm7       0.004952      -0.006926        0.05286


                         Covariance Matrix (Empirical)
 
                       Prm1           Prm2           Prm3           Prm4

        Prm1        1.89112       -0.56789       -0.02420       0.005304
        Prm2       -0.56789        0.17296       0.007388      -0.002098
        Prm3       -0.02420       0.007388        0.01770       -0.01079
        Prm4       0.005304      -0.002098       -0.01079        0.01447
        Prm5        0.01599       -0.01279      0.0002256       0.001503
        Prm6        0.04200       -0.01277       -0.01770        0.01079
        Prm7      -0.002844       0.001354        0.01079       -0.01447

                         Covariance Matrix (Empirical)
 
                              Prm5           Prm6           Prm7

               Prm1        0.01599        0.04200      -0.002844
               Prm2       -0.01279       -0.01277       0.001354
               Prm3      0.0002256       -0.01770        0.01079
               Prm4       0.001503        0.01079       -0.01447
               Prm5        0.04563        0.01614      -0.001859
               Prm6        0.01614        0.05058       -0.01277
               Prm7      -0.001859       -0.01277        0.01681


                            PROC GEE, FANCIER MODEL                           17

                               The GEE Procedure

                           Working Correlation Matrix
 
                  Obs 1        Obs 2        Obs 3        Obs 4        Obs 5

     Obs 1       1.0000       0.7673       0.7673       0.7673       0.7673
     Obs 2       0.7673       1.0000       0.7673       0.7673       0.7673
     Obs 3       0.7673       0.7673       1.0000       0.7673       0.7673
     Obs 4       0.7673       0.7673       0.7673       1.0000       0.7673
     Obs 5       0.7673       0.7673       0.7673       0.7673       1.0000


                              Exchangeable Working
                                  Correlation

                             Correlation     0.7673


                               GEE Fit Criteria

                             QIC         -693.0146
                             QICu        -700.5803


                    Parameter Estimates for Response Model
                         with Empirical Standard Error
 
                            Standard   95% Confidence
        Parameter  Estimate    Error       Limits            Z Pr > |Z|

        Intercept    4.4254   1.3752   1.7301   7.1207    3.22   0.0013
        logage      -0.9250   0.4159  -1.7401  -0.1099   -2.22   0.0261
        v            0.1351   0.1330  -0.1257   0.3958    1.02   0.3099
        visit4      -0.1009   0.1203  -0.3366   0.1349   -0.84   0.4017
        trt         -0.0264   0.2136  -0.4451   0.3923   -0.12   0.9017
        v*trt       -0.0769   0.2249  -0.5177   0.3639   -0.34   0.7323
        visit4*trt  -0.1210   0.1297  -0.3751   0.1331   -0.93   0.3507


                    Parameter Estimates for Response Model
                        with Model-Based Standard Error
 
                            Standard   95% Confidence
        Parameter  Estimate    Error       Limits            Z Pr > |Z|

        Intercept    4.4254   1.3565   1.7666   7.0842    3.26   0.0011
        logage      -0.9250   0.4076  -1.7239  -0.1260   -2.27   0.0233
        v            0.1351   0.1534  -0.1656   0.4357    0.88   0.3786
        visit4      -0.1009   0.1599  -0.4143   0.2125   -0.63   0.5282
        trt         -0.0264   0.2037  -0.4256   0.3728   -0.13   0.8969
        v*trt       -0.0769   0.2159  -0.5000   0.3461   -0.36   0.7215
        visit4*trt  -0.1210   0.2299  -0.5716   0.3296   -0.53   0.5987
                  PROC GLIMMIX, COMPOUND SYMMETRIC CORRELATION                18

                             The GLIMMIX Procedure

                               Model Information

              Data Set                       WORK.SEIZURE        
              Response Variable              seize               
              Response Distribution          Poisson             
              Link Function                  Log                 
              Variance Function              Default             
              Offset Variable                logo                
              Variance Matrix Blocked By     subject             
              Estimation Technique           MPL                 
              Degrees of Freedom Method      Between-Within      
              Fixed Effects SE Adjustment    Sandwich - Classical


                            Class Level Information
 
       Class      Levels    Values

       subject        59    101 102 103 104 106 107 108 110 111 112 113  
                            114 116 117 118 121 122 123 124 126 128 129  
                            130 135 137 139 141 143 145 147 201 202 203  
                            204 205 206 207 208 209 210 211 213 214 215  
                            217 218 219 220 221 222 225 226 227 228 230  
                            232 234 236 238                              
       visit           5    0 1 2 3 4                                    


                    Number of Observations Read         295
                    Number of Observations Used         295


                                   Dimensions

                       R-side Cov. Parameters           2
                       Columns in X                     4
                       Columns in Z per Subject         0
                       Subjects (Blocks in V)          59
                       Max Obs per Subject              5


                           Optimization Information

                Optimization Technique        Dual Quasi-Newton
                Parameters in Optimization    1                
                Lower Boundaries              0                
                Upper Boundaries              0                
                Fixed Effects                 Profiled         
                Residual Variance             Profiled         
                Starting From                 Data             


                  PROC GLIMMIX, COMPOUND SYMMETRIC CORRELATION                19

                             The GLIMMIX Procedure

                               Iteration History
 
                                           Objective                       Max
 Iteration   Restarts   Subiterations       Function         Change   Gradient

         0          0               6   -162.0630581     1.53761682   4.773E-6
         1          0               4   279.28512648     1.31840342   2.221E-8
         2          0               3   579.55561078     2.00000000   0.000023
         3          0               3   714.17690555     0.52411743   1.382E-6
         4          0               2   739.64179682     0.03473868   4.133E-6
         5          0               1   740.58581033     0.00050217   6.884E-6
         6          0               1   740.58747673     0.00000179   1.343E-8
         7          0               0   740.58747673     0.00000000   1.349E-8

              Convergence criterion (PCONV=1.11022E-8) satisfied.       


                                 Fit Statistics

                      -2 Log Pseudo-Likelihood      740.59
                      Generalized Chi-Square       1279.19
                      Gener. Chi-Square / DF          4.34


                 Estimated V Correlation Matrix for subject 101
 
         Row        Col1        Col2        Col3        Col4        Col5

           1      1.0000      0.7769      0.7769      0.7769      0.7769
           2      0.7769      1.0000      0.7769      0.7769      0.7769
           3      0.7769      0.7769      1.0000      0.7769      0.7769
           4      0.7769      0.7769      0.7769      1.0000      0.7769
           5      0.7769      0.7769      0.7769      0.7769      1.0000


                        Covariance Parameter Estimates
 
                                                     Standard
                  Cov Parm    Subject    Estimate       Error

                  CS          subject     15.0993      2.9408
                  Residual                 4.3362      0.3992


                          Solutions for Fixed Effects
 
                                Standard
       Effect       Estimate       Error       DF    t Value    Pr > |t|

       Intercept      1.3476      0.1574       57       8.56      <.0001
       v              0.1108      0.1161      234       0.95      0.3409
       trt           0.02651      0.2219       57       0.12      0.9053
       v*trt         -0.1037      0.2136      234      -0.49      0.6279
                  PROC GLIMMIX, COMPOUND SYMMETRIC CORRELATION                20

                             The GLIMMIX Procedure

                        Type III Tests of Fixed Effects
 
                              Num      Den
                Effect         DF       DF    F Value    Pr > F

                v               1      234       0.91    0.3409
                trt             1       57       0.01    0.9053
                v*trt           1      234       0.24    0.6279


                 Empirical Covariance Matrix for Fixed Effects
 
       Effect        Row        Col1        Col2        Col3        Col4

       Intercept       1     0.02476    -0.00115    -0.02476    0.001152
       v               2    -0.00115     0.01348    0.001152    -0.01348
       trt             3    -0.02476    0.001152     0.04922     0.01525
       v*trt           4    0.001152    -0.01348     0.01525     0.04563
                          PROC GLIMMIX, FANCIER MODEL                         21

                             The GLIMMIX Procedure

                               Model Information

              Data Set                       WORK.SEIZURE        
              Response Variable              seize               
              Response Distribution          Poisson             
              Link Function                  Log                 
              Variance Function              Default             
              Offset Variable                logo                
              Variance Matrix Blocked By     subject             
              Estimation Technique           MPL                 
              Degrees of Freedom Method      Between-Within      
              Fixed Effects SE Adjustment    Sandwich - Classical


                            Class Level Information
 
       Class      Levels    Values

       subject        59    101 102 103 104 106 107 108 110 111 112 113  
                            114 116 117 118 121 122 123 124 126 128 129  
                            130 135 137 139 141 143 145 147 201 202 203  
                            204 205 206 207 208 209 210 211 213 214 215  
                            217 218 219 220 221 222 225 226 227 228 230  
                            232 234 236 238                              
       visit           5    0 1 2 3 4                                    


                    Number of Observations Read         295
                    Number of Observations Used         295


                                   Dimensions

                       R-side Cov. Parameters           2
                       Columns in X                     7
                       Columns in Z per Subject         0
                       Subjects (Blocks in V)          59
                       Max Obs per Subject              5


                           Optimization Information

                Optimization Technique        Dual Quasi-Newton
                Parameters in Optimization    1                
                Lower Boundaries              0                
                Upper Boundaries              0                
                Fixed Effects                 Profiled         
                Residual Variance             Profiled         
                Starting From                 Data             


                          PROC GLIMMIX, FANCIER MODEL                         22

                             The GLIMMIX Procedure

                               Iteration History
 
                                           Objective                       Max
 Iteration   Restarts   Subiterations       Function         Change   Gradient

         0          0               6   -158.8303266     1.52167039   1.437E-7
         1          0               4   278.41088042     0.92877356   1.959E-8
         2          0               3   573.37844607     1.03324151   0.000022
         3          0               1   703.51136375     0.52480355   5.984E-6
         4          0               3   728.33342197     0.04336312   8.842E-6
         5          0               2   729.57775564     0.00159128   1.844E-7
         6          0               1   729.59572421     0.00004594   5.668E-8
         7          0               0    729.5956071     0.00000000   4.827E-6

              Convergence criterion (PCONV=1.11022E-8) satisfied.       


                                 Fit Statistics

                      -2 Log Pseudo-Likelihood      729.60
                      Generalized Chi-Square       1204.40
                      Gener. Chi-Square / DF          4.08


                 Estimated V Correlation Matrix for subject 101
 
         Row        Col1        Col2        Col3        Col4        Col5

           1      1.0000      0.7766      0.7766      0.7766      0.7766
           2      0.7766      1.0000      0.7766      0.7766      0.7766
           3      0.7766      0.7766      1.0000      0.7766      0.7766
           4      0.7766      0.7766      0.7766      1.0000      0.7766
           5      0.7766      0.7766      0.7766      0.7766      1.0000


                        Covariance Parameter Estimates
 
                                                     Standard
                  Cov Parm    Subject    Estimate       Error

                  CS          subject     14.1937      2.7715
                  Residual                 4.0827      0.3761


                          Solutions for Fixed Effects
 
                                 Standard
       Effect        Estimate       Error       DF    t Value    Pr > |t|

       Intercept       4.4503      1.3775       56       3.23      0.0021
       logage         -0.9325      0.4165       56      -2.24      0.0291
       v               0.1351      0.1330      232       1.02      0.3110
       visit4         -0.1009      0.1203      232      -0.84      0.4026
       trt           -0.02687      0.2139       56      -0.13      0.9005
       v*trt         -0.07694      0.2249      232      -0.34      0.7326
                          PROC GLIMMIX, FANCIER MODEL                         23

                             The GLIMMIX Procedure

                          Solutions for Fixed Effects
 
                                 Standard
       Effect        Estimate       Error       DF    t Value    Pr > |t|

       visit4*trt     -0.1210      0.1297      232      -0.93      0.3517


                        Type III Tests of Fixed Effects
 
                               Num      Den
                Effect          DF       DF    F Value    Pr > F

                logage           1       56       5.01    0.0291
                v                1      232       1.03    0.3110
                visit4           1      232       0.70    0.4026
                trt              1       56       0.02    0.9005
                v*trt            1      232       0.12    0.7326
                visit4*trt       1      232       0.87    0.3517


                 Empirical Covariance Matrix for Fixed Effects
 
  Effect       Row      Col1      Col2      Col3      Col4      Col5      Col6

  Intercept      1    1.8975   -0.5697  -0.02327  0.004558   0.01346   0.03839
  logage         2   -0.5697    0.1735  0.007111  -0.00187  -0.01204  -0.01168
  v              3  -0.02327  0.007111   0.01770  -0.01079  0.000200  -0.01770
  visit4         4  0.004558  -0.00187  -0.01079   0.01447  0.001522   0.01079
  trt            5   0.01346  -0.01204  0.000200  0.001522   0.04574   0.01622
  v*trt          6   0.03839  -0.01168  -0.01770   0.01079   0.01622   0.05058
  visit4*trt     7  -0.00194  0.001083   0.01079  -0.01447  -0.00188  -0.01277

                              Empirical Covariance
                            Matrix for Fixed Effects
 
                           Effect       Row      Col7

                           Intercept      1  -0.00194
                           logage         2  0.001083
                           v              3   0.01079
                           visit4         4  -0.01447
                           trt            5  -0.00188
                           v*trt          6  -0.01277
                           visit4*trt     7   0.01681
