           COVARIATES, NO RANDOM EFFECT FOR HALF LIFE OR GROWTH RATE           1

                             The NLMIXED Procedure

                                 Specifications

        Data Set                                    WORK.SOY            
        Dependent Variable                          lwt                 
        Distribution for Dependent Variable         Normal              
        Random Effects                              b1                  
        Distribution for Random Effects             Normal              
        Subject Variable                            plot                
        Optimization Technique                      Dual Quasi-Newton   
        Integration Method                          Adaptive Gaussian   
                                                    Quadrature          


                                   Dimensions

                    Observations Used                    412
                    Observations Not Used                  0
                    Total Observations                   412
                    Subjects                              48
                    Max Obs per Subject                   10
                    Parameters                            21
                    Quadrature Points                      3


                               Initial Parameters
 
   beta11    beta12    beta13    beta14    beta15    beta16    beta21    beta22

       20        20        20        20        20        20        50        50

                               Initial Parameters
 
   beta23    beta24    beta25    beta26    beta31    beta32    beta33    beta34

       50        50        50        50     0.125     0.125     0.125     0.125

                               Initial Parameters
 
                                                                   Negative
                                                                        Log
       beta35      beta36         s12          s2       delta    Likelihood

        0.125       0.125           1        0.04           1    931.387853


           COVARIATES, NO RANDOM EFFECT FOR HALF LIFE OR GROWTH RATE           2

                             The NLMIXED Procedure

                                Iteration History
 
                            Negative
                                 Log                   Maximum
      Iteration Calls     Likelihood    Difference    Gradient       Slope

             1      7       508.3704      423.0175     2982.06    -2405687
             2      9       483.7864      24.58401     2945.37    -158.512
             3     11       456.3761      27.41024     1329.85    -80.2403
             4     14       448.3157        8.0604     677.697    -31.1312
             5     16       445.7695      2.546221     404.104    -4.34999
             6     19       443.9372      1.832259     724.628    -3.37809
             7     21       440.7905      3.146742     658.929    -3.58988
             8     24       439.5252      1.265296     273.111    -4.10516
             9     27       439.2245      0.300673     150.305    -0.88853
            10     29       439.0174      0.207075     290.173    -0.43875
            11     33       437.8835      1.133959     422.969    -0.85240
            12     37       435.6479      2.235569     643.465    -2.01815
            13     39       434.7896      0.858363     405.120    -3.39792
            14     41       433.9947      0.794875     285.150    -1.91775
            15     44       433.8624      0.132322     70.1121    -0.54117
            16     47       433.8383      0.024103     18.4609    -0.06760
            17     50       433.8330      0.005211     25.4836    -0.00762
            18     54       433.7551      0.077969     129.482    -0.00909
            19     58       432.9314      0.823663     460.966    -0.20702
            20     64       413.5055      19.42594     2815.89    -2.44814
            21     68       340.5709      72.93456     1009.10    -39.0546
            22     73       330.8246      9.746302     1259.89    -15.1166
            23     75       320.8233      10.00136     357.332    -48.2813
            24     78       320.0939      0.729342     53.7335    -1.51201
            25     81       320.0136      0.080349     81.9884    -0.15956
            26     84       319.9773      0.036236     51.6424    -0.05554
            27     87       319.9660      0.011282     6.23890    -0.01351
            28     90       319.9648      0.001259     5.74373    -0.00134
            29     94       319.9621      0.002722     28.8761    -0.00056
            30     98       319.9268       0.03526     70.0279    -0.00429
            31    104       316.7673       3.15948     654.640    -0.06041
            32    108       307.3191      9.448212     287.805    -4.04608
            33    111       305.9147      1.404397     68.4155    -2.24146
            34    114       305.8565      0.058191     26.7344    -0.15081
            35    117       305.8516      0.004938     3.07745    -0.01018
            36    120       305.8512      0.000375     3.13719    -0.00032
            37    126       305.8407      0.010473     49.8067    -0.00040
            38    132       305.4998      0.340971     205.534    -0.01862
            39    138       296.6475      8.852228     921.452    -0.63158
            40    141       292.3632      4.284323     300.306    -9.39267
            41    144       292.0655      0.297741     78.8668    -0.74487
            42    147       292.0254      0.040052     16.2092    -0.08470
            43    150       292.0244      0.000993     5.34927    -0.00288
            44    153       292.0242      0.000226     1.61494    -0.00041
           COVARIATES, NO RANDOM EFFECT FOR HALF LIFE OR GROWTH RATE           3

                             The NLMIXED Procedure

                                Iteration History
 
                            Negative
                                 Log                   Maximum
      Iteration Calls     Likelihood    Difference    Gradient       Slope

            45    156       292.0241      0.000117     2.45711    -0.00010
            46    162       292.0207       0.00335     21.1879    -0.00032
            47    168       291.8990      0.121697     215.343    -0.00787
            48    172       290.5237      1.375302     194.176    -0.24045
            49    175       290.2095      0.314268     24.5084    -0.75405
            50    178       290.1804      0.029049     24.0962    -0.07582
            51    181       290.1766      0.003787     1.87981    -0.00815
            52    184       290.1766      0.000028     0.84435    -0.00004
            53    188       290.1762      0.000377     8.09709    -0.00002
            54    194       290.1376      0.038659     87.4492    -0.00081
            55    198       289.9408      0.196765     55.0831    -0.07289
            56    201       289.9180      0.022825     9.18890    -0.05230
            57    204       289.9174      0.000587     1.72381    -0.00145
            58    207       289.9174      0.000036     0.22574    -0.00007
            59    210       289.9173      6.275E-6     0.70230    -2.45E-6


                  NOTE: GCONV convergence criterion satisfied.          


                                 Fit Statistics

                    -2 Log Likelihood                  579.8
                    AIC (smaller is better)            621.8
                    AICC (smaller is better)           624.2
                    BIC (smaller is better)            661.1


                              Parameter Estimates
 
                     Standard                         95% Confidence
  Parameter Estimate    Error   DF t Value Pr > |t|       Limits      Gradient

  beta11     18.9112   1.0943   47   17.28   <.0001  16.7098  21.1125  0.13777
  beta12     21.4798   1.1514   47   18.66   <.0001  19.1636  23.7961 -0.06496
  beta13     10.5131   0.6604   47   15.92   <.0001   9.1845  11.8417 -0.05551
  beta14     18.2351   0.9599   47   19.00   <.0001  16.3040  20.1662 -0.00628
  beta15     16.1696   0.9606   47   16.83   <.0001  14.2370  18.1021 0.097035
  beta16     17.5156   0.9823   47   17.83   <.0001  15.5394  19.4918  0.13270
  beta21     54.3365   1.0493   47   51.78   <.0001  52.2255  56.4475 -0.01616
  beta22     54.0371   1.0053   47   53.75   <.0001  52.0146  56.0596  0.10138
  beta23     52.1123   0.9297   47   56.05   <.0001  50.2419  53.9827 0.028476
  beta24     51.6958   0.9816   47   52.67   <.0001  49.7210  53.6705  0.22233
  beta25     49.7879   1.1459   47   43.45   <.0001  47.4827  52.0932  0.21888
  beta26     48.4385   1.0237   47   47.32   <.0001  46.3791  50.4979  0.16863
           COVARIATES, NO RANDOM EFFECT FOR HALF LIFE OR GROWTH RATE           4

                             The NLMIXED Procedure

                              Parameter Estimates
 
                     Standard                         95% Confidence
  Parameter Estimate    Error   DF t Value Pr > |t|       Limits      Gradient

  beta31      0.1256 0.003512   47   35.77   <.0001   0.1186   0.1327 -0.45567
  beta32      0.1234 0.003304   47   37.36   <.0001   0.1168   0.1301  0.58158
  beta33      0.1421 0.003991   47   35.61   <.0001   0.1341   0.1502  0.70230
  beta34      0.1379 0.004283   47   32.20   <.0001   0.1293   0.1465 -0.45453
  beta35      0.1354 0.005606   47   24.16   <.0001   0.1242   0.1467  0.26376
  beta36      0.1344 0.004938   47   27.22   <.0001   0.1245   0.1444  0.17739
  s12         1.4213   0.5481   47    2.59   0.0126   0.3186   2.5239 -0.09185
  s2         0.04550 0.004092   47   11.12   <.0001  0.03727  0.05374 -0.11640
  delta       0.9459  0.02846   47   33.23   <.0001   0.8886   1.0032 -0.02651
