                                 The SAS System                                1

            Obs    child      city      i    age    smoke    wheeze

              1      1      portage     1      9      0         1  
              2      1      portage     2     10      0         1  
              3      1      portage     3     11      0         1  
              4      1      portage     4     12      0         0  
              5      2      kingston    1      9      1         1  
              6      2      kingston    2     10      2         1  
              7      2      kingston    3     11      2         0  
              8      2      kingston    4     12      2         0  
              9      3      kingston    1      9      0         1  
             10      3      kingston    2     10      0         0  
                     PROC GENMOD, UNSTRUCTURED CORRELATION                     2

                              The GENMOD Procedure

                               Model Information

                       Data Set              WORK.WHEEZE
                       Distribution             Binomial
                       Link Function               Logit
                       Dependent Variable         wheeze


                    Number of Observations Read         100
                    Number of Observations Used         100
                    Number of Events                     29
                    Number of Trials                    100


                            Class Level Information
 
    Class      Levels    Values

    child          32    1 2 3 4 5 6 7 8 9 10 11 12 13 14 15 16 17 18 19 20
                         21 22 23 24 25 26 27 28 29 30 31 32               
    city            2    kingston portage                                  
    smoke           3    0 1 2                                             
    time            4    9 10 11 12                                        


                                Response Profile
 
                         Ordered                  Total
                           Value    wheeze    Frequency

                               1    1                29
                               2    0                71

PROC GENMOD is modeling the probability that wheeze='1'.


                             Parameter Information
 
                 Parameter       Effect       city        smoke

                 Prm1            Intercept                     
                 Prm2            city         kingston         
                 Prm3            city         portage          
                 Prm4            smoke                    0    
                 Prm5            smoke                    1    
                 Prm6            smoke                    2    


  Algorithm converged.                                                       


                             GEE Model Information

               Correlation Structure                Unstructured
               Within-Subject Effect             time (4 levels)
                     PROC GENMOD, UNSTRUCTURED CORRELATION                     3

                              The GENMOD Procedure

                             GEE Model Information

               Subject Effect                  child (32 levels)
               Number of Clusters                             32
               Correlation Matrix Dimension                    4
               Maximum Cluster Size                            4
               Minimum Cluster Size                            1


                        Covariance Matrix (Model-Based)
 
                       Prm1           Prm2           Prm4           Prm5

        Prm1        0.25733       -0.09887       -0.19993       -0.18313
        Prm2       -0.09887        0.22799       -0.02525       -0.02022
        Prm4       -0.19993       -0.02525        0.36412        0.20072
        Prm5       -0.18313       -0.02022        0.20072        0.27654


                         Covariance Matrix (Empirical)
 
                       Prm1           Prm2           Prm4           Prm5

        Prm1        0.19295       -0.05378       -0.16907       -0.23162
        Prm2       -0.05378        0.21935       -0.03901       -0.06092
        Prm4       -0.16907       -0.03901        0.32007        0.30071
        Prm5       -0.23162       -0.06092        0.30071        0.46706


  Algorithm converged.                                                       


                           Working Correlation Matrix
 
                         Col1         Col2         Col3         Col4

            Row1       1.0000       0.1967       0.1807      -0.1604
            Row2       0.1967       1.0000       0.5531      -0.1131
            Row3       0.1807       0.5531       1.0000       0.2524
            Row4      -0.1604      -0.1131       0.2524       1.0000


                               GEE Fit Criteria

                             QIC          127.7149
                             QICu         127.1581


                     PROC GENMOD, UNSTRUCTURED CORRELATION                     4

                              The GENMOD Procedure

                      Analysis Of GEE Parameter Estimates
                      Empirical Standard Error Estimates
 
                                Standard   95% Confidence
    Parameter          Estimate    Error       Limits            Z Pr > |Z|

    Intercept           -0.6197   0.4393  -1.4806   0.2413   -1.41   0.1583
    city      kingston   0.3126   0.4683  -0.6053   1.2306    0.67   0.5044
    city      portage    0.0000   0.0000   0.0000   0.0000     .      .    
    smoke     0         -0.3851   0.5657  -1.4940   0.7237   -0.68   0.4960
    smoke     1         -0.4098   0.6834  -1.7493   0.9296   -0.60   0.5487
    smoke     2          0.0000   0.0000   0.0000   0.0000     .      .    


                      Analysis Of GEE Parameter Estimates
                     Model-Based Standard Error Estimates
 
                                Standard   95% Confidence
    Parameter          Estimate    Error       Limits            Z Pr > |Z|

    Intercept           -0.6197   0.5073  -1.6139   0.3745   -1.22   0.2219
    city      kingston   0.3126   0.4775  -0.6232   1.2485    0.65   0.5126
    city      portage    0.0000   0.0000   0.0000   0.0000     .      .    
    smoke     0         -0.3851   0.6034  -1.5678   0.7976   -0.64   0.5233
    smoke     1         -0.4098   0.5259  -1.4405   0.6209   -0.78   0.4358
    smoke     2          0.0000   0.0000   0.0000   0.0000     .      .    
    Scale                1.0000    .        .        .         .      .    
NOTE: The scale parameter was held fixed.
                           PROC GENMOD, INDEPENDENCE                           5

                              The GENMOD Procedure

                               Model Information

                       Data Set              WORK.WHEEZE
                       Distribution             Binomial
                       Link Function               Logit
                       Dependent Variable         wheeze


                    Number of Observations Read         100
                    Number of Observations Used         100
                    Number of Events                     29
                    Number of Trials                    100


                            Class Level Information
 
    Class      Levels    Values

    child          32    1 2 3 4 5 6 7 8 9 10 11 12 13 14 15 16 17 18 19 20
                         21 22 23 24 25 26 27 28 29 30 31 32               
    city            2    kingston portage                                  
    smoke           3    0 1 2                                             
    time            4    9 10 11 12                                        


                                Response Profile
 
                         Ordered                  Total
                           Value    wheeze    Frequency

                               1    1                29
                               2    0                71

PROC GENMOD is modeling the probability that wheeze='1'.


                             Parameter Information
 
                 Parameter       Effect       city        smoke

                 Prm1            Intercept                     
                 Prm2            city         kingston         
                 Prm3            city         portage          
                 Prm4            smoke                    0    
                 Prm5            smoke                    1    
                 Prm6            smoke                    2    


  Algorithm converged.                                                       


                             GEE Model Information

               Correlation Structure                 Independent
               Within-Subject Effect             time (4 levels)
                           PROC GENMOD, INDEPENDENCE                           6

                              The GENMOD Procedure

                             GEE Model Information

               Subject Effect                  child (32 levels)
               Number of Clusters                             32
               Correlation Matrix Dimension                    4
               Maximum Cluster Size                            4
               Minimum Cluster Size                            1


                        Covariance Matrix (Model-Based)
 
                       Prm1           Prm2           Prm4           Prm5

        Prm1        0.27930       -0.08455       -0.23394       -0.23607
        Prm2       -0.08455        0.20064       -0.02309       -0.01805
        Prm4       -0.23394       -0.02309        0.37931        0.24575
        Prm5       -0.23607       -0.01805        0.24575        0.36353


                         Covariance Matrix (Empirical)
 
                       Prm1           Prm2           Prm4           Prm5

        Prm1        0.16543       -0.10279       -0.10821       -0.19139
        Prm2       -0.10279        0.25919       -0.02956       0.008931
        Prm4       -0.10821       -0.02956        0.32567        0.22125
        Prm5       -0.19139       0.008931        0.22125        0.40098


  Algorithm converged.                                                       


                               GEE Fit Criteria

                             QIC          127.3540
                             QICu         125.9994


                      Analysis Of GEE Parameter Estimates
                      Empirical Standard Error Estimates
 
                                Standard   95% Confidence
    Parameter          Estimate    Error       Limits            Z Pr > |Z|

    Intercept           -0.4559   0.4067  -1.2531   0.3413   -1.12   0.2623
    city      kingston   0.2382   0.5091  -0.7597   1.2360    0.47   0.6399
    city      portage    0.0000   0.0000   0.0000   0.0000     .      .    
    smoke     0         -0.4494   0.5707  -1.5679   0.6691   -0.79   0.4310
    smoke     1         -0.8751   0.6332  -2.1162   0.3660   -1.38   0.1670
    smoke     2          0.0000   0.0000   0.0000   0.0000     .      .    


                           PROC GENMOD, INDEPENDENCE                           7

                              The GENMOD Procedure

                      Analysis Of GEE Parameter Estimates
                     Model-Based Standard Error Estimates
 
                                Standard   95% Confidence
    Parameter          Estimate    Error       Limits            Z Pr > |Z|

    Intercept           -0.4559   0.5285  -1.4917   0.5799   -0.86   0.3883
    city      kingston   0.2382   0.4479  -0.6398   1.1161    0.53   0.5950
    city      portage    0.0000   0.0000   0.0000   0.0000     .      .    
    smoke     0         -0.4494   0.6159  -1.6565   0.7577   -0.73   0.4656
    smoke     1         -0.8751   0.6029  -2.0568   0.3067   -1.45   0.1467
    smoke     2          0.0000   0.0000   0.0000   0.0000     .      .    
    Scale                1.0000    .        .        .         .      .    
NOTE: The scale parameter was held fixed.
           PROC GENMOD, COMPOUND SYMMETRY (EXCHANGEABLE) CORRELATION           8

                              The GENMOD Procedure

                               Model Information

                       Data Set              WORK.WHEEZE
                       Distribution             Binomial
                       Link Function               Logit
                       Dependent Variable         wheeze


                    Number of Observations Read         100
                    Number of Observations Used         100
                    Number of Events                     29
                    Number of Trials                    100


                            Class Level Information
 
    Class      Levels    Values

    child          32    1 2 3 4 5 6 7 8 9 10 11 12 13 14 15 16 17 18 19 20
                         21 22 23 24 25 26 27 28 29 30 31 32               
    city            2    kingston portage                                  
    smoke           3    0 1 2                                             
    time            4    9 10 11 12                                        


                                Response Profile
 
                         Ordered                  Total
                           Value    wheeze    Frequency

                               1    1                29
                               2    0                71

PROC GENMOD is modeling the probability that wheeze='1'.


                             Parameter Information
 
                 Parameter       Effect       city        smoke

                 Prm1            Intercept                     
                 Prm2            city         kingston         
                 Prm3            city         portage          
                 Prm4            smoke                    0    
                 Prm5            smoke                    1    
                 Prm6            smoke                    2    


  Algorithm converged.                                                       


                             GEE Model Information

               Correlation Structure                Exchangeable
               Within-Subject Effect             time (4 levels)
           PROC GENMOD, COMPOUND SYMMETRY (EXCHANGEABLE) CORRELATION           9

                              The GENMOD Procedure

                             GEE Model Information

               Subject Effect                  child (32 levels)
               Number of Clusters                             32
               Correlation Matrix Dimension                    4
               Maximum Cluster Size                            4
               Minimum Cluster Size                            1


                        Covariance Matrix (Model-Based)
 
                       Prm1           Prm2           Prm4           Prm5

        Prm1        0.30777       -0.11319       -0.24502       -0.22930
        Prm2       -0.11319        0.25956       -0.02313       -0.01878
        Prm4       -0.24502       -0.02313        0.40717        0.24963
        Prm5       -0.22930       -0.01878        0.24963        0.35226


                         Covariance Matrix (Empirical)
 
                       Prm1           Prm2           Prm4           Prm5

        Prm1        0.20021       -0.08869       -0.15237       -0.23871
        Prm2       -0.08869        0.24782       -0.03222      -0.005869
        Prm4       -0.15237       -0.03222        0.33433        0.28719
        Prm5       -0.23871      -0.005869        0.28719        0.45634


  Algorithm converged.                                                       


                           Working Correlation Matrix
 
                         Col1         Col2         Col3         Col4

            Row1       1.0000       0.1251       0.1251       0.1251
            Row2       0.1251       1.0000       0.1251       0.1251
            Row3       0.1251       0.1251       1.0000       0.1251
            Row4       0.1251       0.1251       0.1251       1.0000


                             Exchangeable Working
                                  Correlation

                          Correlation    0.1251298267


                               GEE Fit Criteria

                             QIC          126.9887
                             QICu         126.0091
           PROC GENMOD, COMPOUND SYMMETRY (EXCHANGEABLE) CORRELATION          10

                              The GENMOD Procedure

                      Analysis Of GEE Parameter Estimates
                      Empirical Standard Error Estimates
 
                                Standard   95% Confidence
    Parameter          Estimate    Error       Limits            Z Pr > |Z|

    Intercept           -0.4771   0.4475  -1.3541   0.3999   -1.07   0.2863
    city      kingston   0.2456   0.4978  -0.7301   1.2213    0.49   0.6217
    city      portage    0.0000   0.0000   0.0000   0.0000     .      .    
    smoke     0         -0.4006   0.5782  -1.5338   0.7327   -0.69   0.4885
    smoke     1         -0.8492   0.6755  -2.1732   0.4748   -1.26   0.2087
    smoke     2          0.0000   0.0000   0.0000   0.0000     .      .    


                      Analysis Of GEE Parameter Estimates
                     Model-Based Standard Error Estimates
 
                                Standard   95% Confidence
    Parameter          Estimate    Error       Limits            Z Pr > |Z|

    Intercept           -0.4771   0.5548  -1.5644   0.6102   -0.86   0.3898
    city      kingston   0.2456   0.5095  -0.7529   1.2442    0.48   0.6297
    city      portage    0.0000   0.0000   0.0000   0.0000     .      .    
    smoke     0         -0.4006   0.6381  -1.6512   0.8501   -0.63   0.5302
    smoke     1         -0.8492   0.5935  -2.0125   0.3141   -1.43   0.1525
    smoke     2          0.0000   0.0000   0.0000   0.0000     .      .    
    Scale                1.0000    .        .        .         .      .    
NOTE: The scale parameter was held fixed.
                         PROC GENMOD, AR(1) CORRELATION                       11

                              The GENMOD Procedure

                               Model Information

                       Data Set              WORK.WHEEZE
                       Distribution             Binomial
                       Link Function               Logit
                       Dependent Variable         wheeze


                    Number of Observations Read         100
                    Number of Observations Used         100
                    Number of Events                     29
                    Number of Trials                    100


                            Class Level Information
 
    Class      Levels    Values

    child          32    1 2 3 4 5 6 7 8 9 10 11 12 13 14 15 16 17 18 19 20
                         21 22 23 24 25 26 27 28 29 30 31 32               
    city            2    kingston portage                                  
    smoke           3    0 1 2                                             
    time            4    9 10 11 12                                        


                                Response Profile
 
                         Ordered                  Total
                           Value    wheeze    Frequency

                               1    1                29
                               2    0                71

PROC GENMOD is modeling the probability that wheeze='1'.


                             Parameter Information
 
                 Parameter       Effect       city        smoke

                 Prm1            Intercept                     
                 Prm2            city         kingston         
                 Prm3            city         portage          
                 Prm4            smoke                    0    
                 Prm5            smoke                    1    
                 Prm6            smoke                    2    


  Algorithm converged.                                                       


                             GEE Model Information

               Correlation Structure                       AR(1)
               Within-Subject Effect             time (4 levels)
                         PROC GENMOD, AR(1) CORRELATION                       12

                              The GENMOD Procedure

                             GEE Model Information

               Subject Effect                  child (32 levels)
               Number of Clusters                             32
               Correlation Matrix Dimension                    4
               Maximum Cluster Size                            4
               Minimum Cluster Size                            1


                        Covariance Matrix (Model-Based)
 
                       Prm1           Prm2           Prm4           Prm5

        Prm1        0.31680       -0.12039       -0.24953       -0.22783
        Prm2       -0.12039        0.27022       -0.02180       -0.01881
        Prm4       -0.24953       -0.02180        0.42144        0.24916
        Prm5       -0.22783       -0.01881        0.24916        0.34094


                         Covariance Matrix (Empirical)
 
                       Prm1           Prm2           Prm4           Prm5

        Prm1        0.22402       -0.08293       -0.18320       -0.26011
        Prm2       -0.08293        0.23368       -0.02015      -0.007078
        Prm4       -0.18320       -0.02015        0.34711        0.30564
        Prm5       -0.26011      -0.007078        0.30564        0.45771


  Algorithm converged.                                                       


                           Working Correlation Matrix
 
                         Col1         Col2         Col3         Col4

            Row1       1.0000       0.2740       0.0751       0.0206
            Row2       0.2740       1.0000       0.2740       0.0751
            Row3       0.0751       0.2740       1.0000       0.2740
            Row4       0.0206       0.0751       0.2740       1.0000


                               GEE Fit Criteria

                             QIC          126.8995
                             QICu         126.1519


                         PROC GENMOD, AR(1) CORRELATION                       13

                              The GENMOD Procedure

                      Analysis Of GEE Parameter Estimates
                      Empirical Standard Error Estimates
 
                                Standard   95% Confidence
    Parameter          Estimate    Error       Limits            Z Pr > |Z|

    Intercept           -0.5442   0.4733  -1.4719   0.3835   -1.15   0.2502
    city      kingston   0.2755   0.4834  -0.6720   1.2230    0.57   0.5687
    city      portage    0.0000   0.0000   0.0000   0.0000     .      .    
    smoke     0         -0.3776   0.5892  -1.5323   0.7771   -0.64   0.5216
    smoke     1         -0.6861   0.6765  -2.0121   0.6399   -1.01   0.3105
    smoke     2          0.0000   0.0000   0.0000   0.0000     .      .    


                      Analysis Of GEE Parameter Estimates
                     Model-Based Standard Error Estimates
 
                                Standard   95% Confidence
    Parameter          Estimate    Error       Limits            Z Pr > |Z|

    Intercept           -0.5442   0.5629  -1.6474   0.5590   -0.97   0.3336
    city      kingston   0.2755   0.5198  -0.7433   1.2943    0.53   0.5961
    city      portage    0.0000   0.0000   0.0000   0.0000     .      .    
    smoke     0         -0.3776   0.6492  -1.6500   0.8948   -0.58   0.5608
    smoke     1         -0.6861   0.5839  -1.8305   0.4583   -1.18   0.2400
    smoke     2          0.0000   0.0000   0.0000   0.0000     .      .    
    Scale                1.0000    .        .        .         .      .    
NOTE: The scale parameter was held fixed.
                             PROC GEE, INDEPENDENCE                           14

                               The GEE Procedure

                               Model Information

                       Data Set              WORK.WHEEZE
                       Distribution             Binomial
                       Link Function               Logit
                       Dependent Variable         wheeze


                    Number of Observations Read         100
                    Number of Observations Used         100
                    Number of Events                     29
                    Number of Trials                    100


                            Class Level Information
 
    Class      Levels    Values

    child          32    1 2 3 4 5 6 7 8 9 10 11 12 13 14 15 16 17 18 19 20
                         21 22 23 24 25 26 27 28 29 30 31 32               
    city            2    kingston portage                                  
    smoke           3    0 1 2                                             
    time            4    9 10 11 12                                        


                                Response Profile
 
                         Ordered                  Total
                           Value    wheeze    Frequency

                               1    1                29
                               2    0                71

             PROC GEE is modeling the probability that wheeze='1'.


                             Parameter Information
 
                 Parameter       Effect       city        smoke

                 Prm1            Intercept                     
                 Prm2            city         kingston         
                 Prm3            city         portage          
                 Prm4            smoke                    0    
                 Prm5            smoke                    1    
                 Prm6            smoke                    2    


                             GEE Model Information

               Correlation Structure                 Independent
               Within-Subject Effect             time (4 levels)
               Subject Effect                  child (32 levels)
               Number of Clusters                             32
               Clusters With Missing Values                   14
                             PROC GEE, INDEPENDENCE                           15

                               The GEE Procedure

                             GEE Model Information

               Correlation Matrix Dimension                    4
               Maximum Cluster Size                            4
               Minimum Cluster Size                            1


                        Covariance Matrix (Model-Based)
 
                       Prm1           Prm2           Prm4           Prm5

        Prm1        0.27930       -0.08455       -0.23394       -0.23607
        Prm2       -0.08455        0.20064       -0.02309       -0.01805
        Prm4       -0.23394       -0.02309        0.37931        0.24575
        Prm5       -0.23607       -0.01805        0.24575        0.36353


                         Covariance Matrix (Empirical)
 
                       Prm1           Prm2           Prm4           Prm5

        Prm1        0.16543       -0.10279       -0.10821       -0.19139
        Prm2       -0.10279        0.25919       -0.02956       0.008931
        Prm4       -0.10821       -0.02956        0.32567        0.22125
        Prm5       -0.19139       0.008931        0.22125        0.40098


                               GEE Fit Criteria

                             QIC          127.3540
                             QICu         125.9994


                    Parameter Estimates for Response Model
                         with Empirical Standard Error
 
                                Standard   95% Confidence
    Parameter          Estimate    Error       Limits            Z Pr > |Z|

    Intercept           -0.4559   0.4067  -1.2531   0.3413   -1.12   0.2623
    city      kingston   0.2382   0.5091  -0.7597   1.2360    0.47   0.6399
    city      portage    0.0000   0.0000   0.0000   0.0000     .      .    
    smoke     0         -0.4494   0.5707  -1.5679   0.6691   -0.79   0.4310
    smoke     1         -0.8751   0.6332  -2.1162   0.3660   -1.38   0.1670
    smoke     2          0.0000   0.0000   0.0000   0.0000     .      .    


                    Parameter Estimates for Response Model
                        with Model-Based Standard Error
 
                                Standard   95% Confidence
    Parameter          Estimate    Error       Limits            Z Pr > |Z|

    Intercept           -0.4559   0.5285  -1.4917   0.5799   -0.86   0.3883
    city      kingston   0.2382   0.4479  -0.6398   1.1161    0.53   0.5950
                             PROC GEE, INDEPENDENCE                           16

                               The GEE Procedure

                    Parameter Estimates for Response Model
                        with Model-Based Standard Error
 
                                Standard   95% Confidence
    Parameter          Estimate    Error       Limits            Z Pr > |Z|

    city      portage    0.0000   0.0000   0.0000   0.0000     .      .    
    smoke     0         -0.4494   0.6159  -1.6565   0.7577   -0.73   0.4656
    smoke     1         -0.8751   0.6029  -2.0568   0.3067   -1.45   0.1467
    smoke     2          0.0000   0.0000   0.0000   0.0000     .      .    
             PROC GEE, COMPOUND SYMMETRY (EXCHANGEABLE) CORRELATION           17

                               The GEE Procedure

                               Model Information

                       Data Set              WORK.WHEEZE
                       Distribution             Binomial
                       Link Function               Logit
                       Dependent Variable         wheeze


                    Number of Observations Read         100
                    Number of Observations Used         100
                    Number of Events                     29
                    Number of Trials                    100


                            Class Level Information
 
    Class      Levels    Values

    child          32    1 2 3 4 5 6 7 8 9 10 11 12 13 14 15 16 17 18 19 20
                         21 22 23 24 25 26 27 28 29 30 31 32               
    city            2    kingston portage                                  
    smoke           3    0 1 2                                             
    time            4    9 10 11 12                                        


                                Response Profile
 
                         Ordered                  Total
                           Value    wheeze    Frequency

                               1    1                29
                               2    0                71

             PROC GEE is modeling the probability that wheeze='1'.


                             Parameter Information
 
                 Parameter       Effect       city        smoke

                 Prm1            Intercept                     
                 Prm2            city         kingston         
                 Prm3            city         portage          
                 Prm4            smoke                    0    
                 Prm5            smoke                    1    
                 Prm6            smoke                    2    


                             GEE Model Information

               Correlation Structure                Exchangeable
               Within-Subject Effect             time (4 levels)
               Subject Effect                  child (32 levels)
               Number of Clusters                             32
               Clusters With Missing Values                   14
             PROC GEE, COMPOUND SYMMETRY (EXCHANGEABLE) CORRELATION           18

                               The GEE Procedure

                             GEE Model Information

               Correlation Matrix Dimension                    4
               Maximum Cluster Size                            4
               Minimum Cluster Size                            1


                        Covariance Matrix (Model-Based)
 
                       Prm1           Prm2           Prm4           Prm5

        Prm1        0.30777       -0.11319       -0.24502       -0.22930
        Prm2       -0.11319        0.25956       -0.02313       -0.01878
        Prm4       -0.24502       -0.02313        0.40717        0.24963
        Prm5       -0.22930       -0.01878        0.24963        0.35226


                         Covariance Matrix (Empirical)
 
                       Prm1           Prm2           Prm4           Prm5

        Prm1        0.20021       -0.08869       -0.15237       -0.23871
        Prm2       -0.08869        0.24782       -0.03222      -0.005869
        Prm4       -0.15237       -0.03222        0.33433        0.28719
        Prm5       -0.23871      -0.005869        0.28719        0.45634


                          Working Correlation Matrix
 
                        Obs 1        Obs 2        Obs 3        Obs 4

           Obs 1       1.0000       0.1251       0.1251       0.1251
           Obs 2       0.1251       1.0000       0.1251       0.1251
           Obs 3       0.1251       0.1251       1.0000       0.1251
           Obs 4       0.1251       0.1251       0.1251       1.0000


                              Exchangeable Working
                                  Correlation

                             Correlation     0.1251


                               GEE Fit Criteria

                             QIC          126.9887
                             QICu         126.0091


             PROC GEE, COMPOUND SYMMETRY (EXCHANGEABLE) CORRELATION           19

                               The GEE Procedure

                    Parameter Estimates for Response Model
                         with Empirical Standard Error
 
                                Standard   95% Confidence
    Parameter          Estimate    Error       Limits            Z Pr > |Z|

    Intercept           -0.4771   0.4475  -1.3541   0.3999   -1.07   0.2863
    city      kingston   0.2456   0.4978  -0.7301   1.2213    0.49   0.6217
    city      portage    0.0000   0.0000   0.0000   0.0000     .      .    
    smoke     0         -0.4006   0.5782  -1.5338   0.7327   -0.69   0.4885
    smoke     1         -0.8492   0.6755  -2.1732   0.4748   -1.26   0.2087
    smoke     2          0.0000   0.0000   0.0000   0.0000     .      .    


                    Parameter Estimates for Response Model
                        with Model-Based Standard Error
 
                                Standard   95% Confidence
    Parameter          Estimate    Error       Limits            Z Pr > |Z|

    Intercept           -0.4771   0.5548  -1.5644   0.6102   -0.86   0.3898
    city      kingston   0.2456   0.5095  -0.7529   1.2442    0.48   0.6297
    city      portage    0.0000   0.0000   0.0000   0.0000     .      .    
    smoke     0         -0.4006   0.6381  -1.6512   0.8501   -0.63   0.5302
    smoke     1         -0.8492   0.5935  -2.0125   0.3141   -1.43   0.1525
    smoke     2          0.0000   0.0000   0.0000   0.0000     .      .    
           PROC GLIMMIX, COMPOUND SYMMETRY (EXCHANGEABLE) CORRELATION         20

                             The GLIMMIX Procedure

                               Model Information

              Data Set                       WORK.WHEEZE         
              Response Variable              wheeze              
              Response Distribution          Binomial            
              Link Function                  Logit               
              Variance Function              Default             
              Variance Matrix Blocked By     child               
              Estimation Technique           MPL                 
              Degrees of Freedom Method      Between-Within      
              Fixed Effects SE Adjustment    Sandwich - Classical


                            Class Level Information
 
        Class    Levels    Values

        child        32    1 2 3 4 5 6 7 8 9 10 11 12 13 14 15 16 17 18 
                           19 20 21 22 23 24 25 26 27 28 29 30 31 32    
        city          2    kingston portage                             
        smoke         3    0 1 2                                        
        time          4    9 10 11 12                                   


                    Number of Observations Read         100
                    Number of Observations Used         100


                                   Dimensions

                       R-side Cov. Parameters           2
                       Columns in X                     6
                       Columns in Z per Subject         0
                       Subjects (Blocks in V)          32
                       Max Obs per Subject              4


                           Optimization Information

                Optimization Technique        Dual Quasi-Newton
                Parameters in Optimization    1                
                Lower Boundaries              0                
                Upper Boundaries              0                
                Fixed Effects                 Profiled         
                Residual Variance             Profiled         
                Starting From                 Data             


                               Iteration History
 
                                           Objective                       Max
 Iteration   Restarts   Subiterations       Function         Change   Gradient

         0          0               3    451.4018107     0.13460924   0.000044
           PROC GLIMMIX, COMPOUND SYMMETRY (EXCHANGEABLE) CORRELATION         21

                             The GLIMMIX Procedure

                               Iteration History
 
                                           Objective                       Max
 Iteration   Restarts   Subiterations       Function         Change   Gradient

         1          0               3   442.01597401     0.02716533   0.000016
         2          0               2   442.27217888     0.00108290   2.237E-6
         3          0               1   442.27151596     0.00001393   0.000038
         4          0               1   442.27152446     0.00000302   8.301E-6
         5          0               0   442.27152198     0.00000000   8.791E-6

              Convergence criterion (PCONV=1.11022E-8) satisfied.       


                                 Fit Statistics

                      -2 Log Pseudo-Likelihood      442.27
                      Generalized Chi-Square         87.56
                      Gener. Chi-Square / DF          0.88


                   Estimated V Correlation Matrix for child 1
 
               Row        Col1        Col2        Col3        Col4

                 1      1.0000      0.1160      0.1160      0.1160
                 2      0.1160      1.0000      0.1160      0.1160
                 3      0.1160      0.1160      1.0000      0.1160
                 4      0.1160      0.1160      0.1160      1.0000


                        Covariance Parameter Estimates
 
                                                     Standard
                  Cov Parm    Subject    Estimate       Error

                  CS          child        0.1149      0.1037
                  Residual                 0.8756      0.1461


                          Solutions for Fixed Effects
 
                                          Standard
Effect      city       smoke   Estimate      Error      DF   t Value   Pr > |t|

Intercept                       -0.4754     0.4445      30     -1.07     0.2933
city        kingston             0.2453     0.4984      30      0.49     0.6263
city        portage                   0          .       .       .        .    
smoke                  0        -0.4044     0.5769      20     -0.70     0.4914
smoke                  1        -0.8512     0.6724      20     -1.27     0.2201
smoke                  2              0          .       .       .        .    
           PROC GLIMMIX, COMPOUND SYMMETRY (EXCHANGEABLE) CORRELATION         22

                             The GLIMMIX Procedure

                        Type III Tests of Fixed Effects
 
                              Num      Den
                Effect         DF       DF    F Value    Pr > F

                city            1       30       0.24    0.6263
                smoke           2       20       0.85    0.4410


                 Empirical Covariance Matrix for Fixed Effects
 
Effect      city       smoke    Row       Col1       Col2       Col3       Col4

Intercept                         1     0.1976   -0.08955               -0.1490
city        kingston              2   -0.08955     0.2484              -0.03195
city        portage               3                                            
smoke                  0          4    -0.1490   -0.03195                0.3328
smoke                  1          5    -0.2352   -0.00492                0.2824
smoke                  2          6                                            

                 Empirical Covariance Matrix for Fixed Effects
 
           Effect      city       smoke    Row       Col5        Col6

           Intercept                         1    -0.2352            
           city        kingston              2   -0.00492            
           city        portage               3                       
           smoke                  0          4     0.2824            
           smoke                  1          5     0.4521            
           smoke                  2          6                       
