                             PA MODEL USING GLIMMIX                            1

                             The GLIMMIX Procedure

                               Model Information

              Data Set                       WORK.ARTH           
              Response Variable              dscale              
              Response Distribution          Binomial            
              Link Function                  Logit               
              Variance Function              Default             
              Variance Matrix Blocked By     id                  
              Estimation Technique           MPL                 
              Degrees of Freedom Method      Between-Within      
              Fixed Effects SE Adjustment    Sandwich - Classical


                            Class Level Information
 
        Class    Levels    Values

        id          290    1 2 3 4 5 6 7 8 9 10 11 12 13 14 15 16 17 18 
                           19 20 21 22 23 24 25 26 27 28 29 30 31 32 33 
                           34 35 36 37 38 39 40 41 42 43 44 45 46 47 48 
                           49 50 51 52 53 54 55 56 57 58 59 60 61 62 63 
                           64 65 66 67 68 69 70 71 72 73 74 75 76 77 78 
                           79 80 81 82 83 84 85 86 87 88 89 90 91 92 93 
                           94 95 96 97 98 99 100 101 102 103 104 105 106
                           107 108 109 110 111 112 113 114 115 116 117  
                           118 119 120 121 122 123 124 125 126 127 128  
                           129 130 131 132 133 134 135 136 137 138 139  
                           140 141 142 143 144 145 146 147 148 149 150  
                           151 152 153 154 155 156 157 158 159 160 161  
                           162 163 164 165 166 167 168 169 170 171 172  
                           173 174 175 176 177 178 179 180 181 182 183  
                           184 185 186 187 188 189 190 191 192 193 194  
                           195 196 197 198 199 200 201 202 203 204 205  
                           206 207 208 209 210 211 212 213 214 215 216  
                           217 218 219 220 221 222 223 224 225 226 227  
                           228 229 230 231 232 233 234 235 236 237 238  
                           239 240 241 242 243 244 245 246 247 248 249  
                           250 251 252 253 254 255 256 257 258 259 260  
                           261 262 263 264 265 266 267 268 269 270 271  
                           272 273 274 275 276 277 278 279 280 281 282  
                           283 284 285 286 287 288 289 290              


                    Number of Observations Read        1160
                    Number of Observations Used        1160


                                   Dimensions

                       R-side Cov. Parameters           2
                       Columns in X                     3
                       Columns in Z per Subject         0
                       Subjects (Blocks in V)         290
                       Max Obs per Subject              4
                             PA MODEL USING GLIMMIX                            2

                             The GLIMMIX Procedure

                           Optimization Information

                Optimization Technique        Dual Quasi-Newton
                Parameters in Optimization    1                
                Lower Boundaries              0                
                Upper Boundaries              0                
                Fixed Effects                 Profiled         
                Residual Variance             Profiled         
                Starting From                 Data             


                               Iteration History
 
                                           Objective                       Max
 Iteration   Restarts   Subiterations       Function         Change   Gradient

         0          0               2   5209.0728015     0.32469994   9.575E-6
         1          0               3   5118.8816613     0.00843202   3.026E-6
         2          0               2   5125.2208152     0.00034794   3.872E-9
         3          0               1   5125.3063097     0.00001360   2.908E-8
         4          0               1   5125.3105165     0.00000062   5.466E-6
         5          0               0   5125.3106945     0.00000002   8.933E-7
         6          0               0   5125.3107021     0.00000000   7.291E-7

              Convergence criterion (PCONV=1.11022E-8) satisfied.       


                                 Fit Statistics

                      -2 Log Pseudo-Likelihood     5125.31
                      Generalized Chi-Square        762.47
                      Gener. Chi-Square / DF          0.66


                     Estimated V Correlation Matrix for id 1
 
               Row        Col1        Col2        Col3        Col4

                 1      1.0000      0.3417      0.3417      0.3417
                 2      0.3417      1.0000      0.3417      0.3417
                 3      0.3417      0.3417      1.0000      0.3417
                 4      0.3417      0.3417      0.3417      1.0000


                        Covariance Parameter Estimates
 
                                                     Standard
                  Cov Parm    Subject    Estimate       Error

                  CS          id           0.3413     0.04280
                  Residual                 0.6573     0.03153
                             PA MODEL USING GLIMMIX                            3

                             The GLIMMIX Procedure

                          Solutions for Fixed Effects
 
                                Standard
       Effect       Estimate       Error       DF    t Value    Pr > |t|

       Intercept     -0.8150      0.1141      289      -7.14      <.0001
       month        -0.05562     0.03361      868      -1.66      0.0983
       month*trt     -0.1127     0.04622      868      -2.44      0.0150


                        Type III Tests of Fixed Effects
 
                              Num      Den
                Effect         DF       DF    F Value    Pr > F

                month           1      868       2.74    0.0983
                month*trt       1      868       5.94    0.0150
                             PA MODEL USING GENMOD                             4

                              The GENMOD Procedure

                               Model Information

                        Data Set              WORK.ARTH
                        Distribution           Binomial
                        Link Function             Logit
                        Dependent Variable       dscale


                    Number of Observations Read        1160
                    Number of Observations Used        1160
                    Number of Events                    286
                    Number of Trials                   1160


                            Class Level Information
 
    Class      Levels    Values

    id            290    1 2 3 4 5 6 7 8 9 10 11 12 13 14 15 16 17 18 19 20
                         21 22 23 24 25 26 27 28 29 30 31 32 33 34 35 36 37
                         38 39 40 41 42 43 44 45 46 47 48 49 50 51 52 53 54
                         55 56 57 58 59 60 61 62 63 64 65 66 67 68 69 70 71
                         72 73 74 75 76 77 78 79 80 81 82 83 84 85 86 87   
                         ...                                               


                                Response Profile
 
                         Ordered                  Total
                           Value    dscale    Frequency

                               1    1               286
                               2    0               874

PROC GENMOD is modeling the probability that dscale='1'.


                             Parameter Information
 
                           Parameter       Effect

                           Prm1            Intercept
                           Prm2            month    
                           Prm3            month*trt


  Algorithm converged.                                                       


                             GEE Model Information

                Correlation Structure              Exchangeable
                Subject Effect                  id (290 levels)
                Number of Clusters                          290
                Correlation Matrix Dimension                  4
                             PA MODEL USING GENMOD                             5

                              The GENMOD Procedure

                             GEE Model Information

                Maximum Cluster Size                          4
                Minimum Cluster Size                          4


  Algorithm converged.                                                       


                           Working Correlation Matrix
 
                         Col1         Col2         Col3         Col4

            Row1       1.0000       0.3414       0.3414       0.3414
            Row2       0.3414       1.0000       0.3414       0.3414
            Row3       0.3414       0.3414       1.0000       0.3414
            Row4       0.3414       0.3414       0.3414       1.0000


                             Exchangeable Working
                                  Correlation

                          Correlation    0.3414486911


                               GEE Fit Criteria

                             QIC         1279.2693
                             QICu        1277.0032


                      Analysis Of GEE Parameter Estimates
                       Empirical Standard Error Estimates
 
                            Standard   95% Confidence
         Parameter Estimate    Error       Limits            Z Pr > |Z|

         Intercept  -0.8150   0.1141  -1.0386  -0.5914   -7.14   <.0001
         month      -0.0556   0.0336  -0.1215   0.0103   -1.65   0.0980
         month*trt  -0.1127   0.0462  -0.2033  -0.0221   -2.44   0.0148


                      Analysis Of GEE Parameter Estimates
                      Model-Based Standard Error Estimates
 
                            Standard   95% Confidence
         Parameter Estimate    Error       Limits            Z Pr > |Z|

         Intercept  -0.8150   0.1152  -1.0407  -0.5893   -7.08   <.0001
         month      -0.0556   0.0311  -0.1165   0.0053   -1.79   0.0734
         month*trt  -0.1127   0.0435  -0.1980  -0.0274   -2.59   0.0096
         Scale       1.0000    .        .        .         .      .    
NOTE: The scale parameter was held fixed.
                         LINEARIZATION ABOUT 0, GLIMMIX                        6

                             The GLIMMIX Procedure

                               Model Information

                   Data Set                      WORK.ARTH  
                   Response Variable             dscale     
                   Response Distribution         Binomial   
                   Link Function                 Logit      
                   Variance Function             Default    
                   Variance Matrix Blocked By    id         
                   Estimation Technique          MPL        
                   Degrees of Freedom Method     Containment


                            Class Level Information
 
        Class    Levels    Values

        id          290    1 2 3 4 5 6 7 8 9 10 11 12 13 14 15 16 17 18 
                           19 20 21 22 23 24 25 26 27 28 29 30 31 32 33 
                           34 35 36 37 38 39 40 41 42 43 44 45 46 47 48 
                           49 50 51 52 53 54 55 56 57 58 59 60 61 62 63 
                           64 65 66 67 68 69 70 71 72 73 74 75 76 77 78 
                           79 80 81 82 83 84 85 86 87 88 89 90 91 92 93 
                           94 95 96 97 98 99 100 101 102 103 104 105 106
                           107 108 109 110 111 112 113 114 115 116 117  
                           118 119 120 121 122 123 124 125 126 127 128  
                           129 130 131 132 133 134 135 136 137 138 139  
                           140 141 142 143 144 145 146 147 148 149 150  
                           151 152 153 154 155 156 157 158 159 160 161  
                           162 163 164 165 166 167 168 169 170 171 172  
                           173 174 175 176 177 178 179 180 181 182 183  
                           184 185 186 187 188 189 190 191 192 193 194  
                           195 196 197 198 199 200 201 202 203 204 205  
                           206 207 208 209 210 211 212 213 214 215 216  
                           217 218 219 220 221 222 223 224 225 226 227  
                           228 229 230 231 232 233 234 235 236 237 238  
                           239 240 241 242 243 244 245 246 247 248 249  
                           250 251 252 253 254 255 256 257 258 259 260  
                           261 262 263 264 265 266 267 268 269 270 271  
                           272 273 274 275 276 277 278 279 280 281 282  
                           283 284 285 286 287 288 289 290              


                    Number of Observations Read        1160
                    Number of Observations Used        1160


                                   Dimensions

                       G-side Cov. Parameters           1
                       Columns in X                     3
                       Columns in Z per Subject         1
                       Subjects (Blocks in V)         290
                       Max Obs per Subject              4
                         LINEARIZATION ABOUT 0, GLIMMIX                        7

                             The GLIMMIX Procedure

                           Optimization Information

                Optimization Technique        Dual Quasi-Newton
                Parameters in Optimization    1                
                Lower Boundaries              1                
                Upper Boundaries              0                
                Fixed Effects                 Profiled         
                Starting From                 Data             


                               Iteration History
 
                                           Objective                       Max
 Iteration   Restarts   Subiterations       Function         Change   Gradient

         0          0               5    5269.550283     0.58811692   0.000164
         1          0               4   5195.1324877     0.12648056   3.911E-6
         2          0               2   5199.2104373     0.00501556   0.000026
         3          0               1   5199.2838527     0.00010704    9.48E-7
         4          0               1     5199.28237     0.00000161   1.525E-7
         5          0               0    5199.282342     0.00000000   1.684E-6

              Convergence criterion (PCONV=1.11022E-8) satisfied.       


                                 Fit Statistics

                      -2 Log Pseudo-Likelihood     5199.28
                      Generalized Chi-Square        868.24
                      Gener. Chi-Square / DF          0.75


                         Covariance Parameter Estimates
 
                                                      Standard
                  Cov Parm     Subject    Estimate       Error

                  Intercept    id           1.3827      0.2287


                          Solutions for Fixed Effects
 
                                Standard
       Effect       Estimate       Error       DF    t Value    Pr > |t|

       Intercept     -0.8112      0.1289      289      -6.29      <.0001
       month        -0.05079     0.03683      868      -1.38      0.1683
       month*trt     -0.1258     0.04767      868      -2.64      0.0084


                         LINEARIZATION ABOUT 0, GLIMMIX                        8

                             The GLIMMIX Procedure

                        Type III Tests of Fixed Effects
 
                              Num      Den
                Effect         DF       DF    F Value    Pr > F

                month           1      868       1.90    0.1683
                month*trt       1      868       6.97    0.0084
                  LINEARIZATION ABOUT EMP BAYES ESTS, GLIMMIX                  9

                             The GLIMMIX Procedure

                               Model Information

                   Data Set                      WORK.ARTH  
                   Response Variable             dscale     
                   Response Distribution         Binomial   
                   Link Function                 Logit      
                   Variance Function             Default    
                   Variance Matrix Blocked By    id         
                   Estimation Technique          PL         
                   Degrees of Freedom Method     Containment


                            Class Level Information
 
        Class    Levels    Values

        id          290    1 2 3 4 5 6 7 8 9 10 11 12 13 14 15 16 17 18 
                           19 20 21 22 23 24 25 26 27 28 29 30 31 32 33 
                           34 35 36 37 38 39 40 41 42 43 44 45 46 47 48 
                           49 50 51 52 53 54 55 56 57 58 59 60 61 62 63 
                           64 65 66 67 68 69 70 71 72 73 74 75 76 77 78 
                           79 80 81 82 83 84 85 86 87 88 89 90 91 92 93 
                           94 95 96 97 98 99 100 101 102 103 104 105 106
                           107 108 109 110 111 112 113 114 115 116 117  
                           118 119 120 121 122 123 124 125 126 127 128  
                           129 130 131 132 133 134 135 136 137 138 139  
                           140 141 142 143 144 145 146 147 148 149 150  
                           151 152 153 154 155 156 157 158 159 160 161  
                           162 163 164 165 166 167 168 169 170 171 172  
                           173 174 175 176 177 178 179 180 181 182 183  
                           184 185 186 187 188 189 190 191 192 193 194  
                           195 196 197 198 199 200 201 202 203 204 205  
                           206 207 208 209 210 211 212 213 214 215 216  
                           217 218 219 220 221 222 223 224 225 226 227  
                           228 229 230 231 232 233 234 235 236 237 238  
                           239 240 241 242 243 244 245 246 247 248 249  
                           250 251 252 253 254 255 256 257 258 259 260  
                           261 262 263 264 265 266 267 268 269 270 271  
                           272 273 274 275 276 277 278 279 280 281 282  
                           283 284 285 286 287 288 289 290              


                    Number of Observations Read        1160
                    Number of Observations Used        1160


                                   Dimensions

                       G-side Cov. Parameters           1
                       Columns in X                     3
                       Columns in Z per Subject         1
                       Subjects (Blocks in V)         290
                       Max Obs per Subject              4
                  LINEARIZATION ABOUT EMP BAYES ESTS, GLIMMIX                 10

                             The GLIMMIX Procedure

                           Optimization Information

                Optimization Technique        Dual Quasi-Newton
                Parameters in Optimization    1                
                Lower Boundaries              1                
                Upper Boundaries              0                
                Fixed Effects                 Profiled         
                Starting From                 Data             


                               Iteration History
 
                                           Objective                       Max
 Iteration   Restarts   Subiterations       Function         Change   Gradient

         0          0               4    5219.826029     0.47646881    0.00009
         1          0               4   5331.2854424     0.12269765   8.495E-7
         2          0               3   5376.9514096     0.03612804   0.000063
         3          0               2   5387.6906004     0.00839160   0.000038
         4          0               3   5390.0238356     0.00180918   1.275E-7
         5          0               1   5390.5177307     0.00038247   5.215E-6
         6          0               1   5390.6217021     0.00008034   2.326E-7
         7          0               1   5390.6435226     0.00001688   9.156E-9
         8          0               1   5390.6481058     0.00000355    3.68E-8
         9          0               1   5390.6490685     0.00000201   0.000056
        10          0               1   5390.6496131     0.00000226   0.000063
        11          0               1   5390.6490004     0.00000094   3.548E-7
        12          0               0   5390.6492545     0.00000000   9.029E-6

              Convergence criterion (PCONV=1.11022E-8) satisfied.       


                                 Fit Statistics

                      -2 Log Pseudo-Likelihood     5390.65
                      Generalized Chi-Square        777.19
                      Gener. Chi-Square / DF          0.67


                         Covariance Parameter Estimates
 
                                                      Standard
                  Cov Parm     Subject    Estimate       Error

                  Intercept    id           1.6405      0.2727


                          Solutions for Fixed Effects
 
                                Standard
       Effect       Estimate       Error       DF    t Value    Pr > |t|

       Intercept     -0.9259      0.1415      289      -6.54      <.0001
       month        -0.06512     0.04028      868      -1.62      0.1063
       month*trt     -0.1352     0.05254      868      -2.57      0.0103
                  LINEARIZATION ABOUT EMP BAYES ESTS, GLIMMIX                 11

                             The GLIMMIX Procedure

                        Type III Tests of Fixed Effects
 
                              Num      Den
                Effect         DF       DF    F Value    Pr > F

                month           1      868       2.61    0.1063
                month*trt       1      868       6.62    0.0103
                          FULL LAPLACE APPROX, GLIMMIX                        12

                             The GLIMMIX Procedure

                               Model Information

                Data Set                      WORK.ARTH         
                Response Variable             dscale            
                Response Distribution         Binomial          
                Link Function                 Logit             
                Variance Function             Default           
                Variance Matrix Blocked By    id                
                Estimation Technique          Maximum Likelihood
                Likelihood Approximation      Laplace           
                Degrees of Freedom Method     Containment       


                            Class Level Information
 
        Class    Levels    Values

        id          290    1 2 3 4 5 6 7 8 9 10 11 12 13 14 15 16 17 18 
                           19 20 21 22 23 24 25 26 27 28 29 30 31 32 33 
                           34 35 36 37 38 39 40 41 42 43 44 45 46 47 48 
                           49 50 51 52 53 54 55 56 57 58 59 60 61 62 63 
                           64 65 66 67 68 69 70 71 72 73 74 75 76 77 78 
                           79 80 81 82 83 84 85 86 87 88 89 90 91 92 93 
                           94 95 96 97 98 99 100 101 102 103 104 105 106
                           107 108 109 110 111 112 113 114 115 116 117  
                           118 119 120 121 122 123 124 125 126 127 128  
                           129 130 131 132 133 134 135 136 137 138 139  
                           140 141 142 143 144 145 146 147 148 149 150  
                           151 152 153 154 155 156 157 158 159 160 161  
                           162 163 164 165 166 167 168 169 170 171 172  
                           173 174 175 176 177 178 179 180 181 182 183  
                           184 185 186 187 188 189 190 191 192 193 194  
                           195 196 197 198 199 200 201 202 203 204 205  
                           206 207 208 209 210 211 212 213 214 215 216  
                           217 218 219 220 221 222 223 224 225 226 227  
                           228 229 230 231 232 233 234 235 236 237 238  
                           239 240 241 242 243 244 245 246 247 248 249  
                           250 251 252 253 254 255 256 257 258 259 260  
                           261 262 263 264 265 266 267 268 269 270 271  
                           272 273 274 275 276 277 278 279 280 281 282  
                           283 284 285 286 287 288 289 290              


                    Number of Observations Read        1160
                    Number of Observations Used        1160


                                   Dimensions

                       G-side Cov. Parameters           1
                       Columns in X                     3
                       Columns in Z per Subject         1
                       Subjects (Blocks in V)         290
                       Max Obs per Subject              4
                          FULL LAPLACE APPROX, GLIMMIX                        13

                             The GLIMMIX Procedure

                           Optimization Information

                Optimization Technique        Dual Quasi-Newton
                Parameters in Optimization    4                
                Lower Boundaries              1                
                Upper Boundaries              0                
                Fixed Effects                 Not Profiled     
                Starting From                 GLM estimates    


                                Iteration History
 
                                           Objective                         Max
Iteration    Restarts    Evaluations        Function          Change    Gradient

        0           0              4    1163.5540279       .            245.1274
        1           0              3    1151.0652111     12.48881683    54.67662
        2           0              3    1146.5640862      4.50112487    51.32164
        3           0              3    1143.9231305      2.64095567    16.09653
        4           0              4    1143.5839286      0.33920194    21.65571
        5           0              4    1143.0906254      0.49330323    10.16561
        6           0              3    1142.9991568      0.09146854    2.588928
        7           0              3    1142.9952323      0.00392448    0.051195
        8           0              3    1142.9952249      0.00000748    0.006252
        9           0              3    1142.9952249      0.00000001    0.000037

                 Convergence criterion (GCONV=1E-8) satisfied.          


                                 Fit Statistics

                      -2 Log Likelihood            1143.00
                      AIC  (smaller is better)     1151.00
                      AICC (smaller is better)     1151.03
                      BIC  (smaller is better)     1165.67
                      CAIC (smaller is better)     1169.67
                      HQIC (smaller is better)     1156.88


                        Fit Statistics for Conditional
                                 Distribution

                   -2 log L(dscale | r. effects)      729.22
                   Pearson Chi-Square                 601.21
                   Pearson Chi-Square / DF              0.52


                         Covariance Parameter Estimates
 
                                                      Standard
                  Cov Parm     Subject    Estimate       Error

                  Intercept    id           3.3774      0.7051
                          FULL LAPLACE APPROX, GLIMMIX                        14

                             The GLIMMIX Procedure

                          Solutions for Fixed Effects
 
                                Standard
       Effect       Estimate       Error       DF    t Value    Pr > |t|

       Intercept     -1.3233      0.1950      289      -6.78      <.0001
       month        -0.08606     0.04718      868      -1.82      0.0685
       month*trt     -0.1611     0.06304      868      -2.56      0.0107


                        Type III Tests of Fixed Effects
 
                              Num      Den
                Effect         DF       DF    F Value    Pr > F

                month           1      868       3.33    0.0685
                month*trt       1      868       6.53    0.0107
                             QUADRATURE 10, GLIMMIX                           15

                             The GLIMMIX Procedure

                               Model Information

             Data Set                      WORK.ARTH               
             Response Variable             dscale                  
             Response Distribution         Binomial                
             Link Function                 Logit                   
             Variance Function             Default                 
             Variance Matrix Blocked By    id                      
             Estimation Technique          Maximum Likelihood      
             Likelihood Approximation      Gauss-Hermite Quadrature
             Degrees of Freedom Method     Containment             


                            Class Level Information
 
        Class    Levels    Values

        id          290    1 2 3 4 5 6 7 8 9 10 11 12 13 14 15 16 17 18 
                           19 20 21 22 23 24 25 26 27 28 29 30 31 32 33 
                           34 35 36 37 38 39 40 41 42 43 44 45 46 47 48 
                           49 50 51 52 53 54 55 56 57 58 59 60 61 62 63 
                           64 65 66 67 68 69 70 71 72 73 74 75 76 77 78 
                           79 80 81 82 83 84 85 86 87 88 89 90 91 92 93 
                           94 95 96 97 98 99 100 101 102 103 104 105 106
                           107 108 109 110 111 112 113 114 115 116 117  
                           118 119 120 121 122 123 124 125 126 127 128  
                           129 130 131 132 133 134 135 136 137 138 139  
                           140 141 142 143 144 145 146 147 148 149 150  
                           151 152 153 154 155 156 157 158 159 160 161  
                           162 163 164 165 166 167 168 169 170 171 172  
                           173 174 175 176 177 178 179 180 181 182 183  
                           184 185 186 187 188 189 190 191 192 193 194  
                           195 196 197 198 199 200 201 202 203 204 205  
                           206 207 208 209 210 211 212 213 214 215 216  
                           217 218 219 220 221 222 223 224 225 226 227  
                           228 229 230 231 232 233 234 235 236 237 238  
                           239 240 241 242 243 244 245 246 247 248 249  
                           250 251 252 253 254 255 256 257 258 259 260  
                           261 262 263 264 265 266 267 268 269 270 271  
                           272 273 274 275 276 277 278 279 280 281 282  
                           283 284 285 286 287 288 289 290              


                    Number of Observations Read        1160
                    Number of Observations Used        1160


                                   Dimensions

                       G-side Cov. Parameters           1
                       Columns in X                     3
                       Columns in Z per Subject         1
                       Subjects (Blocks in V)         290
                       Max Obs per Subject              4
                             QUADRATURE 10, GLIMMIX                           16

                             The GLIMMIX Procedure

                           Optimization Information

                Optimization Technique        Dual Quasi-Newton
                Parameters in Optimization    4                
                Lower Boundaries              1                
                Upper Boundaries              0                
                Fixed Effects                 Not Profiled     
                Starting From                 GLM estimates    
                Quadrature Points             10               


                                Iteration History
 
                                           Objective                         Max
Iteration    Restarts    Evaluations        Function          Change    Gradient

        0           0              4    1154.0916204       .            233.3679
        1           0              3    1142.8638907     11.22772971    53.65869
        2           0              3    1139.0146821      3.84920863    50.03133
        3           0              3    1136.6070778      2.40760427     15.2833
        4           0              4     1135.803244      0.80383379    30.27978
        5           0              4    1134.6964663      1.10677769    2.377638
        6           0              3    1134.6691185      0.02734786    0.237238
        7           0              3    1134.6684083      0.00071016    0.091602
        8           0              3    1134.6684017      0.00000662     0.00214

                 Convergence criterion (GCONV=1E-8) satisfied.          


                                 Fit Statistics

                      -2 Log Likelihood            1134.67
                      AIC  (smaller is better)     1142.67
                      AICC (smaller is better)     1142.70
                      BIC  (smaller is better)     1157.35
                      CAIC (smaller is better)     1161.35
                      HQIC (smaller is better)     1148.55


                        Fit Statistics for Conditional
                                 Distribution

                   -2 log L(dscale | r. effects)      719.75
                   Pearson Chi-Square                 591.46
                   Pearson Chi-Square / DF              0.51


                         Covariance Parameter Estimates
 
                                                      Standard
                  Cov Parm     Subject    Estimate       Error

                  Intercept    id           3.7441      0.7695
                             QUADRATURE 10, GLIMMIX                           17

                             The GLIMMIX Procedure

                          Solutions for Fixed Effects
 
                                Standard
       Effect       Estimate       Error       DF    t Value    Pr > |t|

       Intercept     -1.3043      0.1948      289      -6.70      <.0001
       month        -0.08974     0.04776      868      -1.88      0.0606
       month*trt     -0.1610     0.06437      868      -2.50      0.0126


                        Type III Tests of Fixed Effects
 
                              Num      Den
                Effect         DF       DF    F Value    Pr > F

                month           1      868       3.53    0.0606
                month*trt       1      868       6.25    0.0126
                             QUADRATURE 20, GLIMMIX                           18

                             The GLIMMIX Procedure

                               Model Information

             Data Set                      WORK.ARTH               
             Response Variable             dscale                  
             Response Distribution         Binomial                
             Link Function                 Logit                   
             Variance Function             Default                 
             Variance Matrix Blocked By    id                      
             Estimation Technique          Maximum Likelihood      
             Likelihood Approximation      Gauss-Hermite Quadrature
             Degrees of Freedom Method     Containment             


                            Class Level Information
 
        Class    Levels    Values

        id          290    1 2 3 4 5 6 7 8 9 10 11 12 13 14 15 16 17 18 
                           19 20 21 22 23 24 25 26 27 28 29 30 31 32 33 
                           34 35 36 37 38 39 40 41 42 43 44 45 46 47 48 
                           49 50 51 52 53 54 55 56 57 58 59 60 61 62 63 
                           64 65 66 67 68 69 70 71 72 73 74 75 76 77 78 
                           79 80 81 82 83 84 85 86 87 88 89 90 91 92 93 
                           94 95 96 97 98 99 100 101 102 103 104 105 106
                           107 108 109 110 111 112 113 114 115 116 117  
                           118 119 120 121 122 123 124 125 126 127 128  
                           129 130 131 132 133 134 135 136 137 138 139  
                           140 141 142 143 144 145 146 147 148 149 150  
                           151 152 153 154 155 156 157 158 159 160 161  
                           162 163 164 165 166 167 168 169 170 171 172  
                           173 174 175 176 177 178 179 180 181 182 183  
                           184 185 186 187 188 189 190 191 192 193 194  
                           195 196 197 198 199 200 201 202 203 204 205  
                           206 207 208 209 210 211 212 213 214 215 216  
                           217 218 219 220 221 222 223 224 225 226 227  
                           228 229 230 231 232 233 234 235 236 237 238  
                           239 240 241 242 243 244 245 246 247 248 249  
                           250 251 252 253 254 255 256 257 258 259 260  
                           261 262 263 264 265 266 267 268 269 270 271  
                           272 273 274 275 276 277 278 279 280 281 282  
                           283 284 285 286 287 288 289 290              


                    Number of Observations Read        1160
                    Number of Observations Used        1160


                                   Dimensions

                       G-side Cov. Parameters           1
                       Columns in X                     3
                       Columns in Z per Subject         1
                       Subjects (Blocks in V)         290
                       Max Obs per Subject              4
                             QUADRATURE 20, GLIMMIX                           19

                             The GLIMMIX Procedure

                           Optimization Information

                Optimization Technique        Dual Quasi-Newton
                Parameters in Optimization    4                
                Lower Boundaries              1                
                Upper Boundaries              0                
                Fixed Effects                 Not Profiled     
                Starting From                 GLM estimates    
                Quadrature Points             20               


                                Iteration History
 
                                           Objective                         Max
Iteration    Restarts    Evaluations        Function          Change    Gradient

        0           0              4    1154.0838866       .            233.3642
        1           0              3    1142.8571198     11.22676681    53.66519
        2           0              3    1139.0057717      3.85134807    50.03667
        3           0              3    1136.5963397      2.40943200    15.27534
        4           0              4    1135.7864491      0.80989067    30.43506
        5           0              4    1134.6665609      1.11988816    2.413995
        6           0              3    1134.6382079      0.02835301    0.245571
        7           0              3    1134.6374355      0.00077240    0.094864
        8           0              3    1134.6374284      0.00000713    0.002306
        9           0              3    1134.6374284      0.00000001    0.000106

                 Convergence criterion (GCONV=1E-8) satisfied.          


                                 Fit Statistics

                      -2 Log Likelihood            1134.64
                      AIC  (smaller is better)     1142.64
                      AICC (smaller is better)     1142.67
                      BIC  (smaller is better)     1157.32
                      CAIC (smaller is better)     1161.32
                      HQIC (smaller is better)     1148.52


                        Fit Statistics for Conditional
                                 Distribution

                   -2 log L(dscale | r. effects)      719.51
                   Pearson Chi-Square                 591.29
                   Pearson Chi-Square / DF              0.51


                         Covariance Parameter Estimates
 
                                                      Standard
                  Cov Parm     Subject    Estimate       Error

                  Intercept    id           3.7534      0.7744
                             QUADRATURE 20, GLIMMIX                           20

                             The GLIMMIX Procedure

                          Solutions for Fixed Effects
 
                                Standard
       Effect       Estimate       Error       DF    t Value    Pr > |t|

       Intercept     -1.3055      0.1952      289      -6.69      <.0001
       month        -0.08978     0.04777      868      -1.88      0.0605
       month*trt     -0.1610     0.06440      868      -2.50      0.0126


                        Type III Tests of Fixed Effects
 
                              Num      Den
                Effect         DF       DF    F Value    Pr > F

                month           1      868       3.53    0.0605
                month*trt       1      868       6.25    0.0126
                             QUADRATURE 50, GLIMMIX                           21

                             The GLIMMIX Procedure

                               Model Information

             Data Set                      WORK.ARTH               
             Response Variable             dscale                  
             Response Distribution         Binomial                
             Link Function                 Logit                   
             Variance Function             Default                 
             Variance Matrix Blocked By    id                      
             Estimation Technique          Maximum Likelihood      
             Likelihood Approximation      Gauss-Hermite Quadrature
             Degrees of Freedom Method     Containment             


                            Class Level Information
 
        Class    Levels    Values

        id          290    1 2 3 4 5 6 7 8 9 10 11 12 13 14 15 16 17 18 
                           19 20 21 22 23 24 25 26 27 28 29 30 31 32 33 
                           34 35 36 37 38 39 40 41 42 43 44 45 46 47 48 
                           49 50 51 52 53 54 55 56 57 58 59 60 61 62 63 
                           64 65 66 67 68 69 70 71 72 73 74 75 76 77 78 
                           79 80 81 82 83 84 85 86 87 88 89 90 91 92 93 
                           94 95 96 97 98 99 100 101 102 103 104 105 106
                           107 108 109 110 111 112 113 114 115 116 117  
                           118 119 120 121 122 123 124 125 126 127 128  
                           129 130 131 132 133 134 135 136 137 138 139  
                           140 141 142 143 144 145 146 147 148 149 150  
                           151 152 153 154 155 156 157 158 159 160 161  
                           162 163 164 165 166 167 168 169 170 171 172  
                           173 174 175 176 177 178 179 180 181 182 183  
                           184 185 186 187 188 189 190 191 192 193 194  
                           195 196 197 198 199 200 201 202 203 204 205  
                           206 207 208 209 210 211 212 213 214 215 216  
                           217 218 219 220 221 222 223 224 225 226 227  
                           228 229 230 231 232 233 234 235 236 237 238  
                           239 240 241 242 243 244 245 246 247 248 249  
                           250 251 252 253 254 255 256 257 258 259 260  
                           261 262 263 264 265 266 267 268 269 270 271  
                           272 273 274 275 276 277 278 279 280 281 282  
                           283 284 285 286 287 288 289 290              


                    Number of Observations Read        1160
                    Number of Observations Used        1160


                                   Dimensions

                       G-side Cov. Parameters           1
                       Columns in X                     3
                       Columns in Z per Subject         1
                       Subjects (Blocks in V)         290
                       Max Obs per Subject              4
                             QUADRATURE 50, GLIMMIX                           22

                             The GLIMMIX Procedure

                           Optimization Information

                Optimization Technique        Dual Quasi-Newton
                Parameters in Optimization    4                
                Lower Boundaries              1                
                Upper Boundaries              0                
                Fixed Effects                 Not Profiled     
                Starting From                 GLM estimates    
                Quadrature Points             50               


                                Iteration History
 
                                           Objective                         Max
Iteration    Restarts    Evaluations        Function          Change    Gradient

        0           0              4    1154.0838896       .            233.3643
        1           0              3    1142.8571214     11.22676827     53.6652
        2           0              3    1139.0057689      3.85135248     50.0367
        3           0              3    1136.5963297      2.40943921    15.27531
        4           0              4    1135.7864361      0.80989362    30.43512
        5           0              4    1134.6665641      1.11987198    2.413768
        6           0              3    1134.6382161      0.02834803    0.245496
        7           0              3    1134.6374443      0.00077175    0.094844
        8           0              3    1134.6374372      0.00000713    0.002304
        9           0              3    1134.6374372      0.00000001    0.000106

                 Convergence criterion (GCONV=1E-8) satisfied.          


                                 Fit Statistics

                      -2 Log Likelihood            1134.64
                      AIC  (smaller is better)     1142.64
                      AICC (smaller is better)     1142.67
                      BIC  (smaller is better)     1157.32
                      CAIC (smaller is better)     1161.32
                      HQIC (smaller is better)     1148.52


                        Fit Statistics for Conditional
                                 Distribution

                   -2 log L(dscale | r. effects)      719.51
                   Pearson Chi-Square                 591.29
                   Pearson Chi-Square / DF              0.51


                         Covariance Parameter Estimates
 
                                                      Standard
                  Cov Parm     Subject    Estimate       Error

                  Intercept    id           3.7534      0.7744
                             QUADRATURE 50, GLIMMIX                           23

                             The GLIMMIX Procedure

                          Solutions for Fixed Effects
 
                                Standard
       Effect       Estimate       Error       DF    t Value    Pr > |t|

       Intercept     -1.3055      0.1952      289      -6.69      <.0001
       month        -0.08978     0.04777      868      -1.88      0.0605
       month*trt     -0.1610     0.06440      868      -2.50      0.0126


                        Type III Tests of Fixed Effects
 
                              Num      Den
                Effect         DF       DF    F Value    Pr > F

                month           1      868       3.53    0.0605
                month*trt       1      868       6.25    0.0126
                          FULL LAPLACE APPROX, NLMIXED                        24

                             The NLMIXED Procedure

                                 Specifications

        Data Set                                    WORK.ARTH           
        Dependent Variable                          dscale              
        Distribution for Dependent Variable         Binary              
        Random Effects                              u                   
        Distribution for Random Effects             Normal              
        Subject Variable                            id                  
        Optimization Technique                      Dual Quasi-Newton   
        Integration Method                          Adaptive Gaussian   
                                                    Quadrature          


                                   Dimensions

                    Observations Used                   1160
                    Observations Not Used                  0
                    Total Observations                  1160
                    Subjects                             290
                    Max Obs per Subject                    4
                    Parameters                             4
                    Quadrature Points                      1


                               Initial Parameters
 
                                                             Negative
                                                                  Log
                 b1          b2          b3         su2    Likelihood

               -0.8       -0.06        -0.1         3.5    584.200593


                                Iteration History
 
                            Negative
                                 Log                   Maximum
      Iteration Calls     Likelihood    Difference    Gradient       Slope

             1      5       576.0445       8.15611     31.4907    -905.445
             2      7       572.0622      3.982239     11.8802    -10.8651
             3     10       571.7489      0.313329     3.96577    -3.96799
             4     12       571.5111      0.237799     0.56523    -0.56211
             5     14       571.5043      0.006864     0.15636    -0.01271
             6     16       571.5015      0.002712     0.49318    -0.00113
             7     18       571.4980      0.003545    0.045444    -0.00515
             8     21       571.4976      0.000381    0.005608    -0.00058
             9     24       571.4976      1.293E-6    0.000065    -2.58E-6


                  NOTE: GCONV convergence criterion satisfied.          
                          FULL LAPLACE APPROX, NLMIXED                        25

                             The NLMIXED Procedure

                                 Fit Statistics

                    -2 Log Likelihood                 1143.0
                    AIC (smaller is better)           1151.0
                    AICC (smaller is better)          1151.0
                    BIC (smaller is better)           1165.7


                              Parameter Estimates
 
                     Standard                         95% Confidence
  Parameter Estimate    Error   DF t Value Pr > |t|       Limits      Gradient

  b1         -1.3233   0.1950  289   -6.78   <.0001  -1.7072  -0.9395 0.000054
  b2        -0.08606  0.04718  289   -1.82   0.0692  -0.1789 0.006795 -0.00006
  b3         -0.1611  0.06304  289   -2.56   0.0111  -0.2852 -0.03707 7.206E-6
  su2         3.3774   0.7051  289    4.79   <.0001   1.9896   4.7652 -2.61E-6
                             QUADRATURE 10, NLMIXED                           26

                             The NLMIXED Procedure

                                 Specifications

        Data Set                                    WORK.ARTH           
        Dependent Variable                          dscale              
        Distribution for Dependent Variable         Binary              
        Random Effects                              u                   
        Distribution for Random Effects             Normal              
        Subject Variable                            id                  
        Optimization Technique                      Dual Quasi-Newton   
        Integration Method                          Adaptive Gaussian   
                                                    Quadrature          


                                   Dimensions

                    Observations Used                   1160
                    Observations Not Used                  0
                    Total Observations                  1160
                    Subjects                             290
                    Max Obs per Subject                    4
                    Parameters                             4
                    Quadrature Points                     10


                               Initial Parameters
 
                                                             Negative
                                                                  Log
                 b1          b2          b3         su2    Likelihood

               -0.8       -0.06        -0.1         3.5    578.480528


                                Iteration History
 
                            Negative
                                 Log                   Maximum
      Iteration Calls     Likelihood    Difference    Gradient       Slope

             1      5       571.1586      7.321893     31.2227    -860.214
             2      7       568.2987      2.859944     14.5124    -9.60657
             3     10       567.8125      0.486201     4.85465    -5.97248
             4     12       567.3888      0.423685     0.92261    -1.02336
             5     14       567.3695      0.019268     0.35305    -0.03272
             6     16       567.3574      0.012112     0.97327    -0.00768
             7     18       567.3393      0.018134     0.18750    -0.02223
             8     21       567.3344       0.00488    0.092639    -0.00673
             9     24       567.3342       0.00021    0.002554    -0.00037
            10     27       567.3342      2.246E-7    0.000092    -4.35E-7


                  NOTE: GCONV convergence criterion satisfied.          
                             QUADRATURE 10, NLMIXED                           27

                             The NLMIXED Procedure

                                 Fit Statistics

                    -2 Log Likelihood                 1134.7
                    AIC (smaller is better)           1142.7
                    AICC (smaller is better)          1142.7
                    BIC (smaller is better)           1157.3


                              Parameter Estimates
 
                     Standard                         95% Confidence
  Parameter Estimate    Error   DF t Value Pr > |t|       Limits      Gradient

  b1         -1.3044   0.1948  289   -6.70   <.0001  -1.6878  -0.9210 0.000010
  b2        -0.08974  0.04776  289   -1.88   0.0613  -0.1837 0.004261 -0.00009
  b3         -0.1610  0.06437  289   -2.50   0.0129  -0.2877 -0.03428 -0.00004
  su2         3.7441   0.7695  289    4.87   <.0001   2.2296   5.2587 -2.41E-6
                             QUADRATURE 20, NLMIXED                           28

                             The NLMIXED Procedure

                                 Specifications

        Data Set                                    WORK.ARTH           
        Dependent Variable                          dscale              
        Distribution for Dependent Variable         Binary              
        Random Effects                              u                   
        Distribution for Random Effects             Normal              
        Subject Variable                            id                  
        Optimization Technique                      Dual Quasi-Newton   
        Integration Method                          Adaptive Gaussian   
                                                    Quadrature          


                                   Dimensions

                    Observations Used                   1160
                    Observations Not Used                  0
                    Total Observations                  1160
                    Subjects                             290
                    Max Obs per Subject                    4
                    Parameters                             4
                    Quadrature Points                     20


                               Initial Parameters
 
                                                             Negative
                                                                  Log
                 b1          b2          b3         su2    Likelihood

               -0.8       -0.06        -0.1         3.5    578.470892


                                Iteration History
 
                            Negative
                                 Log                   Maximum
      Iteration Calls     Likelihood    Difference    Gradient       Slope

             1      5       571.1503      7.320564     31.2322    -860.196
             2      7       568.2863      2.864066     14.5061    -9.61518
             3     10       567.8003      0.485977     4.85492    -5.97082
             4     12       567.3761      0.424168     0.92487    -1.02404
             5     14       567.3565      0.019594     0.36361    -0.03301
             6     16       567.3430      0.013526     0.96690    -0.00832
             7     18       567.3236      0.019364     0.13676    -0.02194
             8     21       567.3188      0.004795    0.081959    -0.00646
             9     24       567.3187      0.000122    0.001598    -0.00023
            10     27       567.3187      5.771E-8    0.000026    -1.11E-7


                  NOTE: GCONV convergence criterion satisfied.          
                             QUADRATURE 20, NLMIXED                           29

                             The NLMIXED Procedure

                                 Fit Statistics

                    -2 Log Likelihood                 1134.6
                    AIC (smaller is better)           1142.6
                    AICC (smaller is better)          1142.7
                    BIC (smaller is better)           1157.3


                              Parameter Estimates
 
                     Standard                         95% Confidence
  Parameter Estimate    Error   DF t Value Pr > |t|       Limits      Gradient

  b1         -1.3055   0.1952  289   -6.69   <.0001  -1.6896  -0.9214 7.431E-7
  b2        -0.08978  0.04777  289   -1.88   0.0612  -0.1838 0.004247 -0.00002
  b3         -0.1610  0.06440  289   -2.50   0.0130  -0.2877 -0.03421 -0.00003
  su2         3.7534   0.7744  289    4.85   <.0001   2.2292   5.2777 -1.31E-7
                             QUADRATURE 50, NLMIXED                           30

                             The NLMIXED Procedure

                                 Specifications

        Data Set                                    WORK.ARTH           
        Dependent Variable                          dscale              
        Distribution for Dependent Variable         Binary              
        Random Effects                              u                   
        Distribution for Random Effects             Normal              
        Subject Variable                            id                  
        Optimization Technique                      Dual Quasi-Newton   
        Integration Method                          Adaptive Gaussian   
                                                    Quadrature          


                                   Dimensions

                    Observations Used                   1160
                    Observations Not Used                  0
                    Total Observations                  1160
                    Subjects                             290
                    Max Obs per Subject                    4
                    Parameters                             4
                    Quadrature Points                     50


                               Initial Parameters
 
                                                             Negative
                                                                  Log
                 b1          b2          b3         su2    Likelihood

               -0.8       -0.06        -0.1         3.5    578.470906


                                Iteration History
 
                            Negative
                                 Log                   Maximum
      Iteration Calls     Likelihood    Difference    Gradient       Slope

             1      5       571.1503      7.320569     31.2322    -860.196
             2      7       568.2862       2.86409     14.5061    -9.61518
             3     10       567.8003      0.485975     4.85485    -5.97081
             4     12       567.3761       0.42416     0.92482    -1.02401
             5     14       567.3565      0.019593     0.36359    -0.03301
             6     16       567.3430      0.013524     0.96685    -0.00832
             7     18       567.3236      0.019361     0.13675    -0.02194
             8     21       567.3188      0.004795    0.081944    -0.00646
             9     24       567.3187      0.000122    0.001598    -0.00023
            10     27       567.3187      5.769E-8    0.000026    -1.11E-7


                  NOTE: GCONV convergence criterion satisfied.          
                             QUADRATURE 50, NLMIXED                           31

                             The NLMIXED Procedure

                                 Fit Statistics

                    -2 Log Likelihood                 1134.6
                    AIC (smaller is better)           1142.6
                    AICC (smaller is better)          1142.7
                    BIC (smaller is better)           1157.3


                              Parameter Estimates
 
                     Standard                         95% Confidence
  Parameter Estimate    Error   DF t Value Pr > |t|       Limits      Gradient

  b1         -1.3055   0.1952  289   -6.69   <.0001  -1.6896  -0.9214  7.49E-7
  b2        -0.08978  0.04777  289   -1.88   0.0612  -0.1838 0.004248 -0.00002
  b3         -0.1610  0.06440  289   -2.50   0.0130  -0.2877 -0.03421 -0.00003
  su2         3.7534   0.7744  289    4.85   <.0001   2.2292   5.2776 -1.31E-7
                       LINEARIZATION USING GLIMMIX MACRO

                              The Mixed Procedure

                               Model Information

             Data Set                     WORK._DS                 
             Dependent Variable           _z                       
             Weight Variable              _w                       
             Covariance Structure         Unstructured             
             Subject Effect               id                       
             Estimation Method            ML                       
             Residual Variance Method     Profile                  
             Fixed Effects SE Method      Model-Based              
             Degrees of Freedom Method    Containment              


                            Class Level Information
 
               Class    Levels    Values

               id          290    1 2 3 4 5 6 7 8 9 10 11 12 13 
                                  14 15 16 17 18 19 20 21 22 23 
                                  24 25 26 27 28 29 30 31 32 33 
                                  34 35 36 37 38 39 40 41 42 43 
                                  44 45 46 47 48 49 50 51 52 53 
                                  54 55 56 57 58 59 60 61 62 63 
                                  64 65 66 67 68 69 70 71 72 73 
                                  74 75 76 77 78 79 80 81 82 83 
                                  84 85 86 87 88 89 90 91 92 93 
                                  94 95 96 97 98 99 100 101 102 
                                  103 104 105 106 107 108 109   
                                  110 111 112 113 114 115 116   
                                  117 118 119 120 121 122 123   
                                  124 125 126 127 128 129 130   
                                  131 132 133 134 135 136 137   
                                  138 139 140 141 142 143 144   
                                  145 146 147 148 149 150 151   
                                  152 153 154 155 156 157 158   
                                  159 160 161 162 163 164 165   
                                  166 167 168 169 170 171 172   
                                  173 174 175 176 177 178 179   
                                  180 181 182 183 184 185 186   
                                  187 188 189 190 191 192 193   
                                  194 195 196 197 198 199 200   
                                  201 202 203 204 205 206 207   
                                  208 209 210 211 212 213 214   
                                  215 216 217 218 219 220 221   
                                  222 223 224 225 226 227 228   
                                  229 230 231 232 233 234 235   
                                  236 237 238 239 240 241 242   
                                  243 244 245 246 247 248 249   
                                  250 251 252 253 254 255 256   
                                  257 258 259 260 261 262 263   
                                  264 265 266 267 268 269 270   
                                  271 272 273 274 275 276 277   
                                  278 279 280 281 282 283 284   
                                  285 286 287 288 289 290       
                       LINEARIZATION USING GLIMMIX MACRO

                              The Mixed Procedure

                                  Dimensions

                      Covariance Parameters             2
                      Columns in X                      3
                      Columns in Z per Subject          1
                      Subjects                        290
                      Max Obs per Subject               4


                            Number of Observations

                  Number of Observations Read            1160
                  Number of Observations Used            1160
                  Number of Observations Not Used           0


                                Parameter Search
 
            CovP1       CovP2    Variance      Log Like    -2 Log Like

           3.1159      0.5724      0.5724    -2845.4950      5690.9900


                               Iteration History
 
          Iteration    Evaluations        -2 Log Like       Criterion

                  1              1      5690.99004392      0.00000000


                           Convergence criteria met.                    


                         Covariance Parameter Estimates
 
                        Cov Parm     Subject    Estimate

                        UN(1,1)      id           3.1159
                        Residual                  0.5724


                                Fit Statistics

                     -2 Log Likelihood              5691.0
                     AIC (Smaller is Better)        5701.0
                     AICC (Smaller is Better)       5701.0
                     BIC (Smaller is Better)        5719.3


                        PARMS Model Likelihood Ratio Test
 
                          DF    Chi-Square      Pr > ChiSq

                           1          0.00          1.0000
                       LINEARIZATION USING GLIMMIX MACRO

                              The Mixed Procedure

                           Solution for Fixed Effects
 
                                 Standard
        Effect       Estimate       Error      DF    t Value    Pr > |t|

        Intercept     -1.0836      0.1473     289      -7.36      <.0001
        month        -0.09452     0.03573     868      -2.65      0.0083
        month*trt     -0.1328     0.04967     868      -2.67      0.0076


                         Type 3 Tests of Fixed Effects
 
                               Num     Den
                 Effect         DF      DF    F Value    Pr > F

                 month           1     868       7.00    0.0083
                 month*trt       1     868       7.15    0.0076
                       LINEARIZATION USING GLIMMIX MACRO
                            GLIMMIX Model Statistics

                    Description                       Value

                    Deviance                       694.0759
                    Scaled Deviance               1212.4737
                    Pearson Chi-Square             552.2854
                    Scaled Pearson Chi-Square      964.7813
                    Extra-Dispersion Scale           0.5724
