                       sample proportions and SDs by week                      1

                   Obs    trt    month      mean        sd

                    1      0       0      0.35172    0.47916
                    2      0       2      0.29655    0.45832
                    3      0       4      0.27586    0.44850
                    4      0       6      0.25517    0.43747
                    5      1       0      0.32414    0.46967
                    6      1       2      0.12414    0.33088
                    7      1       4      0.20000    0.40139
                    8      1       6      0.14483    0.35315
                     Unstructured correlation, PROC GENMOD                     2

                              The GENMOD Procedure

                               Model Information

                        Data Set              WORK.ARTH
                        Distribution           Binomial
                        Link Function             Logit
                        Dependent Variable       dscale


                    Number of Observations Read        1160
                    Number of Observations Used        1160
                    Number of Events                    286
                    Number of Trials                   1160


                            Class Level Information
 
    Class      Levels    Values

    id            290    1 2 3 4 5 6 7 8 9 10 11 12 13 14 15 16 17 18 19 20
                         21 22 23 24 25 26 27 28 29 30 31 32 33 34 35 36 37
                         38 39 40 41 42 43 44 45 46 47 48 49 50 51 52 53 54
                         55 56 57 58 59 60 61 62 63 64 65 66 67 68 69 70 71
                         72 73 74 75 76 77 78 79 80 81 82 83 84 85 86 87   
                         ...                                               


                                Response Profile
 
                         Ordered                  Total
                           Value    dscale    Frequency

                               1    1               286
                               2    0               874

PROC GENMOD is modeling the probability that dscale='1'.


                             Parameter Information
 
                           Parameter       Effect

                           Prm1            Intercept
                           Prm2            month    
                           Prm3            month*trt


  Algorithm converged.                                                       


                             GEE Model Information

                Correlation Structure              Unstructured
                Subject Effect                  id (290 levels)
                Number of Clusters                          290
                Correlation Matrix Dimension                  4
                     Unstructured correlation, PROC GENMOD                     3

                              The GENMOD Procedure

                             GEE Model Information

                Maximum Cluster Size                          4
                Minimum Cluster Size                          4


  Algorithm converged.                                                       


                           Working Correlation Matrix
 
                         Col1         Col2         Col3         Col4

            Row1       1.0000       0.3027       0.3618       0.3266
            Row2       0.3027       1.0000       0.2527       0.3335
            Row3       0.3618       0.2527       1.0000       0.4820
            Row4       0.3266       0.3335       0.4820       1.0000


                               GEE Fit Criteria

                             QIC         1279.0194
                             QICu        1276.7403


                      Analysis Of GEE Parameter Estimates
                       Empirical Standard Error Estimates
 
                            Standard   95% Confidence
         Parameter Estimate    Error       Limits            Z Pr > |Z|

         Intercept  -0.8213   0.1141  -1.0449  -0.5977   -7.20   <.0001
         month      -0.0546   0.0331  -0.1195   0.0103   -1.65   0.0990
         month*trt  -0.1229   0.0469  -0.2148  -0.0310   -2.62   0.0088


                      Analysis Of GEE Parameter Estimates
                      Model-Based Standard Error Estimates
 
                            Standard   95% Confidence
         Parameter Estimate    Error       Limits            Z Pr > |Z|

         Intercept  -0.8213   0.1135  -1.0437  -0.5989   -7.24   <.0001
         month      -0.0546   0.0324  -0.1181   0.0088   -1.69   0.0914
         month*trt  -0.1229   0.0462  -0.2135  -0.0324   -2.66   0.0078
         Scale       1.0000    .        .        .         .      .    
NOTE: The scale parameter was held fixed.
                  Compound symmetric correlation, PROC GENMOD                  4

                              The GENMOD Procedure

                               Model Information

                        Data Set              WORK.ARTH
                        Distribution           Binomial
                        Link Function             Logit
                        Dependent Variable       dscale


                    Number of Observations Read        1160
                    Number of Observations Used        1160
                    Number of Events                    286
                    Number of Trials                   1160


                            Class Level Information
 
    Class      Levels    Values

    id            290    1 2 3 4 5 6 7 8 9 10 11 12 13 14 15 16 17 18 19 20
                         21 22 23 24 25 26 27 28 29 30 31 32 33 34 35 36 37
                         38 39 40 41 42 43 44 45 46 47 48 49 50 51 52 53 54
                         55 56 57 58 59 60 61 62 63 64 65 66 67 68 69 70 71
                         72 73 74 75 76 77 78 79 80 81 82 83 84 85 86 87   
                         ...                                               


                                Response Profile
 
                         Ordered                  Total
                           Value    dscale    Frequency

                               1    1               286
                               2    0               874

PROC GENMOD is modeling the probability that dscale='1'.


                             Parameter Information
 
                           Parameter       Effect

                           Prm1            Intercept
                           Prm2            month    
                           Prm3            month*trt


  Algorithm converged.                                                       


                             GEE Model Information

                Correlation Structure              Exchangeable
                Subject Effect                  id (290 levels)
                Number of Clusters                          290
                Correlation Matrix Dimension                  4
                  Compound symmetric correlation, PROC GENMOD                  5

                              The GENMOD Procedure

                             GEE Model Information

                Maximum Cluster Size                          4
                Minimum Cluster Size                          4


  Algorithm converged.                                                       


                           Working Correlation Matrix
 
                         Col1         Col2         Col3         Col4

            Row1       1.0000       0.3414       0.3414       0.3414
            Row2       0.3414       1.0000       0.3414       0.3414
            Row3       0.3414       0.3414       1.0000       0.3414
            Row4       0.3414       0.3414       0.3414       1.0000


                             Exchangeable Working
                                  Correlation

                          Correlation    0.3414486911


                               GEE Fit Criteria

                             QIC         1279.2693
                             QICu        1277.0032


                      Analysis Of GEE Parameter Estimates
                       Empirical Standard Error Estimates
 
                            Standard   95% Confidence
         Parameter Estimate    Error       Limits            Z Pr > |Z|

         Intercept  -0.8150   0.1141  -1.0386  -0.5914   -7.14   <.0001
         month      -0.0556   0.0336  -0.1215   0.0103   -1.65   0.0980
         month*trt  -0.1127   0.0462  -0.2033  -0.0221   -2.44   0.0148


                      Analysis Of GEE Parameter Estimates
                      Model-Based Standard Error Estimates
 
                            Standard   95% Confidence
         Parameter Estimate    Error       Limits            Z Pr > |Z|

         Intercept  -0.8150   0.1152  -1.0407  -0.5893   -7.08   <.0001
         month      -0.0556   0.0311  -0.1165   0.0053   -1.79   0.0734
         month*trt  -0.1127   0.0435  -0.1980  -0.0274   -2.59   0.0096
         Scale       1.0000    .        .        .         .      .    
NOTE: The scale parameter was held fixed.
                  Compound symmetric correlation, PROC GLIMMIX                 6

                             The GLIMMIX Procedure

                               Model Information

              Data Set                       WORK.ARTH           
              Response Variable              dscale              
              Response Distribution          Binomial            
              Link Function                  Logit               
              Variance Function              Default             
              Variance Matrix Blocked By     id                  
              Estimation Technique           MPL                 
              Degrees of Freedom Method      Between-Within      
              Fixed Effects SE Adjustment    Sandwich - Classical


                            Class Level Information
 
        Class    Levels    Values

        id          290    1 2 3 4 5 6 7 8 9 10 11 12 13 14 15 16 17 18 
                           19 20 21 22 23 24 25 26 27 28 29 30 31 32 33 
                           34 35 36 37 38 39 40 41 42 43 44 45 46 47 48 
                           49 50 51 52 53 54 55 56 57 58 59 60 61 62 63 
                           64 65 66 67 68 69 70 71 72 73 74 75 76 77 78 
                           79 80 81 82 83 84 85 86 87 88 89 90 91 92 93 
                           94 95 96 97 98 99 100 101 102 103 104 105 106
                           107 108 109 110 111 112 113 114 115 116 117  
                           118 119 120 121 122 123 124 125 126 127 128  
                           129 130 131 132 133 134 135 136 137 138 139  
                           140 141 142 143 144 145 146 147 148 149 150  
                           151 152 153 154 155 156 157 158 159 160 161  
                           162 163 164 165 166 167 168 169 170 171 172  
                           173 174 175 176 177 178 179 180 181 182 183  
                           184 185 186 187 188 189 190 191 192 193 194  
                           195 196 197 198 199 200 201 202 203 204 205  
                           206 207 208 209 210 211 212 213 214 215 216  
                           217 218 219 220 221 222 223 224 225 226 227  
                           228 229 230 231 232 233 234 235 236 237 238  
                           239 240 241 242 243 244 245 246 247 248 249  
                           250 251 252 253 254 255 256 257 258 259 260  
                           261 262 263 264 265 266 267 268 269 270 271  
                           272 273 274 275 276 277 278 279 280 281 282  
                           283 284 285 286 287 288 289 290              


                    Number of Observations Read        1160
                    Number of Observations Used        1160


                                   Dimensions

                       R-side Cov. Parameters           2
                       Columns in X                     3
                       Columns in Z per Subject         0
                       Subjects (Blocks in V)         290
                       Max Obs per Subject              4
                  Compound symmetric correlation, PROC GLIMMIX                 7

                             The GLIMMIX Procedure

                           Optimization Information

                Optimization Technique        Dual Quasi-Newton
                Parameters in Optimization    1                
                Lower Boundaries              0                
                Upper Boundaries              0                
                Fixed Effects                 Profiled         
                Residual Variance             Profiled         
                Starting From                 Data             


                               Iteration History
 
                                           Objective                       Max
 Iteration   Restarts   Subiterations       Function         Change   Gradient

         0          0               2   5209.0728015     0.32469994   9.575E-6
         1          0               3   5118.8816613     0.00843202   3.026E-6
         2          0               2   5125.2208152     0.00034794   3.872E-9
         3          0               1   5125.3063097     0.00001360   2.908E-8
         4          0               1   5125.3105165     0.00000062   5.466E-6
         5          0               0   5125.3106945     0.00000002   8.933E-7
         6          0               0   5125.3107021     0.00000000   7.291E-7

              Convergence criterion (PCONV=1.11022E-8) satisfied.       


                                 Fit Statistics

                      -2 Log Pseudo-Likelihood     5125.31
                      Generalized Chi-Square        762.47
                      Gener. Chi-Square / DF          0.66


                     Estimated V Correlation Matrix for id 1
 
               Row        Col1        Col2        Col3        Col4

                 1      1.0000      0.3417      0.3417      0.3417
                 2      0.3417      1.0000      0.3417      0.3417
                 3      0.3417      0.3417      1.0000      0.3417
                 4      0.3417      0.3417      0.3417      1.0000


                        Covariance Parameter Estimates
 
                                                     Standard
                  Cov Parm    Subject    Estimate       Error

                  CS          id           0.3413     0.04280
                  Residual                 0.6573     0.03153
                  Compound symmetric correlation, PROC GLIMMIX                 8

                             The GLIMMIX Procedure

                          Solutions for Fixed Effects
 
                                Standard
       Effect       Estimate       Error       DF    t Value    Pr > |t|

       Intercept     -0.8150      0.1141      289      -7.14      <.0001
       month        -0.05562     0.03361      868      -1.66      0.0983
       month*trt     -0.1127     0.04622      868      -2.44      0.0150


                        Type III Tests of Fixed Effects
 
                              Num      Den
                Effect         DF       DF    F Value    Pr > F

                month           1      868       2.74    0.0983
                month*trt       1      868       5.94    0.0150
                  Compound symmetric correlation, PROC GENMOD                  9

                              The GENMOD Procedure

                               Model Information

                        Data Set              WORK.ARTH
                        Distribution           Binomial
                        Link Function             Logit
                        Dependent Variable       dscale


                    Number of Observations Read        1160
                    Number of Observations Used        1160
                    Number of Events                    286
                    Number of Trials                   1160


                            Class Level Information
 
    Class      Levels    Values

    id            290    1 2 3 4 5 6 7 8 9 10 11 12 13 14 15 16 17 18 19 20
                         21 22 23 24 25 26 27 28 29 30 31 32 33 34 35 36 37
                         38 39 40 41 42 43 44 45 46 47 48 49 50 51 52 53 54
                         55 56 57 58 59 60 61 62 63 64 65 66 67 68 69 70 71
                         72 73 74 75 76 77 78 79 80 81 82 83 84 85 86 87   
                         ...                                               
    trt             2    0 1                                               


                                Response Profile
 
                         Ordered                  Total
                           Value    dscale    Frequency

                               1    1               286
                               2    0               874

PROC GENMOD is modeling the probability that dscale='1'.


                             Parameter Information
 
                        Parameter       Effect       trt

                        Prm1            Intercept       
                        Prm2            month*trt    0  
                        Prm3            month*trt    1  


  Algorithm converged.                                                       


                             GEE Model Information

                Correlation Structure              Exchangeable
                Subject Effect                  id (290 levels)
                Number of Clusters                          290
                  Compound symmetric correlation, PROC GENMOD                 10

                              The GENMOD Procedure

                             GEE Model Information

                Correlation Matrix Dimension                  4
                Maximum Cluster Size                          4
                Minimum Cluster Size                          4


  Algorithm converged.                                                       


                           Working Correlation Matrix
 
                         Col1         Col2         Col3         Col4

            Row1       1.0000       0.3414       0.3414       0.3414
            Row2       0.3414       1.0000       0.3414       0.3414
            Row3       0.3414       0.3414       1.0000       0.3414
            Row4       0.3414       0.3414       0.3414       1.0000


                             Exchangeable Working
                                  Correlation

                          Correlation    0.3414470985


                               GEE Fit Criteria

                             QIC         1279.2693
                             QICu        1277.0032


                      Analysis Of GEE Parameter Estimates
                       Empirical Standard Error Estimates
 
                             Standard   95% Confidence
        Parameter   Estimate    Error       Limits            Z Pr > |Z|

        Intercept    -0.8150   0.1141  -1.0386  -0.5914   -7.14   <.0001
        month*trt 0  -0.0556   0.0336  -0.1215   0.0103   -1.65   0.0980
        month*trt 1  -0.1683   0.0378  -0.2424  -0.0942   -4.45   <.0001


                      Analysis Of GEE Parameter Estimates
                      Model-Based Standard Error Estimates
 
                             Standard   95% Confidence
        Parameter   Estimate    Error       Limits            Z Pr > |Z|

        Intercept    -0.8150   0.1152  -1.0407  -0.5893   -7.08   <.0001
        month*trt 0  -0.0556   0.0311  -0.1165   0.0053   -1.79   0.0734
        month*trt 1  -0.1683   0.0359  -0.2387  -0.0979   -4.69   <.0001
        Scale         1.0000    .        .        .         .      .    
NOTE: The scale parameter was held fixed.
                  Compound symmetric correlation, PROC GLIMMIX                11

                             The GLIMMIX Procedure

                               Model Information

              Data Set                       WORK.ARTH           
              Response Variable              dscale              
              Response Distribution          Binomial            
              Link Function                  Logit               
              Variance Function              Default             
              Variance Matrix Blocked By     id                  
              Estimation Technique           MPL                 
              Degrees of Freedom Method      Between-Within      
              Fixed Effects SE Adjustment    Sandwich - Classical


                            Class Level Information
 
        Class    Levels    Values

        id          290    1 2 3 4 5 6 7 8 9 10 11 12 13 14 15 16 17 18 
                           19 20 21 22 23 24 25 26 27 28 29 30 31 32 33 
                           34 35 36 37 38 39 40 41 42 43 44 45 46 47 48 
                           49 50 51 52 53 54 55 56 57 58 59 60 61 62 63 
                           64 65 66 67 68 69 70 71 72 73 74 75 76 77 78 
                           79 80 81 82 83 84 85 86 87 88 89 90 91 92 93 
                           94 95 96 97 98 99 100 101 102 103 104 105 106
                           107 108 109 110 111 112 113 114 115 116 117  
                           118 119 120 121 122 123 124 125 126 127 128  
                           129 130 131 132 133 134 135 136 137 138 139  
                           140 141 142 143 144 145 146 147 148 149 150  
                           151 152 153 154 155 156 157 158 159 160 161  
                           162 163 164 165 166 167 168 169 170 171 172  
                           173 174 175 176 177 178 179 180 181 182 183  
                           184 185 186 187 188 189 190 191 192 193 194  
                           195 196 197 198 199 200 201 202 203 204 205  
                           206 207 208 209 210 211 212 213 214 215 216  
                           217 218 219 220 221 222 223 224 225 226 227  
                           228 229 230 231 232 233 234 235 236 237 238  
                           239 240 241 242 243 244 245 246 247 248 249  
                           250 251 252 253 254 255 256 257 258 259 260  
                           261 262 263 264 265 266 267 268 269 270 271  
                           272 273 274 275 276 277 278 279 280 281 282  
                           283 284 285 286 287 288 289 290              
        trt           2    0 1                                          


                    Number of Observations Read        1160
                    Number of Observations Used        1160


                                   Dimensions

                       R-side Cov. Parameters           2
                       Columns in X                     3
                       Columns in Z per Subject         0
                       Subjects (Blocks in V)         290
                       Max Obs per Subject              4
                  Compound symmetric correlation, PROC GLIMMIX                12

                             The GLIMMIX Procedure

                           Optimization Information

                Optimization Technique        Dual Quasi-Newton
                Parameters in Optimization    1                
                Lower Boundaries              0                
                Upper Boundaries              0                
                Fixed Effects                 Profiled         
                Residual Variance             Profiled         
                Starting From                 Data             


                               Iteration History
 
                                           Objective                       Max
 Iteration   Restarts   Subiterations       Function         Change   Gradient

         0          0               2   5209.0728015     0.22157286   9.575E-6
         1          0               3   5118.8816613     0.00843202   3.026E-6
         2          0               2   5125.2208152     0.00021662   3.874E-9
         3          0               1   5125.3063097     0.00001343   6.832E-8
         4          0               1   5125.3105165     0.00000052   1.305E-6
         5          0               0   5125.3106942     0.00000001   5.832E-6
         6          0               0   5125.3107018     0.00000000   5.995E-6

              Convergence criterion (PCONV=1.11022E-8) satisfied.       


                                 Fit Statistics

                      -2 Log Pseudo-Likelihood     5125.31
                      Generalized Chi-Square        762.47
                      Gener. Chi-Square / DF          0.66


                     Estimated V Correlation Matrix for id 1
 
               Row        Col1        Col2        Col3        Col4

                 1      1.0000      0.3417      0.3417      0.3417
                 2      0.3417      1.0000      0.3417      0.3417
                 3      0.3417      0.3417      1.0000      0.3417
                 4      0.3417      0.3417      0.3417      1.0000


                        Covariance Parameter Estimates
 
                                                     Standard
                  Cov Parm    Subject    Estimate       Error

                  CS          id           0.3413     0.04280
                  Residual                 0.6573     0.03153
                  Compound symmetric correlation, PROC GLIMMIX                13

                             The GLIMMIX Procedure

                          Solutions for Fixed Effects
 
                                    Standard
    Effect       trt    Estimate       Error       DF    t Value    Pr > |t|

    Intercept            -0.8150      0.1141      289      -7.14      <.0001
    month*trt    0      -0.05562     0.03361      868      -1.66      0.0983
    month*trt    1       -0.1683     0.03782      868      -4.45      <.0001


                        Type III Tests of Fixed Effects
 
                              Num      Den
                Effect         DF       DF    F Value    Pr > F

                month*trt       2      868      10.33    <.0001
                          Age at baseline, PROC GENMOD                        14

                              The GENMOD Procedure

                               Model Information

                        Data Set              WORK.ARTH
                        Distribution           Binomial
                        Link Function             Logit
                        Dependent Variable       dscale


                    Number of Observations Read        1160
                    Number of Observations Used        1160
                    Number of Events                    286
                    Number of Trials                   1160


                            Class Level Information
 
    Class      Levels    Values

    id            290    1 2 3 4 5 6 7 8 9 10 11 12 13 14 15 16 17 18 19 20
                         21 22 23 24 25 26 27 28 29 30 31 32 33 34 35 36 37
                         38 39 40 41 42 43 44 45 46 47 48 49 50 51 52 53 54
                         55 56 57 58 59 60 61 62 63 64 65 66 67 68 69 70 71
                         72 73 74 75 76 77 78 79 80 81 82 83 84 85 86 87   
                         ...                                               


                                Response Profile
 
                         Ordered                  Total
                           Value    dscale    Frequency

                               1    1               286
                               2    0               874

PROC GENMOD is modeling the probability that dscale='1'.


                             Parameter Information
 
                           Parameter       Effect

                           Prm1            Intercept
                           Prm2            age      
                           Prm3            month    
                           Prm4            month*trt


  Algorithm converged.                                                       


                             GEE Model Information

                Correlation Structure              Exchangeable
                Subject Effect                  id (290 levels)
                Number of Clusters                          290
                          Age at baseline, PROC GENMOD                        15

                              The GENMOD Procedure

                             GEE Model Information

                Correlation Matrix Dimension                  4
                Maximum Cluster Size                          4
                Minimum Cluster Size                          4


  Algorithm converged.                                                       


                           Working Correlation Matrix
 
                         Col1         Col2         Col3         Col4

            Row1       1.0000       0.3406       0.3406       0.3406
            Row2       0.3406       1.0000       0.3406       0.3406
            Row3       0.3406       0.3406       1.0000       0.3406
            Row4       0.3406       0.3406       0.3406       1.0000


                             Exchangeable Working
                                  Correlation

                          Correlation    0.3405617441


                               GEE Fit Criteria

                             QIC         1282.9473
                             QICu        1278.4035


                      Analysis Of GEE Parameter Estimates
                       Empirical Standard Error Estimates
 
                            Standard   95% Confidence
         Parameter Estimate    Error       Limits            Z Pr > |Z|

         Intercept  -1.0212   0.4796  -1.9612  -0.0812   -2.13   0.0332
         age         0.0041   0.0092  -0.0139   0.0220    0.45   0.6557
         month      -0.0558   0.0336  -0.1216   0.0100   -1.66   0.0963
         month*trt  -0.1124   0.0462  -0.2029  -0.0219   -2.43   0.0150


                      Analysis Of GEE Parameter Estimates
                      Model-Based Standard Error Estimates
 
                            Standard   95% Confidence
         Parameter Estimate    Error       Limits            Z Pr > |Z|

         Intercept  -1.0212   0.4631  -1.9287  -0.1136   -2.21   0.0274
         age         0.0041   0.0088  -0.0133   0.0214    0.46   0.6445
         month      -0.0558   0.0311  -0.1167   0.0051   -1.80   0.0725
         month*trt  -0.1124   0.0435  -0.1977  -0.0270   -2.58   0.0099
         Scale       1.0000    .        .        .         .      .    
                          Age at baseline, PROC GENMOD                        16

                              The GENMOD Procedure

NOTE: The scale parameter was held fixed.
                         Age at baseline, PROC GLIMMIX                        17

                             The GLIMMIX Procedure

                               Model Information

              Data Set                       WORK.ARTH           
              Response Variable              dscale              
              Response Distribution          Binomial            
              Link Function                  Logit               
              Variance Function              Default             
              Variance Matrix Blocked By     id                  
              Estimation Technique           MPL                 
              Degrees of Freedom Method      Between-Within      
              Fixed Effects SE Adjustment    Sandwich - Classical


                            Class Level Information
 
        Class    Levels    Values

        id          290    1 2 3 4 5 6 7 8 9 10 11 12 13 14 15 16 17 18 
                           19 20 21 22 23 24 25 26 27 28 29 30 31 32 33 
                           34 35 36 37 38 39 40 41 42 43 44 45 46 47 48 
                           49 50 51 52 53 54 55 56 57 58 59 60 61 62 63 
                           64 65 66 67 68 69 70 71 72 73 74 75 76 77 78 
                           79 80 81 82 83 84 85 86 87 88 89 90 91 92 93 
                           94 95 96 97 98 99 100 101 102 103 104 105 106
                           107 108 109 110 111 112 113 114 115 116 117  
                           118 119 120 121 122 123 124 125 126 127 128  
                           129 130 131 132 133 134 135 136 137 138 139  
                           140 141 142 143 144 145 146 147 148 149 150  
                           151 152 153 154 155 156 157 158 159 160 161  
                           162 163 164 165 166 167 168 169 170 171 172  
                           173 174 175 176 177 178 179 180 181 182 183  
                           184 185 186 187 188 189 190 191 192 193 194  
                           195 196 197 198 199 200 201 202 203 204 205  
                           206 207 208 209 210 211 212 213 214 215 216  
                           217 218 219 220 221 222 223 224 225 226 227  
                           228 229 230 231 232 233 234 235 236 237 238  
                           239 240 241 242 243 244 245 246 247 248 249  
                           250 251 252 253 254 255 256 257 258 259 260  
                           261 262 263 264 265 266 267 268 269 270 271  
                           272 273 274 275 276 277 278 279 280 281 282  
                           283 284 285 286 287 288 289 290              


                    Number of Observations Read        1160
                    Number of Observations Used        1160


                                   Dimensions

                       R-side Cov. Parameters           2
                       Columns in X                     4
                       Columns in Z per Subject         0
                       Subjects (Blocks in V)         290
                       Max Obs per Subject              4
                         Age at baseline, PROC GLIMMIX                        18

                             The GLIMMIX Procedure

                           Optimization Information

                Optimization Technique        Dual Quasi-Newton
                Parameters in Optimization    1                
                Lower Boundaries              0                
                Upper Boundaries              0                
                Fixed Effects                 Profiled         
                Residual Variance             Profiled         
                Starting From                 Data             


                               Iteration History
 
                                           Objective                       Max
 Iteration   Restarts   Subiterations       Function         Change   Gradient

         0          0               3   5209.4310758     0.32659880   0.000018
         1          0               3   5119.4713243     0.03341897   6.651E-6
         2          0               1   5125.6142715     0.00118233   8.153E-6
         3          0               1   5125.7058117     0.00005025   1.231E-7
         4          0               1   5125.7102519     0.00000228   1.252E-6
         5          0               0   5125.7104428     0.00000010   2.757E-6
         6          0               0   5125.7104511     0.00000000   2.904E-6

              Convergence criterion (PCONV=1.11022E-8) satisfied.       


                                 Fit Statistics

                      -2 Log Pseudo-Likelihood     5125.71
                      Generalized Chi-Square        762.76
                      Gener. Chi-Square / DF          0.66


                     Estimated V Correlation Matrix for id 1
 
               Row        Col1        Col2        Col3        Col4

                 1      1.0000      0.3410      0.3410      0.3410
                 2      0.3410      1.0000      0.3410      0.3410
                 3      0.3410      0.3410      1.0000      0.3410
                 4      0.3410      0.3410      0.3410      1.0000


                        Covariance Parameter Estimates
 
                                                     Standard
                  Cov Parm    Subject    Estimate       Error

                  CS          id           0.3402     0.04272
                  Residual                 0.6576     0.03155
                         Age at baseline, PROC GLIMMIX                        19

                             The GLIMMIX Procedure

                          Solutions for Fixed Effects
 
                                Standard
       Effect       Estimate       Error       DF    t Value    Pr > |t|

       Intercept     -1.0211      0.4796      288      -2.13      0.0341
       age          0.004081    0.009156      288       0.45      0.6562
       month        -0.05584     0.03357      868      -1.66      0.0966
       month*trt     -0.1123     0.04618      868      -2.43      0.0152


                        Type III Tests of Fixed Effects
 
                              Num      Den
                Effect         DF       DF    F Value    Pr > F

                age             1      288       0.20    0.6562
                month           1      868       2.77    0.0966
                month*trt       1      868       5.92    0.0152
                   Age at baseline and in slope, PROC GENMOD                  20

                              The GENMOD Procedure

                               Model Information

                        Data Set              WORK.ARTH
                        Distribution           Binomial
                        Link Function             Logit
                        Dependent Variable       dscale


                    Number of Observations Read        1160
                    Number of Observations Used        1160
                    Number of Events                    286
                    Number of Trials                   1160


                            Class Level Information
 
    Class      Levels    Values

    id            290    1 2 3 4 5 6 7 8 9 10 11 12 13 14 15 16 17 18 19 20
                         21 22 23 24 25 26 27 28 29 30 31 32 33 34 35 36 37
                         38 39 40 41 42 43 44 45 46 47 48 49 50 51 52 53 54
                         55 56 57 58 59 60 61 62 63 64 65 66 67 68 69 70 71
                         72 73 74 75 76 77 78 79 80 81 82 83 84 85 86 87   
                         ...                                               


                                Response Profile
 
                         Ordered                  Total
                           Value    dscale    Frequency

                               1    1               286
                               2    0               874

PROC GENMOD is modeling the probability that dscale='1'.


                             Parameter Information
 
                         Parameter       Effect

                         Prm1            Intercept    
                         Prm2            age          
                         Prm3            month        
                         Prm4            age*month    
                         Prm5            month*trt    
                         Prm6            age*month*trt


  Algorithm converged.                                                       


                   Age at baseline and in slope, PROC GENMOD                  21

                              The GENMOD Procedure

                             GEE Model Information

                Correlation Structure              Exchangeable
                Subject Effect                  id (290 levels)
                Number of Clusters                          290
                Correlation Matrix Dimension                  4
                Maximum Cluster Size                          4
                Minimum Cluster Size                          4


  Algorithm converged.                                                       


                           Working Correlation Matrix
 
                         Col1         Col2         Col3         Col4

            Row1       1.0000       0.3417       0.3417       0.3417
            Row2       0.3417       1.0000       0.3417       0.3417
            Row3       0.3417       0.3417       1.0000       0.3417
            Row4       0.3417       0.3417       0.3417       1.0000


                             Exchangeable Working
                                  Correlation

                          Correlation    0.3416880078


                               GEE Fit Criteria

                             QIC         1286.9505
                             QICu        1281.8148


                      Analysis Of GEE Parameter Estimates
                       Empirical Standard Error Estimates
 
                              Standard   95% Confidence
       Parameter     Estimate    Error       Limits            Z Pr > |Z|

       Intercept      -0.8033   0.5736  -1.9275   0.3210   -1.40   0.1614
       age            -0.0002   0.0110  -0.0218   0.0214   -0.02   0.9849
       month          -0.0888   0.1676  -0.4172   0.2396   -0.53   0.5960
       age*month       0.0006   0.0032  -0.0056   0.0069    0.20   0.8393
       month*trt      -0.2640   0.2327  -0.7201   0.1921   -1.13   0.2566
       age*month*trt   0.0030   0.0044  -0.0057   0.0117    0.67   0.5006


                   Age at baseline and in slope, PROC GENMOD                  22

                              The GENMOD Procedure

                      Analysis Of GEE Parameter Estimates
                      Model-Based Standard Error Estimates
 
                              Standard   95% Confidence
       Parameter     Estimate    Error       Limits            Z Pr > |Z|

       Intercept      -0.8033   0.5378  -1.8574   0.2508   -1.49   0.1353
       age            -0.0002   0.0104  -0.0206   0.0202   -0.02   0.9840
       month          -0.0888   0.1460  -0.3749   0.1973   -0.61   0.5428
       age*month       0.0006   0.0028  -0.0048   0.0061    0.23   0.8168
       month*trt      -0.2640   0.2143  -0.6840   0.1561   -1.23   0.2181
       age*month*trt   0.0030   0.0041  -0.0050   0.0110    0.73   0.4645
       Scale           1.0000    .        .        .         .      .    
NOTE: The scale parameter was held fixed.
                   Age at baseline and in slope, PROC GLIMMIX                 23

                             The GLIMMIX Procedure

                               Model Information

              Data Set                       WORK.ARTH           
              Response Variable              dscale              
              Response Distribution          Binomial            
              Link Function                  Logit               
              Variance Function              Default             
              Variance Matrix Blocked By     id                  
              Estimation Technique           MPL                 
              Degrees of Freedom Method      Between-Within      
              Fixed Effects SE Adjustment    Sandwich - Classical


                            Class Level Information
 
        Class    Levels    Values

        id          290    1 2 3 4 5 6 7 8 9 10 11 12 13 14 15 16 17 18 
                           19 20 21 22 23 24 25 26 27 28 29 30 31 32 33 
                           34 35 36 37 38 39 40 41 42 43 44 45 46 47 48 
                           49 50 51 52 53 54 55 56 57 58 59 60 61 62 63 
                           64 65 66 67 68 69 70 71 72 73 74 75 76 77 78 
                           79 80 81 82 83 84 85 86 87 88 89 90 91 92 93 
                           94 95 96 97 98 99 100 101 102 103 104 105 106
                           107 108 109 110 111 112 113 114 115 116 117  
                           118 119 120 121 122 123 124 125 126 127 128  
                           129 130 131 132 133 134 135 136 137 138 139  
                           140 141 142 143 144 145 146 147 148 149 150  
                           151 152 153 154 155 156 157 158 159 160 161  
                           162 163 164 165 166 167 168 169 170 171 172  
                           173 174 175 176 177 178 179 180 181 182 183  
                           184 185 186 187 188 189 190 191 192 193 194  
                           195 196 197 198 199 200 201 202 203 204 205  
                           206 207 208 209 210 211 212 213 214 215 216  
                           217 218 219 220 221 222 223 224 225 226 227  
                           228 229 230 231 232 233 234 235 236 237 238  
                           239 240 241 242 243 244 245 246 247 248 249  
                           250 251 252 253 254 255 256 257 258 259 260  
                           261 262 263 264 265 266 267 268 269 270 271  
                           272 273 274 275 276 277 278 279 280 281 282  
                           283 284 285 286 287 288 289 290              


                    Number of Observations Read        1160
                    Number of Observations Used        1160


                                   Dimensions

                       R-side Cov. Parameters           2
                       Columns in X                     6
                       Columns in Z per Subject         0
                       Subjects (Blocks in V)         290
                       Max Obs per Subject              4
                   Age at baseline and in slope, PROC GLIMMIX                 24

                             The GLIMMIX Procedure

                           Optimization Information

                Optimization Technique        Dual Quasi-Newton
                Parameters in Optimization    1                
                Lower Boundaries              0                
                Upper Boundaries              0                
                Fixed Effects                 Profiled         
                Residual Variance             Profiled         
                Starting From                 Data             


                               Iteration History
 
                                           Objective                       Max
 Iteration   Restarts   Subiterations       Function         Change   Gradient

         0          0               2   5206.8840359     2.00000000   7.373E-6
         1          0               3   5121.7500861     0.47473880   7.882E-6
         2          0               2   5128.8507725     0.02044554   5.931E-9
         3          0               1    5128.960582     0.00016835   6.244E-8
         4          0               1   5128.9652855     0.00000589   1.313E-6
         5          0               0   5128.9654692     0.00000025   3.356E-6
         6          0               0   5128.9654771     0.00000000   3.519E-6

              Convergence criterion (PCONV=1.11022E-8) satisfied.       


                                 Fit Statistics

                      -2 Log Pseudo-Likelihood     5128.97
                      Generalized Chi-Square        761.88
                      Gener. Chi-Square / DF          0.66


                     Estimated V Correlation Matrix for id 1
 
               Row        Col1        Col2        Col3        Col4

                 1      1.0000      0.3423      0.3423      0.3423
                 2      0.3423      1.0000      0.3423      0.3423
                 3      0.3423      0.3423      1.0000      0.3423
                 4      0.3423      0.3423      0.3423      1.0000


                        Covariance Parameter Estimates
 
                                                     Standard
                  Cov Parm    Subject    Estimate       Error

                  CS          id           0.3418     0.04284
                  Residual                 0.6568     0.03151
                   Age at baseline and in slope, PROC GLIMMIX                 25

                             The GLIMMIX Procedure

                          Solutions for Fixed Effects
 
                                  Standard
     Effect           Estimate       Error       DF    t Value    Pr > |t|

     Intercept         -0.8033      0.5736      288      -1.40      0.1625
     age              -0.00021     0.01102      288      -0.02      0.9849
     month            -0.08883      0.1676      866      -0.53      0.5962
     age*month        0.000648    0.003198      866       0.20      0.8395
     month*trt         -0.2640      0.2327      866      -1.13      0.2569
     age*month*trt    0.002987    0.004433      866       0.67      0.5006


                        Type III Tests of Fixed Effects
 
                                Num      Den
              Effect             DF       DF    F Value    Pr > F

              age                 1      288       0.00    0.9849
              month               1      866       0.28    0.5962
              age*month           1      866       0.04    0.8395
              month*trt           1      866       1.29    0.2569
              age*month*trt       1      866       0.45    0.5006
