                         LINEARIZATION ABOUT 0, GLIMMIX                        1

                             The GLIMMIX Procedure

                               Model Information

                   Data Set                      WORK.ARTH  
                   Response Variable             dscale     
                   Response Distribution         Binomial   
                   Link Function                 Logit      
                   Variance Function             Default    
                   Variance Matrix Blocked By    id         
                   Estimation Technique          MPL        
                   Degrees of Freedom Method     Containment


                            Class Level Information
 
        Class    Levels    Values

        id          290    1 2 3 4 5 6 7 8 9 10 11 12 13 14 15 16 17 18 
                           19 20 21 22 23 24 25 26 27 28 29 30 31 32 33 
                           34 35 36 37 38 39 40 41 42 43 44 45 46 47 48 
                           49 50 51 52 53 54 55 56 57 58 59 60 61 62 63 
                           64 65 66 67 68 69 70 71 72 73 74 75 76 77 78 
                           79 80 81 82 83 84 85 86 87 88 89 90 91 92 93 
                           94 95 96 97 98 99 100 101 102 103 104 105 106
                           107 108 109 110 111 112 113 114 115 116 117  
                           118 119 120 121 122 123 124 125 126 127 128  
                           129 130 131 132 133 134 135 136 137 138 139  
                           140 141 142 143 144 145 146 147 148 149 150  
                           151 152 153 154 155 156 157 158 159 160 161  
                           162 163 164 165 166 167 168 169 170 171 172  
                           173 174 175 176 177 178 179 180 181 182 183  
                           184 185 186 187 188 189 190 191 192 193 194  
                           195 196 197 198 199 200 201 202 203 204 205  
                           206 207 208 209 210 211 212 213 214 215 216  
                           217 218 219 220 221 222 223 224 225 226 227  
                           228 229 230 231 232 233 234 235 236 237 238  
                           239 240 241 242 243 244 245 246 247 248 249  
                           250 251 252 253 254 255 256 257 258 259 260  
                           261 262 263 264 265 266 267 268 269 270 271  
                           272 273 274 275 276 277 278 279 280 281 282  
                           283 284 285 286 287 288 289 290              


                    Number of Observations Read        1160
                    Number of Observations Used        1160


                                   Dimensions

                       G-side Cov. Parameters           3
                       Columns in X                     3
                       Columns in Z per Subject         2
                       Subjects (Blocks in V)         290
                       Max Obs per Subject              4
                         LINEARIZATION ABOUT 0, GLIMMIX                        2

                             The GLIMMIX Procedure

                           Optimization Information

                Optimization Technique        Dual Quasi-Newton
                Parameters in Optimization    3                
                Lower Boundaries              2                
                Upper Boundaries              0                
                Fixed Effects                 Profiled         
                Starting From                 Data             


                               Iteration History
 
                                           Objective                       Max
 Iteration   Restarts   Subiterations       Function         Change   Gradient

         0          0               8   5265.8760133     2.00000000   215.5378
         1          0               5   5189.3496042     0.35262715    248.866
         2          0               3   5193.3502928     0.00584496   246.9949
         3          0               2   5193.4087775     0.00038754   246.9422
         4          0               1   5193.4060989     0.00000746    246.944
         5          0               1    5193.406018     0.00000095   246.9439
         6          0               1   5193.4060217     0.00000140   246.9443
         7          0               1   5193.4060162     0.00000287   246.9435
         8          0               1   5193.4060257     0.00000176    246.944
         9          0               1   5193.4060204     0.00000017    246.944
        10          0               1   5193.4060194     0.00000017    246.944
        11          0               1    5193.406019     0.00000022    246.944
        12          0               1   5193.4060193     0.00000016    246.944
        13          0               1   5193.4060185     0.00000049   246.9439
        14          0               1   5193.4060197     0.00000062   246.9441
        15          0               1   5193.4060171     0.00000137   246.9437
        16          0               1   5193.4060215     0.00000224   246.9444
        17          0               1   5193.4060133     0.00000155    246.944
        18          0               1   5193.4060177     0.00000013    246.944
        19          0               1   5193.4060183     0.00000018   246.9439

                               Did not converge.                        


                         Covariance Parameter Estimates
 
                   Cov                               Standard
                   Parm       Subject    Estimate       Error

                   UN(1,1)    id           0.6548           .
                   UN(2,1)    id           0.1368           .
                   UN(2,2)    id                0           .
                  LINEARIZATION ABOUT EMP BAYES ESTS, GLIMMIX                  3

                             The GLIMMIX Procedure

                               Model Information

                   Data Set                      WORK.ARTH  
                   Response Variable             dscale     
                   Response Distribution         Binomial   
                   Link Function                 Logit      
                   Variance Function             Default    
                   Variance Matrix Blocked By    id         
                   Estimation Technique          PL         
                   Degrees of Freedom Method     Containment


                            Class Level Information
 
        Class    Levels    Values

        id          290    1 2 3 4 5 6 7 8 9 10 11 12 13 14 15 16 17 18 
                           19 20 21 22 23 24 25 26 27 28 29 30 31 32 33 
                           34 35 36 37 38 39 40 41 42 43 44 45 46 47 48 
                           49 50 51 52 53 54 55 56 57 58 59 60 61 62 63 
                           64 65 66 67 68 69 70 71 72 73 74 75 76 77 78 
                           79 80 81 82 83 84 85 86 87 88 89 90 91 92 93 
                           94 95 96 97 98 99 100 101 102 103 104 105 106
                           107 108 109 110 111 112 113 114 115 116 117  
                           118 119 120 121 122 123 124 125 126 127 128  
                           129 130 131 132 133 134 135 136 137 138 139  
                           140 141 142 143 144 145 146 147 148 149 150  
                           151 152 153 154 155 156 157 158 159 160 161  
                           162 163 164 165 166 167 168 169 170 171 172  
                           173 174 175 176 177 178 179 180 181 182 183  
                           184 185 186 187 188 189 190 191 192 193 194  
                           195 196 197 198 199 200 201 202 203 204 205  
                           206 207 208 209 210 211 212 213 214 215 216  
                           217 218 219 220 221 222 223 224 225 226 227  
                           228 229 230 231 232 233 234 235 236 237 238  
                           239 240 241 242 243 244 245 246 247 248 249  
                           250 251 252 253 254 255 256 257 258 259 260  
                           261 262 263 264 265 266 267 268 269 270 271  
                           272 273 274 275 276 277 278 279 280 281 282  
                           283 284 285 286 287 288 289 290              


                    Number of Observations Read        1160
                    Number of Observations Used        1160


                                   Dimensions

                       G-side Cov. Parameters           3
                       Columns in X                     3
                       Columns in Z per Subject         2
                       Subjects (Blocks in V)         290
                       Max Obs per Subject              4
                  LINEARIZATION ABOUT EMP BAYES ESTS, GLIMMIX                  4

                             The GLIMMIX Procedure

                           Optimization Information

                Optimization Technique        Dual Quasi-Newton
                Parameters in Optimization    3                
                Lower Boundaries              2                
                Upper Boundaries              0                
                Fixed Effects                 Profiled         
                Starting From                 Data             


                               Iteration History
 
                                           Objective                       Max
 Iteration   Restarts   Subiterations       Function         Change   Gradient

         0          0               8   5234.4737755     2.00000000   187.5264
         1          0               4   5324.5209807     0.69214180   136.1343
         2          0               4   5385.1376235     0.22608371   103.3504
         3          0               4   5407.0088141     0.06860503   91.96499
         4          0               3   5413.8170811     0.02039407   88.47308
         5          0               3    5415.756063     0.00602669   87.47978
         6          0               2   5416.2989922     0.00167174   87.19053
         7          0               2   5416.4561421     0.00056286   87.11618
         8          0               1   5416.4975371     0.00009364   87.08792
         9          0               1   5416.5128541     0.00003458   87.08276
        10          0               1   5416.5180575     0.00003362   87.06654
        11          0               1   5416.5081754     0.00004534   87.08454
        12          0               1   5416.5154243     0.00004489    87.0878
        13          0               1   5416.5210958     0.00002615   87.07569
        14          0               1   5416.5163133     0.00011652    87.0981
        15          0               1   5416.5230959     0.00003433      87.08
        16          0               1   5416.5171753     0.00001202    87.0818
        17          0               1   5416.5148445     0.00002670    87.0895
        18          0               1   5416.5183875     0.00001497   87.08239
        19          0               1   5416.5156962     0.00004706   87.08138

                               Did not converge.                        


                         Covariance Parameter Estimates
 
                   Cov                               Standard
                   Parm       Subject    Estimate       Error

                   UN(1,1)    id           0.8710           .
                   UN(2,1)    id           0.1441           .
                   UN(2,2)    id                0           .
                          FULL LAPLACE APPROX, GLIMMIX                         5

                             The GLIMMIX Procedure

                               Model Information

                Data Set                      WORK.ARTH         
                Response Variable             dscale            
                Response Distribution         Binomial          
                Link Function                 Logit             
                Variance Function             Default           
                Variance Matrix Blocked By    id                
                Estimation Technique          Maximum Likelihood
                Likelihood Approximation      Laplace           
                Degrees of Freedom Method     Containment       


                            Class Level Information
 
        Class    Levels    Values

        id          290    1 2 3 4 5 6 7 8 9 10 11 12 13 14 15 16 17 18 
                           19 20 21 22 23 24 25 26 27 28 29 30 31 32 33 
                           34 35 36 37 38 39 40 41 42 43 44 45 46 47 48 
                           49 50 51 52 53 54 55 56 57 58 59 60 61 62 63 
                           64 65 66 67 68 69 70 71 72 73 74 75 76 77 78 
                           79 80 81 82 83 84 85 86 87 88 89 90 91 92 93 
                           94 95 96 97 98 99 100 101 102 103 104 105 106
                           107 108 109 110 111 112 113 114 115 116 117  
                           118 119 120 121 122 123 124 125 126 127 128  
                           129 130 131 132 133 134 135 136 137 138 139  
                           140 141 142 143 144 145 146 147 148 149 150  
                           151 152 153 154 155 156 157 158 159 160 161  
                           162 163 164 165 166 167 168 169 170 171 172  
                           173 174 175 176 177 178 179 180 181 182 183  
                           184 185 186 187 188 189 190 191 192 193 194  
                           195 196 197 198 199 200 201 202 203 204 205  
                           206 207 208 209 210 211 212 213 214 215 216  
                           217 218 219 220 221 222 223 224 225 226 227  
                           228 229 230 231 232 233 234 235 236 237 238  
                           239 240 241 242 243 244 245 246 247 248 249  
                           250 251 252 253 254 255 256 257 258 259 260  
                           261 262 263 264 265 266 267 268 269 270 271  
                           272 273 274 275 276 277 278 279 280 281 282  
                           283 284 285 286 287 288 289 290              


                    Number of Observations Read        1160
                    Number of Observations Used        1160


                                   Dimensions

                       G-side Cov. Parameters           3
                       Columns in X                     3
                       Columns in Z per Subject         2
                       Subjects (Blocks in V)         290
                       Max Obs per Subject              4
                          FULL LAPLACE APPROX, GLIMMIX                         6

                             The GLIMMIX Procedure

                           Optimization Information

                Optimization Technique        Dual Quasi-Newton
                Parameters in Optimization    6                
                Lower Boundaries              2                
                Upper Boundaries              0                
                Fixed Effects                 Not Profiled     
                Starting From                 GLM estimates    


                                Iteration History
 
                                           Objective                         Max
Iteration    Restarts    Evaluations        Function          Change    Gradient

        0           0              4    1192.9898645       .            304.6774
        1           0              3     1164.016199     28.97366555    82.67459
        2           0              2    1148.4723154     15.54388355    51.77901
        3           0              4    1140.6931443      7.77917118    45.41474
        4           0              5    1139.9234421      0.76970219    25.34746
        5           0              4    1137.6659835      2.25745856    12.19782
        6           0              5    1137.4565255      0.20945804    26.17397
        7           0              4    1136.8965054      0.56002003    12.87766
        8           0              3    1136.6008088      0.29569660    7.388297
        9           0              4    1135.5145632      1.08624563    17.49411
       10           0              2    1133.7392256      1.77533758    16.69083
       11           0              5    1133.3154024      0.42382327    15.80538
       12           0              4    1132.3729011      0.94250131    12.72907
       13           0              5    1132.1492051      0.22369595    11.58254
       14           0              4    1131.6810543      0.46815084    7.901095
       15           0              5    1131.5742279      0.10682640    6.545828
       16           0              2     1131.389737      0.18449091    2.470166
       17           0             15    1131.3873027      0.00243427    2.351792
       18           0             15    1131.3869198      0.00038286    2.334772
       19           0             11     1131.386905      0.00001480    2.334126
       20           0              4    1131.3674843      0.01942072    1.067849
       21           0              3    1131.3669557      0.00052858    1.020367

                 Convergence criterion (GCONV=1E-6) satisfied.          


                                 Fit Statistics

                      -2 Log Likelihood            1131.37
                      AIC  (smaller is better)     1143.37
                      AICC (smaller is better)     1143.44
                      BIC  (smaller is better)     1165.39
                      CAIC (smaller is better)     1171.39
                      HQIC (smaller is better)     1152.19

                          FULL LAPLACE APPROX, GLIMMIX                         7

                             The GLIMMIX Procedure

                       Fit Statistics for Conditional
                                 Distribution

                   -2 log L(dscale | r. effects)      711.80
                   Pearson Chi-Square                 555.77
                   Pearson Chi-Square / DF              0.48


                              Estimated G Matrix
 
                   Effect        Row        Col1        Col2

                   Intercept       1      1.1435      0.3816
                   month           2      0.3816      0.1308


                        Estimated G Correlation Matrix
 
                   Effect        Row        Col1        Col2

                   Intercept       1      1.0000      0.9866
                   month           2      0.9866      1.0000


                         Covariance Parameter Estimates
 
                   Cov                               Standard
                   Parm       Subject    Estimate       Error

                   UN(1,1)    id           1.1435      0.7006
                   UN(2,1)    id           0.3816      0.1237
                   UN(2,2)    id           0.1308     0.08436


                          Solutions for Fixed Effects
 
                                Standard
       Effect       Estimate       Error       DF    t Value    Pr > |t|

       Intercept     -0.9613      0.1790      289      -5.37      <.0001
       month         -0.2783     0.08713      288      -3.19      0.0016
       month*trt     -0.2124     0.09152      580      -2.32      0.0207


                        Type III Tests of Fixed Effects
 
                              Num      Den
                Effect         DF       DF    F Value    Pr > F

                month           1      288      10.20    0.0016
                month*trt       1      580       5.39    0.0207

                             QUADRATURE 10, GLIMMIX                            8

                             The GLIMMIX Procedure

                               Model Information

             Data Set                      WORK.ARTH               
             Response Variable             dscale                  
             Response Distribution         Binomial                
             Link Function                 Logit                   
             Variance Function             Default                 
             Variance Matrix Blocked By    id                      
             Estimation Technique          Maximum Likelihood      
             Likelihood Approximation      Gauss-Hermite Quadrature
             Degrees of Freedom Method     Containment             


                            Class Level Information
 
        Class    Levels    Values

        id          290    1 2 3 4 5 6 7 8 9 10 11 12 13 14 15 16 17 18 
                           19 20 21 22 23 24 25 26 27 28 29 30 31 32 33 
                           34 35 36 37 38 39 40 41 42 43 44 45 46 47 48 
                           49 50 51 52 53 54 55 56 57 58 59 60 61 62 63 
                           64 65 66 67 68 69 70 71 72 73 74 75 76 77 78 
                           79 80 81 82 83 84 85 86 87 88 89 90 91 92 93 
                           94 95 96 97 98 99 100 101 102 103 104 105 106
                           107 108 109 110 111 112 113 114 115 116 117  
                           118 119 120 121 122 123 124 125 126 127 128  
                           129 130 131 132 133 134 135 136 137 138 139  
                           140 141 142 143 144 145 146 147 148 149 150  
                           151 152 153 154 155 156 157 158 159 160 161  
                           162 163 164 165 166 167 168 169 170 171 172  
                           173 174 175 176 177 178 179 180 181 182 183  
                           184 185 186 187 188 189 190 191 192 193 194  
                           195 196 197 198 199 200 201 202 203 204 205  
                           206 207 208 209 210 211 212 213 214 215 216  
                           217 218 219 220 221 222 223 224 225 226 227  
                           228 229 230 231 232 233 234 235 236 237 238  
                           239 240 241 242 243 244 245 246 247 248 249  
                           250 251 252 253 254 255 256 257 258 259 260  
                           261 262 263 264 265 266 267 268 269 270 271  
                           272 273 274 275 276 277 278 279 280 281 282  
                           283 284 285 286 287 288 289 290              


                    Number of Observations Read        1160
                    Number of Observations Used        1160


                                   Dimensions

                       G-side Cov. Parameters           3
                       Columns in X                     3
                       Columns in Z per Subject         2
                       Subjects (Blocks in V)         290
                       Max Obs per Subject              4
                             QUADRATURE 10, GLIMMIX                            9

                             The GLIMMIX Procedure

                           Optimization Information

                Optimization Technique        Dual Quasi-Newton
                Parameters in Optimization    6                
                Lower Boundaries              2                
                Upper Boundaries              0                
                Fixed Effects                 Not Profiled     
                Starting From                 GLM estimates    
                Quadrature Points             10               


                                Iteration History
 
                                           Objective                         Max
Iteration    Restarts    Evaluations        Function          Change    Gradient

        0           0              4    1175.3177951       .            271.8302
        1           0              3    1149.5801725     25.73762260    90.68741
        2           0              2    1140.5195891      9.06058336    52.40052
        3           0              2    1132.6415681      7.87802107    35.62398
        4           0              2    1131.1382824      1.50328569    44.83938
        5           0              4    1128.1696699      2.96861244    27.74303
        6           0              3    1127.4933399      0.67633003    6.123274
        7           0              3     1127.372759      0.12058087    6.867109
        8           0              2    1127.2764471      0.09631198    7.786092
        9           0              2    1127.2159015      0.06054558    5.910971
       10           0              2    1127.1236635      0.09223802    1.544311
       11           0              4    1126.8424103      0.28125319    12.51374
       12           0              2    1126.4055943      0.43681599     5.95702
       13           0              3    1126.3455648      0.06002948    0.937563
       14           0              3    1126.3428255      0.00273930    0.100587
       15           0              3    1126.3427718      0.00005373    0.013124
       16           0              3    1126.3427687      0.00000308    0.004526

                 Convergence criterion (GCONV=1E-8) satisfied.          


                                 Fit Statistics

                      -2 Log Likelihood            1126.34
                      AIC  (smaller is better)     1138.34
                      AICC (smaller is better)     1138.42
                      BIC  (smaller is better)     1160.36
                      CAIC (smaller is better)     1166.36
                      HQIC (smaller is better)     1147.16


                        Fit Statistics for Conditional
                                 Distribution

                   -2 log L(dscale | r. effects)      653.39
                   Pearson Chi-Square                 497.23
                   Pearson Chi-Square / DF              0.43
                             QUADRATURE 10, GLIMMIX                           10

                             The GLIMMIX Procedure

                              Estimated G Matrix
 
                   Effect        Row        Col1        Col2

                   Intercept       1      2.4025      0.2430
                   month           2      0.2430      0.1082


                        Estimated G Correlation Matrix
 
                   Effect        Row        Col1        Col2

                   Intercept       1      1.0000      0.4764
                   month           2      0.4764      1.0000


                         Covariance Parameter Estimates
 
                   Cov                               Standard
                   Parm       Subject    Estimate       Error

                   UN(1,1)    id           2.4025      1.2031
                   UN(2,1)    id           0.2430      0.1824
                   UN(2,2)    id           0.1082     0.06733


                          Solutions for Fixed Effects
 
                                Standard
       Effect       Estimate       Error       DF    t Value    Pr > |t|

       Intercept     -1.1016      0.2112      289      -5.22      <.0001
       month         -0.2174     0.08080      288      -2.69      0.0075
       month*trt     -0.2064     0.08966      580      -2.30      0.0217


                        Type III Tests of Fixed Effects
 
                              Num      Den
                Effect         DF       DF    F Value    Pr > F

                month           1      288       7.24    0.0075
                month*trt       1      580       5.30    0.0217
                             QUADRATURE 20, GLIMMIX                           11

                             The GLIMMIX Procedure

                               Model Information

             Data Set                      WORK.ARTH               
             Response Variable             dscale                  
             Response Distribution         Binomial                
             Link Function                 Logit                   
             Variance Function             Default                 
             Variance Matrix Blocked By    id                      
             Estimation Technique          Maximum Likelihood      
             Likelihood Approximation      Gauss-Hermite Quadrature
             Degrees of Freedom Method     Containment             


                            Class Level Information
 
        Class    Levels    Values

        id          290    1 2 3 4 5 6 7 8 9 10 11 12 13 14 15 16 17 18 
                           19 20 21 22 23 24 25 26 27 28 29 30 31 32 33 
                           34 35 36 37 38 39 40 41 42 43 44 45 46 47 48 
                           49 50 51 52 53 54 55 56 57 58 59 60 61 62 63 
                           64 65 66 67 68 69 70 71 72 73 74 75 76 77 78 
                           79 80 81 82 83 84 85 86 87 88 89 90 91 92 93 
                           94 95 96 97 98 99 100 101 102 103 104 105 106
                           107 108 109 110 111 112 113 114 115 116 117  
                           118 119 120 121 122 123 124 125 126 127 128  
                           129 130 131 132 133 134 135 136 137 138 139  
                           140 141 142 143 144 145 146 147 148 149 150  
                           151 152 153 154 155 156 157 158 159 160 161  
                           162 163 164 165 166 167 168 169 170 171 172  
                           173 174 175 176 177 178 179 180 181 182 183  
                           184 185 186 187 188 189 190 191 192 193 194  
                           195 196 197 198 199 200 201 202 203 204 205  
                           206 207 208 209 210 211 212 213 214 215 216  
                           217 218 219 220 221 222 223 224 225 226 227  
                           228 229 230 231 232 233 234 235 236 237 238  
                           239 240 241 242 243 244 245 246 247 248 249  
                           250 251 252 253 254 255 256 257 258 259 260  
                           261 262 263 264 265 266 267 268 269 270 271  
                           272 273 274 275 276 277 278 279 280 281 282  
                           283 284 285 286 287 288 289 290              


                    Number of Observations Read        1160
                    Number of Observations Used        1160


                                   Dimensions

                       G-side Cov. Parameters           3
                       Columns in X                     3
                       Columns in Z per Subject         2
                       Subjects (Blocks in V)         290
                       Max Obs per Subject              4
                             QUADRATURE 20, GLIMMIX                           12

                             The GLIMMIX Procedure

                           Optimization Information

                Optimization Technique        Dual Quasi-Newton
                Parameters in Optimization    6                
                Lower Boundaries              2                
                Upper Boundaries              0                
                Fixed Effects                 Not Profiled     
                Starting From                 GLM estimates    
                Quadrature Points             20               


                                Iteration History
 
                                           Objective                         Max
Iteration    Restarts    Evaluations        Function          Change    Gradient

        0           0              4     1175.282514       .            271.8998
        1           0              3    1149.5283772     25.75413689    90.93434
        2           0              2    1140.1362577      9.39211947     49.8338
        3           0              2    1131.0369048      9.09935291    35.49052
        4           0              2    1129.8442862      1.19261854    39.74045
        5           0              4    1128.0343854      1.80990088    35.30441
        6           0              3     1127.379166      0.65521931    5.361061
        7           0              3    1127.3038094      0.07535669    3.774572
        8           0              2    1127.2288456      0.07496370    5.504829
        9           0              2    1127.1539987      0.07484698    5.083491
       10           0              4    1126.8987828      0.25521585    4.455421
       11           0              4    1126.4051136      0.49366924    4.166037
       12           0              3    1126.3520394      0.05307415    0.947293
       13           0              3    1126.3414818      0.01055764    0.244141
       14           0              3    1126.3411597      0.00032214     0.03725
       15           0              3    1126.3411484      0.00001129    0.006055
       16           0              3     1126.341148      0.00000040    0.000336

                 Convergence criterion (GCONV=1E-8) satisfied.          


                                 Fit Statistics

                      -2 Log Likelihood            1126.34
                      AIC  (smaller is better)     1138.34
                      AICC (smaller is better)     1138.41
                      BIC  (smaller is better)     1160.36
                      CAIC (smaller is better)     1166.36
                      HQIC (smaller is better)     1147.16


                        Fit Statistics for Conditional
                                 Distribution

                   -2 log L(dscale | r. effects)      653.49
                   Pearson Chi-Square                 497.36
                   Pearson Chi-Square / DF              0.43
                             QUADRATURE 20, GLIMMIX                           13

                             The GLIMMIX Procedure

                              Estimated G Matrix
 
                   Effect        Row        Col1        Col2

                   Intercept       1      2.4023      0.2432
                   month           2      0.2432      0.1081


                        Estimated G Correlation Matrix
 
                   Effect        Row        Col1        Col2

                   Intercept       1      1.0000      0.4773
                   month           2      0.4773      1.0000


                         Covariance Parameter Estimates
 
                   Cov                               Standard
                   Parm       Subject    Estimate       Error

                   UN(1,1)    id           2.4023      1.2073
                   UN(2,1)    id           0.2432      0.1832
                   UN(2,2)    id           0.1081     0.06742


                          Solutions for Fixed Effects
 
                                Standard
       Effect       Estimate       Error       DF    t Value    Pr > |t|

       Intercept     -1.1017      0.2115      289      -5.21      <.0001
       month         -0.2174     0.08079      288      -2.69      0.0076
       month*trt     -0.2063     0.08966      580      -2.30      0.0217


                        Type III Tests of Fixed Effects
 
                              Num      Den
                Effect         DF       DF    F Value    Pr > F

                month           1      288       7.24    0.0076
                month*trt       1      580       5.30    0.0217
                             QUADRATURE 50, GLIMMIX                           14

                             The GLIMMIX Procedure

                               Model Information

             Data Set                      WORK.ARTH               
             Response Variable             dscale                  
             Response Distribution         Binomial                
             Link Function                 Logit                   
             Variance Function             Default                 
             Variance Matrix Blocked By    id                      
             Estimation Technique          Maximum Likelihood      
             Likelihood Approximation      Gauss-Hermite Quadrature
             Degrees of Freedom Method     Containment             


                            Class Level Information
 
        Class    Levels    Values

        id          290    1 2 3 4 5 6 7 8 9 10 11 12 13 14 15 16 17 18 
                           19 20 21 22 23 24 25 26 27 28 29 30 31 32 33 
                           34 35 36 37 38 39 40 41 42 43 44 45 46 47 48 
                           49 50 51 52 53 54 55 56 57 58 59 60 61 62 63 
                           64 65 66 67 68 69 70 71 72 73 74 75 76 77 78 
                           79 80 81 82 83 84 85 86 87 88 89 90 91 92 93 
                           94 95 96 97 98 99 100 101 102 103 104 105 106
                           107 108 109 110 111 112 113 114 115 116 117  
                           118 119 120 121 122 123 124 125 126 127 128  
                           129 130 131 132 133 134 135 136 137 138 139  
                           140 141 142 143 144 145 146 147 148 149 150  
                           151 152 153 154 155 156 157 158 159 160 161  
                           162 163 164 165 166 167 168 169 170 171 172  
                           173 174 175 176 177 178 179 180 181 182 183  
                           184 185 186 187 188 189 190 191 192 193 194  
                           195 196 197 198 199 200 201 202 203 204 205  
                           206 207 208 209 210 211 212 213 214 215 216  
                           217 218 219 220 221 222 223 224 225 226 227  
                           228 229 230 231 232 233 234 235 236 237 238  
                           239 240 241 242 243 244 245 246 247 248 249  
                           250 251 252 253 254 255 256 257 258 259 260  
                           261 262 263 264 265 266 267 268 269 270 271  
                           272 273 274 275 276 277 278 279 280 281 282  
                           283 284 285 286 287 288 289 290              


                    Number of Observations Read        1160
                    Number of Observations Used        1160


                                   Dimensions

                       G-side Cov. Parameters           3
                       Columns in X                     3
                       Columns in Z per Subject         2
                       Subjects (Blocks in V)         290
                       Max Obs per Subject              4
                             QUADRATURE 50, GLIMMIX                           15

                             The GLIMMIX Procedure

                           Optimization Information

                Optimization Technique        Dual Quasi-Newton
                Parameters in Optimization    6                
                Lower Boundaries              2                
                Upper Boundaries              0                
                Fixed Effects                 Not Profiled     
                Starting From                 GLM estimates    
                Quadrature Points             50               


                                Iteration History
 
                                           Objective                         Max
Iteration    Restarts    Evaluations        Function          Change    Gradient

        0           0              4    1175.2828055       .            271.9005
        1           0              3    1149.5289527     25.75385280    90.93245
        2           0              2    1140.1518322      9.37712056    50.01521
        3           0              2    1131.1192493      9.03258289    35.49826
        4           0              2    1129.9204594      1.19878984     40.0971
        5           0              4    1127.9924572      1.92800228    33.05634
        6           0              3    1127.3894642      0.60299295    5.365577
        7           0              3    1127.3154982      0.07396598    4.535364
        8           0              2     1127.229877      0.08562127    4.690325
        9           0              2    1127.1500461      0.07983086    7.018503
       10           0              4    1126.9360122      0.21403393     2.58604
       11           0              4    1126.3582832      0.57772893    1.974951
       12           0              3    1126.3435866      0.01469664    0.277279
       13           0              3    1126.3411939      0.00239268     0.07631
       14           0              3    1126.3411574      0.00003646    0.014802
       15           0              3    1126.3411557      0.00000174    0.001876

                 Convergence criterion (GCONV=1E-8) satisfied.          


                                 Fit Statistics

                      -2 Log Likelihood            1126.34
                      AIC  (smaller is better)     1138.34
                      AICC (smaller is better)     1138.41
                      BIC  (smaller is better)     1160.36
                      CAIC (smaller is better)     1166.36
                      HQIC (smaller is better)     1147.16


                        Fit Statistics for Conditional
                                 Distribution

                   -2 log L(dscale | r. effects)      653.50
                   Pearson Chi-Square                 497.37
                   Pearson Chi-Square / DF              0.43
                             QUADRATURE 50, GLIMMIX                           16

                             The GLIMMIX Procedure

                              Estimated G Matrix
 
                   Effect        Row        Col1        Col2

                   Intercept       1      2.4022      0.2432
                   month           2      0.2432      0.1081


                        Estimated G Correlation Matrix
 
                   Effect        Row        Col1        Col2

                   Intercept       1      1.0000      0.4773
                   month           2      0.4773      1.0000


                         Covariance Parameter Estimates
 
                   Cov                               Standard
                   Parm       Subject    Estimate       Error

                   UN(1,1)    id           2.4022      1.2072
                   UN(2,1)    id           0.2432      0.1832
                   UN(2,2)    id           0.1081     0.06741


                          Solutions for Fixed Effects
 
                                Standard
       Effect       Estimate       Error       DF    t Value    Pr > |t|

       Intercept     -1.1018      0.2115      289      -5.21      <.0001
       month         -0.2174     0.08079      288      -2.69      0.0076
       month*trt     -0.2063     0.08966      580      -2.30      0.0217


                        Type III Tests of Fixed Effects
 
                              Num      Den
                Effect         DF       DF    F Value    Pr > F

                month           1      288       7.24    0.0076
                month*trt       1      580       5.30    0.0217
                          FULL LAPLACE APPROX, NLMIXED                        17

                             The NLMIXED Procedure

                                 Specifications

        Data Set                                    WORK.ARTH           
        Dependent Variable                          dscale              
        Distribution for Dependent Variable         Binary              
        Random Effects                              u1 u2               
        Distribution for Random Effects             Normal              
        Subject Variable                            id                  
        Optimization Technique                      Dual Quasi-Newton   
        Integration Method                          Adaptive Gaussian   
                                                    Quadrature          


                                   Dimensions

                    Observations Used                   1160
                    Observations Not Used                  0
                    Total Observations                  1160
                    Subjects                             290
                    Max Obs per Subject                    4
                    Parameters                             6
                    Quadrature Points                      1


                               Initial Parameters
 
                                                                      Negative
                                                                           Log
        b1         b2         b3       su12        c12       su22   Likelihood

      -0.8      -0.06       -0.1          3          0        0.1   588.041819


                                Iteration History
 
                            Negative
                                 Log                   Maximum
      Iteration Calls     Likelihood    Difference    Gradient       Slope

             1      7       572.6872      15.35464     48.0681    -1142.78
             2     10       570.3359      2.351264     13.5027    -62.2239
             3     12       568.4655      1.870415     13.2138    -3.68415
             4     14       567.9800       0.48554     10.8760    -0.96525
             5     16       567.3590      0.620994     7.67992    -1.23450
             6     19       567.2641      0.094859     2.43691    -0.30560
             7     21       567.1016      0.162511     1.75455    -0.15744
             8     23       566.8363      0.265317     6.34261    -0.38479
             9     30       566.2041      0.632157     7.38181    -0.59092
            10    105       565.9211      0.282969     7.42149    -0.91187
            11    126       565.8520      0.069183     6.96243    -41.5604
            12    130       565.7562      0.095751     2.04767    -40.6968
            13    135       565.7304      0.025795     0.93545    -3.37090
            14    138       565.7258      0.004657     0.85056    -0.20777
            15    140       565.7139      0.011875     0.94318    -0.25981
                          FULL LAPLACE APPROX, NLMIXED                        18

                             The NLMIXED Procedure

                                Iteration History
 
                            Negative
                                 Log                   Maximum
      Iteration Calls     Likelihood    Difference    Gradient       Slope

            16    151       565.6838      0.030113     0.42747    -0.72884
            17    195       565.6836      0.000163     0.41882    -0.00761
            17    216    1.157921E77      -1.16E77     0.41882    -0.00799


        ERROR: The gradient of the objective function cannot be computed
                        during the optimization process.                


                              Parameter Estimates
 
                       Parameter    Estimate    Gradient

                       b1            -0.9521     9.72850
                       b2            -0.2857     2.28780
                       b3            -0.2100    -1.23857
                       su12           1.1333     0.71058
                       c12            0.3922     3.41415
                       su22           0.1357     1.73256
                             QUADRATURE 10, NLMIXED                           19

                             The NLMIXED Procedure

                                 Specifications

        Data Set                                    WORK.ARTH           
        Dependent Variable                          dscale              
        Distribution for Dependent Variable         Binary              
        Random Effects                              u1 u2               
        Distribution for Random Effects             Normal              
        Subject Variable                            id                  
        Optimization Technique                      Dual Quasi-Newton   
        Integration Method                          Adaptive Gaussian   
                                                    Quadrature          


                                   Dimensions

                    Observations Used                   1160
                    Observations Not Used                  0
                    Total Observations                  1160
                    Subjects                             290
                    Max Obs per Subject                    4
                    Parameters                             6
                    Quadrature Points                     10


                               Initial Parameters
 
                                                                      Negative
                                                                           Log
        b1         b2         b3       su12        c12       su22   Likelihood

      -0.8      -0.06       -0.1          3          0        0.1   580.435091


                                Iteration History
 
                            Negative
                                 Log                   Maximum
      Iteration Calls     Likelihood    Difference    Gradient       Slope

             1      7       567.2903      13.14483     44.4631    -1004.97
             2     11       565.2133      2.076924     13.4344    -61.7595
             3     13       564.1982      1.015117     11.0085    -5.34504
             4     15       563.5390      0.659202     7.58928    -2.35685
             5     18       563.3773      0.161739     5.90469    -0.62270
             6     21       563.2904      0.086863     2.46193    -0.24741
             7     24       563.2675      0.022887     0.46575    -0.04129
             8     27       563.2585      0.008987     0.96168    -0.00991
             9     31       563.2187      0.039828     2.32346    -0.00688
            10     33       563.1789      0.039767     1.97248    -0.03800
            11     36       563.1718      0.007158     0.29922    -0.01280
            12     39       563.1714        0.0004    0.034325    -0.00073
            13     42       563.1714      2.872E-6    0.001213     -6.1E-6
            14     45       563.1714      2.213E-8    0.000222    -4.73E-8
                             QUADRATURE 10, NLMIXED                           20

                             The NLMIXED Procedure

                  NOTE: GCONV convergence criterion satisfied.          


                                 Fit Statistics

                    -2 Log Likelihood                 1126.3
                    AIC (smaller is better)           1138.3
                    AICC (smaller is better)          1138.4
                    BIC (smaller is better)           1160.4


                              Parameter Estimates
 
                     Standard                         95% Confidence
  Parameter Estimate    Error   DF t Value Pr > |t|       Limits      Gradient

  b1         -1.1017   0.2112  288   -5.22   <.0001  -1.5174  -0.6860 0.000064
  b2         -0.2174  0.08080  288   -2.69   0.0075  -0.3765 -0.05841 -0.00017
  b3         -0.2064  0.08966  288   -2.30   0.0221  -0.3828 -0.02988 -0.00007
  su12        2.4028   1.2032  288    2.00   0.0468  0.03457   4.7710 0.000024
  c12         0.2429   0.1824  288    1.33   0.1840  -0.1161   0.6020 0.000060
  su22        0.1083  0.06733  288    1.61   0.1090 -0.02428   0.2408 -0.00022
                             QUADRATURE 20, NLMIXED                           21

                             The NLMIXED Procedure

                                 Specifications

        Data Set                                    WORK.ARTH           
        Dependent Variable                          dscale              
        Distribution for Dependent Variable         Binary              
        Random Effects                              u1 u2               
        Distribution for Random Effects             Normal              
        Subject Variable                            id                  
        Optimization Technique                      Dual Quasi-Newton   
        Integration Method                          Adaptive Gaussian   
                                                    Quadrature          


                                   Dimensions

                    Observations Used                   1160
                    Observations Not Used                  0
                    Total Observations                  1160
                    Subjects                             290
                    Max Obs per Subject                    4
                    Parameters                             6
                    Quadrature Points                     20


                               Initial Parameters
 
                                                                      Negative
                                                                           Log
        b1         b2         b3       su12        c12       su22   Likelihood

      -0.8      -0.06       -0.1          3          0        0.1   580.433751


                                Iteration History
 
                            Negative
                                 Log                   Maximum
      Iteration Calls     Likelihood    Difference    Gradient       Slope

             1      7       567.2879      13.14588     44.4080    -1004.89
             2     11       565.2091      2.078803     13.3619    -61.6768
             3     13       564.2051       1.00395     11.0589    -5.28222
             4     15       563.5339      0.671209     7.57226    -2.35199
             5     18       563.3750      0.158913     5.88042    -0.61323
             6     21       563.2892      0.085836     2.42259    -0.24400
             7     24       563.2663       0.02283     0.45925    -0.04138
             8     27       563.2575      0.008852     0.93643    -0.00983
             9     31       563.2180      0.039522     2.41380    -0.00680
            10     33       563.1781      0.039896     1.96474    -0.03768
            11     36       563.1710      0.007102     0.28290    -0.01258
            12     39       563.1706      0.000377    0.031325    -0.00069
            13     42       563.1706       2.61E-6    0.001207    -5.58E-6
                             QUADRATURE 20, NLMIXED                           22

                             The NLMIXED Procedure

                  NOTE: GCONV convergence criterion satisfied.          


                                 Fit Statistics

                    -2 Log Likelihood                 1126.3
                    AIC (smaller is better)           1138.3
                    AICC (smaller is better)          1138.4
                    BIC (smaller is better)           1160.4


                              Parameter Estimates
 
                     Standard                         95% Confidence
  Parameter Estimate    Error   DF t Value Pr > |t|       Limits      Gradient

  b1         -1.1018   0.2115  288   -5.21   <.0001  -1.5180  -0.6855 -0.00121
  b2         -0.2174  0.08079  288   -2.69   0.0076  -0.3764 -0.05835 0.000138
  b3         -0.2063  0.08966  288   -2.30   0.0221  -0.3828 -0.02987 -0.00002
  su12        2.4022   1.2073  288    1.99   0.0476  0.02607   4.7784 -0.00013
  c12         0.2432   0.1832  288    1.33   0.1855  -0.1175   0.6038 0.000391
  su22        0.1081  0.06742  288    1.60   0.1101 -0.02464   0.2408 0.000926
                             QUADRATURE 50, NLMIXED                           23

                             The NLMIXED Procedure

                                 Specifications

        Data Set                                    WORK.ARTH           
        Dependent Variable                          dscale              
        Distribution for Dependent Variable         Binary              
        Random Effects                              u1 u2               
        Distribution for Random Effects             Normal              
        Subject Variable                            id                  
        Optimization Technique                      Dual Quasi-Newton   
        Integration Method                          Adaptive Gaussian   
                                                    Quadrature          


                                   Dimensions

                    Observations Used                   1160
                    Observations Not Used                  0
                    Total Observations                  1160
                    Subjects                             290
                    Max Obs per Subject                    4
                    Parameters                             6
                    Quadrature Points                     50


                               Initial Parameters
 
                                                                      Negative
                                                                           Log
        b1         b2         b3       su12        c12       su22   Likelihood

      -0.8      -0.06       -0.1          3          0        0.1   580.433753


                                Iteration History
 
                            Negative
                                 Log                   Maximum
      Iteration Calls     Likelihood    Difference    Gradient       Slope

             1      7       567.2879      13.14588     44.4081    -1004.89
             2     11       565.2090      2.078846     13.3611    -61.6769
             3     13       564.2052      1.003867     11.0585    -5.28249
             4     15       563.5339      0.671218     7.57153    -2.35232
             5     18       563.3750      0.158927     5.88026    -0.61329
             6     21       563.2892      0.085842     2.42322    -0.24401
             7     24       563.2663      0.022834     0.45942    -0.04139
             8     27       563.2575      0.008853     0.93658    -0.00983
             9     31       563.2180       0.03952     2.41163    -0.00680
            10     33       563.1781      0.039911     1.96543    -0.03768
            11     36       563.1710      0.007096     0.28287    -0.01257
            12     39       563.1706      0.000377    0.031284    -0.00069
            13     42       563.1706      2.611E-6    0.001208    -5.58E-6
                             QUADRATURE 50, NLMIXED                           24

                             The NLMIXED Procedure

                  NOTE: GCONV convergence criterion satisfied.          


                                 Fit Statistics

                    -2 Log Likelihood                 1126.3
                    AIC (smaller is better)           1138.3
                    AICC (smaller is better)          1138.4
                    BIC (smaller is better)           1160.4


                              Parameter Estimates
 
                     Standard                         95% Confidence
  Parameter Estimate    Error   DF t Value Pr > |t|       Limits      Gradient

  b1         -1.1018   0.2115  288   -5.21   <.0001  -1.5180  -0.6855 -0.00121
  b2         -0.2174  0.08079  288   -2.69   0.0076  -0.3764 -0.05835 0.000140
  b3         -0.2063  0.08966  288   -2.30   0.0221  -0.3828 -0.02987 -0.00002
  su12        2.4022   1.2072  288    1.99   0.0476  0.02610   4.7783 -0.00013
  c12         0.2432   0.1832  288    1.33   0.1855  -0.1175   0.6038 0.000391
  su22        0.1081  0.06742  288    1.60   0.1101 -0.02463   0.2407 0.000928
                       LINEARIZATION USING GLIMMIX MACRO

                              The Mixed Procedure

                               Model Information

             Data Set                     WORK._DS                 
             Dependent Variable           _z                       
             Weight Variable              _w                       
             Covariance Structure         Unstructured             
             Subject Effect               id                       
             Estimation Method            ML                       
             Residual Variance Method     Profile                  
             Fixed Effects SE Method      Model-Based              
             Degrees of Freedom Method    Containment              


                            Class Level Information
 
               Class    Levels    Values

               id          290    1 2 3 4 5 6 7 8 9 10 11 12 13 
                                  14 15 16 17 18 19 20 21 22 23 
                                  24 25 26 27 28 29 30 31 32 33 
                                  34 35 36 37 38 39 40 41 42 43 
                                  44 45 46 47 48 49 50 51 52 53 
                                  54 55 56 57 58 59 60 61 62 63 
                                  64 65 66 67 68 69 70 71 72 73 
                                  74 75 76 77 78 79 80 81 82 83 
                                  84 85 86 87 88 89 90 91 92 93 
                                  94 95 96 97 98 99 100 101 102 
                                  103 104 105 106 107 108 109   
                                  110 111 112 113 114 115 116   
                                  117 118 119 120 121 122 123   
                                  124 125 126 127 128 129 130   
                                  131 132 133 134 135 136 137   
                                  138 139 140 141 142 143 144   
                                  145 146 147 148 149 150 151   
                                  152 153 154 155 156 157 158   
                                  159 160 161 162 163 164 165   
                                  166 167 168 169 170 171 172   
                                  173 174 175 176 177 178 179   
                                  180 181 182 183 184 185 186   
                                  187 188 189 190 191 192 193   
                                  194 195 196 197 198 199 200   
                                  201 202 203 204 205 206 207   
                                  208 209 210 211 212 213 214   
                                  215 216 217 218 219 220 221   
                                  222 223 224 225 226 227 228   
                                  229 230 231 232 233 234 235   
                                  236 237 238 239 240 241 242   
                                  243 244 245 246 247 248 249   
                                  250 251 252 253 254 255 256   
                                  257 258 259 260 261 262 263   
                                  264 265 266 267 268 269 270   
                                  271 272 273 274 275 276 277   
                                  278 279 280 281 282 283 284   
                                  285 286 287 288 289 290       
                       LINEARIZATION USING GLIMMIX MACRO

                              The Mixed Procedure

                                  Dimensions

                      Covariance Parameters             4
                      Columns in X                      3
                      Columns in Z per Subject          2
                      Subjects                        290
                      Max Obs per Subject               4


                            Number of Observations

                  Number of Observations Read            1160
                  Number of Observations Used            1160
                  Number of Observations Not Used           0


                                Parameter Search
 
   CovP1      CovP2      CovP3      CovP4   Variance     Log Like   -2 Log Like

  5.4794    -0.5662     0.2884     0.3927     0.3927   -3046.1678     6092.3356


                               Iteration History
 
          Iteration    Evaluations        -2 Log Like       Criterion

                  1              1      6092.33561801      0.00000000


                           Convergence criteria met.                    


                         Covariance Parameter Estimates
 
                        Cov Parm     Subject    Estimate

                        UN(1,1)      id           5.4794
                        UN(2,1)      id          -0.5662
                        UN(2,2)      id           0.2884
                        Residual                  0.3927


                                Fit Statistics

                     -2 Log Likelihood              6092.3
                     AIC (Smaller is Better)        6106.3
                     AICC (Smaller is Better)       6106.4
                     BIC (Smaller is Better)        6132.0


                       LINEARIZATION USING GLIMMIX MACRO

                              The Mixed Procedure

                        PARMS Model Likelihood Ratio Test
 
                          DF    Chi-Square      Pr > ChiSq

                           3          0.00          1.0000


                           Solution for Fixed Effects
 
                                 Standard
        Effect       Estimate       Error      DF    t Value    Pr > |t|

        Intercept     -1.1795      0.1738     289      -6.79      <.0001
        month         -0.1406     0.05855     288      -2.40      0.0170
        month*trt     -0.1946     0.07830     580      -2.48      0.0132


                         Type 3 Tests of Fixed Effects
 
                               Num     Den
                 Effect         DF      DF    F Value    Pr > F

                 month           1     288       5.77    0.0170
                 month*trt       1     580       6.17    0.0132
                       LINEARIZATION USING GLIMMIX MACRO
                            GLIMMIX Model Statistics

                    Description                       Value

                    Deviance                       450.3437
                    Scaled Deviance               1146.8594
                    Pearson Chi-Square             321.8092
                    Scaled Pearson Chi-Square      819.5292
                    Extra-Dispersion Scale           0.3927
