                 GLS ALGORITHM APPLIED TO THE HCV DYNAMIC DATA                 1

     Obs     pred1      b1_new     b2_new     b3_new     sigma1     delta1

      1     4.24853    1.44657    1.37857    1.76441    0.17016    0.70943
                 GLS ALGORITHM APPLIED TO THE HCV DYNAMIC DATA                 2

     Obs     pred1      b1_new     b2_new     b3_new     sigma1     delta1

      1     4.21734    1.43920    1.31492    1.81563    0.10174    0.82116
                 GLS ALGORITHM APPLIED TO THE HCV DYNAMIC DATA                 3

     Obs     pred1      b1_new     b2_new     b3_new     sigma1      delta1

      1     4.21413    1.43844    1.31137    1.81733    0.095336    0.82532
                 GLS ALGORITHM APPLIED TO THE HCV DYNAMIC DATA                 4

     Obs     pred1      b1_new     b2_new     b3_new     sigma1      delta1

      1     4.21401    1.43841    1.31123    1.81740    0.095092    0.82549
                 GLS ALGORITHM APPLIED TO THE HCV DYNAMIC DATA                 5

     Obs     pred1      b1_new     b2_new     b3_new     sigma1      delta1

      1     4.21400    1.43841    1.31123    1.81741    0.095083    0.82549
                 GLS ALGORITHM APPLIED TO THE HCV DYNAMIC DATA                 6

     Obs     pred1      b1_new     b2_new     b3_new     sigma1      delta1

      1     4.21400    1.43841    1.31123    1.81741    0.095082    0.82549
                 GLS ALGORITHM APPLIED TO THE HCV DYNAMIC DATA                 7

     Obs     pred1      b1_new     b2_new     b3_new     sigma1      delta1

      1     4.21400    1.43841    1.31123    1.81741    0.095082    0.82549
                 GLS ALGORITHM APPLIED TO THE HCV DYNAMIC DATA                 8

     Obs     pred1      b1_new     b2_new     b3_new     sigma1      delta1

      1     4.21400    1.43841    1.31123    1.81741    0.095082    0.82549
                 GLS ALGORITHM APPLIED TO THE HCV DYNAMIC DATA                 9

     Obs     pred1      b1_new     b2_new     b3_new     sigma1      delta1

      1     4.21400    1.43841    1.31123    1.81741    0.095082    0.82549
                 GLS ALGORITHM APPLIED TO THE HCV DYNAMIC DATA                10

     Obs     pred1      b1_new     b2_new     b3_new     sigma1      delta1

      1     4.21400    1.43841    1.31123    1.81741    0.095082    0.82549
                 GLS ALGORITHM APPLIED TO THE HCV DYNAMIC DATA                11

                               The NLIN Procedure
                             Dependent Variable vl
                              Method: Gauss-Newton

                                Iterative Phase
                                                          Weighted
              Iter          b1          b2          b3          SS

                 0      1.4384      1.3112      1.8174      0.0723


        NOTE: Convergence criterion met.                                


                               Estimation Summary

                      Method                  Gauss-Newton
                      Iterations                         0
                      R                           1.725E-6
                      PPC(b2)                     3.146E-7
                      RPC                                .
                      Object                             .
                      Objective                   0.072325
                      Observations Read                 11
                      Observations Used                 11
                      Observations Missing               0


                                     Sum of        Mean               Approx
   Source                    DF     Squares      Square    F Value    Pr > F

   Model                      2      4.9747      2.4873     275.13    <.0001
   Error                      8      0.0723     0.00904                     
   Corrected Total           10      5.0470                                 


                                        Approx      Approximate 95% Confidence
          Parameter      Estimate    Std Error                Limits

          b1               1.4384       0.0389      1.3486      1.5282
          b2               1.3112       0.0847      1.1158      1.5066
          b3               1.8174       0.0898      1.6103      2.0245


                         Approximate Correlation Matrix
                               b1              b2              b3

               b1       1.0000000       0.4792710       0.3422030
               b2       0.4792710       1.0000000      -0.3841172
               b3       0.3422030      -0.3841172       1.0000000
                 GLS ALGORITHM APPLIED TO THE HCV DYNAMIC DATA                12

                               The NLIN Procedure
                            Dependent Variable dummy

                                   Grid Search
                                            Sum of
                                 delta     Squares

                                     0      0.2426
                                0.0500      0.2307
                                0.1000      0.2199
                                0.1500      0.2101
                                0.2000      0.2012
                                0.2500      0.1933
                                0.3000      0.1862
                                0.3500      0.1799
                                0.4000      0.1743
                                0.4500      0.1695
                                0.5000      0.1653
                                0.5500      0.1618
                                0.6000      0.1589
                                0.6500      0.1566
                                0.7000      0.1549
                                0.7500      0.1538
                                0.8000      0.1533
                                0.8500      0.1533
                                0.9000      0.1538
                                0.9500      0.1549
                                1.0000      0.1565
                                1.0500      0.1587
                                1.1000      0.1614
                                1.1500      0.1647
                                1.2000      0.1685
                                1.2500      0.1730
                                1.3000      0.1781
                                1.3500      0.1837
                                1.4000      0.1901
                                1.4500      0.1971
                                1.5000      0.2049
                 GLS ALGORITHM APPLIED TO THE HCV DYNAMIC DATA                13

                               The NLIN Procedure
                            Dependent Variable dummy
                              Method: Gauss-Newton

                                Iterative Phase
                                                Sum of
                          Iter       delta     Squares

                             0      0.8500      0.1533
                             1      0.8254      0.1532
                             2      0.8255      0.1532
                             3      0.8255      0.1532
                             4      0.8255      0.1532
                             5      0.8255      0.1532
                             6      0.8255      0.1532
                             7      0.8255      0.1532
                             8      0.8255      0.1532
                             9      0.8255      0.1532


        NOTE: Convergence criterion met but a note in the log indicates 
        a possible problem with the model.                              


                              Estimation Summary

                     Method                   Gauss-Newton
                     Iterations                          9
                     Subiterations                       2
                     Average Subiterations        0.222222
                     R                            2.99E-11
                     PPC                          6.07E-11
                     RPC(delta)                   0.000077
                     Object                       7.19E-10
                     Objective                    0.153201
                     Observations Read                  11
                     Observations Used                  11
                     Observations Missing                0


              NOTE: An intercept was not specified for this model.

                                     Sum of        Mean               Approx
   Source                    DF     Squares      Square    F Value    Pr > F

   Model                      1     -0.1532     -0.1532     -10.00     .    
   Error                     10      0.1532      0.0153                     
   Uncorrected Total         11           0                                 
                 GLS ALGORITHM APPLIED TO THE HCV DYNAMIC DATA                14

                               The NLIN Procedure

                                        Approx      Approximate 95% Confidence
          Parameter      Estimate    Std Error                Limits

          delta            0.8255       0.5292     -0.3536      2.0046


                                  Approximate
                              Correlation Matrix
                                             delta

                             delta       1.0000000
                 GLS ALGORITHM APPLIED TO THE HCV DYNAMIC DATA                15

     Obs     pred1      b1_new     b2_new     b3_new     sigma1      delta1

      1     4.21400    1.43841    1.31123    1.81741    0.095082    0.82549
                 GLS ALGORITHM APPLIED TO THE HCV DYNAMIC DATA                16
                            Final estimate of sigma

                                Obs      sigma

                                 1     0.095082
