                                 The SAS System                                1

                       Obs    id    trt    time    count

                         1     1     1       0       11 
                         2     1     1       1        6 
                         3     2     2       0        6 
                         4     2     2       1        0 
                         5     3     0       0       16 
                         6     3     0       1       13 
                         7     4     1       0        8 
                         8     4     1       1        0 
                         9     5     2       0        6 
                        10     5     2       1        2 
                       Pre/PostSample Means and Variances                      2

                     Obs    trt    time    mean      var

                      1      0       0     12.9    15.6556
                      2      0       1     12.3    51.1222
                      3      1       0      9.3    22.6778
                      4      1       1      5.3    21.5667
                      5      2       0     10.0    27.5556
                      6      2       1      6.1    37.8778
                     Unstructured correlation, PROC GENMOD                     3

                              The GENMOD Procedure

                               Model Information

                       Data Set              WORK.LEPROSY
                       Distribution               Poisson
                       Link Function                  Log
                       Dependent Variable           count


                    Number of Observations Read          60
                    Number of Observations Used          60


                            Class Level Information
 
    Class      Levels    Values

    id             30    1 2 3 4 5 6 7 8 9 10 11 12 13 14 15 16 17 18 19 20
                         21 22 23 24 25 26 27 28 29 30                     
    trt             3    1 2 0                                             


                             Parameter Information
 
                        Parameter       Effect       trt

                        Prm1            Intercept       
                        Prm2            time            
                        Prm3            time*trt     1  
                        Prm4            time*trt     2  
                        Prm5            time*trt     0  


  Algorithm converged.                                                       


                             GEE Model Information

                 Correlation Structure             Unstructured
                 Subject Effect                  id (30 levels)
                 Number of Clusters                          30
                 Correlation Matrix Dimension                 2
                 Maximum Cluster Size                         2
                 Minimum Cluster Size                         2


  Algorithm converged.                                                       


                           Working Correlation Matrix
 
                                      Col1         Col2

                         Row1       1.0000       0.7966
                         Row2       0.7966       1.0000
                     Unstructured correlation, PROC GENMOD                     4

                              The GENMOD Procedure

                               GEE Fit Criteria

                             QIC         -405.7657
                             QICu        -403.6905


                      Analysis Of GEE Parameter Estimates
                       Empirical Standard Error Estimates
 
                             Standard   95% Confidence
        Parameter   Estimate    Error       Limits            Z Pr > |Z|

        Intercept     2.3734   0.0801   2.2163   2.5304   29.62   <.0001
        time         -0.0138   0.1573  -0.3222   0.2946   -0.09   0.9300
        time*trt  1  -0.5406   0.2186  -0.9690  -0.1122   -2.47   0.0134
        time*trt  2  -0.4791   0.2279  -0.9257  -0.0325   -2.10   0.0355
        time*trt  0   0.0000   0.0000   0.0000   0.0000     .      .    


                      Analysis Of GEE Parameter Estimates
                      Model-Based Standard Error Estimates
 
                             Standard   95% Confidence
        Parameter   Estimate    Error       Limits            Z Pr > |Z|

        Intercept     2.3734   0.1035   2.1704   2.5763   22.92   <.0001
        time         -0.0138   0.1111  -0.2315   0.2039   -0.12   0.9010
        time*trt  1  -0.5406   0.1818  -0.8969  -0.1843   -2.97   0.0029
        time*trt  2  -0.4791   0.1779  -0.8278  -0.1303   -2.69   0.0071
        time*trt  0   0.0000   0.0000   0.0000   0.0000     .      .    
        Scale         1.8578    .        .        .         .      .    
NOTE: The scale parameter for GEE estimation was computed as the square root of 
      the normalized Pearson's chi-square.
                  Compound symmetric correlation, PROC GENMOD                  5

                              The GENMOD Procedure

                               Model Information

                       Data Set              WORK.LEPROSY
                       Distribution               Poisson
                       Link Function                  Log
                       Dependent Variable           count


                    Number of Observations Read          60
                    Number of Observations Used          60


                            Class Level Information
 
    Class      Levels    Values

    id             30    1 2 3 4 5 6 7 8 9 10 11 12 13 14 15 16 17 18 19 20
                         21 22 23 24 25 26 27 28 29 30                     
    trt             3    1 2 0                                             


                             Parameter Information
 
                        Parameter       Effect       trt

                        Prm1            Intercept       
                        Prm2            time            
                        Prm3            time*trt     1  
                        Prm4            time*trt     2  
                        Prm5            time*trt     0  


  Algorithm converged.                                                       


                             GEE Model Information

                 Correlation Structure             Exchangeable
                 Subject Effect                  id (30 levels)
                 Number of Clusters                          30
                 Correlation Matrix Dimension                 2
                 Maximum Cluster Size                         2
                 Minimum Cluster Size                         2


  Algorithm converged.                                                       


                           Working Correlation Matrix
 
                                      Col1         Col2

                         Row1       1.0000       0.7966
                         Row2       0.7966       1.0000
                  Compound symmetric correlation, PROC GENMOD                  6

                              The GENMOD Procedure

                             Exchangeable Working
                                  Correlation

                          Correlation    0.7965695361


                               GEE Fit Criteria

                             QIC         -405.7657
                             QICu        -403.6905


                      Analysis Of GEE Parameter Estimates
                       Empirical Standard Error Estimates
 
                             Standard   95% Confidence
        Parameter   Estimate    Error       Limits            Z Pr > |Z|

        Intercept     2.3734   0.0801   2.2163   2.5304   29.62   <.0001
        time         -0.0138   0.1573  -0.3222   0.2946   -0.09   0.9300
        time*trt  1  -0.5406   0.2186  -0.9690  -0.1122   -2.47   0.0134
        time*trt  2  -0.4791   0.2279  -0.9257  -0.0325   -2.10   0.0355
        time*trt  0   0.0000   0.0000   0.0000   0.0000     .      .    


                      Analysis Of GEE Parameter Estimates
                      Model-Based Standard Error Estimates
 
                             Standard   95% Confidence
        Parameter   Estimate    Error       Limits            Z Pr > |Z|

        Intercept     2.3734   0.1035   2.1704   2.5763   22.92   <.0001
        time         -0.0138   0.1111  -0.2315   0.2039   -0.12   0.9010
        time*trt  1  -0.5406   0.1818  -0.8969  -0.1843   -2.97   0.0029
        time*trt  2  -0.4791   0.1779  -0.8278  -0.1303   -2.69   0.0071
        time*trt  0   0.0000   0.0000   0.0000   0.0000     .      .    
        Scale         1.8578    .        .        .         .      .    
NOTE: The scale parameter for GEE estimation was computed as the square root of 
      the normalized Pearson's chi-square.


                       Contrast Results for GEE Analysis
 
                                           Chi-
      Contrast                    DF     Square    Pr > ChiSq    Type

      No antibiotic effect         2       6.99        0.0303    Wald    
                    Compound symmetric correlation, PROC GEE                   7

                               The GEE Procedure

                               Model Information

                       Data Set              WORK.LEPROSY
                       Distribution               Poisson
                       Link Function                  Log
                       Dependent Variable           count


                    Number of Observations Read          60
                    Number of Observations Used          60


                            Class Level Information
 
    Class      Levels    Values

    id             30    1 2 3 4 5 6 7 8 9 10 11 12 13 14 15 16 17 18 19 20
                         21 22 23 24 25 26 27 28 29 30                     
    trt             3    1 2 0                                             


                             GEE Model Information

                 Correlation Structure             Exchangeable
                 Subject Effect                  id (30 levels)
                 Number of Clusters                          30
                 Correlation Matrix Dimension                 2
                 Maximum Cluster Size                         2
                 Minimum Cluster Size                         2


                          Working Correlation Matrix
 
                                     Obs 1        Obs 2

                        Obs 1       1.0000       0.7966
                        Obs 2       0.7966       1.0000


                              Exchangeable Working
                                  Correlation

                             Correlation     0.7966


                               GEE Fit Criteria

                             QIC         -405.7657
                             QICu        -403.6905


                    Compound symmetric correlation, PROC GEE                   8

                               The GEE Procedure

                     Parameter Estimates for Response Model
                         with Empirical Standard Error
 
                             Standard   95% Confidence
        Parameter   Estimate    Error       Limits            Z Pr > |Z|

        Intercept     2.3734   0.0801   2.2163   2.5304   29.62   <.0001
        time         -0.0138   0.1573  -0.3222   0.2946   -0.09   0.9300
        time*trt  1  -0.5406   0.2186  -0.9690  -0.1122   -2.47   0.0134
        time*trt  2  -0.4791   0.2279  -0.9257  -0.0325   -2.10   0.0355
        time*trt  0   0.0000   0.0000   0.0000   0.0000     .      .    


                     Parameter Estimates for Response Model
                        with Model-Based Standard Error
 
                             Standard   95% Confidence
        Parameter   Estimate    Error       Limits            Z Pr > |Z|

        Intercept     2.3734   0.1035   2.1704   2.5763   22.92   <.0001
        time         -0.0138   0.1111  -0.2315   0.2039   -0.12   0.9010
        time*trt  1  -0.5406   0.1818  -0.8969  -0.1843   -2.97   0.0029
        time*trt  2  -0.4791   0.1779  -0.8278  -0.1303   -2.69   0.0071
        time*trt  0   0.0000   0.0000   0.0000   0.0000     .      .    
                  Compound symmetric correlation, PROC GLIMMIX                 9

                             The GLIMMIX Procedure

                               Model Information

                  Data Set                      WORK.LEPROSY  
                  Response Variable             count         
                  Response Distribution         Poisson       
                  Link Function                 Log           
                  Variance Function             Default       
                  Variance Matrix Blocked By    id            
                  Estimation Technique          MPL           
                  Degrees of Freedom Method     Between-Within


                            Class Level Information
 
        Class    Levels    Values

        id           30    1 2 3 4 5 6 7 8 9 10 11 12 13 14 15 16 17 18 
                           19 20 21 22 23 24 25 26 27 28 29 30          
        trt           3    1 2 0                                        


                    Number of Observations Read          60
                    Number of Observations Used          60


                                   Dimensions

                       R-side Cov. Parameters           2
                       Columns in X                     5
                       Columns in Z per Subject         0
                       Subjects (Blocks in V)          30
                       Max Obs per Subject              2


                           Optimization Information

                Optimization Technique        Dual Quasi-Newton
                Parameters in Optimization    1                
                Lower Boundaries              0                
                Upper Boundaries              0                
                Fixed Effects                 Profiled         
                Residual Variance             Profiled         
                Starting From                 Data             


                               Iteration History
 
                                           Objective                       Max
 Iteration   Restarts   Subiterations       Function         Change   Gradient

         0          0               5    36.37368535     1.51531955   6.958E-7
         1          0               3   75.726047239     2.00000000   4.959E-6
         2          0               3   84.399132982     0.33338813   1.076E-6
         3          0               2   84.919492442     0.00218835   7.003E-6
                  Compound symmetric correlation, PROC GLIMMIX                10

                             The GLIMMIX Procedure

                               Iteration History
 
                                           Objective                       Max
 Iteration   Restarts   Subiterations       Function         Change   Gradient

         4          0               2    84.94626138     0.00222968   3.961E-8
         5          0               1   84.947706243     0.00004102   8.237E-6
         6          0               0   84.947816419     0.00000306    5.69E-6
         7          0               0   84.947822531     0.00000023   5.564E-6
         8          0               0   84.947822951     0.00000002   5.554E-6
         9          0               0   84.947822974     0.00000000   5.554E-6

              Convergence criterion (PCONV=1.11022E-8) satisfied.       


                                 Fit Statistics

                      -2 Log Pseudo-Likelihood       84.95
                      Generalized Chi-Square         50.45
                      Gener. Chi-Square / DF          0.84


                             Estimated V Correlation
                                 Matrix for id 1
 
                           Row        Col1        Col2

                             1      1.0000      0.7384
                             2      0.7384      1.0000


                        Covariance Parameter Estimates
 
                                                     Standard
                  Cov Parm    Subject    Estimate       Error

                  CS          id           2.3730      0.7371
                  Residual                 0.8408      0.2189


                          Solutions for Fixed Effects
 
                                    Standard
    Effect       trt    Estimate       Error       DF    t Value    Pr > |t|

    Intercept             2.3734     0.09990       29      23.76      <.0001
    time                -0.00288      0.1197       27      -0.02      0.9810
    time*trt     1       -0.5626      0.1955       27      -2.88      0.0077
    time*trt     2       -0.4953      0.1910       27      -2.59      0.0152
    time*trt     0             0           .        .        .         .    


                  Compound symmetric correlation, PROC GLIMMIX                11

                             The GLIMMIX Procedure

                        Type III Tests of Fixed Effects
 
                              Num      Den
                Effect         DF       DF    F Value    Pr > F

                time            1       27      18.60    0.0002
                time*trt        2       27       5.46    0.0102
                        Using REML type equation instead                      12

                             The GLIMMIX Procedure

                               Model Information

                  Data Set                      WORK.LEPROSY  
                  Response Variable             count         
                  Response Distribution         Poisson       
                  Link Function                 Log           
                  Variance Function             Default       
                  Variance Matrix Blocked By    id            
                  Estimation Technique          Residual MPL  
                  Degrees of Freedom Method     Between-Within


                            Class Level Information
 
        Class    Levels    Values

        id           30    1 2 3 4 5 6 7 8 9 10 11 12 13 14 15 16 17 18 
                           19 20 21 22 23 24 25 26 27 28 29 30          
        trt           3    1 2 0                                        


                    Number of Observations Read          60
                    Number of Observations Used          60


                                   Dimensions

                       R-side Cov. Parameters           2
                       Columns in X                     5
                       Columns in Z per Subject         0
                       Subjects (Blocks in V)          30
                       Max Obs per Subject              2


                           Optimization Information

                Optimization Technique        Dual Quasi-Newton
                Parameters in Optimization    1                
                Lower Boundaries              0                
                Upper Boundaries              0                
                Fixed Effects                 Profiled         
                Residual Variance             Profiled         
                Starting From                 Data             


                               Iteration History
 
                                           Objective                       Max
 Iteration   Restarts   Subiterations       Function         Change   Gradient

         0          0               5   51.321143626     1.43862264   2.735E-7
         1          0               3   86.194215934     2.00000000   5.871E-6
         2          0               3   93.451245623     1.02088215   9.993E-7
         3          0               2   93.858687517     0.01599868   6.162E-6
                        Using REML type equation instead                      13

                             The GLIMMIX Procedure

                               Iteration History
 
                                           Objective                       Max
 Iteration   Restarts   Subiterations       Function         Change   Gradient

         4          0               2   93.880107006     0.01160249   3.691E-8
         5          0               1   93.881216181     0.00029237   7.951E-6
         6          0               0   93.881303473     0.00002143   5.723E-6
         7          0               0   93.881308011     0.00000157   5.627E-6
         8          0               0   93.881308336     0.00000012   5.618E-6
         9          0               0   93.881308353     0.00000001   5.618E-6

              Convergence criterion (PCONV=1.11022E-8) satisfied.       


                                 Fit Statistics

                    -2 Res Log Pseudo-Likelihood       93.88
                    Generalized Chi-Square             51.83
                    Gener. Chi-Square / DF              0.93


                             Estimated V Correlation
                                 Matrix for id 1
 
                           Row        Col1        Col2

                             1      1.0000      0.7260
                             2      0.7260      1.0000


                        Covariance Parameter Estimates
 
                                                     Standard
                  Cov Parm    Subject    Estimate       Error

                  CS          id           2.4526      0.7838
                  Residual                 0.9255      0.2517


                          Solutions for Fixed Effects
 
                                    Standard
    Effect       trt    Estimate       Error       DF    t Value    Pr > |t|

    Intercept             2.3734      0.1024       29      23.17      <.0001
    time                -0.00055      0.1252       27      -0.00      0.9965
    time*trt     1       -0.5672      0.2043       27      -2.78      0.0099
    time*trt     2       -0.4987      0.1996       27      -2.50      0.0189
    time*trt     0             0           .        .        .         .    


                        Using REML type equation instead                      14

                             The GLIMMIX Procedure

                        Type III Tests of Fixed Effects
 
                              Num      Den
                Effect         DF       DF    F Value    Pr > F

                time            1       27      16.97    0.0003
                time*trt        2       27       5.08    0.0134
