                       Model with No Covariates, nlinmix                       1
                                                     09:44 Friday, March 9, 2018

                              The Mixed Procedure

                               Model Information

             Data Set                     WORK._NLINMIX            
             Dependent Variable           pseudo_conc              
             Weight Variable              _weight_                 
             Covariance Structure         Unstructured             
             Subject Effect               id                       
             Estimation Method            ML                       
             Residual Variance Method     Profile                  
             Fixed Effects SE Method      Model-Based              
             Degrees of Freedom Method    Containment              


                            Class Level Information
 
               Class    Levels    Values

               id           53    1 2 3 4 5 6 7 8 9 10 11 12 13 
                                  14 15 16 17 18 19 20 21 22 23 
                                  24 25 26 27 28 29 30 31 32 33 
                                  34 35 36 37 38 39 40 41 42 43 
                                  44 45 46 47 48 49 50 51 52 53 


                                  Dimensions

                      Covariance Parameters             7
                      Columns in X                      3
                      Columns in Z per Subject          3
                      Subjects                         53
                      Max Obs per Subject              12


                            Number of Observations

                  Number of Observations Read             636
                  Number of Observations Used             636
                  Number of Observations Not Used           0


                                Parameter Search
 
    CovP1     CovP2     CovP3     CovP4     CovP5     CovP6     CovP7  Variance

  0.01229   0.02078    0.3053  0.009157   0.02682   0.02072  0.007581  0.007581

                       Model with No Covariates, nlinmix                       2
                                                     09:44 Friday, March 9, 2018

                              The Mixed Procedure

                                Parameter Search
 
                             Log Like    -2 Log Like

                           -2209.0618      4418.1235


                               Iteration History
 
          Iteration    Evaluations        -2 Log Like       Criterion

                  1              1      4418.12350443      0.00000000


                           Convergence criteria met.                    


                               Estimated G Matrix
 
        Row    Effect    id                  Col1        Col2        Col3

          1    d_b1                 1     0.01229     0.02078    0.009157
          2    d_b2                 1     0.02078      0.3053     0.02682
          3    d_b3                 1    0.009157     0.02682     0.02072


                         Estimated G Correlation Matrix
 
        Row    Effect    id                  Col1        Col2        Col3

          1    d_b1                 1      1.0000      0.3394      0.5739
          2    d_b2                 1      0.3394      1.0000      0.3373
          3    d_b3                 1      0.5739      0.3373      1.0000


                         Covariance Parameter Estimates
 
                        Cov Parm     Subject    Estimate

                        UN(1,1)      id          0.01229
                        UN(2,1)      id          0.02078
                        UN(2,2)      id           0.3053
                        UN(3,1)      id         0.009157
                        UN(3,2)      id          0.02682
                        UN(3,3)      id          0.02072
                        Residual                0.007581
                       Model with No Covariates, nlinmix                       3
                                                     09:44 Friday, March 9, 2018

                              The Mixed Procedure

                                Fit Statistics

                     -2 Log Likelihood              4418.1
                     AIC (Smaller is Better)        4438.1
                     AICC (Smaller is Better)       4438.5
                     BIC (Smaller is Better)        4457.8


                        PARMS Model Likelihood Ratio Test
 
                          DF    Chi-Square      Pr > ChiSq

                           6          0.00          1.0000


                           Solution for Fixed Effects
 
                                  Standard
       Effect         Estimate       Error      DF    t Value    Pr > |t|

       d_beta1          0.2181     0.02245     477       9.71      <.0001
       d_beta2         -0.1218     0.07612     477      -1.60      0.1102
       d_beta3          1.5955     0.02169     477      73.56      <.0001


                          Solution for Random Effects
 
                                        Std Err
 Effect    id              Estimate        Pred      DF    t Value    Pr > |t|

 d_b1                 1      0.1292     0.07716     477       1.67      0.0948
 d_b2                 1      0.5483     0.08445     477       6.49      <.0001
 d_b3                 1      0.1624     0.05271     477       3.08      0.0022
 d_b1                 2    -0.06511     0.08097     477      -0.80      0.4218
 d_b2                 2     -0.1468     0.08389     477      -1.75      0.0809
 d_b3                 2     0.04864     0.05815     477       0.84      0.4033
 d_b1                 3      0.1358     0.07661     477       1.77      0.0770
 d_b2                 3      0.7098     0.08436     477       8.41      <.0001
 d_b3                 3      0.2926     0.05215     477       5.61      <.0001
 d_b1                 4    -0.01077     0.07639     477      -0.14      0.8879
 d_b2                 4      0.4836     0.08452     477       5.72      <.0001
 d_b3                 4      0.1485     0.05401     477       2.75      0.0062
 d_b1                 5      0.1174     0.08043     477       1.46      0.1451
 d_b2                 5      0.2674     0.08379     477       3.19      0.0015
 d_b3                 5      0.2823     0.05511     477       5.12      <.0001
 d_b1                 6    -0.01983     0.07699     477      -0.26      0.7969
 d_b2                 6      0.3725     0.08454     477       4.41      <.0001
 d_b3                 6     0.08264     0.05458     477       1.51      0.1307
 d_b1                 7    -0.06402     0.07939     477      -0.81      0.4204
 d_b2                 7    -0.03683     0.08437     477      -0.44      0.6626
                       Model with No Covariates, nlinmix                       4
                                                     09:44 Friday, March 9, 2018

                              The Mixed Procedure

                          Solution for Random Effects
 
                                        Std Err
 Effect    id              Estimate        Pred      DF    t Value    Pr > |t|

 d_b3                 7    -0.09021     0.05702     477      -1.58      0.1143
 d_b1                 8    0.009794     0.07674     477       0.13      0.8985
 d_b2                 8      0.3831     0.08460     477       4.53      <.0001
 d_b3                 8     0.04289     0.05407     477       0.79      0.4280
 d_b1                 9     0.02429     0.07188     477       0.34      0.7356
 d_b2                 9      0.5881     0.08464     477       6.95      <.0001
 d_b3                 9    -0.09090     0.05093     477      -1.78      0.0749
 d_b1                10    -0.07488     0.07808     477      -0.96      0.3381
 d_b2                10     0.05163     0.08462     477       0.61      0.5421
 d_b3                10     -0.1365     0.05624     477      -2.43      0.0156
 d_b1                11    -0.04794     0.08394     477      -0.57      0.5682
 d_b2                11     -1.0725     0.08790     477     -12.20      <.0001
 d_b3                11     -0.2373     0.06056     477      -3.92      0.0001
 d_b1                12     -0.1122     0.08028     477      -1.40      0.1628
 d_b2                12     -0.1579     0.08412     477      -1.88      0.0611
 d_b3                12    -0.05541     0.05831     477      -0.95      0.3425
 d_b1                13    -0.05620     0.07735     477      -0.73      0.4678
 d_b2                13      0.2821     0.08453     477       3.34      0.0009
 d_b3                13     0.04557     0.05534     477       0.82      0.4107
 d_b1                14    -0.01597     0.08404     477      -0.19      0.8494
 d_b2                14     -1.1421     0.09336     477     -12.23      <.0001
 d_b3                14    -0.08732     0.06012     477      -1.45      0.1471
 d_b1                15    -0.08807     0.08367     477      -1.05      0.2931
 d_b2                15     -0.9883     0.08705     477     -11.35      <.0001
 d_b3                15     -0.2027     0.06085     477      -3.33      0.0009
 d_b1                16     -0.1227     0.08019     477      -1.53      0.1266
 d_b2                16     -0.3488     0.08443     477      -4.13      <.0001
 d_b3                16     -0.3139     0.05856     477      -5.36      <.0001
 d_b1                17      0.2084     0.08069     477       2.58      0.0101
 d_b2                17      0.2918     0.08381     477       3.48      0.0005
 d_b3                17      0.2469     0.05411     477       4.56      <.0001
 d_b1                18    -0.02163     0.07557     477      -0.29      0.7748
 d_b2                18      0.2659     0.08483     477       3.13      0.0018
 d_b3                18     -0.1688     0.05385     477      -3.14      0.0018
 d_b1                19     -0.1085     0.08373     477      -1.30      0.1959
 d_b2                19     -1.0462     0.08903     477     -11.75      <.0001
 d_b3                19     -0.1541     0.06115     477      -2.52      0.0121
 d_b1                20    -0.02292     0.08174     477      -0.28      0.7793
 d_b2                20     -0.3385     0.08392     477      -4.03      <.0001
 d_b3                20    -0.09019     0.05829     477      -1.55      0.1225
 d_b1                21    -0.09045     0.08384     477      -1.08      0.2812
 d_b2                21     -1.1834     0.09621     477     -12.30      <.0001
 d_b3                21    -0.05692     0.06094     477      -0.93      0.3508
 d_b1                22    -0.03704     0.08406     477      -0.44      0.6597
 d_b2                22     -1.2151     0.09502     477     -12.79      <.0001
                       Model with No Covariates, nlinmix                       5
                                                     09:44 Friday, March 9, 2018

                              The Mixed Procedure

                          Solution for Random Effects
 
                                        Std Err
 Effect    id              Estimate        Pred      DF    t Value    Pr > |t|

 d_b3                22     -0.1179     0.06045     477      -1.95      0.0517
 d_b1                23    -0.05507     0.07466     477      -0.74      0.4611
 d_b2                23      0.4038     0.08474     477       4.77      <.0001
 d_b3                23    -0.05006     0.05357     477      -0.93      0.3505
 d_b1                24    -0.03112     0.07507     477      -0.41      0.6786
 d_b2                24      0.4736     0.08466     477       5.59      <.0001
 d_b3                24     0.04114     0.05347     477       0.77      0.4420
 d_b1                25     0.06543     0.08029     477       0.81      0.4155
 d_b2                25     0.07792     0.08406     477       0.93      0.3544
 d_b3                25     0.06369     0.05586     477       1.14      0.2548
 d_b1                26    0.001613     0.07685     477       0.02      0.9833
 d_b2                26      0.2685     0.08470     477       3.17      0.0016
 d_b3                26    -0.07572     0.05434     477      -1.39      0.1641
 d_b1                27    0.000715     0.07764     477       0.01      0.9927
 d_b2                27      0.3079     0.08451     477       3.64      0.0003
 d_b3                27     0.05348     0.05479     477       0.98      0.3296
 d_b1                28    -0.04098     0.07658     477      -0.54      0.5928
 d_b2                28      0.2949     0.08467     477       3.48      0.0005
 d_b3                28    -0.02966     0.05466     477      -0.54      0.5876
 d_b1                29    -0.06392     0.08001     477      -0.80      0.4248
 d_b2                29    -0.04164     0.08413     477      -0.49      0.6208
 d_b3                29    0.001360     0.05742     477       0.02      0.9811
 d_b1                30      0.1101     0.07476     477       1.47      0.1415
 d_b2                30      0.6463     0.08457     477       7.64      <.0001
 d_b3                30     0.08507     0.05147     477       1.65      0.0990
 d_b1                31      0.1365     0.08281     477       1.65      0.0998
 d_b2                31     -0.3102     0.08369     477      -3.71      0.0002
 d_b3                31     0.07563     0.05687     477       1.33      0.1842
 d_b1                32     0.04998     0.07909     477       0.63      0.5277
 d_b2                32      0.1797     0.08435     477       2.13      0.0337
 d_b3                32     0.02327     0.05521     477       0.42      0.6736
 d_b1                33     0.06894     0.07838     477       0.88      0.3796
 d_b2                33      0.2685     0.08447     477       3.18      0.0016
 d_b3                33     0.02158     0.05445     477       0.40      0.6920
 d_b1                34     0.02877     0.08096     477       0.36      0.7225
 d_b2                34     -0.1168     0.08399     477      -1.39      0.1650
 d_b3                34    -0.02625     0.05693     477      -0.46      0.6450
 d_b1                35     0.01870     0.07369     477       0.25      0.7998
 d_b2                35      0.4066     0.08480     477       4.79      <.0001
 d_b3                35     -0.1795     0.05216     477      -3.44      0.0006
 d_b1                36     0.08772     0.08362     477       1.05      0.2947
 d_b2                36     -0.7355     0.09330     477      -7.88      <.0001
 d_b3                36      0.3459     0.05807     477       5.96      <.0001
 d_b1                37     -0.1119     0.08331     477      -1.34      0.1800
 d_b2                37     -0.8482     0.08595     477      -9.87      <.0001
                       Model with No Covariates, nlinmix                       6
                                                     09:44 Friday, March 9, 2018

                              The Mixed Procedure

                          Solution for Random Effects
 
                                        Std Err
 Effect    id              Estimate        Pred      DF    t Value    Pr > |t|

 d_b3                37     -0.1391     0.06082     477      -2.29      0.0226
 d_b1                38    0.004909     0.07292     477       0.07      0.9464
 d_b2                38      0.5704     0.08466     477       6.74      <.0001
 d_b3                38    -0.03154     0.05173     477      -0.61      0.5423
 d_b1                39    -0.02473     0.07647     477      -0.32      0.7466
 d_b2                39      0.2497     0.08475     477       2.95      0.0034
 d_b3                39     -0.1081     0.05445     477      -1.99      0.0477
 d_b1                40    -0.05151     0.07785     477      -0.66      0.5085
 d_b2                40      0.3098     0.08439     477       3.67      0.0003
 d_b3                40      0.1305     0.05556     477       2.35      0.0192
 d_b1                41      0.1143     0.08083     477       1.41      0.1580
 d_b2                41    -0.02852     0.08408     477      -0.34      0.7346
 d_b3                41    -0.03816     0.05569     477      -0.69      0.4935
 d_b1                42     0.05846     0.07418     477       0.79      0.4310
 d_b2                42      0.4421     0.08477     477       5.22      <.0001
 d_b3                42     -0.1421     0.05195     477      -2.74      0.0064
 d_b1                43     0.03780     0.08159     477       0.46      0.6434
 d_b2                43     -0.1230     0.08372     477      -1.47      0.1425
 d_b3                43      0.1060     0.05721     477       1.85      0.0644
 d_b1                44    -0.03551     0.07803     477      -0.46      0.6493
 d_b2                44      0.2264     0.08447     477       2.68      0.0076
 d_b3                44     0.03343     0.05556     477       0.60      0.5477
 d_b1                45    -0.07155     0.08337     477      -0.86      0.3912
 d_b2                45     -0.7756     0.08824     477      -8.79      <.0001
 d_b3                45     0.09810     0.06018     477       1.63      0.1037
 d_b1                46    -0.02310     0.08022     477      -0.29      0.7735
 d_b2                46     0.05230     0.08397     477       0.62      0.5337
 d_b3                46      0.1192     0.05695     477       2.09      0.0369
 d_b1                47    -0.01491     0.07611     477      -0.20      0.8448
 d_b2                47      0.4702     0.08457     477       5.56      <.0001
 d_b3                47      0.1102     0.05390     477       2.04      0.0415
 d_b1                48     -0.1265     0.07881     477      -1.61      0.1090
 d_b2                48    -0.03852     0.08446     477      -0.46      0.6486
 d_b3                48     -0.1120     0.05742     477      -1.95      0.0516
 d_b1                49      0.1235     0.07596     477       1.63      0.1045
 d_b2                49      0.6024     0.08454     477       7.13      <.0001
 d_b3                49      0.1185     0.05203     477       2.28      0.0232
 d_b1                50      0.1302     0.07303     477       1.78      0.0753
 d_b2                50      0.6930     0.08455     477       8.20      <.0001
 d_b3                50    -0.00034     0.05026     477      -0.01      0.9945
 d_b1                51    -0.05866     0.08376     477      -0.70      0.4840
 d_b2                51     -0.9997     0.09048     477     -11.05      <.0001
 d_b3                51    -0.03857     0.06043     477      -0.64      0.5236
 d_b1                52    -0.03677     0.07186     477      -0.51      0.6091
 d_b2                52      0.5506     0.08466     477       6.50      <.0001
                       Model with No Covariates, nlinmix                       7
                                                     09:44 Friday, March 9, 2018

                              The Mixed Procedure

                          Solution for Random Effects
 
                                        Std Err
 Effect    id              Estimate        Pred      DF    t Value    Pr > |t|

 d_b3                52    -0.08133     0.05164     477      -1.58      0.1159
 d_b1                53     0.04188     0.08104     477       0.52      0.6055
 d_b2                53    -0.04465     0.08386     477      -0.53      0.5947
 d_b3                53     0.07517     0.05674     477       1.32      0.1859
                       Model with All Covariates, nlinmix                      8
                                                     09:44 Friday, March 9, 2018

                              The Mixed Procedure

                               Model Information

             Data Set                     WORK._NLINMIX            
             Dependent Variable           pseudo_conc              
             Weight Variable              _weight_                 
             Covariance Structure         Unstructured             
             Subject Effect               id                       
             Estimation Method            ML                       
             Residual Variance Method     Profile                  
             Fixed Effects SE Method      Model-Based              
             Degrees of Freedom Method    Containment              


                            Class Level Information
 
               Class    Levels    Values

               id           53    1 2 3 4 5 6 7 8 9 10 11 12 13 
                                  14 15 16 17 18 19 20 21 22 23 
                                  24 25 26 27 28 29 30 31 32 33 
                                  34 35 36 37 38 39 40 41 42 43 
                                  44 45 46 47 48 49 50 51 52 53 


                                  Dimensions

                      Covariance Parameters             7
                      Columns in X                     15
                      Columns in Z per Subject          3
                      Subjects                         53
                      Max Obs per Subject              12


                            Number of Observations

                  Number of Observations Read             636
                  Number of Observations Used             636
                  Number of Observations Not Used           0


                                Parameter Search
 
    CovP1     CovP2     CovP3     CovP4     CovP5     CovP6     CovP7  Variance

 0.008606  0.003279   0.01134  0.005345  0.008054   0.01147  0.007551  0.007551

                       Model with All Covariates, nlinmix                      9
                                                     09:44 Friday, March 9, 2018

                              The Mixed Procedure

                                Parameter Search
 
                             Log Like    -2 Log Like

                           -2092.0590      4184.1179


                               Iteration History
 
          Iteration    Evaluations        -2 Log Like       Criterion

                  1              1      4184.11792316      0.00000000


                           Convergence criteria met.                    


                               Estimated G Matrix
 
        Row    Effect    id                  Col1        Col2        Col3

          1    d_b1                 1    0.008606    0.003279    0.005345
          2    d_b2                 1    0.003279     0.01134    0.008054
          3    d_b3                 1    0.005345    0.008054     0.01147


                         Estimated G Correlation Matrix
 
        Row    Effect    id                  Col1        Col2        Col3

          1    d_b1                 1      1.0000      0.3319      0.5380
          2    d_b2                 1      0.3319      1.0000      0.7062
          3    d_b3                 1      0.5380      0.7062      1.0000


                         Covariance Parameter Estimates
 
                        Cov Parm     Subject    Estimate

                        UN(1,1)      id         0.008606
                        UN(2,1)      id         0.003279
                        UN(2,2)      id          0.01134
                        UN(3,1)      id         0.005345
                        UN(3,2)      id         0.008054
                        UN(3,3)      id          0.01147
                        Residual                0.007551
                       Model with All Covariates, nlinmix                     10
                                                     09:44 Friday, March 9, 2018

                              The Mixed Procedure

                                Fit Statistics

                     -2 Log Likelihood              4184.1
                     AIC (Smaller is Better)        4228.1
                     AICC (Smaller is Better)       4229.8
                     BIC (Smaller is Better)        4271.5


                        PARMS Model Likelihood Ratio Test
 
                          DF    Chi-Square      Pr > ChiSq

                           6          0.00          1.0000


                           Solution for Fixed Effects
 
                                  Standard
       Effect         Estimate       Error      DF    t Value    Pr > |t|

       d_beta1          0.1848      0.1069     477       1.73      0.0845
       d_beta2         -0.8053     0.07984     477     -10.09      <.0001
       d_beta3          1.8372     0.08705     477      21.11      <.0001
       d_beta4        -0.03363     0.06843     477      -0.49      0.6233
       d_beta5         0.06805     0.06038     477       1.13      0.2603
       d_beta6        0.001189    0.001290     477       0.92      0.3570
       d_beta7        -0.00067    0.001035     477      -0.65      0.5164
       d_beta8          0.9106     0.04902     477      18.58      <.0001
       d_beta9          1.4631     0.04358     477      33.57      <.0001
       d_beta10       -0.00934    0.000982     477      -9.51      <.0001
       d_beta11       0.001171    0.000794     477       1.48      0.1408
       d_beta12       0.000568     0.05482     477       0.01      0.9917
       d_beta13        0.07878     0.04824     477       1.63      0.1032
       d_beta14       0.000932    0.001062     477       0.88      0.3810
       d_beta15       -0.00419    0.000858     477      -4.88      <.0001


                          Solution for Random Effects
 
                                        Std Err
 Effect    id              Estimate        Pred      DF    t Value    Pr > |t|

 d_b1                 1     0.09298     0.07178     477       1.30      0.1958
 d_b2                 1     0.05818     0.04143     477       1.40      0.1609
 d_b3                 1      0.1362     0.05106     477       2.67      0.0079
 d_b1                 2    -0.03221     0.07547     477      -0.43      0.6697
 d_b2                 2    -0.09476     0.04474     477      -2.12      0.0347
 d_b3                 2     0.08049     0.05831     477       1.38      0.1681
 d_b1                 3     0.09891     0.07161     477       1.38      0.1678
 d_b2                 3      0.3060     0.04214     477       7.26      <.0001
                       Model with All Covariates, nlinmix                     11
                                                     09:44 Friday, March 9, 2018

                              The Mixed Procedure

                          Solution for Random Effects
 
                                        Std Err
 Effect    id              Estimate        Pred      DF    t Value    Pr > |t|

 d_b3                 3      0.3005     0.05126     477       5.86      <.0001
 d_b1                 4    -0.05291     0.07210     477      -0.73      0.4634
 d_b2                 4     0.06960     0.04398     477       1.58      0.1142
 d_b3                 4     0.02041     0.05398     477       0.38      0.7055
 d_b1                 5     0.05704     0.07590     477       0.75      0.4527
 d_b2                 5      0.1353     0.04709     477       2.87      0.0042
 d_b3                 5      0.1455     0.05766     477       2.52      0.0120
 d_b1                 6    -0.06204     0.07286     477      -0.85      0.3949
 d_b2                 6    -0.02878     0.04529     477      -0.64      0.5254
 d_b3                 6    -0.05581     0.05535     477      -1.01      0.3138
 d_b1                 7    -0.02992     0.07490     477      -0.40      0.6897
 d_b2                 7    -0.07231     0.04779     477      -1.51      0.1309
 d_b3                 7    -0.09300     0.05933     477      -1.57      0.1177
 d_b1                 8    -0.03070     0.07183     477      -0.43      0.6693
 d_b2                 8    -0.00179     0.04185     477      -0.04      0.9659
 d_b3                 8    -0.04827     0.05236     477      -0.92      0.3570
 d_b1                 9     0.02080     0.07073     477       0.29      0.7688
 d_b2                 9     0.05678     0.05093     477       1.11      0.2655
 d_b3                 9     0.02975     0.05720     477       0.52      0.6032
 d_b1                10    -0.03326     0.07390     477      -0.45      0.6528
 d_b2                10    -0.00919     0.04767     477      -0.19      0.8473
 d_b3                10     -0.1002     0.05853     477      -1.71      0.0876
 d_b1                11     0.01206     0.07849     477       0.15      0.8780
 d_b2                11    -0.08809     0.05683     477      -1.55      0.1218
 d_b3                11    -0.05297     0.06427     477      -0.82      0.4103
 d_b1                12    -0.06536     0.07583     477      -0.86      0.3891
 d_b2                12     0.09368     0.04801     477       1.95      0.0516
 d_b3                12     0.02212     0.06034     477       0.37      0.7141
 d_b1                13    -0.08279     0.07252     477      -1.14      0.2542
 d_b2                13     -0.1130     0.04227     477      -2.67      0.0078
 d_b3                13    -0.04897     0.05368     477      -0.91      0.3621
 d_b1                14     0.02498     0.07705     477       0.32      0.7459
 d_b2                14    -0.06799     0.05663     477      -1.20      0.2306
 d_b3                14    -0.08214     0.05922     477      -1.39      0.1661
 d_b1                15    -0.02369     0.07793     477      -0.30      0.7612
 d_b2                15    -0.06907     0.05411     477      -1.28      0.2024
 d_b3                15    -0.05236     0.06264     477      -0.84      0.4037
 d_b1                16    -0.06300     0.07598     477      -0.83      0.4074
 d_b2                16     -0.1739     0.05000     477      -3.48      0.0006
 d_b3                16     -0.1596     0.06159     477      -2.59      0.0098
 d_b1                17      0.1363     0.07533     477       1.81      0.0710
 d_b2                17    -0.00625     0.04415     477      -0.14      0.8875
 d_b3                17     0.09135     0.05495     477       1.66      0.0971
 d_b1                18    -0.03690     0.07128     477      -0.52      0.6049
 d_b2                18    -0.07374     0.04344     477      -1.70      0.0902
                       Model with All Covariates, nlinmix                     12
                                                     09:44 Friday, March 9, 2018

                              The Mixed Procedure

                          Solution for Random Effects
 
                                        Std Err
 Effect    id              Estimate        Pred      DF    t Value    Pr > |t|

 d_b3                18     -0.1160     0.05300     477      -2.19      0.0291
 d_b1                19    -0.03439     0.07785     477      -0.44      0.6589
 d_b2                19    0.007651     0.05609     477       0.14      0.8916
 d_b3                19     0.01221     0.06272     477       0.19      0.8457
 d_b1                20     0.01796     0.07778     477       0.23      0.8175
 d_b2                20    -0.05932     0.05436     477      -1.09      0.2757
 d_b3                20     0.05935     0.06472     477       0.92      0.3596
 d_b1                21    -0.03827     0.07713     477      -0.50      0.6200
 d_b2                21    -0.05602     0.06096     477      -0.92      0.3586
 d_b3                21    -0.08205     0.06138     477      -1.34      0.1819
 d_b1                22     0.01082     0.07707     477       0.14      0.8884
 d_b2                22    -0.06982     0.05850     477      -1.19      0.2333
 d_b3                22    -0.09449     0.05978     477      -1.58      0.1146
 d_b1                23    -0.08055     0.07002     477      -1.15      0.2506
 d_b2                23    -0.03065     0.04128     477      -0.74      0.4582
 d_b3                23    -0.09645     0.05131     477      -1.88      0.0607
 d_b1                24    -0.06958     0.07128     477      -0.98      0.3295
 d_b2                24    -0.00264     0.04501     477      -0.06      0.9533
 d_b3                24    -0.07408     0.05421     477      -1.37      0.1724
 d_b1                25     0.06921     0.07552     477       0.92      0.3599
 d_b2                25      0.1643     0.04748     477       3.46      0.0006
 d_b3                25     0.01327     0.05869     477       0.23      0.8213
 d_b1                26    -0.03518     0.07174     477      -0.49      0.6241
 d_b2                26    -0.05077     0.04088     477      -1.24      0.2149
 d_b3                26     -0.1272     0.05174     477      -2.46      0.0143
 d_b1                27    -0.03346     0.07245     477      -0.46      0.6444
 d_b2                27    -0.04345     0.04101     477      -1.06      0.2899
 d_b3                27    -0.02430     0.05242     477      -0.46      0.6431
 d_b1                28     0.01034     0.07382     477       0.14      0.8886
 d_b2                28      0.1241     0.05203     477       2.38      0.0175
 d_b3                28     0.07640     0.06071     477       1.26      0.2089
 d_b1                29    -0.02919     0.07505     477      -0.39      0.6975
 d_b2                29    -0.04031     0.04606     477      -0.88      0.3820
 d_b3                29    0.006253     0.05858     477       0.11      0.9150
 d_b1                30     0.08144     0.07064     477       1.15      0.2495
 d_b2                30      0.1851     0.04456     477       4.15      <.0001
 d_b3                30      0.1340     0.05233     477       2.56      0.0107
 d_b1                31      0.1333     0.07698     477       1.73      0.0839
 d_b2                31     -0.1050     0.04589     477      -2.29      0.0226
 d_b3                31     0.05166     0.05833     477       0.89      0.3762
 d_b1                32    0.007152     0.07391     477       0.10      0.9230
 d_b2                32    -0.04467     0.04220     477      -1.06      0.2904
 d_b3                32    -0.04525     0.05377     477      -0.84      0.4005
 d_b1                33     0.02716     0.07386     477       0.37      0.7132
 d_b2                33     0.09821     0.04468     477       2.20      0.0284
                       Model with All Covariates, nlinmix                     13
                                                     09:44 Friday, March 9, 2018

                              The Mixed Procedure

                          Solution for Random Effects
 
                                        Std Err
 Effect    id              Estimate        Pred      DF    t Value    Pr > |t|

 d_b3                33    0.006682     0.05489     477       0.12      0.9032
 d_b1                34    -0.00857     0.07843     477      -0.11      0.9131
 d_b2                34    -0.02271     0.05800     477      -0.39      0.6955
 d_b3                34    -0.04683     0.06644     477      -0.70      0.4812
 d_b1                35     0.01132     0.07186     477       0.16      0.8749
 d_b2                35    -0.00058     0.05065     477      -0.01      0.9908
 d_b3                35    -0.04927     0.05759     477      -0.86      0.3927
 d_b1                36      0.1002     0.07755     477       1.29      0.1971
 d_b2                36      0.1693     0.05814     477       2.91      0.0038
 d_b3                36      0.2694     0.06111     477       4.41      <.0001
 d_b1                37    -0.03230     0.07732     477      -0.42      0.6763
 d_b2                37     0.05402     0.05109     477       1.06      0.2909
 d_b3                37    -0.04329     0.06031     477      -0.72      0.4732
 d_b1                38    -0.01668     0.07003     477      -0.24      0.8119
 d_b2                38    -0.05926     0.04701     477      -1.26      0.2080
 d_b3                38    -0.05905     0.05447     477      -1.08      0.2788
 d_b1                39    -0.06077     0.07209     477      -0.84      0.3996
 d_b2                39     -0.1804     0.04405     477      -4.10      <.0001
 d_b3                39     -0.2070     0.05410     477      -3.83      0.0001
 d_b1                40    -0.07566     0.07308     477      -1.04      0.3010
 d_b2                40     0.08150     0.04201     477       1.94      0.0530
 d_b3                40     0.07670     0.05382     477       1.43      0.1548
 d_b1                41     0.07244     0.07682     477       0.94      0.3462
 d_b2                41    -0.06683     0.05075     477      -1.32      0.1886
 d_b3                41    -0.03397     0.06047     477      -0.56      0.5746
 d_b1                42     0.04169     0.07052     477       0.59      0.5546
 d_b2                42     -0.1354     0.04608     477      -2.94      0.0035
 d_b3                42    -0.09928     0.05365     477      -1.85      0.0649
 d_b1                43     0.04488     0.07678     477       0.58      0.5592
 d_b2                43     0.08442     0.04894     477       1.72      0.0852
 d_b3                43     0.04032     0.06057     477       0.67      0.5060
 d_b1                44    -0.05123     0.07348     477      -0.70      0.4860
 d_b2                44    0.002894     0.04370     477       0.07      0.9472
 d_b3                44     0.04830     0.05488     477       0.88      0.3792
 d_b1                45    -0.00558     0.07695     477      -0.07      0.9422
 d_b2                45      0.1535     0.05275     477       2.91      0.0038
 d_b3                45      0.1330     0.05929     477       2.24      0.0254
 d_b1                46    -0.05108     0.07503     477      -0.68      0.4963
 d_b2                46     -0.1256     0.04287     477      -2.93      0.0036
 d_b3                46     0.05022     0.05572     477       0.90      0.3679
 d_b1                47    -0.02895     0.07259     477      -0.40      0.6902
 d_b2                47     -0.1659     0.04786     477      -3.47      0.0006
 d_b3                47     0.05057     0.05670     477       0.89      0.3730
 d_b1                48    -0.07281     0.07432     477      -0.98      0.3278
 d_b2                48     0.02886     0.04658     477       0.62      0.5358
                       Model with All Covariates, nlinmix                     14
                                                     09:44 Friday, March 9, 2018

                              The Mixed Procedure

                          Solution for Random Effects
 
                                        Std Err
 Effect    id              Estimate        Pred      DF    t Value    Pr > |t|

 d_b3                48    -0.01223     0.05862     477      -0.21      0.8349
 d_b1                49     0.07419     0.07082     477       1.05      0.2954
 d_b2                49      0.1165     0.04167     477       2.80      0.0054
 d_b3                49     0.05690     0.05063     477       1.12      0.2616
 d_b1                50      0.1089     0.07141     477       1.52      0.1281
 d_b2                50    -0.03125     0.05186     477      -0.60      0.5471
 d_b3                50     0.02857     0.05775     477       0.49      0.6210
 d_b1                51    -0.01380     0.07694     477      -0.18      0.8578
 d_b2                51    -0.03345     0.05329     477      -0.63      0.5305
 d_b3                51    -0.00726     0.05916     477      -0.12      0.9024
 d_b1                52    -0.05323     0.06829     477      -0.78      0.4361
 d_b2                52     0.07363     0.04336     477       1.70      0.0901
 d_b3                52    -0.04403     0.05135     477      -0.86      0.3917
 d_b1                53     0.05004     0.07616     477       0.66      0.5115
 d_b2                53     0.05938     0.04788     477       1.24      0.2156
 d_b3                53     0.01517     0.05959     477       0.25      0.7992
               Model with Apparent Important Covariates, nlinmix              15
                                                     09:44 Friday, March 9, 2018

                              The Mixed Procedure

                               Model Information

             Data Set                     WORK._NLINMIX            
             Dependent Variable           pseudo_conc              
             Weight Variable              _weight_                 
             Covariance Structure         Unstructured             
             Subject Effect               id                       
             Estimation Method            ML                       
             Residual Variance Method     Profile                  
             Fixed Effects SE Method      Model-Based              
             Degrees of Freedom Method    Containment              


                            Class Level Information
 
               Class    Levels    Values

               id           53    1 2 3 4 5 6 7 8 9 10 11 12 13 
                                  14 15 16 17 18 19 20 21 22 23 
                                  24 25 26 27 28 29 30 31 32 33 
                                  34 35 36 37 38 39 40 41 42 43 
                                  44 45 46 47 48 49 50 51 52 53 


                                  Dimensions

                      Covariance Parameters             7
                      Columns in X                      7
                      Columns in Z per Subject          3
                      Subjects                         53
                      Max Obs per Subject              12


                            Number of Observations

                  Number of Observations Read             636
                  Number of Observations Used             636
                  Number of Observations Not Used           0


                                Parameter Search
 
    CovP1     CovP2     CovP3     CovP4     CovP5     CovP6     CovP7  Variance

  0.01102  0.004153   0.01262  0.007114  0.009374   0.01332  0.007555  0.007555

               Model with Apparent Important Covariates, nlinmix              16
                                                     09:44 Friday, March 9, 2018

                              The Mixed Procedure

                                Parameter Search
 
                             Log Like    -2 Log Like

                           -2097.6617      4195.3234


                               Iteration History
 
          Iteration    Evaluations        -2 Log Like       Criterion

                  1              1      4195.32337366      0.00000000


                           Convergence criteria met.                    


                               Estimated G Matrix
 
        Row    Effect    id                  Col1        Col2        Col3

          1    d_b1                 1     0.01102    0.004153    0.007114
          2    d_b2                 1    0.004153     0.01262    0.009374
          3    d_b3                 1    0.007114    0.009374     0.01332


                         Estimated G Correlation Matrix
 
        Row    Effect    id                  Col1        Col2        Col3

          1    d_b1                 1      1.0000      0.3521      0.5871
          2    d_b2                 1      0.3521      1.0000      0.7231
          3    d_b3                 1      0.5871      0.7231      1.0000


                         Covariance Parameter Estimates
 
                        Cov Parm     Subject    Estimate

                        UN(1,1)      id          0.01102
                        UN(2,1)      id         0.004153
                        UN(2,2)      id          0.01262
                        UN(3,1)      id         0.007114
                        UN(3,2)      id         0.009374
                        UN(3,3)      id          0.01332
                        Residual                0.007555
               Model with Apparent Important Covariates, nlinmix              17
                                                     09:44 Friday, March 9, 2018

                              The Mixed Procedure

                                Fit Statistics

                     -2 Log Likelihood              4195.3
                     AIC (Smaller is Better)        4223.3
                     AICC (Smaller is Better)       4224.0
                     BIC (Smaller is Better)        4250.9


                        PARMS Model Likelihood Ratio Test
 
                          DF    Chi-Square      Pr > ChiSq

                           6          0.00          1.0000


                           Solution for Fixed Effects
 
                                  Standard
       Effect         Estimate       Error      DF    t Value    Pr > |t|

       d_beta1          0.2234     0.02190     477      10.20      <.0001
       d_beta2         -0.6663     0.04454     477     -14.96      <.0001
       d_beta3          1.9688     0.04508     477      43.68      <.0001
       d_beta4          0.9145     0.03849     477      23.76      <.0001
       d_beta5          1.4157     0.03524     477      40.18      <.0001
       d_beta6        -0.00978    0.000679     477     -14.40      <.0001
       d_beta7        -0.00469    0.000521     477      -9.00      <.0001


                          Solution for Random Effects
 
                                        Std Err
 Effect    id              Estimate        Pred      DF    t Value    Pr > |t|

 d_b1                 1      0.1206     0.07618     477       1.58      0.1141
 d_b2                 1     0.08102     0.04104     477       1.97      0.0490
 d_b3                 1      0.1637     0.05051     477       3.24      0.0013
 d_b1                 2    -0.06255     0.08035     477      -0.78      0.4367
 d_b2                 2     -0.1117     0.04250     477      -2.63      0.0088
 d_b3                 2     0.05250     0.05574     477       0.94      0.3467
 d_b1                 3      0.1298     0.07567     477       1.72      0.0868
 d_b2                 3      0.3522     0.04028     477       8.75      <.0001
 d_b3                 3      0.3472     0.05071     477       6.85      <.0001
 d_b1                 4    -0.03961     0.07541     477      -0.53      0.5996
 d_b2                 4     0.05357     0.04087     477       1.31      0.1905
 d_b3                 4     0.02453     0.05335     477       0.46      0.6458
 d_b1                 5     0.09932     0.07968     477       1.25      0.2132
 d_b2                 5      0.1375     0.04197     477       3.28      0.0011
 d_b3                 5      0.1773     0.05398     477       3.29      0.0011
 d_b1                 6    -0.04776     0.07605     477      -0.63      0.5303
               Model with Apparent Important Covariates, nlinmix              18
                                                     09:44 Friday, March 9, 2018

                              The Mixed Procedure

                          Solution for Random Effects
 
                                        Std Err
 Effect    id              Estimate        Pred      DF    t Value    Pr > |t|

 d_b2                 6    -0.05112     0.04089     477      -1.25      0.2119
 d_b3                 6    -0.05555     0.05443     477      -1.02      0.3080
 d_b1                 7    -0.07454     0.07873     477      -0.95      0.3442
 d_b2                 7     -0.1148     0.04452     477      -2.58      0.0102
 d_b3                 7     -0.1451     0.05518     477      -2.63      0.0088
 d_b1                 8    -0.01304     0.07578     477      -0.17      0.8634
 d_b2                 8    -0.00603     0.04075     477      -0.15      0.8824
 d_b3                 8    -0.03589     0.05254     477      -0.68      0.4949
 d_b1                 9     0.02745     0.07122     477       0.39      0.7001
 d_b2                 9      0.1182     0.04128     477       2.86      0.0044
 d_b3                 9     0.07086     0.05221     477       1.36      0.1753
 d_b1                10    -0.08564     0.07738     477      -1.11      0.2689
 d_b2                10    -0.04103     0.04511     477      -0.91      0.3636
 d_b3                10     -0.1497     0.05408     477      -2.77      0.0059
 d_b1                11    -0.00238     0.08268     477      -0.03      0.9770
 d_b2                11    -0.07528     0.04899     477      -1.54      0.1251
 d_b3                11    -0.06030     0.05766     477      -1.05      0.2962
 d_b1                12    -0.09961     0.07985     477      -1.25      0.2128
 d_b2                12     0.09239     0.04464     477       2.07      0.0390
 d_b3                12    0.007466     0.05624     477       0.13      0.8944
 d_b1                13    -0.07193     0.07652     477      -0.94      0.3477
 d_b2                13     -0.1227     0.04073     477      -3.01      0.0027
 d_b3                13    -0.04307     0.05392     477      -0.80      0.4248
 d_b1                14     0.01387     0.08176     477       0.17      0.8654
 d_b2                14     -0.1087     0.05267     477      -2.06      0.0395
 d_b3                14     -0.1256     0.05424     477      -2.31      0.0211
 d_b1                15    -0.04909     0.08247     477      -0.60      0.5520
 d_b2                15    -0.07087     0.04860     477      -1.46      0.1455
 d_b3                15    -0.07615     0.05718     477      -1.33      0.1836
 d_b1                16     -0.1041     0.07974     477      -1.31      0.1922
 d_b2                16     -0.1595     0.04412     477      -3.61      0.0003
 d_b3                16     -0.1713     0.05773     477      -2.97      0.0032
 d_b1                17      0.1854     0.07981     477       2.32      0.0206
 d_b2                17    -0.01568     0.03929     477      -0.40      0.6901
 d_b3                17      0.1129     0.05384     477       2.10      0.0366
 d_b1                18    -0.02371     0.07480     477      -0.32      0.7514
 d_b2                18    -0.03304     0.04127     477      -0.80      0.4238
 d_b3                18    -0.07877     0.05249     477      -1.50      0.1341
 d_b1                19    -0.05195     0.08216     477      -0.63      0.5275
 d_b2                19     0.01550     0.05020     477       0.31      0.7577
 d_b3                19    0.001992     0.05699     477       0.03      0.9721
 d_b1                20    0.005105     0.08132     477       0.06      0.9500
 d_b2                20    -0.02702     0.04541     477      -0.60      0.5521
 d_b3                20     0.07291     0.05818     477       1.25      0.2107
 d_b1                21    -0.05728     0.08095     477      -0.71      0.4796
               Model with Apparent Important Covariates, nlinmix              19
                                                     09:44 Friday, March 9, 2018

                              The Mixed Procedure

                          Solution for Random Effects
 
                                        Std Err
 Effect    id              Estimate        Pred      DF    t Value    Pr > |t|

 d_b2                21     -0.1023     0.05469     477      -1.87      0.0621
 d_b3                21     -0.1349     0.05467     477      -2.47      0.0140
 d_b1                22    0.001444     0.08154     477       0.02      0.9859
 d_b2                22     -0.1024     0.05412     477      -1.89      0.0591
 d_b3                22     -0.1308     0.05388     477      -2.43      0.0156
 d_b1                23    -0.07393     0.07371     477      -1.00      0.3164
 d_b2                23    -0.02633     0.04124     477      -0.64      0.5235
 d_b3                23    -0.08429     0.05144     477      -1.64      0.1020
 d_b1                24    -0.06089     0.07403     477      -0.82      0.4112
 d_b2                24    -0.02074     0.04192     477      -0.49      0.6209
 d_b3                24    -0.07510     0.05271     477      -1.42      0.1549
 d_b1                25     0.04421     0.07959     477       0.56      0.5788
 d_b2                25      0.1199     0.04279     477       2.80      0.0053
 d_b3                25    -0.02913     0.05477     477      -0.53      0.5951
 d_b1                26    -0.01599     0.07593     477      -0.21      0.8333
 d_b2                26    -0.04204     0.04094     477      -1.03      0.3049
 d_b3                26     -0.1054     0.05225     477      -2.02      0.0443
 d_b1                27    -0.01464     0.07677     477      -0.19      0.8489
 d_b2                27    -0.04212     0.04051     477      -1.04      0.2990
 d_b3                27    -0.00768     0.05298     477      -0.14      0.8848
 d_b1                28    -0.04428     0.07586     477      -0.58      0.5597
 d_b2                28      0.1191     0.04654     477       2.56      0.0108
 d_b3                28     0.03852     0.05308     477       0.73      0.4683
 d_b1                29    -0.06880     0.07939     477      -0.87      0.3866
 d_b2                29    -0.07451     0.04347     477      -1.71      0.0872
 d_b3                29    -0.03757     0.05530     477      -0.68      0.4972
 d_b1                30      0.1031     0.07382     477       1.40      0.1631
 d_b2                30      0.2345     0.04071     477       5.76      <.0001
 d_b3                30      0.1764     0.05064     477       3.48      0.0005
 d_b1                31      0.1339     0.08216     477       1.63      0.1037
 d_b2                31     -0.1296     0.04227     477      -3.07      0.0023
 d_b3                31     0.03290     0.05452     477       0.60      0.5465
 d_b1                32     0.03802     0.07828     477       0.49      0.6274
 d_b2                32    -0.03323     0.04125     477      -0.81      0.4209
 d_b3                32    -0.01545     0.05320     477      -0.29      0.7716
 d_b1                33     0.05935     0.07755     477       0.77      0.4444
 d_b2                33      0.1328     0.04314     477       3.08      0.0022
 d_b3                33     0.05290     0.05244     477       1.01      0.3136
 d_b1                34     0.03400     0.08040     477       0.42      0.6726
 d_b2                34     0.01838     0.05126     477       0.36      0.7201
 d_b3                34     0.01254     0.05478     477       0.23      0.8190
 d_b1                35     0.02395     0.07307     477       0.33      0.7433
 d_b2                35     0.06697     0.04109     477       1.63      0.1038
 d_b3                35    0.001011     0.05389     477       0.02      0.9850
 d_b1                36     0.09420     0.08165     477       1.15      0.2492
               Model with Apparent Important Covariates, nlinmix              20
                                                     09:44 Friday, March 9, 2018

                              The Mixed Procedure

                          Solution for Random Effects
 
                                        Std Err
 Effect    id              Estimate        Pred      DF    t Value    Pr > |t|

 d_b2                36      0.1101     0.05203     477       2.12      0.0348
 d_b3                36      0.2134     0.05402     477       3.95      <.0001
 d_b1                37    -0.06256     0.08227     477      -0.76      0.4474
 d_b2                37     0.02765     0.04838     477       0.57      0.5679
 d_b3                37    -0.08636     0.05635     477      -1.53      0.1260
 d_b1                38    -0.01360     0.07187     477      -0.19      0.8500
 d_b2                38    -0.05510     0.04466     477      -1.23      0.2179
 d_b3                38    -0.05496     0.04948     477      -1.11      0.2672
 d_b1                39    -0.04813     0.07553     477      -0.64      0.5243
 d_b2                39     -0.1969     0.04155     477      -4.74      <.0001
 d_b3                39     -0.2061     0.05345     477      -3.86      0.0001
 d_b1                40    -0.06019     0.07711     477      -0.78      0.4354
 d_b2                40     0.09724     0.04148     477       2.34      0.0195
 d_b3                40      0.1050     0.05339     477       1.97      0.0499
 d_b1                41      0.1204     0.08018     477       1.50      0.1340
 d_b2                41    -0.02001     0.04645     477      -0.43      0.6668
 d_b3                41     0.02685     0.05385     477       0.50      0.6182
 d_b1                42     0.05234     0.07325     477       0.71      0.4752
 d_b2                42     -0.1064     0.04300     477      -2.47      0.0137
 d_b3                42    -0.07826     0.05009     477      -1.56      0.1189
 d_b1                43     0.02750     0.08101     477       0.34      0.7345
 d_b2                43     0.03908     0.04247     477       0.92      0.3580
 d_b3                43    0.003491     0.05599     477       0.06      0.9503
 d_b1                44    -0.03114     0.07737     477      -0.40      0.6875
 d_b2                44     0.04173     0.04212     477       0.99      0.3223
 d_b3                44     0.09111     0.05374     477       1.70      0.0907
 d_b1                45    -0.02789     0.08181     477      -0.34      0.7333
 d_b2                45      0.1169     0.04969     477       2.35      0.0190
 d_b3                45     0.08685     0.05510     477       1.58      0.1156
 d_b1                46    -0.02573     0.07955     477      -0.32      0.7465
 d_b2                46     -0.1108     0.04143     477      -2.67      0.0077
 d_b3                46     0.08074     0.05473     477       1.48      0.1408
 d_b1                47    -0.02214     0.07524     477      -0.29      0.7687
 d_b2                47     -0.1708     0.04512     477      -3.79      0.0002
 d_b3                47     0.05022     0.05196     477       0.97      0.3343
 d_b1                48     -0.1191     0.07830     477      -1.52      0.1289
 d_b2                48     0.02657     0.04348     477       0.61      0.5415
 d_b3                48    -0.03724     0.05565     477      -0.67      0.5038
 d_b1                49     0.09776     0.07478     477       1.31      0.1917
 d_b2                49      0.1263     0.04132     477       3.06      0.0024
 d_b3                49     0.07636     0.04997     477       1.53      0.1272
 d_b1                50      0.1190     0.07196     477       1.65      0.0988
 d_b2                50    -0.00698     0.04654     477      -0.15      0.8809
 d_b3                50     0.04183     0.04823     477       0.87      0.3862
 d_b1                51    -0.03559     0.08191     477      -0.43      0.6641
               Model with Apparent Important Covariates, nlinmix              21
                                                     09:44 Friday, March 9, 2018

                              The Mixed Procedure

                          Solution for Random Effects
 
                                        Std Err
 Effect    id              Estimate        Pred      DF    t Value    Pr > |t|

 d_b2                51    -0.06846     0.05047     477      -1.36      0.1757
 d_b3                51    -0.05178     0.05514     477      -0.94      0.3482
 d_b1                52    -0.05001     0.07093     477      -0.71      0.4811
 d_b2                52      0.1073     0.04109     477       2.61      0.0093
 d_b3                52    -0.01698     0.05002     477      -0.34      0.7344
 d_b1                53     0.02702     0.08041     477       0.34      0.7370
 d_b2                53     0.01132     0.04238     477       0.27      0.7894
 d_b3                53    -0.02832     0.05569     477      -0.51      0.6114
                Model with No Covariates, proc nlmixed, Laplace               22
                                                     09:44 Friday, March 9, 2018

                             The NLMIXED Procedure

                                 Specifications

        Data Set                                    WORK.PKDATA         
        Dependent Variable                          conc                
        Distribution for Dependent Variable         Normal              
        Random Effects                              b1 b2 b3            
        Distribution for Random Effects             Normal              
        Subject Variable                            id                  
        Optimization Technique                      Dual Quasi-Newton   
        Integration Method                          Adaptive Gaussian   
                                                    Quadrature          


                                   Dimensions

                    Observations Used                    636
                    Observations Not Used                  0
                    Total Observations                   636
                    Subjects                              53
                    Max Obs per Subject                   12
                    Parameters                            11
                    Quadrature Points                      1


                               Initial Parameters
 
    beta1     beta2     beta3      s2b1      s2b2      s2b3      cb12      cb13

      0.2      -0.1       1.6      0.01       0.3      0.02      0.02     0.009

                               Initial Parameters
 
                                                       Negative
                                                            Log
                     cb23          s2       delta    Likelihood

                    0.026        0.01           1    2220.78553


                                Iteration History
 
                            Negative
                                 Log                   Maximum
      Iteration Calls     Likelihood    Difference    Gradient       Slope

             1      9      2214.0198      6.765735     846.634     -395199
             2     12      2213.7112      0.308644     526.722    -2.15806
             3     16      2213.2866      0.424527     428.812    -0.37202
             4     20      2211.9445      1.342116     530.400    -0.22751
                Model with No Covariates, proc nlmixed, Laplace               23
                                                     09:44 Friday, March 9, 2018

                             The NLMIXED Procedure

                                Iteration History
 
                            Negative
                                 Log                   Maximum
      Iteration Calls     Likelihood    Difference    Gradient       Slope

             5     22      2211.2151      0.729429     178.483    -1.15482
             6     25      2210.9462       0.26886     248.660    -0.33979
             7     28      2210.8398      0.106416     394.493    -0.12446
             8     32      2210.4428      0.397004     566.131    -0.13743
             9     35      2210.1881      0.254733     105.115    -0.32396
            10     37      2209.8471      0.340961     314.603    -0.19445
            11     40      2209.7869      0.060247     314.640    -0.15524
            12     43      2209.7672       0.01967     30.5774    -0.03783
            13     46      2209.7656      0.001619     8.70291    -0.00259
            14     49      2209.7648      0.000818     9.85128    -0.00034
            15     51      2209.7633      0.001426     3.43148    -0.00083
            16     54      2209.7624       0.00096     6.74606    -0.00116
            17     58      2209.7571      0.005292     69.7287    -0.00066
            18     61      2209.7548      0.002282     9.45073    -0.00246
            19     63      2209.7522      0.002605     20.2438    -0.00044
            20     67      2209.7438      0.008395     19.2881    -0.00412
            21     70      2209.7425      0.001304     2.50475    -0.00205
            22     74      2209.7386      0.003897     21.5560    -0.00019
            23     76      2209.7343      0.004278     4.15135    -0.00406
            24     79      2209.7342      0.000083     0.49713    -0.00016
            25     83      2209.7342      0.000031     6.99454    -2.97E-6


                  NOTE: GCONV convergence criterion satisfied.          


                                 Fit Statistics

                    -2 Log Likelihood                 4419.5
                    AIC (smaller is better)           4441.5
                    AICC (smaller is better)          4441.9
                    BIC (smaller is better)           4463.1


                              Parameter Estimates
 
                     Standard                         95% Confidence
  Parameter Estimate    Error   DF t Value Pr > |t|       Limits      Gradient

  beta1       0.2227  0.02215   50   10.05   <.0001   0.1782   0.2672 0.024774
  beta2      -0.1231  0.07639   50   -1.61   0.1134  -0.2765  0.03034  0.13707
  beta3       1.5970  0.02145   50   74.47   <.0001   1.5540   1.6401  0.13126
  s2b1       0.01133 0.005164   50    2.19   0.0329 0.000960  0.02171 -1.85960
  s2b2        0.3074  0.06051   50    5.08   <.0001   0.1859   0.4289  0.45046
                Model with No Covariates, proc nlmixed, Laplace               24
                                                     09:44 Friday, March 9, 2018

                             The NLMIXED Procedure

                              Parameter Estimates
 
                     Standard                         95% Confidence
  Parameter Estimate    Error   DF t Value Pr > |t|       Limits      Gradient

  s2b3       0.02006 0.004795   50    4.18   0.0001  0.01043  0.02969 -0.93829
  cb12       0.01859  0.01313   50    1.42   0.1632 -0.00779  0.04497  0.12055
  cb13      0.008343 0.004110   50    2.03   0.0477 0.000087  0.01660  2.04988
  cb23       0.02457  0.01269   50    1.94   0.0585 -0.00091  0.05006  0.23110
  s2        0.007185 0.001626   50    4.42   <.0001 0.003919  0.01045 -6.99454
  delta       1.0660  0.02667   50   39.96   <.0001   1.0124   1.1196 -0.36371
        Model with Apparent Important Covariates, proc nlmixed, Laplace       25
                                                     09:44 Friday, March 9, 2018

                             The NLMIXED Procedure

                                 Specifications

        Data Set                                    WORK.PKDATA         
        Dependent Variable                          conc                
        Distribution for Dependent Variable         Normal              
        Random Effects                              b1 b2 b3            
        Distribution for Random Effects             Normal              
        Subject Variable                            id                  
        Optimization Technique                      Dual Quasi-Newton   
        Integration Method                          Adaptive Gaussian   
                                                    Quadrature          


                                   Dimensions

                    Observations Used                    636
                    Observations Not Used                  0
                    Total Observations                   636
                    Subjects                              53
                    Max Obs per Subject                   12
                    Parameters                            15
                    Quadrature Points                      1


                               Initial Parameters
 
    beta1     beta2     beta3     beta4     beta5     beta6     beta7      s2b1

      0.2     -0.66      1.97       0.9       1.4     -0.01    -0.005     0.011

                               Initial Parameters
 
                                                                        Negative
                                                                             Log
    s2b2      s2b3      cb12      cb13      cb23        s2     delta  Likelihood

   0.012     0.013     0.004     0.007     0.009      0.01         1  2108.37309


                                Iteration History
 
                            Negative
                                 Log                   Maximum
      Iteration Calls     Likelihood    Difference    Gradient       Slope

             1      8      2106.5520      1.821047     14100.3     -466874
             2     12      2103.4329      3.119123     4042.29    -1579.34
             3     15      2101.9579      1.474997     1040.19    -221.177
             4     19      2101.9250      0.032883     889.170    -1.87006
        Model with Apparent Important Covariates, proc nlmixed, Laplace       26
                                                     09:44 Friday, March 9, 2018

                             The NLMIXED Procedure

                                Iteration History
 
                            Negative
                                 Log                   Maximum
      Iteration Calls     Likelihood    Difference    Gradient       Slope

             5     23      2101.8204      0.104647     164.234    -0.24025
             6     25      2101.7748      0.045569     1250.02    -0.63118
             7     29      2101.4326      0.342192     1783.28    -0.45178
             8     31      2100.8618      0.570819     336.713    -0.67017
             9     35      2099.4734      1.388382     3074.60    -2.18257
            10     38      2098.5495      0.923957     1195.92    -1.14121
            11     41      2098.4290      0.120512     840.070    -0.43004
            12     44      2098.3626       0.06639     129.682    -0.15536
            13     47      2098.3271      0.035462     200.427    -0.02826
            14     49      2098.2788      0.048313     148.153    -0.03222
            15     51      2098.2387      0.040138     340.640    -0.02717
            16     53      2098.1724      0.066222     39.9586    -0.05481
            17     55      2098.1125      0.059969     386.682    -0.07644
            18     58      2098.0906      0.021861     40.2569    -0.03849
            19     61      2098.0890      0.001581     21.5490    -0.00241
            20     64      2098.0880      0.001016     50.4551    -0.00061
            21     68      2098.0775      0.010521     75.6498    -0.00163
            22     72      2098.0455      0.032029     103.299    -0.01386
            23     75      2098.0428      0.002612     32.5617    -0.00421
            24     78      2098.0421      0.000698     104.751    -0.00035
            25     82      2098.0375       0.00466     100.011    -0.00089
            26     85      2098.0364      0.001117     6.35039    -0.00169
            27     88      2098.0363      0.000066     19.1140    -0.00004
            28     92      2098.0352      0.001125     31.7781    -0.00009
            29     95      2098.0349      0.000227     4.03508    -0.00044
            30     97      2098.0349      0.000013     34.2611    -4.72E-6


                  NOTE: GCONV convergence criterion satisfied.          


                                 Fit Statistics

                    -2 Log Likelihood                 4196.1
                    AIC (smaller is better)           4226.1
                    AICC (smaller is better)          4226.8
                    BIC (smaller is better)           4255.6


        Model with Apparent Important Covariates, proc nlmixed, Laplace       27
                                                     09:44 Friday, March 9, 2018

                             The NLMIXED Procedure

                              Parameter Estimates
 
                     Standard                         95% Confidence
  Parameter Estimate    Error   DF t Value Pr > |t|       Limits      Gradient

  beta1       0.2267  0.02153   50   10.53   <.0001   0.1835   0.2699  0.14701
  beta2      -0.6712  0.04534   50  -14.80   <.0001  -0.7623  -0.5801  0.25865
  beta3       1.9724  0.04629   50   42.61   <.0001   1.8795   2.0654  0.13232
  beta4       0.9177  0.03876   50   23.68   <.0001   0.8398   0.9955 -0.07215
  beta5       1.4209  0.03585   50   39.63   <.0001   1.3489   1.4929 0.003276
  beta6     -0.00979 0.000688   50  -14.23   <.0001 -0.01117 -0.00841  15.6851
  beta7     -0.00472 0.000541   50   -8.73   <.0001 -0.00581 -0.00364 -34.2611
  s2b1       0.01029 0.004905   50    2.10   0.0409 0.000440  0.02014 -1.00721
  s2b2       0.01194 0.002767   50    4.31   <.0001 0.006378  0.01749  1.75292
  s2b3       0.01233 0.003198   50    3.85   0.0003 0.005904  0.01875  2.30885
  cb12      0.003612 0.002752   50    1.31   0.1953 -0.00192 0.009139  1.48552
  cb13      0.006205 0.003243   50    1.91   0.0614 -0.00031  0.01272 -0.99160
  cb23      0.008587 0.002604   50    3.30   0.0018 0.003356  0.01382 -4.24628
  s2        0.007077 0.001605   50    4.41   <.0001 0.003854  0.01030 -1.84599
  delta       1.0680  0.02675   50   39.93   <.0001   1.0143   1.1217 -0.11069
