                                 The SAS System                                1

                                The MI Procedure

                               Model Information

          Data Set                             WORK.HYPER             
          Method                               FCS                    
          Number of Imputations                10                     
          Number of Burn-in Iterations         20                     
          Seed for random number generator     1591842                


                            FCS Model Specification
 
                                             Imputed
                      Method                 Variables

                      Regression             chol        
                      Logistic Regression    h1 h2 h4 age


                             Missing Data Patterns
 
                                                                  -Group Means-
Group    h1    h2    h4    age    chol        Freq     Percent             chol

    1    X     X     X     X      X             89       29.67       193.508989
    2    X     X     X     X      .             65       21.67                .
    3    X     X     X     .      X             16        5.33       195.768750
    4    X     X     X     .      .             16        5.33                .
    5    X     X     .     X      X             33       11.00       194.178788
    6    X     X     .     X      .             15        5.00                .
    7    X     X     .     .      X              8        2.67       196.700000
    8    X     X     .     .      .              8        2.67                .
    9    X     .     X     X      X              9        3.00       194.188889
   10    X     .     X     X      .              2        0.67                .
   11    X     .     X     .      X              4        1.33       208.500000
   12    X     .     X     .      .              1        0.33                .
   13    X     .     .     X      X              4        1.33       240.325000
   14    X     .     .     X      .              2        0.67                .
   15    .     X     X     X      X             12        4.00       215.425000
   16    .     X     X     X      .              6        2.00                .
   17    .     X     X     .      X              1        0.33       221.300000
   18    .     X     X     .      .              3        1.00                .
   19    .     X     .     X      X              2        0.67       271.450000
   20    .     X     .     X      .              2        0.67                .
   21    .     .     X     X      X              2        0.67       187.300000


                             Variance Information
 
                    -----------------Variance-----------------
        Variable         Between         Within          Total       DF

        chol            2.892213       6.058609       9.240043   54.624

                                 The SAS System                                2

                                The MI Procedure

                              Variance Information
 
                             Relative       Fraction
                             Increase        Missing       Relative
             Variable     in Variance    Information     Efficiency

             chol            0.525110       0.360926       0.965165


                              Parameter Estimates
 
   Variable            Mean      Std Error    95% Confidence Limits        DF

   chol          197.571715       3.039744     191.4790     203.6644   54.624

                              Parameter Estimates
 
                                                          t for H0:
 Variable         Minimum        Maximum            Mu0    Mean=Mu0   Pr > |t|

 chol          195.302984     201.088350              0       65.00     <.0001
                                 The SAS System                                3

             Obs    _Imputation_    h1    h2    h4    age      chol

               1          1          0     0     0     1     174.700
               2          1          1     1     1     1     185.100
               3          1          0     1     0     3     263.900
               4          1          1     1     0     1     227.400
               5          1          1     1     0     3     160.600
               6          1          1     1     0     2     206.000
               7          1          1     0     1     1     178.000
               8          1          0     0     0     2     253.245
               9          1          1     1     1     1     241.814
              10          1          0     0     0     1     203.800
              11          1          1     0     0     1     208.000
              12          1          1     0     0     1     240.701
              13          1          1     1     0     1     189.300
              14          1          0     0     0     3     319.800
              15          1          0     0     0     2     240.400
              16          1          1     0     1     1     115.000
              17          1          1     1     0     1     199.094
              18          1          1     1     1     1     188.866
              19          1          1     0     0     3     223.063
              20          1          1     1     1     1     142.800
                                 The SAS System                                4

  Obs   _Imputation_   id   time   month   hyper   age   age2   age3     chol

    1         1         1     1      1       0      1      0      0    174.700
    2         1         1     2      2       0      1      0      0    174.700
    3         1         1     3      4       0      1      0      0    174.700
    4         1         2     1      1       1      1      0      0    185.100
    5         1         2     2      2       1      1      0      0    185.100
    6         1         2     3      4       1      1      0      0    185.100
    7         1         3     1      1       0      3      0      1    263.900
    8         1         3     2      2       1      3      0      1    263.900
    9         1         3     3      4       0      3      0      1    263.900
   10         1         4     1      1       1      1      0      0    227.400
   11         1         4     2      2       1      1      0      0    227.400
   12         1         4     3      4       0      1      0      0    227.400
   13         1         5     1      1       1      3      0      1    160.600
   14         1         5     2      2       1      3      0      1    160.600
   15         1         5     3      4       0      3      0      1    160.600
   16         1         6     1      1       1      2      1      0    206.000
   17         1         6     2      2       1      2      1      0    206.000
   18         1         6     3      4       0      2      1      0    206.000
   19         1         7     1      1       1      1      0      0    178.000
   20         1         7     2      2       0      1      0      0    178.000
                                 The SAS System                                5

----------------------------- Imputation Number=1 ------------------------------

                              The GENMOD Procedure

                               Model Information

                    Data Set              WORK.HYPEROUT_ALT
                    Distribution                   Binomial
                    Link Function                     Logit
                    Dependent Variable                hyper


                    Number of Observations Read         900
                    Number of Observations Used         900
                    Number of Events                    469
                    Number of Trials                    900


                            Class Level Information
 
    Class      Levels    Values

    id            300    1 2 3 4 5 6 7 8 9 10 11 12 13 14 15 16 17 18 19 20
                         21 22 23 24 25 26 27 28 29 30 31 32 33 34 35 36 37
                         38 39 40 41 42 43 44 45 46 47 48 49 50 51 52 53 54
                         55 56 57 58 59 60 61 62 63 64 65 66 67 68 69 70 71
                         72 73 74 75 76 77 78 79 80 81 82 83 84 85 86 87   
                         ...                                               
    time            3    1 2 3                                             


                                Response Profile
 
                          Ordered                 Total
                            Value    hyper    Frequency

                                1    1              469
                                2    0              431

PROC GENMOD is modeling the probability that hyper='1'.


                             Parameter Information
 
                           Parameter       Effect

                           Prm1            Intercept
                           Prm2            age2     
                           Prm3            age3     
                           Prm4            month    
                           Prm5            chol     


  Algorithm converged.                                                       
                                 The SAS System                                6

----------------------------- Imputation Number=1 ------------------------------

                              The GENMOD Procedure

                             GEE Model Information

                Correlation Structure              Unstructured
                Within-Subject Effect           time (3 levels)
                Subject Effect                  id (300 levels)
                Number of Clusters                          300
                Correlation Matrix Dimension                  3
                Maximum Cluster Size                          3
                Minimum Cluster Size                          3


                        Covariance Matrix (Model-Based)
 
               Prm1           Prm2           Prm3           Prm4           Prm5

Prm1        0.26404        0.01614        0.04291       -0.01148      -0.001193
Prm2        0.01614        0.07593        0.01990      0.0004066      -0.000156
Prm3        0.04291        0.01990        0.06322      -0.000389      -0.000288
Prm4       -0.01148      0.0004066      -0.000389       0.003056      0.0000222
Prm5      -0.001193      -0.000156      -0.000288      0.0000222      6.0639E-6


  Algorithm converged.                                                       


                               GEE Fit Criteria

                             QIC         1074.1849
                             QICu        1071.0223


                      Analysis Of GEE Parameter Estimates
                       Empirical Standard Error Estimates
 
                            Standard   95% Confidence
         Parameter Estimate    Error       Limits            Z Pr > |Z|

         Intercept   4.0577   0.4715   3.1336   4.9819    8.61   <.0001
         age2       -0.2294   0.2620  -0.7429   0.2841   -0.88   0.3813
         age3        0.1955   0.2747  -0.3429   0.7339    0.71   0.4767
         month      -0.7110   0.0518  -0.8127  -0.6094  -13.72   <.0001
         chol       -0.0116   0.0024  -0.0164  -0.0068   -4.76   <.0001


                      Analysis Of GEE Parameter Estimates
                      Model-Based Standard Error Estimates
 
                            Standard   95% Confidence
         Parameter Estimate    Error       Limits            Z Pr > |Z|

         Intercept   4.0577   0.5138   3.0506   5.0649    7.90   <.0001
         age2       -0.2294   0.2756  -0.7695   0.3107   -0.83   0.4051
         age3        0.1955   0.2514  -0.2973   0.6883    0.78   0.4369
         month      -0.7110   0.0553  -0.8194  -0.6027  -12.86   <.0001
                                 The SAS System                                7

----------------------------- Imputation Number=1 ------------------------------

                              The GENMOD Procedure

                      Analysis Of GEE Parameter Estimates
                      Model-Based Standard Error Estimates
 
                            Standard   95% Confidence
         Parameter Estimate    Error       Limits            Z Pr > |Z|

         chol       -0.0116   0.0025  -0.0164  -0.0068   -4.72   <.0001
         Scale       1.0000    .        .        .         .      .    
NOTE: The scale parameter was held fixed.
                                 The SAS System                                8

----------------------------- Imputation Number=2 ------------------------------

                              The GENMOD Procedure

                               Model Information

                    Data Set              WORK.HYPEROUT_ALT
                    Distribution                   Binomial
                    Link Function                     Logit
                    Dependent Variable                hyper


                    Number of Observations Read         900
                    Number of Observations Used         900
                    Number of Events                    465
                    Number of Trials                    900


                            Class Level Information
 
    Class      Levels    Values

    id            300    1 2 3 4 5 6 7 8 9 10 11 12 13 14 15 16 17 18 19 20
                         21 22 23 24 25 26 27 28 29 30 31 32 33 34 35 36 37
                         38 39 40 41 42 43 44 45 46 47 48 49 50 51 52 53 54
                         55 56 57 58 59 60 61 62 63 64 65 66 67 68 69 70 71
                         72 73 74 75 76 77 78 79 80 81 82 83 84 85 86 87   
                         ...                                               
    time            3    1 2 3                                             


                                Response Profile
 
                          Ordered                 Total
                            Value    hyper    Frequency

                                1    1              465
                                2    0              435

PROC GENMOD is modeling the probability that hyper='1'.


                             Parameter Information
 
                           Parameter       Effect

                           Prm1            Intercept
                           Prm2            age2     
                           Prm3            age3     
                           Prm4            month    
                           Prm5            chol     


  Algorithm converged.                                                       
                                 The SAS System                                9

----------------------------- Imputation Number=2 ------------------------------

                              The GENMOD Procedure

                             GEE Model Information

                Correlation Structure              Unstructured
                Within-Subject Effect           time (3 levels)
                Subject Effect                  id (300 levels)
                Number of Clusters                          300
                Correlation Matrix Dimension                  3
                Maximum Cluster Size                          3
                Minimum Cluster Size                          3


                        Covariance Matrix (Model-Based)
 
               Prm1           Prm2           Prm3           Prm4           Prm5

Prm1        0.25812        0.03149        0.04432       -0.01211      -0.001190
Prm2        0.03149        0.07528        0.02474      -0.000267      -0.000239
Prm3        0.04432        0.02474        0.06581      -0.000281      -0.000310
Prm4       -0.01211      -0.000267      -0.000281       0.003244      0.0000236
Prm5      -0.001190      -0.000239      -0.000310      0.0000236      6.2391E-6


  Algorithm converged.                                                       


                               GEE Fit Criteria

                             QIC         1062.5088
                             QICu        1059.2855


                      Analysis Of GEE Parameter Estimates
                       Empirical Standard Error Estimates
 
                            Standard   95% Confidence
         Parameter Estimate    Error       Limits            Z Pr > |Z|

         Intercept   4.0432   0.5014   3.0605   5.0260    8.06   <.0001
         age2        0.1277   0.2566  -0.3753   0.6306    0.50   0.6189
         age3        0.1291   0.2723  -0.4046   0.6629    0.47   0.6354
         month      -0.7703   0.0547  -0.8776  -0.6630  -14.07   <.0001
         chol       -0.0113   0.0025  -0.0163  -0.0064   -4.47   <.0001


                      Analysis Of GEE Parameter Estimates
                      Model-Based Standard Error Estimates
 
                            Standard   95% Confidence
         Parameter Estimate    Error       Limits            Z Pr > |Z|

         Intercept   4.0432   0.5081   3.0475   5.0390    7.96   <.0001
         age2        0.1277   0.2744  -0.4101   0.6654    0.47   0.6417
         age3        0.1291   0.2565  -0.3737   0.6319    0.50   0.6147
         month      -0.7703   0.0570  -0.8820  -0.6587  -13.52   <.0001
                                 The SAS System                               10

----------------------------- Imputation Number=2 ------------------------------

                              The GENMOD Procedure

                      Analysis Of GEE Parameter Estimates
                      Model-Based Standard Error Estimates
 
                            Standard   95% Confidence
         Parameter Estimate    Error       Limits            Z Pr > |Z|

         chol       -0.0113   0.0025  -0.0162  -0.0065   -4.54   <.0001
         Scale       1.0000    .        .        .         .      .    
NOTE: The scale parameter was held fixed.
                                 The SAS System                               11

----------------------------- Imputation Number=3 ------------------------------

                              The GENMOD Procedure

                               Model Information

                    Data Set              WORK.HYPEROUT_ALT
                    Distribution                   Binomial
                    Link Function                     Logit
                    Dependent Variable                hyper


                    Number of Observations Read         900
                    Number of Observations Used         900
                    Number of Events                    470
                    Number of Trials                    900


                            Class Level Information
 
    Class      Levels    Values

    id            300    1 2 3 4 5 6 7 8 9 10 11 12 13 14 15 16 17 18 19 20
                         21 22 23 24 25 26 27 28 29 30 31 32 33 34 35 36 37
                         38 39 40 41 42 43 44 45 46 47 48 49 50 51 52 53 54
                         55 56 57 58 59 60 61 62 63 64 65 66 67 68 69 70 71
                         72 73 74 75 76 77 78 79 80 81 82 83 84 85 86 87   
                         ...                                               
    time            3    1 2 3                                             


                                Response Profile
 
                          Ordered                 Total
                            Value    hyper    Frequency

                                1    1              470
                                2    0              430

PROC GENMOD is modeling the probability that hyper='1'.


                             Parameter Information
 
                           Parameter       Effect

                           Prm1            Intercept
                           Prm2            age2     
                           Prm3            age3     
                           Prm4            month    
                           Prm5            chol     


  Algorithm converged.                                                       
                                 The SAS System                               12

----------------------------- Imputation Number=3 ------------------------------

                              The GENMOD Procedure

                             GEE Model Information

                Correlation Structure              Unstructured
                Within-Subject Effect           time (3 levels)
                Subject Effect                  id (300 levels)
                Number of Clusters                          300
                Correlation Matrix Dimension                  3
                Maximum Cluster Size                          3
                Minimum Cluster Size                          3


                        Covariance Matrix (Model-Based)
 
               Prm1           Prm2           Prm3           Prm4           Prm5

Prm1        0.28648        0.01543        0.03757       -0.01417      -0.001286
Prm2        0.01543        0.07637        0.01935      0.0004459      -0.000156
Prm3        0.03757        0.01935        0.05556      -0.000347      -0.000265
Prm4       -0.01417      0.0004459      -0.000347       0.003386      0.0000322
Prm5      -0.001286      -0.000156      -0.000265      0.0000322      6.4786E-6


  Algorithm converged.                                                       


                               GEE Fit Criteria

                             QIC         1035.6551
                             QICu        1032.7538


                      Analysis Of GEE Parameter Estimates
                       Empirical Standard Error Estimates
 
                            Standard   95% Confidence
         Parameter Estimate    Error       Limits            Z Pr > |Z|

         Intercept   5.1024   0.5007   4.1209   6.0838   10.19   <.0001
         age2       -0.2309   0.2993  -0.8175   0.3558   -0.77   0.4405
         age3        0.1796   0.2433  -0.2974   0.6565    0.74   0.4605
         month      -0.7493   0.0555  -0.8581  -0.6405  -13.50   <.0001
         chol       -0.0165   0.0025  -0.0213  -0.0117   -6.69   <.0001


                      Analysis Of GEE Parameter Estimates
                      Model-Based Standard Error Estimates
 
                            Standard   95% Confidence
         Parameter Estimate    Error       Limits            Z Pr > |Z|

         Intercept   5.1024   0.5352   4.0533   6.1514    9.53   <.0001
         age2       -0.2309   0.2763  -0.7725   0.3108   -0.84   0.4035
         age3        0.1796   0.2357  -0.2824   0.6415    0.76   0.4461
         month      -0.7493   0.0582  -0.8634  -0.6353  -12.88   <.0001
                                 The SAS System                               13

----------------------------- Imputation Number=3 ------------------------------

                              The GENMOD Procedure

                      Analysis Of GEE Parameter Estimates
                      Model-Based Standard Error Estimates
 
                            Standard   95% Confidence
         Parameter Estimate    Error       Limits            Z Pr > |Z|

         chol       -0.0165   0.0025  -0.0215  -0.0115   -6.48   <.0001
         Scale       1.0000    .        .        .         .      .    
NOTE: The scale parameter was held fixed.
                                 The SAS System                               14

----------------------------- Imputation Number=4 ------------------------------

                              The GENMOD Procedure

                               Model Information

                    Data Set              WORK.HYPEROUT_ALT
                    Distribution                   Binomial
                    Link Function                     Logit
                    Dependent Variable                hyper


                    Number of Observations Read         900
                    Number of Observations Used         900
                    Number of Events                    468
                    Number of Trials                    900


                            Class Level Information
 
    Class      Levels    Values

    id            300    1 2 3 4 5 6 7 8 9 10 11 12 13 14 15 16 17 18 19 20
                         21 22 23 24 25 26 27 28 29 30 31 32 33 34 35 36 37
                         38 39 40 41 42 43 44 45 46 47 48 49 50 51 52 53 54
                         55 56 57 58 59 60 61 62 63 64 65 66 67 68 69 70 71
                         72 73 74 75 76 77 78 79 80 81 82 83 84 85 86 87   
                         ...                                               
    time            3    1 2 3                                             


                                Response Profile
 
                          Ordered                 Total
                            Value    hyper    Frequency

                                1    1              468
                                2    0              432

PROC GENMOD is modeling the probability that hyper='1'.


                             Parameter Information
 
                           Parameter       Effect

                           Prm1            Intercept
                           Prm2            age2     
                           Prm3            age3     
                           Prm4            month    
                           Prm5            chol     


  Algorithm converged.                                                       
                                 The SAS System                               15

----------------------------- Imputation Number=4 ------------------------------

                              The GENMOD Procedure

                             GEE Model Information

                Correlation Structure              Unstructured
                Within-Subject Effect           time (3 levels)
                Subject Effect                  id (300 levels)
                Number of Clusters                          300
                Correlation Matrix Dimension                  3
                Maximum Cluster Size                          3
                Minimum Cluster Size                          3


                        Covariance Matrix (Model-Based)
 
               Prm1           Prm2           Prm3           Prm4           Prm5

Prm1        0.25616        0.01726        0.03074       -0.01265      -0.001148
Prm2        0.01726        0.07328        0.01851      -0.000016      -0.000158
Prm3        0.03074        0.01851        0.05818      -0.000236      -0.000227
Prm4       -0.01265      -0.000016      -0.000236       0.003214      0.0000266
Prm5      -0.001148      -0.000158      -0.000227      0.0000266      5.8242E-6


  Algorithm converged.                                                       


                               GEE Fit Criteria

                             QIC         1060.1890
                             QICu        1056.9802


                      Analysis Of GEE Parameter Estimates
                       Empirical Standard Error Estimates
 
                            Standard   95% Confidence
         Parameter Estimate    Error       Limits            Z Pr > |Z|

         Intercept   4.4691   0.4736   3.5408   5.3973    9.44   <.0001
         age2        0.0176   0.2779  -0.5271   0.5623    0.06   0.9495
         age3        0.1091   0.2630  -0.4064   0.6246    0.41   0.6783
         month      -0.7281   0.0532  -0.8323  -0.6239  -13.70   <.0001
         chol       -0.0138   0.0024  -0.0184  -0.0092   -5.86   <.0001


                      Analysis Of GEE Parameter Estimates
                      Model-Based Standard Error Estimates
 
                            Standard   95% Confidence
         Parameter Estimate    Error       Limits            Z Pr > |Z|

         Intercept   4.4691   0.5061   3.4771   5.4611    8.83   <.0001
         age2        0.0176   0.2707  -0.5130   0.5481    0.06   0.9482
         age3        0.1091   0.2412  -0.3637   0.5819    0.45   0.6510
         month      -0.7281   0.0567  -0.8392  -0.6170  -12.84   <.0001
                                 The SAS System                               16

----------------------------- Imputation Number=4 ------------------------------

                              The GENMOD Procedure

                      Analysis Of GEE Parameter Estimates
                      Model-Based Standard Error Estimates
 
                            Standard   95% Confidence
         Parameter Estimate    Error       Limits            Z Pr > |Z|

         chol       -0.0138   0.0024  -0.0185  -0.0090   -5.70   <.0001
         Scale       1.0000    .        .        .         .      .    
NOTE: The scale parameter was held fixed.
                                 The SAS System                               17

----------------------------- Imputation Number=5 ------------------------------

                              The GENMOD Procedure

                               Model Information

                    Data Set              WORK.HYPEROUT_ALT
                    Distribution                   Binomial
                    Link Function                     Logit
                    Dependent Variable                hyper


                    Number of Observations Read         900
                    Number of Observations Used         900
                    Number of Events                    482
                    Number of Trials                    900


                            Class Level Information
 
    Class      Levels    Values

    id            300    1 2 3 4 5 6 7 8 9 10 11 12 13 14 15 16 17 18 19 20
                         21 22 23 24 25 26 27 28 29 30 31 32 33 34 35 36 37
                         38 39 40 41 42 43 44 45 46 47 48 49 50 51 52 53 54
                         55 56 57 58 59 60 61 62 63 64 65 66 67 68 69 70 71
                         72 73 74 75 76 77 78 79 80 81 82 83 84 85 86 87   
                         ...                                               
    time            3    1 2 3                                             


                                Response Profile
 
                          Ordered                 Total
                            Value    hyper    Frequency

                                1    1              482
                                2    0              418

PROC GENMOD is modeling the probability that hyper='1'.


                             Parameter Information
 
                           Parameter       Effect

                           Prm1            Intercept
                           Prm2            age2     
                           Prm3            age3     
                           Prm4            month    
                           Prm5            chol     


  Algorithm converged.                                                       
                                 The SAS System                               18

----------------------------- Imputation Number=5 ------------------------------

                              The GENMOD Procedure

                             GEE Model Information

                Correlation Structure              Unstructured
                Within-Subject Effect           time (3 levels)
                Subject Effect                  id (300 levels)
                Number of Clusters                          300
                Correlation Matrix Dimension                  3
                Maximum Cluster Size                          3
                Minimum Cluster Size                          3


                        Covariance Matrix (Model-Based)
 
               Prm1           Prm2           Prm3           Prm4           Prm5

Prm1        0.24635        0.01832        0.03746       -0.01103      -0.001132
Prm2        0.01832        0.06494        0.02045      0.0003206      -0.000171
Prm3        0.03746        0.02045        0.06138      0.0002663      -0.000275
Prm4       -0.01103      0.0003206      0.0002663       0.003077      0.0000189
Prm5      -0.001132      -0.000171      -0.000275      0.0000189      5.9376E-6


  Algorithm converged.                                                       


                               GEE Fit Criteria

                             QIC         1086.4839
                             QICu        1083.6410


                      Analysis Of GEE Parameter Estimates
                       Empirical Standard Error Estimates
 
                            Standard   95% Confidence
         Parameter Estimate    Error       Limits            Z Pr > |Z|

         Intercept   3.8557   0.4917   2.8919   4.8195    7.84   <.0001
         age2       -0.1700   0.2504  -0.6607   0.3207   -0.68   0.4971
         age3       -0.1637   0.2508  -0.6552   0.3278   -0.65   0.5138
         month      -0.6605   0.0540  -0.7662  -0.5547  -12.24   <.0001
         chol       -0.0107   0.0025  -0.0155  -0.0059   -4.34   <.0001


                      Analysis Of GEE Parameter Estimates
                      Model-Based Standard Error Estimates
 
                            Standard   95% Confidence
         Parameter Estimate    Error       Limits            Z Pr > |Z|

         Intercept   3.8557   0.4963   2.8829   4.8285    7.77   <.0001
         age2       -0.1700   0.2548  -0.6695   0.3294   -0.67   0.5046
         age3       -0.1637   0.2478  -0.6493   0.3219   -0.66   0.5087
         month      -0.6605   0.0555  -0.7692  -0.5517  -11.91   <.0001
                                 The SAS System                               19

----------------------------- Imputation Number=5 ------------------------------

                              The GENMOD Procedure

                      Analysis Of GEE Parameter Estimates
                      Model-Based Standard Error Estimates
 
                            Standard   95% Confidence
         Parameter Estimate    Error       Limits            Z Pr > |Z|

         chol       -0.0107   0.0024  -0.0155  -0.0059   -4.39   <.0001
         Scale       1.0000    .        .        .         .      .    
NOTE: The scale parameter was held fixed.
                                 The SAS System                               20

----------------------------- Imputation Number=6 ------------------------------

                              The GENMOD Procedure

                               Model Information

                    Data Set              WORK.HYPEROUT_ALT
                    Distribution                   Binomial
                    Link Function                     Logit
                    Dependent Variable                hyper


                    Number of Observations Read         900
                    Number of Observations Used         900
                    Number of Events                    483
                    Number of Trials                    900


                            Class Level Information
 
    Class      Levels    Values

    id            300    1 2 3 4 5 6 7 8 9 10 11 12 13 14 15 16 17 18 19 20
                         21 22 23 24 25 26 27 28 29 30 31 32 33 34 35 36 37
                         38 39 40 41 42 43 44 45 46 47 48 49 50 51 52 53 54
                         55 56 57 58 59 60 61 62 63 64 65 66 67 68 69 70 71
                         72 73 74 75 76 77 78 79 80 81 82 83 84 85 86 87   
                         ...                                               
    time            3    1 2 3                                             


                                Response Profile
 
                          Ordered                 Total
                            Value    hyper    Frequency

                                1    1              483
                                2    0              417

PROC GENMOD is modeling the probability that hyper='1'.


                             Parameter Information
 
                           Parameter       Effect

                           Prm1            Intercept
                           Prm2            age2     
                           Prm3            age3     
                           Prm4            month    
                           Prm5            chol     


  Algorithm converged.                                                       
                                 The SAS System                               21

----------------------------- Imputation Number=6 ------------------------------

                              The GENMOD Procedure

                             GEE Model Information

                Correlation Structure              Unstructured
                Within-Subject Effect           time (3 levels)
                Subject Effect                  id (300 levels)
                Number of Clusters                          300
                Correlation Matrix Dimension                  3
                Maximum Cluster Size                          3
                Minimum Cluster Size                          3


                        Covariance Matrix (Model-Based)
 
               Prm1           Prm2           Prm3           Prm4           Prm5

Prm1        0.22046        0.01153        0.03692      -0.009663      -0.001004
Prm2        0.01153        0.06900        0.01929      0.0002603      -0.000133
Prm3        0.03692        0.01929        0.06109      0.0000950      -0.000269
Prm4      -0.009663      0.0002603      0.0000950       0.002813      0.0000155
Prm5      -0.001004      -0.000133      -0.000269      0.0000155      5.2482E-6


  Algorithm converged.                                                       


                               GEE Fit Criteria

                             QIC         1089.8700
                             QICu        1087.2079


                      Analysis Of GEE Parameter Estimates
                       Empirical Standard Error Estimates
 
                            Standard   95% Confidence
         Parameter Estimate    Error       Limits            Z Pr > |Z|

         Intercept   3.5134   0.4326   2.6656   4.3612    8.12   <.0001
         age2       -0.1431   0.2554  -0.6437   0.3575   -0.56   0.5752
         age3       -0.0607   0.2583  -0.5670   0.4455   -0.24   0.8141
         month      -0.6722   0.0505  -0.7712  -0.5732  -13.30   <.0001
         chol       -0.0089   0.0023  -0.0134  -0.0045   -3.92   <.0001


                      Analysis Of GEE Parameter Estimates
                      Model-Based Standard Error Estimates
 
                            Standard   95% Confidence
         Parameter Estimate    Error       Limits            Z Pr > |Z|

         Intercept   3.5134   0.4695   2.5931   4.4337    7.48   <.0001
         age2       -0.1431   0.2627  -0.6580   0.3717   -0.54   0.5859
         age3       -0.0607   0.2472  -0.5452   0.4237   -0.25   0.8059
         month      -0.6722   0.0530  -0.7761  -0.5683  -12.68   <.0001
                                 The SAS System                               22

----------------------------- Imputation Number=6 ------------------------------

                              The GENMOD Procedure

                      Analysis Of GEE Parameter Estimates
                      Model-Based Standard Error Estimates
 
                            Standard   95% Confidence
         Parameter Estimate    Error       Limits            Z Pr > |Z|

         chol       -0.0089   0.0023  -0.0134  -0.0044   -3.89   <.0001
         Scale       1.0000    .        .        .         .      .    
NOTE: The scale parameter was held fixed.
                                 The SAS System                               23

----------------------------- Imputation Number=7 ------------------------------

                              The GENMOD Procedure

                               Model Information

                    Data Set              WORK.HYPEROUT_ALT
                    Distribution                   Binomial
                    Link Function                     Logit
                    Dependent Variable                hyper


                    Number of Observations Read         900
                    Number of Observations Used         900
                    Number of Events                    480
                    Number of Trials                    900


                            Class Level Information
 
    Class      Levels    Values

    id            300    1 2 3 4 5 6 7 8 9 10 11 12 13 14 15 16 17 18 19 20
                         21 22 23 24 25 26 27 28 29 30 31 32 33 34 35 36 37
                         38 39 40 41 42 43 44 45 46 47 48 49 50 51 52 53 54
                         55 56 57 58 59 60 61 62 63 64 65 66 67 68 69 70 71
                         72 73 74 75 76 77 78 79 80 81 82 83 84 85 86 87   
                         ...                                               
    time            3    1 2 3                                             


                                Response Profile
 
                          Ordered                 Total
                            Value    hyper    Frequency

                                1    1              480
                                2    0              420

PROC GENMOD is modeling the probability that hyper='1'.


                             Parameter Information
 
                           Parameter       Effect

                           Prm1            Intercept
                           Prm2            age2     
                           Prm3            age3     
                           Prm4            month    
                           Prm5            chol     


  Algorithm converged.                                                       
                                 The SAS System                               24

----------------------------- Imputation Number=7 ------------------------------

                              The GENMOD Procedure

                             GEE Model Information

                Correlation Structure              Unstructured
                Within-Subject Effect           time (3 levels)
                Subject Effect                  id (300 levels)
                Number of Clusters                          300
                Correlation Matrix Dimension                  3
                Maximum Cluster Size                          3
                Minimum Cluster Size                          3


                        Covariance Matrix (Model-Based)
 
               Prm1           Prm2           Prm3           Prm4           Prm5

Prm1        0.25911        0.02422        0.04714       -0.01036      -0.001221
Prm2        0.02422        0.07052        0.02164      -0.000327      -0.000194
Prm3        0.04714        0.02164        0.06801      -0.000340      -0.000319
Prm4       -0.01036      -0.000327      -0.000340       0.002745      0.0000214
Prm5      -0.001221      -0.000194      -0.000319      0.0000214      6.4173E-6


  Algorithm converged.                                                       


                               GEE Fit Criteria

                             QIC         1094.1703
                             QICu        1091.0712


                      Analysis Of GEE Parameter Estimates
                       Empirical Standard Error Estimates
 
                            Standard   95% Confidence
         Parameter Estimate    Error       Limits            Z Pr > |Z|

         Intercept   4.1149   0.4665   3.2006   5.0292    8.82   <.0001
         age2        0.2080   0.2773  -0.3354   0.7514    0.75   0.4531
         age3        0.1892   0.2588  -0.3180   0.6964    0.73   0.4646
         month      -0.6138   0.0498  -0.7113  -0.5163  -12.34   <.0001
         chol       -0.0133   0.0024  -0.0181  -0.0086   -5.50   <.0001


                      Analysis Of GEE Parameter Estimates
                      Model-Based Standard Error Estimates
 
                            Standard   95% Confidence
         Parameter Estimate    Error       Limits            Z Pr > |Z|

         Intercept   4.1149   0.5090   3.1172   5.1126    8.08   <.0001
         age2        0.2080   0.2656  -0.3125   0.7285    0.78   0.4335
         age3        0.1892   0.2608  -0.3219   0.7004    0.73   0.4681
         month      -0.6138   0.0524  -0.7165  -0.5111  -11.72   <.0001
                                 The SAS System                               25

----------------------------- Imputation Number=7 ------------------------------

                              The GENMOD Procedure

                      Analysis Of GEE Parameter Estimates
                      Model-Based Standard Error Estimates
 
                            Standard   95% Confidence
         Parameter Estimate    Error       Limits            Z Pr > |Z|

         chol       -0.0133   0.0025  -0.0183  -0.0084   -5.26   <.0001
         Scale       1.0000    .        .        .         .      .    
NOTE: The scale parameter was held fixed.
                                 The SAS System                               26

----------------------------- Imputation Number=8 ------------------------------

                              The GENMOD Procedure

                               Model Information

                    Data Set              WORK.HYPEROUT_ALT
                    Distribution                   Binomial
                    Link Function                     Logit
                    Dependent Variable                hyper


                    Number of Observations Read         900
                    Number of Observations Used         900
                    Number of Events                    470
                    Number of Trials                    900


                            Class Level Information
 
    Class      Levels    Values

    id            300    1 2 3 4 5 6 7 8 9 10 11 12 13 14 15 16 17 18 19 20
                         21 22 23 24 25 26 27 28 29 30 31 32 33 34 35 36 37
                         38 39 40 41 42 43 44 45 46 47 48 49 50 51 52 53 54
                         55 56 57 58 59 60 61 62 63 64 65 66 67 68 69 70 71
                         72 73 74 75 76 77 78 79 80 81 82 83 84 85 86 87   
                         ...                                               
    time            3    1 2 3                                             


                                Response Profile
 
                          Ordered                 Total
                            Value    hyper    Frequency

                                1    1              470
                                2    0              430

PROC GENMOD is modeling the probability that hyper='1'.


                             Parameter Information
 
                           Parameter       Effect

                           Prm1            Intercept
                           Prm2            age2     
                           Prm3            age3     
                           Prm4            month    
                           Prm5            chol     


  Algorithm converged.                                                       
                                 The SAS System                               27

----------------------------- Imputation Number=8 ------------------------------

                              The GENMOD Procedure

                             GEE Model Information

                Correlation Structure              Unstructured
                Within-Subject Effect           time (3 levels)
                Subject Effect                  id (300 levels)
                Number of Clusters                          300
                Correlation Matrix Dimension                  3
                Maximum Cluster Size                          3
                Minimum Cluster Size                          3


                        Covariance Matrix (Model-Based)
 
               Prm1           Prm2           Prm3           Prm4           Prm5

Prm1        0.29560        0.01699        0.03136       -0.01576      -0.001316
Prm2        0.01699        0.06963        0.01766      0.0001011      -0.000157
Prm3        0.03136        0.01766        0.05531      -0.000642      -0.000224
Prm4       -0.01576      0.0001011      -0.000642       0.003655      0.0000377
Prm5      -0.001316      -0.000157      -0.000224      0.0000377      6.5679E-6


  Algorithm converged.                                                       


                               GEE Fit Criteria

                             QIC         1028.4838
                             QICu        1025.9825


                      Analysis Of GEE Parameter Estimates
                       Empirical Standard Error Estimates
 
                            Standard   95% Confidence
         Parameter Estimate    Error       Limits            Z Pr > |Z|

         Intercept   5.4936   0.5115   4.4911   6.4962   10.74   <.0001
         age2       -0.0684   0.2685  -0.5948   0.4579   -0.25   0.7989
         age3        0.3111   0.2490  -0.1770   0.7992    1.25   0.2116
         month      -0.7411   0.0556  -0.8501  -0.6322  -13.34   <.0001
         chol       -0.0189   0.0025  -0.0239  -0.0139   -7.44   <.0001


                      Analysis Of GEE Parameter Estimates
                      Model-Based Standard Error Estimates
 
                            Standard   95% Confidence
         Parameter Estimate    Error       Limits            Z Pr > |Z|

         Intercept   5.4936   0.5437   4.4280   6.5593   10.10   <.0001
         age2       -0.0684   0.2639  -0.5856   0.4488   -0.26   0.7954
         age3        0.3111   0.2352  -0.1498   0.7720    1.32   0.1859
         month      -0.7411   0.0605  -0.8596  -0.6226  -12.26   <.0001
                                 The SAS System                               28

----------------------------- Imputation Number=8 ------------------------------

                              The GENMOD Procedure

                      Analysis Of GEE Parameter Estimates
                      Model-Based Standard Error Estimates
 
                            Standard   95% Confidence
         Parameter Estimate    Error       Limits            Z Pr > |Z|

         chol       -0.0189   0.0026  -0.0239  -0.0139   -7.38   <.0001
         Scale       1.0000    .        .        .         .      .    
NOTE: The scale parameter was held fixed.
                                 The SAS System                               29

----------------------------- Imputation Number=9 ------------------------------

                              The GENMOD Procedure

                               Model Information

                    Data Set              WORK.HYPEROUT_ALT
                    Distribution                   Binomial
                    Link Function                     Logit
                    Dependent Variable                hyper


                    Number of Observations Read         900
                    Number of Observations Used         900
                    Number of Events                    475
                    Number of Trials                    900


                            Class Level Information
 
    Class      Levels    Values

    id            300    1 2 3 4 5 6 7 8 9 10 11 12 13 14 15 16 17 18 19 20
                         21 22 23 24 25 26 27 28 29 30 31 32 33 34 35 36 37
                         38 39 40 41 42 43 44 45 46 47 48 49 50 51 52 53 54
                         55 56 57 58 59 60 61 62 63 64 65 66 67 68 69 70 71
                         72 73 74 75 76 77 78 79 80 81 82 83 84 85 86 87   
                         ...                                               
    time            3    1 2 3                                             


                                Response Profile
 
                          Ordered                 Total
                            Value    hyper    Frequency

                                1    1              475
                                2    0              425

PROC GENMOD is modeling the probability that hyper='1'.


                             Parameter Information
 
                           Parameter       Effect

                           Prm1            Intercept
                           Prm2            age2     
                           Prm3            age3     
                           Prm4            month    
                           Prm5            chol     


  Algorithm converged.                                                       
                                 The SAS System                               30

----------------------------- Imputation Number=9 ------------------------------

                              The GENMOD Procedure

                             GEE Model Information

                Correlation Structure              Unstructured
                Within-Subject Effect           time (3 levels)
                Subject Effect                  id (300 levels)
                Number of Clusters                          300
                Correlation Matrix Dimension                  3
                Maximum Cluster Size                          3
                Minimum Cluster Size                          3


                        Covariance Matrix (Model-Based)
 
               Prm1           Prm2           Prm3           Prm4           Prm5

Prm1        0.29744        0.02198        0.04358       -0.01443      -0.001356
Prm2        0.02198        0.07265        0.02002      -0.000274      -0.000181
Prm3        0.04358        0.02002        0.06364      -0.000806      -0.000291
Prm4       -0.01443      -0.000274      -0.000806       0.003318      0.0000352
Prm5      -0.001356      -0.000181      -0.000291      0.0000352      6.8791E-6


  Algorithm converged.                                                       


                               GEE Fit Criteria

                             QIC         1043.0911
                             QICu        1040.2031


                      Analysis Of GEE Parameter Estimates
                       Empirical Standard Error Estimates
 
                            Standard   95% Confidence
         Parameter Estimate    Error       Limits            Z Pr > |Z|

         Intercept   5.3423   0.5340   4.2957   6.3890   10.00   <.0001
         age2        0.1525   0.2654  -0.3678   0.6727    0.57   0.5657
         age3        0.4146   0.2604  -0.0957   0.9249    1.59   0.1113
         month      -0.7005   0.0535  -0.8054  -0.5956  -13.09   <.0001
         chol       -0.0188   0.0027  -0.0240  -0.0136   -7.06   <.0001


                      Analysis Of GEE Parameter Estimates
                      Model-Based Standard Error Estimates
 
                            Standard   95% Confidence
         Parameter Estimate    Error       Limits            Z Pr > |Z|

         Intercept   5.3423   0.5454   4.2734   6.4113    9.80   <.0001
         age2        0.1525   0.2695  -0.3758   0.6808    0.57   0.5716
         age3        0.4146   0.2523  -0.0798   0.9090    1.64   0.1003
         month      -0.7005   0.0576  -0.8134  -0.5876  -12.16   <.0001
                                 The SAS System                               31

----------------------------- Imputation Number=9 ------------------------------

                              The GENMOD Procedure

                      Analysis Of GEE Parameter Estimates
                      Model-Based Standard Error Estimates
 
                            Standard   95% Confidence
         Parameter Estimate    Error       Limits            Z Pr > |Z|

         chol       -0.0188   0.0026  -0.0239  -0.0137   -7.17   <.0001
         Scale       1.0000    .        .        .         .      .    
NOTE: The scale parameter was held fixed.
                                 The SAS System                               32

----------------------------- Imputation Number=10 -----------------------------

                              The GENMOD Procedure

                               Model Information

                    Data Set              WORK.HYPEROUT_ALT
                    Distribution                   Binomial
                    Link Function                     Logit
                    Dependent Variable                hyper


                    Number of Observations Read         900
                    Number of Observations Used         900
                    Number of Events                    472
                    Number of Trials                    900


                            Class Level Information
 
    Class      Levels    Values

    id            300    1 2 3 4 5 6 7 8 9 10 11 12 13 14 15 16 17 18 19 20
                         21 22 23 24 25 26 27 28 29 30 31 32 33 34 35 36 37
                         38 39 40 41 42 43 44 45 46 47 48 49 50 51 52 53 54
                         55 56 57 58 59 60 61 62 63 64 65 66 67 68 69 70 71
                         72 73 74 75 76 77 78 79 80 81 82 83 84 85 86 87   
                         ...                                               
    time            3    1 2 3                                             


                                Response Profile
 
                          Ordered                 Total
                            Value    hyper    Frequency

                                1    1              472
                                2    0              428

PROC GENMOD is modeling the probability that hyper='1'.


                             Parameter Information
 
                           Parameter       Effect

                           Prm1            Intercept
                           Prm2            age2     
                           Prm3            age3     
                           Prm4            month    
                           Prm5            chol     


  Algorithm converged.                                                       
                                 The SAS System                               33

----------------------------- Imputation Number=10 -----------------------------

                              The GENMOD Procedure

                             GEE Model Information

                Correlation Structure              Unstructured
                Within-Subject Effect           time (3 levels)
                Subject Effect                  id (300 levels)
                Number of Clusters                          300
                Correlation Matrix Dimension                  3
                Maximum Cluster Size                          3
                Minimum Cluster Size                          3


                        Covariance Matrix (Model-Based)
 
               Prm1           Prm2           Prm3           Prm4           Prm5

Prm1        0.26200        0.01507        0.02629       -0.01357      -0.001171
Prm2        0.01507        0.06790        0.01745      0.0001413      -0.000149
Prm3        0.02629        0.01745        0.05421      -0.000293      -0.000203
Prm4       -0.01357      0.0001413      -0.000293       0.003365      0.0000295
Prm5      -0.001171      -0.000149      -0.000203      0.0000295      5.9285E-6


  Algorithm converged.                                                       


                               GEE Fit Criteria

                             QIC         1051.0865
                             QICu        1048.7838


                      Analysis Of GEE Parameter Estimates
                       Empirical Standard Error Estimates
 
                            Standard   95% Confidence
         Parameter Estimate    Error       Limits            Z Pr > |Z|

         Intercept   4.8098   0.4737   3.8814   5.7382   10.15   <.0001
         age2       -0.0756   0.2559  -0.5771   0.4259   -0.30   0.7676
         age3        0.1474   0.2351  -0.3135   0.6082    0.63   0.5308
         month      -0.7254   0.0547  -0.8326  -0.6182  -13.26   <.0001
         chol       -0.0155   0.0023  -0.0200  -0.0110   -6.76   <.0001


                      Analysis Of GEE Parameter Estimates
                      Model-Based Standard Error Estimates
 
                            Standard   95% Confidence
         Parameter Estimate    Error       Limits            Z Pr > |Z|

         Intercept   4.8098   0.5119   3.8066   5.8130    9.40   <.0001
         age2       -0.0756   0.2606  -0.5863   0.4351   -0.29   0.7716
         age3        0.1474   0.2328  -0.3090   0.6037    0.63   0.5268
         month      -0.7254   0.0580  -0.8391  -0.6117  -12.51   <.0001
                                 The SAS System                               34

----------------------------- Imputation Number=10 -----------------------------

                              The GENMOD Procedure

                      Analysis Of GEE Parameter Estimates
                      Model-Based Standard Error Estimates
 
                            Standard   95% Confidence
         Parameter Estimate    Error       Limits            Z Pr > |Z|

         chol       -0.0155   0.0024  -0.0203  -0.0108   -6.38   <.0001
         Scale       1.0000    .        .        .         .      .    
NOTE: The scale parameter was held fixed.
                                 The SAS System                               35

 Obs _Imputation_ Parm      Estimate   Stderr  LowerCL  UpperCL       Z  ProbZ

   1       1      Intercept   4.0577   0.5138   3.0506   5.0649    7.90 <.0001
   2       1      age2       -0.2294   0.2756  -0.7695   0.3107   -0.83 0.4051
   3       1      age3        0.1955   0.2514  -0.2973   0.6883    0.78 0.4369
   4       1      month      -0.7110   0.0553  -0.8194  -0.6027  -12.86 <.0001
   5       1      chol       -0.0116   0.0025  -0.0164  -0.0068   -4.72 <.0001
   6       1      Scale       1.0000    .        .        .         .    .    
   7       2      Intercept   4.0432   0.5081   3.0475   5.0390    7.96 <.0001
   8       2      age2        0.1277   0.2744  -0.4101   0.6654    0.47 0.6417
   9       2      age3        0.1291   0.2565  -0.3737   0.6319    0.50 0.6147
  10       2      month      -0.7703   0.0570  -0.8820  -0.6587  -13.52 <.0001
  11       2      chol       -0.0113   0.0025  -0.0162  -0.0065   -4.54 <.0001
  12       2      Scale       1.0000    .        .        .         .    .    
  13       3      Intercept   5.1024   0.5352   4.0533   6.1514    9.53 <.0001
  14       3      age2       -0.2309   0.2763  -0.7725   0.3108   -0.84 0.4035
  15       3      age3        0.1796   0.2357  -0.2824   0.6415    0.76 0.4461
  16       3      month      -0.7493   0.0582  -0.8634  -0.6353  -12.88 <.0001
  17       3      chol       -0.0165   0.0025  -0.0215  -0.0115   -6.48 <.0001
  18       3      Scale       1.0000    .        .        .         .    .    
  19       4      Intercept   4.4691   0.5061   3.4771   5.4611    8.83 <.0001
  20       4      age2        0.0176   0.2707  -0.5130   0.5481    0.06 0.9482
  21       4      age3        0.1091   0.2412  -0.3637   0.5819    0.45 0.6510
  22       4      month      -0.7281   0.0567  -0.8392  -0.6170  -12.84 <.0001
  23       4      chol       -0.0138   0.0024  -0.0185  -0.0090   -5.70 <.0001
  24       4      Scale       1.0000    .        .        .         .    .    
  25       5      Intercept   3.8557   0.4963   2.8829   4.8285    7.77 <.0001
  26       5      age2       -0.1700   0.2548  -0.6695   0.3294   -0.67 0.5046
  27       5      age3       -0.1637   0.2478  -0.6493   0.3219   -0.66 0.5087
  28       5      month      -0.6605   0.0555  -0.7692  -0.5517  -11.91 <.0001
  29       5      chol       -0.0107   0.0024  -0.0155  -0.0059   -4.39 <.0001
  30       5      Scale       1.0000    .        .        .         .    .    
  31       6      Intercept   3.5134   0.4695   2.5931   4.4337    7.48 <.0001
  32       6      age2       -0.1431   0.2627  -0.6580   0.3717   -0.54 0.5859
  33       6      age3       -0.0607   0.2472  -0.5452   0.4237   -0.25 0.8059
  34       6      month      -0.6722   0.0530  -0.7761  -0.5683  -12.68 <.0001
  35       6      chol       -0.0089   0.0023  -0.0134  -0.0044   -3.89 <.0001
  36       6      Scale       1.0000    .        .        .         .    .    
  37       7      Intercept   4.1149   0.5090   3.1172   5.1126    8.08 <.0001
  38       7      age2        0.2080   0.2656  -0.3125   0.7285    0.78 0.4335
  39       7      age3        0.1892   0.2608  -0.3219   0.7004    0.73 0.4681
  40       7      month      -0.6138   0.0524  -0.7165  -0.5111  -11.72 <.0001
  41       7      chol       -0.0133   0.0025  -0.0183  -0.0084   -5.26 <.0001
  42       7      Scale       1.0000    .        .        .         .    .    
  43       8      Intercept   5.4936   0.5437   4.4280   6.5593   10.10 <.0001
  44       8      age2       -0.0684   0.2639  -0.5856   0.4488   -0.26 0.7954
  45       8      age3        0.3111   0.2352  -0.1498   0.7720    1.32 0.1859
  46       8      month      -0.7411   0.0605  -0.8596  -0.6226  -12.26 <.0001
  47       8      chol       -0.0189   0.0026  -0.0239  -0.0139   -7.38 <.0001
  48       8      Scale       1.0000    .        .        .         .    .    
  49       9      Intercept   5.3423   0.5454   4.2734   6.4113    9.80 <.0001
  50       9      age2        0.1525   0.2695  -0.3758   0.6808    0.57 0.5716
  51       9      age3        0.4146   0.2523  -0.0798   0.9090    1.64 0.1003
  52       9      month      -0.7005   0.0576  -0.8134  -0.5876  -12.16 <.0001
  53       9      chol       -0.0188   0.0026  -0.0239  -0.0137   -7.17 <.0001
  54       9      Scale       1.0000    .        .        .         .    .    
  55      10      Intercept   4.8098   0.5119   3.8066   5.8130    9.40 <.0001
  56      10      age2       -0.0756   0.2606  -0.5863   0.4351   -0.29 0.7716
                                 The SAS System                               36

   Obs _Imputation_ Parm  Estimate   Stderr  LowerCL  UpperCL       Z  ProbZ

    57      10      age3    0.1474   0.2328  -0.3090   0.6037    0.63 0.5268
    58      10      month  -0.7254   0.0580  -0.8391  -0.6117  -12.51 <.0001
    59      10      chol   -0.0155   0.0024  -0.0203  -0.0108   -6.38 <.0001
    60      10      Scale   1.0000    .        .        .         .    .    
                                 The SAS System                               37

                    Row
 Obs  _Imputation_  Name       Prm1       Prm2       Prm3       Prm4       Prm5

   1        1       Prm1  0.2640385  0.0161443  0.0429052  -0.011481  -0.001193
   2        1       Prm2  0.0161443  0.0759349  0.0199023  0.0004066  -0.000156
   3        1       Prm3  0.0429052  0.0199023  0.0632218  -0.000389  -0.000288
   4        1       Prm4  -0.011481  0.0004066  -0.000389  0.0030555  0.0000222
   5        1       Prm5  -0.001193  -0.000156  -0.000288  0.0000222  6.0639E-6
   6        2       Prm1  0.2581216  0.0314903  0.0443185  -0.012113   -0.00119
   7        2       Prm2  0.0314903  0.0752754  0.0247415  -0.000267  -0.000239
   8        2       Prm3  0.0443185  0.0247415  0.0658054  -0.000281   -0.00031
   9        2       Prm4  -0.012113  -0.000267  -0.000281   0.003244  0.0000236
  10        2       Prm5   -0.00119  -0.000239   -0.00031  0.0000236  6.2391E-6
  11        3       Prm1  0.2864809  0.0154277   0.037573  -0.014173  -0.001286
  12        3       Prm2  0.0154277   0.076367  0.0193452  0.0004459  -0.000156
  13        3       Prm3   0.037573  0.0193452  0.0555558  -0.000347  -0.000265
  14        3       Prm4  -0.014173  0.0004459  -0.000347  0.0033863  0.0000322
  15        3       Prm5  -0.001286  -0.000156  -0.000265  0.0000322  6.4786E-6
  16        4       Prm1  0.2561567  0.0172605  0.0307376  -0.012652  -0.001148
  17        4       Prm2  0.0172605  0.0732785  0.0185115  -0.000016  -0.000158
  18        4       Prm3  0.0307376  0.0185115  0.0581809  -0.000236  -0.000227
  19        4       Prm4  -0.012652  -0.000016  -0.000236  0.0032143  0.0000266
  20        4       Prm5  -0.001148  -0.000158  -0.000227  0.0000266  5.8242E-6
  21        5       Prm1  0.2463498  0.0183194  0.0374554  -0.011026  -0.001132
  22        5       Prm2  0.0183194  0.0649364  0.0204545  0.0003206  -0.000171
  23        5       Prm3  0.0374554  0.0204545  0.0613834  0.0002663  -0.000275
  24        5       Prm4  -0.011026  0.0003206  0.0002663  0.0030773  0.0000189
  25        5       Prm5  -0.001132  -0.000171  -0.000275  0.0000189  5.9376E-6
  26        6       Prm1  0.2204621  0.0115338  0.0369201  -0.009663  -0.001004
  27        6       Prm2  0.0115338  0.0689999  0.0192947  0.0002603  -0.000133
  28        6       Prm3  0.0369201  0.0192947  0.0610912   0.000095  -0.000269
  29        6       Prm4  -0.009663  0.0002603   0.000095  0.0028126  0.0000155
  30        6       Prm5  -0.001004  -0.000133  -0.000269  0.0000155  5.2482E-6
  31        7       Prm1  0.2591102  0.0242169  0.0471444  -0.010357  -0.001221
  32        7       Prm2  0.0242169  0.0705242  0.0216386  -0.000327  -0.000194
  33        7       Prm3  0.0471444  0.0216386  0.0680141   -0.00034  -0.000319
  34        7       Prm4  -0.010357  -0.000327   -0.00034  0.0027447  0.0000214
  35        7       Prm5  -0.001221  -0.000194  -0.000319  0.0000214  6.4173E-6
  36        8       Prm1  0.2956027   0.016995  0.0313591  -0.015763  -0.001316
  37        8       Prm2   0.016995  0.0696306  0.0176553  0.0001011  -0.000157
  38        8       Prm3  0.0313591  0.0176553   0.055306  -0.000642  -0.000224
  39        8       Prm4  -0.015763  0.0001011  -0.000642  0.0036546  0.0000377
  40        8       Prm5  -0.001316  -0.000157  -0.000224  0.0000377  6.5679E-6
  41        9       Prm1  0.2974391  0.0219768  0.0435778  -0.014432  -0.001356
  42        9       Prm2  0.0219768  0.0726529  0.0200195  -0.000274  -0.000181
  43        9       Prm3  0.0435778  0.0200195  0.0636399  -0.000806  -0.000291
  44        9       Prm4  -0.014432  -0.000274  -0.000806  0.0033181  0.0000352
  45        9       Prm5  -0.001356  -0.000181  -0.000291  0.0000352  6.8791E-6
  46       10       Prm1  0.2620035  0.0150691  0.0262947  -0.013565  -0.001171
  47       10       Prm2  0.0150691  0.0678975  0.0174491  0.0001413  -0.000149
  48       10       Prm3  0.0262947  0.0174491  0.0542088  -0.000293  -0.000203
  49       10       Prm4  -0.013565  0.0001413  -0.000293  0.0033648  0.0000295
  50       10       Prm5  -0.001171  -0.000149  -0.000203  0.0000295  5.9285E-6
                                 The SAS System                               38

                 Obs    _Imputation_    Parameter    Effect

                   1          1           Prm1       Intercept
                   2          1           Prm2       age2     
                   3          1           Prm3       age3     
                   4          1           Prm4       month    
                   5          1           Prm5       chol     
                   6          2           Prm1       Intercept
                   7          2           Prm2       age2     
                   8          2           Prm3       age3     
                   9          2           Prm4       month    
                  10          2           Prm5       chol     
                  11          3           Prm1       Intercept
                  12          3           Prm2       age2     
                  13          3           Prm3       age3     
                  14          3           Prm4       month    
                  15          3           Prm5       chol     
                  16          4           Prm1       Intercept
                  17          4           Prm2       age2     
                  18          4           Prm3       age3     
                  19          4           Prm4       month    
                  20          4           Prm5       chol     
                  21          5           Prm1       Intercept
                  22          5           Prm2       age2     
                  23          5           Prm3       age3     
                  24          5           Prm4       month    
                  25          5           Prm5       chol     
                  26          6           Prm1       Intercept
                  27          6           Prm2       age2     
                  28          6           Prm3       age3     
                  29          6           Prm4       month    
                  30          6           Prm5       chol     
                  31          7           Prm1       Intercept
                  32          7           Prm2       age2     
                  33          7           Prm3       age3     
                  34          7           Prm4       month    
                  35          7           Prm5       chol     
                  36          8           Prm1       Intercept
                  37          8           Prm2       age2     
                  38          8           Prm3       age3     
                  39          8           Prm4       month    
                  40          8           Prm5       chol     
                  41          9           Prm1       Intercept
                  42          9           Prm2       age2     
                  43          9           Prm3       age3     
                  44          9           Prm4       month    
                  45          9           Prm5       chol     
                  46         10           Prm1       Intercept
                  47         10           Prm2       age2     
                  48         10           Prm3       age3     
                  49         10           Prm4       month    
                  50         10           Prm5       chol     
                                 The SAS System                               39

                            The MIANALYZE Procedure

                               Model Information

                     PARMS Data Set            WORK.GMPARMS
                     PARMINFO Data Set         WORK.GMPINFO
                     COVB Data Set             WORK.GMCOVB 
                     Number of Imputations     10          


                              Variance Information
 
                     -----------------Variance-----------------
        Parameter         Between         Within          Total       DF

        Intercept        0.454856       0.264577       0.764918   21.035
        age2             0.025764       0.071550       0.099890   111.81
        age3             0.027239       0.060641       0.090604   82.293
        month            0.002208       0.003187       0.005616    48.13
        chol          0.000011749    0.000006158    0.000019082   19.621

                             Variance Information
 
                             Relative       Fraction
                             Increase        Missing       Relative
            Parameter     in Variance    Information     Efficiency

            Intercept        1.891102       0.682893       0.936076
            age2             0.396088       0.296190       0.971233
            age3             0.494108       0.346398       0.966520
            month            0.761888       0.454628       0.956514
            chol             2.098530       0.705800       0.934073


 
                              Parameter Estimates
 
  Parameter        Estimate      Std Error    95% Confidence Limits        DF

  Intercept        4.480224       0.874596      2.66159      6.29886   21.035
  age2            -0.041176       0.316053     -0.66741      0.58506   111.81

 
                              Parameter Estimates
 
                    Parameter         Minimum        Maximum

                    Intercept        3.513398       5.493634
                    age2            -0.230860       0.207998

                              Parameter Estimates
 
                                               t for H0:
            Parameter          Theta0   Parameter=Theta0   Pr > |t|

            Intercept               0               5.12     <.0001
            age2                    0              -0.13     0.8966
                                 The SAS System                               40

                            The MIANALYZE Procedure

 
                              Parameter Estimates
 
  Parameter        Estimate      Std Error    95% Confidence Limits        DF

  age3             0.145110       0.301005     -0.45365      0.74387   82.293
  month           -0.707230       0.074937     -0.85789     -0.55657    48.13
  chol            -0.013940       0.004368     -0.02306     -0.00482   19.621

 
                              Parameter Estimates
 
                    Parameter         Minimum        Maximum

                    age3            -0.163731       0.414592
                    month           -0.770319      -0.613812
                    chol            -0.018916      -0.008917

                              Parameter Estimates
 
                                               t for H0:
            Parameter          Theta0   Parameter=Theta0   Pr > |t|

            age3                    0               0.48     0.6310
            month                   0              -9.44     <.0001
            chol                    0              -3.19     0.0047


                      Within-Imputation Covariance Matrix
 
              Intercept          age2          age3         month          chol

Intercept  0.2645765022  0.0188433809  0.0378285923  -.0125224553  -.0012017677
age2       0.0188433809  0.0715497390  0.0199012195  0.0000791154  -.0001694426
age3       0.0378285923  0.0199012195  0.0606407273  -.0002973408  -.0002672508
month      -.0125224553  0.0000791154  -.0002973408  0.0031872234  0.0000262767
chol       -.0012017677  -.0001694426  -.0002672508  0.0000262767  0.0000061584


                     Between-Imputation Covariance Matrix
 
              Intercept          age2          age3         month          chol

Intercept  0.4548555859  0.0114496531  0.0871766489  -.0142790975  -.0022853427
age2       0.0114496531  0.0257635988  0.0109464361  0.0014837369  -.0001152549
age3       0.0871766489  0.0109464361  0.0272391373  -.0023636284  -.0004633506
month      -.0142790975  0.0014837369  -.0023636284  0.0022075520  0.0000534053
chol       -.0022853427  -.0001152549  -.0004633506  0.0000534053  0.0000117488


                                 The SAS System                               41

                            The MIANALYZE Procedure

                            Total Covariance Matrix
 
              Intercept          age2          age3         month          chol

Intercept  0.4542919799  0.0323550911  0.0649537127  -.0215017243  -.0020634993
age2       0.0323550911  0.1228547220  0.0341714564  0.0001358454  -.0002909421
age3       0.0649537127  0.0341714564  0.1041233664  -.0005105500  -.0004588839
month      -.0215017243  0.0001358454  -.0005105500  0.0054726328  0.0000451185
chol       -.0020634993  -.0002909421  -.0004588839  0.0000451185  0.0000105744
