                                 The SAS System                                1

Obs    id    time    month    hyper    prevhyper    age    age2    age3     chol

  1     1      1       1        0          1         1       0       0     163.3
  2     1      2       2        0          0         1       0       0     163.3
  3     1      3       4        .          0         1       0       0     163.3
  4     2      1       1        1          1         3       0       1     135.3
  5     2      2       2        .          1         3       0       1     135.3
  6     2      3       4        .          .         3       0       1     135.3
  7     3      1       1        1          1         3       0       1     164.4
  8     3      2       2        1          1         3       0       1     164.4
  9     3      3       4        .          1         3       0       1     164.4
 10     4      1       1        0          1         3       0       1     203.8
 11     4      2       2        0          0         3       0       1     203.8
 12     4      3       4        0          0         3       0       1     203.8
 13     5      1       1        1          1         1       0       0     198.4
 14     5      2       2        1          1         1       0       0     198.4
 15     5      3       4        1          1         1       0       0     198.4
 16     6      1       1        1          1         3       0       1     160.6
 17     6      2       2        .          1         3       0       1     160.6
 18     6      3       4        .          .         3       0       1     160.6
 19     7      1       1        1          1         3       0       1     270.1
 20     7      2       2        .          1         3       0       1     270.1
                      AVAILABLE CASE ANALYSIS, PROC GENMOD                     2

                              The GENMOD Procedure

                               Model Information

                      Data Set              WORK.HYPER_ALT
                      Distribution                Binomial
                      Link Function                  Logit
                      Dependent Variable             hyper


                    Number of Observations Read         900
                    Number of Observations Used         702
                    Number of Events                    405
                    Number of Trials                    702
                    Missing Values                      198


                            Class Level Information
 
    Class      Levels    Values

    id            300    1 2 3 4 5 6 7 8 9 10 11 12 13 14 15 16 17 18 19 20
                         21 22 23 24 25 26 27 28 29 30 31 32 33 34 35 36 37
                         38 39 40 41 42 43 44 45 46 47 48 49 50 51 52 53 54
                         55 56 57 58 59 60 61 62 63 64 65 66 67 68 69 70 71
                         72 73 74 75 76 77 78 79 80 81 82 83 84 85 86 87   
                         ...                                               
    time            3    1 2 3                                             


                                Response Profile
 
                          Ordered                 Total
                            Value    hyper    Frequency

                                1    1              405
                                2    0              297

PROC GENMOD is modeling the probability that hyper='1'.


                             Parameter Information
 
                           Parameter       Effect

                           Prm1            Intercept
                           Prm2            age2     
                           Prm3            age3     
                           Prm4            month    
                           Prm5            chol     


  Algorithm converged.                                                       


                      AVAILABLE CASE ANALYSIS, PROC GENMOD                     3

                              The GENMOD Procedure

                             GEE Model Information

                Correlation Structure              Unstructured
                Within-Subject Effect           time (3 levels)
                Subject Effect                  id (300 levels)
                Number of Clusters                          300
                Clusters With Missing Values                138
                Correlation Matrix Dimension                  3
                Maximum Cluster Size                          3
                Minimum Cluster Size                          1


  Algorithm converged.                                                       


                          Working Correlation Matrix
 
                               Col1         Col2         Col3

                  Row1       1.0000       0.1692       0.1583
                  Row2       0.1692       1.0000       0.2249
                  Row3       0.1583       0.2249       1.0000


                               GEE Fit Criteria

                             QIC          815.3841
                             QICu         813.9986


                      Analysis Of GEE Parameter Estimates
                       Empirical Standard Error Estimates
 
                            Standard   95% Confidence
         Parameter Estimate    Error       Limits            Z Pr > |Z|

         Intercept   3.0497   0.4472   2.1731   3.9262    6.82   <.0001
         age2       -0.6477   0.2773  -1.1911  -0.1042   -2.34   0.0195
         age3       -0.7240   0.2350  -1.1846  -0.2635   -3.08   0.0021
         month      -0.7843   0.0691  -0.9198  -0.6489  -11.35   <.0001
         chol       -0.0040   0.0023  -0.0085   0.0006   -1.71   0.0874
                       AVAILABLE CASE ANALYSIS, PROC GEE                       4

                               The GEE Procedure

                               Model Information

                      Data Set              WORK.HYPER_ALT
                      Distribution                Binomial
                      Link Function                  Logit
                      Dependent Variable             hyper


                    Number of Observations Read         900
                    Number of Observations Used         702
                    Number of Events                    405
                    Number of Trials                    702
                    Number of Missing Values            198


                            Class Level Information
 
    Class      Levels    Values

    id            300    1 2 3 4 5 6 7 8 9 10 11 12 13 14 15 16 17 18 19 20
                         21 22 23 24 25 26 27 28 29 30 31 32 33 34 35 36 37
                         38 39 40 41 42 43 44 45 46 47 48 49 50 51 52 53 54
                         55 56 57 58 59 60 61 62 63 64 65 66 67 68 69 70 71
                         72 73 74 75 76 77 78 79 80 81 82 83 84 85 86 87   
                         ...                                               
    time            3    1 2 3                                             


                                Response Profile
 
                          Ordered                 Total
                            Value    hyper    Frequency

                                1    1              405
                                2    0              297

              PROC GEE is modeling the probability that hyper='1'.


                             GEE Model Information

                Correlation Structure              Unstructured
                Within-Subject Effect           time (3 levels)
                Subject Effect                  id (300 levels)
                Number of Clusters                          300
                Clusters With Missing Values                138
                Correlation Matrix Dimension                  3
                Maximum Cluster Size                          3
                Minimum Cluster Size                          1


                       AVAILABLE CASE ANALYSIS, PROC GEE                       5

                               The GEE Procedure

                           Working Correlation Matrix
 
                               Obs 1        Obs 2        Obs 3

                  Obs 1       1.0000       0.1692       0.1583
                  Obs 2       0.1692       1.0000       0.2249
                  Obs 3       0.1583       0.2249       1.0000


                               GEE Fit Criteria

                             QIC          815.3841
                             QICu         813.9986


                     Parameter Estimates for Response Model
                         with Empirical Standard Error
 
                            Standard   95% Confidence
         Parameter Estimate    Error       Limits            Z Pr > |Z|

         Intercept   3.0497   0.4472   2.1731   3.9262    6.82   <.0001
         age2       -0.6477   0.2773  -1.1911  -0.1042   -2.34   0.0195
         age3       -0.7240   0.2350  -1.1846  -0.2635   -3.08   0.0021
         month      -0.7843   0.0691  -0.9198  -0.6489  -11.35   <.0001
         chol       -0.0040   0.0023  -0.0085   0.0006   -1.71   0.0874
                   WEIGHTED ANALYSIS, SUBJECT LEVEL WEIGHTING                  6

                               The GEE Procedure

                               Model Information

                      Data Set              WORK.HYPER_ALT
                      Distribution                Binomial
                      Link Function                  Logit
                      Dependent Variable             hyper


                    Number of Observations Read         900
                    Number of Observations Used         702
                    Number of Events                    405
                    Number of Trials                    702
                    Number of Missing Values            198


                            Class Level Information
 
    Class      Levels    Values

    id            300    1 2 3 4 5 6 7 8 9 10 11 12 13 14 15 16 17 18 19 20
                         21 22 23 24 25 26 27 28 29 30 31 32 33 34 35 36 37
                         38 39 40 41 42 43 44 45 46 47 48 49 50 51 52 53 54
                         55 56 57 58 59 60 61 62 63 64 65 66 67 68 69 70 71
                         72 73 74 75 76 77 78 79 80 81 82 83 84 85 86 87   
                         ...                                               
    time            3    1 2 3                                             


                                Response Profile
 
                          Ordered                 Total
                            Value    hyper    Frequency

                                1    1              405
                                2    0              297

              PROC GEE is modeling the probability that hyper='1'.


                             GEE Model Information

                Correlation Structure              Unstructured
                Within-Subject Effect           time (3 levels)
                Subject Effect                  id (300 levels)
                Number of Clusters                          300
                Clusters With Missing Values                138
                Correlation Matrix Dimension                  3
                Maximum Cluster Size                          3
                Minimum Cluster Size                          1


                   WEIGHTED ANALYSIS, SUBJECT LEVEL WEIGHTING                  7

                               The GEE Procedure

                           Working Correlation Matrix
 
                               Obs 1        Obs 2        Obs 3

                  Obs 1       1.0000       0.2464       0.1417
                  Obs 2       0.2464       1.0000       0.1632
                  Obs 3       0.1417       0.1632       1.0000


                     Parameter Estimates for Response Model
                         with Empirical Standard Error
 
                            Standard   95% Confidence
         Parameter Estimate    Error       Limits            Z Pr > |Z|

         Intercept   3.0520   0.5160   2.0406   4.0633    5.91   <.0001
         age2       -1.0982   0.3299  -1.7447  -0.4517   -3.33   0.0009
         age3       -0.5141   0.2397  -0.9839  -0.0443   -2.14   0.0320
         month      -0.8543   0.0746  -1.0005  -0.7081  -11.45   <.0001
         chol       -0.0034   0.0026  -0.0085   0.0017   -1.31   0.1908


                   Parameter Estimates for Missingness Model
 
                         Standard       95% Confidence
Parameter    Estimate       Error           Limits                 Z    Pr > |Z|

Intercept      1.2719      0.8857     -0.4640      3.0077       1.44      0.1510
m4             0.1817      1.1132     -2.0002      2.3636       0.16      0.8703
age2_2         0.6560      0.4940     -0.3122      1.6242       1.33      0.1842
age2_4         0.4884      0.4673     -0.4275      1.4043       1.05      0.2959
age3_2         1.2539      0.4714      0.3299      2.1778       2.66      0.0078
age3_4        -0.1239      0.3593     -0.8282      0.5804      -0.34      0.7303
chol_2         0.0009      0.0038     -0.0066      0.0084       0.23      0.8211
chol_4        -0.0031      0.0036     -0.0102      0.0040      -0.87      0.3869
prev_2        -0.4591      0.4822     -1.4042      0.4859      -0.95      0.3410
prev_4        -0.2317      0.2850     -0.7902      0.3269      -0.81      0.4163
                  WEIGHTED ANALYSIS, OCCASION LEVEL WEIGHTING                  8

                               The GEE Procedure

                               Model Information

                      Data Set              WORK.HYPER_ALT
                      Distribution                Binomial
                      Link Function                  Logit
                      Dependent Variable             hyper


                    Number of Observations Read         900
                    Number of Observations Used         702
                    Number of Events                    405
                    Number of Trials                    702
                    Number of Missing Values            198


                            Class Level Information
 
    Class      Levels    Values

    id            300    1 2 3 4 5 6 7 8 9 10 11 12 13 14 15 16 17 18 19 20
                         21 22 23 24 25 26 27 28 29 30 31 32 33 34 35 36 37
                         38 39 40 41 42 43 44 45 46 47 48 49 50 51 52 53 54
                         55 56 57 58 59 60 61 62 63 64 65 66 67 68 69 70 71
                         72 73 74 75 76 77 78 79 80 81 82 83 84 85 86 87   
                         ...                                               
    time            3    1 2 3                                             


                                Response Profile
 
                          Ordered                 Total
                            Value    hyper    Frequency

                                1    1              405
                                2    0              297

              PROC GEE is modeling the probability that hyper='1'.


                             GEE Model Information

                Correlation Structure              Unstructured
                Within-Subject Effect           time (3 levels)
                Subject Effect                  id (300 levels)
                Number of Clusters                          300
                Clusters With Missing Values                138
                Correlation Matrix Dimension                  3
                Maximum Cluster Size                          3
                Minimum Cluster Size                          1


                  WEIGHTED ANALYSIS, OCCASION LEVEL WEIGHTING                  9

                               The GEE Procedure

                           Working Correlation Matrix
 
                               Obs 1        Obs 2        Obs 3

                  Obs 1       1.0000       0.1398       0.1234
                  Obs 2       0.1398       1.0000       0.2464
                  Obs 3       0.1234       0.2464       1.0000


                     Parameter Estimates for Response Model
                         with Empirical Standard Error
 
                            Standard   95% Confidence
         Parameter Estimate    Error       Limits            Z Pr > |Z|

         Intercept   3.1741   0.4408   2.3101   4.0381    7.20   <.0001
         age2       -0.5744   0.2674  -1.0984  -0.0503   -2.15   0.0317
         age3       -0.6057   0.2315  -1.0595  -0.1520   -2.62   0.0089
         month      -0.7003   0.0658  -0.8292  -0.5714  -10.65   <.0001
         chol       -0.0057   0.0022  -0.0101  -0.0013   -2.56   0.0104


                   Parameter Estimates for Missingness Model
 
                         Standard       95% Confidence
Parameter    Estimate       Error           Limits                 Z    Pr > |Z|

Intercept      1.2719      0.8857     -0.4640      3.0077       1.44      0.1510
m4             0.1817      1.1132     -2.0002      2.3636       0.16      0.8703
age2_2         0.6560      0.4940     -0.3122      1.6242       1.33      0.1842
age2_4         0.4884      0.4673     -0.4275      1.4043       1.05      0.2959
age3_2         1.2539      0.4714      0.3299      2.1778       2.66      0.0078
age3_4        -0.1239      0.3593     -0.8282      0.5804      -0.34      0.7303
chol_2         0.0009      0.0038     -0.0066      0.0084       0.23      0.8211
chol_4        -0.0031      0.0036     -0.0102      0.0040      -0.87      0.3869
prev_2        -0.4591      0.4822     -1.4042      0.4859      -0.95      0.3410
prev_4        -0.2317      0.2850     -0.7902      0.3269      -0.81      0.4163
                                                                              10

      Obs    id    time    month    hyper    age    age2    age3     chol

        1     1      1       1        0       1       0       0     163.3
        2     1      2       2        0       1       0       0     163.3
        3     1      3       4        0       1       0       0     163.3
        4     2      1       1        1       3       0       1     135.3
        5     2      2       2        0       3       0       1     135.3
        6     2      3       4        0       3       0       1     135.3
        7     3      1       1        1       3       0       1     164.4
        8     3      2       2        1       3       0       1     164.4
        9     3      3       4        1       3       0       1     164.4
       10     4      1       1        0       3       0       1     203.8
       11     4      2       2        0       3       0       1     203.8
       12     4      3       4        0       3       0       1     203.8
       13     5      1       1        1       1       0       0     198.4
       14     5      2       2        1       1       0       0     198.4
       15     5      3       4        1       1       0       0     198.4
       16     6      1       1        1       3       0       1     160.6
       17     6      2       2        1       3       0       1     160.6
       18     6      3       4        0       3       0       1     160.6
       19     7      1       1        1       3       0       1     270.1
       20     7      2       2        1       3       0       1     270.1
                               FULL DATA ANALYSES                             11

                              The GENMOD Procedure

                               Model Information

                    Data Set              WORK.HYPERFULL_ALT
                    Distribution                    Binomial
                    Link Function                      Logit
                    Dependent Variable                 hyper


                    Number of Observations Read         900
                    Number of Observations Used         900
                    Number of Events                    476
                    Number of Trials                    900


                            Class Level Information
 
    Class      Levels    Values

    id            300    1 2 3 4 5 6 7 8 9 10 11 12 13 14 15 16 17 18 19 20
                         21 22 23 24 25 26 27 28 29 30 31 32 33 34 35 36 37
                         38 39 40 41 42 43 44 45 46 47 48 49 50 51 52 53 54
                         55 56 57 58 59 60 61 62 63 64 65 66 67 68 69 70 71
                         72 73 74 75 76 77 78 79 80 81 82 83 84 85 86 87   
                         ...                                               
    time            3    1 2 3                                             


                                Response Profile
 
                          Ordered                 Total
                            Value    hyper    Frequency

                                1    1              476
                                2    0              424

PROC GENMOD is modeling the probability that hyper='1'.


                             Parameter Information
 
                           Parameter       Effect

                           Prm1            Intercept
                           Prm2            age2     
                           Prm3            age3     
                           Prm4            month    
                           Prm5            chol     


  Algorithm converged.                                                       


                             GEE Model Information

                Correlation Structure              Unstructured
                Within-Subject Effect           time (3 levels)
                               FULL DATA ANALYSES                             12

                              The GENMOD Procedure

                             GEE Model Information

                Subject Effect                  id (300 levels)
                Number of Clusters                          300
                Correlation Matrix Dimension                  3
                Maximum Cluster Size                          3
                Minimum Cluster Size                          3


  Algorithm converged.                                                       


                          Working Correlation Matrix
 
                               Col1         Col2         Col3

                  Row1       1.0000       0.1144       0.1659
                  Row2       0.1144       1.0000       0.3336
                  Row3       0.1659       0.3336       1.0000


                               GEE Fit Criteria

                             QIC         1073.6491
                             QICu        1071.7952


                      Analysis Of GEE Parameter Estimates
                       Empirical Standard Error Estimates
 
                            Standard   95% Confidence
         Parameter Estimate    Error       Limits            Z Pr > |Z|

         Intercept   2.7862   0.4007   2.0008   3.5716    6.95   <.0001
         age2       -0.3772   0.2575  -0.8819   0.1275   -1.46   0.1430
         age3       -0.5504   0.2070  -0.9561  -0.1447   -2.66   0.0078
         month      -0.6820   0.0510  -0.7820  -0.5820  -13.37   <.0001
         chol       -0.0043   0.0021  -0.0083  -0.0002   -2.08   0.0378
                               FULL DATA ANALYSES                             13

                               The GEE Procedure

                               Model Information

                    Data Set              WORK.HYPERFULL_ALT
                    Distribution                    Binomial
                    Link Function                      Logit
                    Dependent Variable                 hyper


                    Number of Observations Read         900
                    Number of Observations Used         900
                    Number of Events                    476
                    Number of Trials                    900


                            Class Level Information
 
    Class      Levels    Values

    id            300    1 2 3 4 5 6 7 8 9 10 11 12 13 14 15 16 17 18 19 20
                         21 22 23 24 25 26 27 28 29 30 31 32 33 34 35 36 37
                         38 39 40 41 42 43 44 45 46 47 48 49 50 51 52 53 54
                         55 56 57 58 59 60 61 62 63 64 65 66 67 68 69 70 71
                         72 73 74 75 76 77 78 79 80 81 82 83 84 85 86 87   
                         ...                                               
    time            3    1 2 3                                             


                                Response Profile
 
                          Ordered                 Total
                            Value    hyper    Frequency

                                1    1              476
                                2    0              424

              PROC GEE is modeling the probability that hyper='1'.


                             GEE Model Information

                Correlation Structure              Unstructured
                Within-Subject Effect           time (3 levels)
                Subject Effect                  id (300 levels)
                Number of Clusters                          300
                Correlation Matrix Dimension                  3
                Maximum Cluster Size                          3
                Minimum Cluster Size                          3


                               FULL DATA ANALYSES                             14

                               The GEE Procedure

                           Working Correlation Matrix
 
                               Obs 1        Obs 2        Obs 3

                  Obs 1       1.0000       0.1144       0.1659
                  Obs 2       0.1144       1.0000       0.3336
                  Obs 3       0.1659       0.3336       1.0000


                               GEE Fit Criteria

                             QIC         1073.6491
                             QICu        1071.7951


                     Parameter Estimates for Response Model
                         with Empirical Standard Error
 
                            Standard   95% Confidence
         Parameter Estimate    Error       Limits            Z Pr > |Z|

         Intercept   2.7862   0.4007   2.0008   3.5716    6.95   <.0001
         age2       -0.3772   0.2575  -0.8819   0.1275   -1.46   0.1430
         age3       -0.5504   0.2070  -0.9561  -0.1447   -2.66   0.0078
         month      -0.6820   0.0510  -0.7820  -0.5820  -13.37   <.0001
         chol       -0.0043   0.0021  -0.0083  -0.0002   -2.08   0.0378
